PRT1
177
510
4 0 12 (2432 4096 864 ) (2048 4096 864 ) (2048 4096 -304 ) (2432 4096 -304 ) 
4 0 11 (2560 4096 864 ) (2432 4096 864 ) (2432 4096 -304 ) (2560 4096 -304 ) 
4 0 3 (2048 4096 -16 ) (2048 4096 0 ) (2048 4192 0 ) (2048 4192 -16 ) 
4 0 2 (2048 4096 0 ) (2048 4096 864 ) (2048 4192 864 ) (2048 4192 0 ) 
4 0 4 (2048 4096 -304 ) (2048 4096 -16 ) (2048 4192 -16 ) (2048 4192 -304 ) 
4 0 1 (2048 4192 864 ) (2048 4604.860352 864 ) (2048 4604.860352 -304 ) (2048 4192 -304 ) 
4 1 5 (1024 4192 864 ) (1024 4604.860352 864 ) (1024 4604.860352 -304 ) (1024 4192 -304 ) 
4 1 3 (2048 4192 -16 ) (2048 4192 0 ) (1952 4192 0 ) (1952 4192 -16 ) 
4 1 2 (2048 4192 0 ) (2048 4192 864 ) (1024 4192 864 ) (1024 4192 0 ) 
4 1 4 (1024 4192 -304 ) (2048 4192 -304 ) (2048 4192 -16 ) (1024 4192 -16 ) 
4 2 21 (2048 4096 0 ) (2048 4096 864 ) (1024 4096 864 ) (1024 4096 0 ) 
4 2 6 (1024 4096 0 ) (1024 4096 864 ) (1024 4192 864 ) (1024 4192 0 ) 
4 2 3 (1952 4192 0 ) (2048 4192 0 ) (2048 4096 0 ) (1952 4096 0 ) 
4 3 22 (2048 4096 -16 ) (2048 4096 0 ) (1952 4096 0 ) (1952 4096 -16 ) 
4 3 4 (2048 4096 -16 ) (1952 4096 -16 ) (1952 4192 -16 ) (2048 4192 -16 ) 
4 4 25 (2048 4096 -304 ) (2048 4096 -16 ) (1024 4096 -16 ) (1024 4096 -304 ) 
4 4 7 (1024 4096 -304 ) (1024 4096 -16 ) (1024 4192 -16 ) (1024 4192 -304 ) 
4 5 9 (784 4192 0 ) (784 4192 864 ) (784 4448 864 ) (784 4448 0 ) 
4 5 10 (784 4448 -304 ) (784 4192 -304 ) (784 4192 -16 ) (784 4448 -16 ) 
4 5 8 (784 4604.860352 -304 ) (784 4448 -304 ) (784 4448 864 ) (784 4604.860352 864 ) 
4 5 6 (784 4192 864 ) (784 4192 0 ) (1024 4192 0 ) (1024 4192 864 ) 
4 5 7 (784 4192 -16 ) (784 4192 -304 ) (1024 4192 -304 ) (1024 4192 -16 ) 
4 6 26 (1024 4096 0 ) (1024 4096 864 ) (784 4096 864 ) (784 4096 0 ) 
4 6 9 (784 4096 0 ) (784 4096 864 ) (784 4192 864 ) (784 4192 0 ) 
4 7 33 (1024 4096 -304 ) (1024 4096 -16 ) (784 4096 -16 ) (784 4096 -304 ) 
4 7 10 (784 4192 -304 ) (784 4096 -304 ) (784 4096 -16 ) (784 4192 -16 ) 
4 8 45 (0 4448 864 ) (0 4604.860352 864 ) (0 4604.860352 -304 ) (0 4448 -304 ) 
4 8 9 (784 4448 0 ) (784 4448 864 ) (0 4448 864 ) (0 4448 0 ) 
4 8 10 (0 4448 -304 ) (784 4448 -304 ) (784 4448 -16 ) (0 4448 -16 ) 
4 9 46 (0 4096 0 ) (0 4096 864 ) (0 4448 864 ) (0 4448 0 ) 
4 9 26 (784 4096 864 ) (0 4096 864 ) (0 4096 0 ) (784 4096 0 ) 
4 10 47 (0 4096 -304 ) (0 4096 -16 ) (0 4448 -16 ) (0 4448 -304 ) 
4 10 33 (0 4096 -16 ) (0 4096 -304 ) (784 4096 -304 ) (784 4096 -16 ) 
4 11 15 (2560 3072 864 ) (2432 3072 864 ) (2432 3072 -304 ) (2560 3072 -304 ) 
4 11 13 (2432 3072 0 ) (2432 3072 864 ) (2432 3584 864 ) (2432 3584 0 ) 
4 11 14 (2432 3584 -304 ) (2432 3072 -304 ) (2432 3072 -16 ) (2432 3584 -16 ) 
4 11 12 (2432 4096 -304 ) (2432 3584 -304 ) (2432 3584 864 ) (2432 4096 864 ) 
4 12 25 (2048 4096 -16 ) (2048 4096 -304 ) (2048 3584 -304 ) (2048 3584 -16 ) 
4 12 22 (2048 4096 0 ) (2048 4096 -16 ) (2048 3584 -16 ) (2048 3584 0 ) 
4 12 21 (2048 4096 864 ) (2048 4096 0 ) (2048 3584 0 ) (2048 3584 864 ) 
4 12 13 (2432 3584 0 ) (2432 3584 864 ) (2048 3584 864 ) (2048 3584 0 ) 
4 12 14 (2048 3584 -304 ) (2432 3584 -304 ) (2432 3584 -16 ) (2048 3584 -16 ) 
4 13 21 (2048 3072 0 ) (2048 3072 864 ) (2048 3584 864 ) (2048 3584 0 ) 
4 13 16 (2432 3072 864 ) (2048 3072 864 ) (2048 3072 0 ) (2432 3072 0 ) 
4 14 25 (2048 3584 -304 ) (2048 3072 -304 ) (2048 3072 -16 ) (2048 3584 -16 ) 
4 14 17 (2048 3072 -16 ) (2048 3072 -304 ) (2432 3072 -304 ) (2432 3072 -16 ) 
4 15 18 (2432 2512 -304 ) (2560 2512 -304 ) (2560 2512 864 ) (2432 2512 864 ) 
4 15 16 (2432 2512 0 ) (2432 2512 864 ) (2432 3072 864 ) (2432 3072 0 ) 
4 15 17 (2432 3072 -304 ) (2432 2512 -304 ) (2432 2512 -16 ) (2432 3072 -16 ) 
4 16 34 (2048 2512 864 ) (2048 3072 864 ) (2048 3072 0 ) (2048 2512 0 ) 
4 16 19 (2064 2512 864 ) (2048 2512 864 ) (2048 2512 0 ) (2064 2512 0 ) 
4 16 18 (2432 2512 0 ) (2432 2512 864 ) (2064 2512 864 ) (2064 2512 0 ) 
4 17 38 (2048 3072 -16 ) (2048 3072 -304 ) (2048 2512 -304 ) (2048 2512 -16 ) 
4 17 20 (2048 2512 -304 ) (2064 2512 -304 ) (2064 2512 -16 ) (2048 2512 -16 ) 
4 17 18 (2064 2512 -304 ) (2432 2512 -304 ) (2432 2512 -16 ) (2064 2512 -16 ) 
4 18 92 (2560 2048 864 ) (2064 2048 864 ) (2064 2048 -304 ) (2560 2048 -304 ) 
4 18 19 (2064 2512 864 ) (2064 2512 0 ) (2064 2048 0 ) (2064 2048 864 ) 
4 18 20 (2064 2512 -16 ) (2064 2512 -304 ) (2064 2048 -304 ) (2064 2048 -16 ) 
4 19 93 (2064 2048 864 ) (2048 2048 864 ) (2048 2048 0 ) (2064 2048 0 ) 
4 19 34 (2048 2048 0 ) (2048 2048 864 ) (2048 2512 864 ) (2048 2512 0 ) 
4 20 94 (2048 2048 -16 ) (2048 2048 -304 ) (2064 2048 -304 ) (2064 2048 -16 ) 
4 20 38 (2048 2048 -304 ) (2048 2048 -16 ) (2048 2512 -16 ) (2048 2512 -304 ) 
4 21 34 (2048 3072 0 ) (2048 3072 864 ) (1024 3072 864 ) (1024 3072 0 ) 
4 21 26 (1024 4096 864 ) (1024 4096 0 ) (1024 3072 0 ) (1024 3072 864 ) 
4 21 24 (1024 3072 0 ) (1024 3584 0 ) (1280 3584 0 ) (1280 3072 0 ) 
4 21 23 (1024 3584 0 ) (1024 3952 0 ) (1728 3952 0 ) (1728 3584 0 ) 
4 21 22 (1952 4096 0 ) (2048 4096 0 ) (2048 3584 0 ) (1952 3584 0 ) 
4 22 25 (1952 4096 -16 ) (2048 4096 -16 ) (2048 3584 -16 ) (1952 3584 -16 ) 
4 23 28 (1024 3888 -16 ) (1024 3584 -16 ) (1024 3584 0 ) (1024 3888 0 ) 
4 23 27 (1024 3952 -16 ) (1024 3888 -16 ) (1024 3888 0 ) (1024 3952 0 ) 
4 23 25 (1024 3584 -16 ) (1024 3952 -16 ) (1728 3952 -16 ) (1728 3584 -16 ) 
4 23 24 (1024 3584 -16 ) (1280 3584 -16 ) (1280 3584 0 ) (1024 3584 0 ) 
4 24 35 (1280 3072 0 ) (1024 3072 0 ) (1024 3072 -16 ) (1280 3072 -16 ) 
4 24 31 (1024 3360 -16 ) (1024 3072 -16 ) (1024 3072 0 ) (1024 3360 0 ) 
4 24 30 (1024 3520 -16 ) (1024 3360 -16 ) (1024 3360 0 ) (1024 3520 0 ) 
4 24 28 (1024 3584 -16 ) (1024 3520 -16 ) (1024 3520 0 ) (1024 3584 0 ) 
4 24 25 (1280 3072 -16 ) (1024 3072 -16 ) (1024 3584 -16 ) (1280 3584 -16 ) 
4 25 38 (2048 3072 -304 ) (2048 3072 -16 ) (1024 3072 -16 ) (1024 3072 -304 ) 
4 25 33 (1024 4096 -16 ) (1024 4096 -304 ) (1024 3072 -304 ) (1024 3072 -16 ) 
4 26 53 (0 3072 0 ) (0 3072 864 ) (0 4096 864 ) (0 4096 0 ) 
4 26 39 (1024 3072 0 ) (1024 3072 864 ) (0 3072 864 ) (0 3072 0 ) 
4 26 31 (1024 3072 0 ) (832 3072 0 ) (832 3360 0 ) (1024 3360 0 ) 
4 26 32 (704 3072 0 ) (0 3072 0 ) (0 3360 0 ) (704 3360 0 ) 
4 26 30 (832 3520 0 ) (1024 3520 0 ) (1024 3360 0 ) (832 3360 0 ) 
4 26 28 (384 3888 0 ) (1024 3888 0 ) (1024 3520 0 ) (384 3520 0 ) 
4 26 29 (0 3520 0 ) (0 3888 0 ) (144 3888 0 ) (144 3520 0 ) 
4 26 27 (1024 3952 0 ) (1024 3888 0 ) (784 3888 0 ) (784 3952 0 ) 
4 27 33 (1024 3952 -16 ) (1024 3888 -16 ) (784 3888 -16 ) (784 3952 -16 ) 
4 27 28 (784 3888 -16 ) (1024 3888 -16 ) (1024 3888 0 ) (784 3888 0 ) 
4 28 33 (1024 3888 -16 ) (1024 3520 -16 ) (384 3520 -16 ) (384 3888 -16 ) 
4 28 30 (832 3520 -16 ) (1024 3520 -16 ) (1024 3520 0 ) (832 3520 0 ) 
4 29 54 (0 3520 0 ) (0 3888 0 ) (0 3888 -16 ) (0 3520 -16 ) 
4 29 33 (144 3520 -16 ) (0 3520 -16 ) (0 3888 -16 ) (144 3888 -16 ) 
4 30 33 (1024 3520 -16 ) (1024 3360 -16 ) (832 3360 -16 ) (832 3520 -16 ) 
4 30 31 (832 3360 -16 ) (1024 3360 -16 ) (1024 3360 0 ) (832 3360 0 ) 
4 31 40 (1024 3072 -16 ) (1024 3072 0 ) (832 3072 0 ) (832 3072 -16 ) 
4 31 33 (1024 3360 -16 ) (1024 3072 -16 ) (832 3072 -16 ) (832 3360 -16 ) 
4 32 57 (0 3072 -16 ) (0 3072 0 ) (0 3360 0 ) (0 3360 -16 ) 
4 32 41 (704 3072 0 ) (0 3072 0 ) (0 3072 -16 ) (704 3072 -16 ) 
4 32 33 (704 3072 -16 ) (0 3072 -16 ) (0 3360 -16 ) (704 3360 -16 ) 
4 33 61 (0 3072 -304 ) (0 3072 -16 ) (0 4096 -16 ) (0 4096 -304 ) 
4 33 44 (1024 3072 -304 ) (1024 3072 -16 ) (0 3072 -16 ) (0 3072 -304 ) 
4 34 97 (2048 2048 0 ) (2048 2048 864 ) (1024 2048 864 ) (1024 2048 0 ) 
4 34 39 (1024 3072 864 ) (1024 3072 0 ) (1024 2048 0 ) (1024 2048 864 ) 
4 34 37 (1024 2080 0 ) (1024 2512 0 ) (1872 2512 0 ) (1872 2080 0 ) 
4 34 35 (1024 2976 0 ) (1024 3072 0 ) (1280 3072 0 ) (1280 2976 0 ) 
4 34 36 (1024 2512 0 ) (1024 2816 0 ) (1280 2816 0 ) (1280 2512 0 ) 
4 35 40 (1024 3072 0 ) (1024 3072 -16 ) (1024 2976 -16 ) (1024 2976 0 ) 
4 35 38 (1024 3072 -16 ) (1280 3072 -16 ) (1280 2976 -16 ) (1024 2976 -16 ) 
4 36 42 (1024 2816 -16 ) (1024 2512 -16 ) (1024 2512 0 ) (1024 2816 0 ) 
4 36 38 (1280 2816 -16 ) (1280 2512 -16 ) (1024 2512 -16 ) (1024 2816 -16 ) 
4 36 37 (1024 2512 -16 ) (1280 2512 -16 ) (1280 2512 0 ) (1024 2512 0 ) 
4 37 42 (1024 2512 -16 ) (1024 2080 -16 ) (1024 2080 0 ) (1024 2512 0 ) 
4 37 38 (1024 2080 -16 ) (1024 2512 -16 ) (1872 2512 -16 ) (1872 2080 -16 ) 
4 38 105 (2048 2048 -304 ) (2048 2048 -16 ) (1024 2048 -16 ) (1024 2048 -304 ) 
4 38 44 (1024 3072 -16 ) (1024 3072 -304 ) (1024 2048 -304 ) (1024 2048 -16 ) 
4 39 106 (1024 2048 0 ) (1024 2048 864 ) (0 2048 864 ) (0 2048 0 ) 
4 39 69 (0 2048 0 ) (0 2048 864 ) (0 3072 864 ) (0 3072 0 ) 
4 39 42 (432 2816 0 ) (1024 2816 0 ) (1024 2080 0 ) (432 2080 0 ) 
4 39 43 (0 2080 0 ) (0 2816 0 ) (128 2816 0 ) (128 2080 0 ) 
4 39 40 (832 3072 0 ) (1024 3072 0 ) (1024 2976 0 ) (832 2976 0 ) 
4 39 41 (0 2976 0 ) (0 3072 0 ) (704 3072 0 ) (704 2976 0 ) 
4 40 44 (1024 3072 -16 ) (1024 2976 -16 ) (832 2976 -16 ) (832 3072 -16 ) 
4 41 70 (0 2976 0 ) (0 3072 0 ) (0 3072 -16 ) (0 2976 -16 ) 
4 41 44 (704 2976 -16 ) (0 2976 -16 ) (0 3072 -16 ) (704 3072 -16 ) 
4 42 44 (1024 2816 -16 ) (1024 2080 -16 ) (432 2080 -16 ) (432 2816 -16 ) 
4 43 72 (0 2080 0 ) (0 2816 0 ) (0 2816 -16 ) (0 2080 -16 ) 
4 43 44 (128 2080 -16 ) (0 2080 -16 ) (0 2816 -16 ) (128 2816 -16 ) 
4 44 110 (1024 2048 -304 ) (1024 2048 -16 ) (0 2048 -16 ) (0 2048 -304 ) 
4 44 76 (0 2048 -304 ) (0 2048 -16 ) (0 3072 -16 ) (0 3072 -304 ) 
4 45 49 (-192 4448 -16 ) (-192 4448 0 ) (-192 4604.860352 0 ) (-192 4604.860352 -16 ) 
4 45 48 (-192 4448 0 ) (-192 4448 864 ) (-192 4604.860352 864 ) (-192 4604.860352 0 ) 
4 45 50 (-192 4604.860352 -304 ) (-192 4448 -304 ) (-192 4448 -16 ) (-192 4604.860352 -16 ) 
4 45 46 (-192 4448 864 ) (-192 4448 0 ) (0 4448 0 ) (0 4448 864 ) 
4 45 47 (-192 4448 -16 ) (-192 4448 -304 ) (0 4448 -304 ) (0 4448 -16 ) 
4 46 53 (0 4096 0 ) (0 4096 864 ) (-192 4096 864 ) (-192 4096 0 ) 
4 46 48 (-192 4096 0 ) (-192 4096 864 ) (-192 4448 864 ) (-192 4448 0 ) 
4 47 61 (0 4096 -304 ) (0 4096 -16 ) (-192 4096 -16 ) (-192 4096 -304 ) 
4 47 50 (-192 4448 -304 ) (-192 4096 -304 ) (-192 4096 -16 ) (-192 4448 -16 ) 
4 48 53 (-192 4096 864 ) (-1024 4096 864 ) (-1024 4096 0 ) (-192 4096 0 ) 
4 48 51 (-1024 4096 0 ) (-1024 4096 864 ) (-1024 4604.860352 864 ) (-1024 4604.860352 0 ) 
5 48 49 (-1024 4096 0 ) (-1024 4604.860352 0 ) (-192 4604.860352 0 ) (-192 4296.077637 0 ) (-608.805359 4096 0 ) 
4 49 56 (-1024 4096 0 ) (-1024 4096 -16 ) (-608.805298 4096 -16 ) (-608.805359 4096 0 ) 
4 49 51 (-1024 4096 -16 ) (-1024 4096 0 ) (-1024 4604.860352 0 ) (-1024 4604.860352 -16 ) 
5 49 50 (-1024 4604.860352 -16 ) (-192 4604.860352 -16 ) (-192 4296.077637 -16 ) (-608.805359 4096 -16 ) (-1024 4096 -16 ) 
4 50 61 (-1024 4096 -16 ) (-1024 4096 -304 ) (-192 4096 -304 ) (-192 4096 -16 ) 
4 50 51 (-1024 4096 -304 ) (-1024 4096 -16 ) (-1024 4604.860352 -16 ) (-1024 4604.860352 -304 ) 
4 51 68 (-1024 4096 -304 ) (-1024 4096 -16 ) (-2048 4096 -16 ) (-2048 4096 -304 ) 
4 51 63 (-1024 4096 -16 ) (-1024 4096 0 ) (-1456 4096 0 ) (-1456 4096 -16 ) 
4 51 66 (-1456 4096 0 ) (-2048 4096 0 ) (-2048 4096 -16 ) (-1456 4096 -16 ) 
4 51 62 (-1024 4096 0 ) (-1024 4096 864 ) (-2048 4096 864 ) (-2048 4096 0 ) 
4 51 52 (-2048 4096 -304 ) (-2048 4096 864 ) (-2048 4604.860352 864 ) (-2048 4604.860352 -304 ) 
4 52 83 (-2048 4096 -304 ) (-2048 4096 864 ) (-2576 4096 864 ) (-2576 4096 -304 ) 
4 53 69 (0 3072 0 ) (0 3072 864 ) (-1024 3072 864 ) (-1024 3072 0 ) 
4 53 62 (-1024 4096 864 ) (-1024 4096 0 ) (-1024 3072 0 ) (-1024 3072 864 ) 
4 53 60 (-1024 3440 0 ) (-1024 3520 0 ) (-784 3520 0 ) (-784 3440 0 ) 
4 53 58 (-256 3520 0 ) (-240 3520 0 ) (-240 3376 0 ) (-256 3376 0 ) 
4 53 57 (0 3360 0 ) (0 3072 0 ) (-128 3072 0 ) (-128 3360 0 ) 
4 53 59 (-784 3520 0 ) (-256 3520 0 ) (-256 3072 0 ) (-784 3072 0 ) 
3 53 56 (-1024 3896.695068 0 ) (-1024 4096 0 ) (-608.805298 4096 0 ) 
4 53 54 (0 3888 0 ) (0 3520 0 ) (-192 3520 0 ) (-192 3888 0 ) 
4 53 55 (-1024 3520 0 ) (-1024 3649.393799 0 ) (-192 4048.781494 0 ) (-192 3520 0 ) 
4 54 61 (0 3888 -16 ) (0 3520 -16 ) (-192 3520 -16 ) (-192 3888 -16 ) 
4 54 55 (-192 3888 -16 ) (-192 3520 -16 ) (-192 3520 0 ) (-192 3888 0 ) 
4 55 65 (-1024 3649.393799 -16 ) (-1024 3520 -16 ) (-1024 3520 0 ) (-1024 3649.393799 0 ) 
4 55 61 (-1024 3520 -16 ) (-1024 3649.393799 -16 ) (-192 4048.781494 -16 ) (-192 3520 -16 ) 
4 55 60 (-1024 3520 -16 ) (-784 3520 -16 ) (-784 3520 0 ) (-1024 3520 0 ) 
4 55 58 (-256 3520 -16 ) (-240 3520 -16 ) (-240 3520 0 ) (-256 3520 0 ) 
4 55 59 (-784 3520 -16 ) (-256 3520 -16 ) (-256 3520 0 ) (-784 3520 0 ) 
4 56 63 (-1024 4096 0 ) (-1024 4096 -16 ) (-1024 3896.695068 -16 ) (-1024 3896.695068 0 ) 
3 56 61 (-1024 3896.695068 -16 ) (-1024 4096 -16 ) (-608.805298 4096 -16 ) 
4 57 70 (0 3072 -16 ) (0 3072 0 ) (-128 3072 0 ) (-128 3072 -16 ) 
4 57 61 (0 3072 -16 ) (-128 3072 -16 ) (-128 3360 -16 ) (0 3360 -16 ) 
4 58 61 (-256 3376 -16 ) (-256 3520 -16 ) (-240 3520 -16 ) (-240 3376 -16 ) 
4 58 59 (-256 3520 0 ) (-256 3520 -16 ) (-256 3376 -16 ) (-256 3376 0 ) 
4 59 71 (-256 3072 0 ) (-784 3072 0 ) (-784 3072 -16 ) (-256 3072 -16 ) 
4 59 61 (-256 3072 -16 ) (-784 3072 -16 ) (-784 3520 -16 ) (-256 3520 -16 ) 
4 59 60 (-784 3520 0 ) (-784 3520 -16 ) (-784 3440 -16 ) (-784 3440 0 ) 
4 60 65 (-1024 3520 -16 ) (-1024 3440 -16 ) (-1024 3440 0 ) (-1024 3520 0 ) 
4 60 61 (-1024 3440 -16 ) (-1024 3520 -16 ) (-784 3520 -16 ) (-784 3440 -16 ) 
4 61 76 (0 3072 -304 ) (0 3072 -16 ) (-1024 3072 -16 ) (-1024 3072 -304 ) 
4 61 68 (-1024 4096 -16 ) (-1024 4096 -304 ) (-1024 3072 -304 ) (-1024 3072 -16 ) 
4 62 83 (-2048 4096 864 ) (-2048 4096 0 ) (-2048 3072 0 ) (-2048 3072 864 ) 
4 62 77 (-1024 3072 0 ) (-1024 3072 864 ) (-2048 3072 864 ) (-2048 3072 0 ) 
4 62 67 (-1936 3072 0 ) (-2048 3072 0 ) (-2048 3440 0 ) (-1936 3440 0 ) 
4 62 65 (-1024 3649.393799 0 ) (-1024 3440 0 ) (-1264 3440 0 ) (-1264 3534.185791 0 ) 
4 62 64 (-1444.313477 3680 0 ) (-1456 3680 0 ) (-1456 3689.323242 0 ) (-1452.090210 3691.199951 0 ) 
4 62 63 (-1456 4096 0 ) (-1024 4096 0 ) (-1024 3896.695068 0 ) (-1456 3689.323242 0 ) 
4 62 66 (-2048 3440 0 ) (-2048 4096 0 ) (-1456 4096 0 ) (-1456 3440 0 ) 
4 63 68 (-1456 4096 -16 ) (-1024 4096 -16 ) (-1024 3896.695068 -16 ) (-1456 3689.323242 -16 ) 
4 63 64 (-1456 3689.321777 0 ) (-1456 3689.321777 -16 ) (-1452.089478 3691.198975 -16 ) (-1452.089478 3691.198975 0 ) 
4 63 66 (-1456 4096 -16 ) (-1456 3689.323242 -16 ) (-1456 3689.323242 0 ) (-1456 4096 0 ) 
4 64 68 (-1444.313477 3680 -16 ) (-1456 3680 -16 ) (-1456 3689.323242 -16 ) (-1452.090210 3691.199951 -16 ) 
4 64 66 (-1456 3689.323242 -16 ) (-1456 3680 -16 ) (-1456 3680 0 ) (-1456 3689.323242 0 ) 
4 65 68 (-1024 3649.393799 -16 ) (-1024 3440 -16 ) (-1264 3440 -16 ) (-1264 3534.185791 -16 ) 
4 66 83 (-2048 4096 0 ) (-2048 4096 -16 ) (-2048 3440 -16 ) (-2048 3440 0 ) 
4 66 68 (-2048 4096 -16 ) (-1456 4096 -16 ) (-1456 3440 -16 ) (-2048 3440 -16 ) 
4 66 67 (-2048 3440 -16 ) (-1936 3440 -16 ) (-1936 3440 0 ) (-2048 3440 0 ) 
4 67 83 (-2048 3440 -16 ) (-2048 3072 -16 ) (-2048 3072 0 ) (-2048 3440 0 ) 
4 67 80 (-1936 3072 0 ) (-2048 3072 0 ) (-2048 3072 -16 ) (-1936 3072 -16 ) 
4 67 68 (-1936 3072 -16 ) (-2048 3072 -16 ) (-2048 3440 -16 ) (-1936 3440 -16 ) 
4 68 83 (-2048 4096 -16 ) (-2048 4096 -304 ) (-2048 3072 -304 ) (-2048 3072 -16 ) 
4 68 82 (-1024 3072 -304 ) (-1024 3072 -16 ) (-2048 3072 -16 ) (-2048 3072 -304 ) 
4 69 132 (0 2048 0 ) (0 2048 864 ) (-1024 2048 864 ) (-1024 2048 0 ) 
4 69 77 (-1024 3072 864 ) (-1024 3072 0 ) (-1024 2048 0 ) (-1024 2048 864 ) 
4 69 75 (-784 2048 0 ) (-1024 2048 0 ) (-1024 2368 0 ) (-784 2368 0 ) 
4 69 74 (-264.511353 2048 0 ) (-784 2048 0 ) (-784 2068.820068 0 ) (-264.511353 2068.820068 0 ) 
4 69 73 (-784 2068.820068 0 ) (-784 2816 0 ) (-224 2816 0 ) (-224 2068.820068 0 ) 
4 69 72 (-224 2080 0 ) (-224 2816 0 ) (0 2816 0 ) (0 2080 0 ) 
4 69 70 (-128 3072 0 ) (0 3072 0 ) (0 2976 0 ) (-128 2976 0 ) 
4 69 71 (-784 2976 0 ) (-784 3072 0 ) (-256 3072 0 ) (-256 2976 0 ) 
4 70 76 (-128 3072 -16 ) (0 3072 -16 ) (0 2976 -16 ) (-128 2976 -16 ) 
4 71 76 (-784 3072 -16 ) (-256 3072 -16 ) (-256 2976 -16 ) (-784 2976 -16 ) 
4 72 76 (0 2816 -16 ) (0 2080 -16 ) (-224 2080 -16 ) (-224 2816 -16 ) 
4 72 73 (-224 2816 -16 ) (-224 2080 -16 ) (-224 2080 0 ) (-224 2816 0 ) 
4 73 76 (-784 2068.820068 -16 ) (-784 2816 -16 ) (-224 2816 -16 ) (-224 2068.820068 -16 ) 
4 73 75 (-784 2368 -16 ) (-784 2068.820068 -16 ) (-784 2068.820068 0 ) (-784 2368 0 ) 
4 73 74 (-784 2068.820068 0 ) (-784 2068.820068 -16 ) (-264.511353 2068.820068 -16 ) (-264.511353 2068.820068 0 ) 
4 74 134 (-264.511353 2048 0 ) (-784 2048 0 ) (-784 2048 -16 ) (-264.511353 2048 -16 ) 
4 74 76 (-264.511353 2048 -16 ) (-784 2048 -16 ) (-784 2068.820068 -16 ) (-264.511353 2068.820068 -16 ) 
4 74 75 (-784 2068.820068 -16 ) (-784 2048 -16 ) (-784 2048 0 ) (-784 2068.820068 0 ) 
4 75 134 (-784 2048 0 ) (-1024 2048 0 ) (-1024 2048 -16 ) (-784 2048 -16 ) 
4 75 78 (-1024 2368 -16 ) (-1024 2048 -16 ) (-1024 2048 0 ) (-1024 2368 0 ) 
4 75 76 (-784 2368 -16 ) (-784 2048 -16 ) (-1024 2048 -16 ) (-1024 2368 -16 ) 
4 76 137 (0 2048 -304 ) (0 2048 -16 ) (-1024 2048 -16 ) (-1024 2048 -304 ) 
4 76 82 (-1024 3072 -16 ) (-1024 3072 -304 ) (-1024 2048 -304 ) (-1024 2048 -16 ) 
4 77 138 (-1024 2048 0 ) (-1024 2048 864 ) (-2048 2048 864 ) (-2048 2048 0 ) 
4 77 88 (-2048 2048 0 ) (-2048 2048 864 ) (-2048 2864 864 ) (-2048 2864 0 ) 
4 77 85 (-2048 2864 864 ) (-2048 2960 864 ) (-2048 2960 0 ) (-2048 2864 0 ) 
4 77 84 (-2048 2960 864 ) (-2048 3072 864 ) (-2048 3072 0 ) (-2048 2960 0 ) 
4 77 80 (-2048 2960 0 ) (-2048 3072 0 ) (-1936 3072 0 ) (-1936 2960 0 ) 
4 77 81 (-1936 2048 0 ) (-2048 2048 0 ) (-2048 2864 0 ) (-1936 2864 0 ) 
4 77 78 (-1024 2048 0 ) (-1472 2048 0 ) (-1472 2368 0 ) (-1024 2368 0 ) 
4 77 79 (-1712 2048 0 ) (-1936 2048 0 ) (-1936 2368 0 ) (-1712 2368 0 ) 
4 78 139 (-1024 2048 -16 ) (-1024 2048 0 ) (-1472 2048 0 ) (-1472 2048 -16 ) 
4 78 82 (-1024 2368 -16 ) (-1024 2048 -16 ) (-1472 2048 -16 ) (-1472 2368 -16 ) 
4 79 140 (-1712 2048 0 ) (-1936 2048 0 ) (-1936 2048 -16 ) (-1712 2048 -16 ) 
4 79 82 (-1712 2048 -16 ) (-1936 2048 -16 ) (-1936 2368 -16 ) (-1712 2368 -16 ) 
4 79 81 (-1936 2368 -16 ) (-1936 2048 -16 ) (-1936 2048 0 ) (-1936 2368 0 ) 
4 80 84 (-2048 2960 0 ) (-2048 3072 0 ) (-2048 3072 -16 ) (-2048 2960 -16 ) 
4 80 82 (-2048 2960 -16 ) (-2048 3072 -16 ) (-1936 3072 -16 ) (-1936 2960 -16 ) 
4 81 140 (-1936 2048 0 ) (-2048 2048 0 ) (-2048 2048 -16 ) (-1936 2048 -16 ) 
4 81 88 (-2048 2048 -16 ) (-2048 2048 0 ) (-2048 2864 0 ) (-2048 2864 -16 ) 
4 81 82 (-1936 2048 -16 ) (-2048 2048 -16 ) (-2048 2864 -16 ) (-1936 2864 -16 ) 
4 82 143 (-1024 2048 -304 ) (-1024 2048 -16 ) (-2048 2048 -16 ) (-2048 2048 -304 ) 
4 82 88 (-2048 2048 -304 ) (-2048 2048 -16 ) (-2048 2864 -16 ) (-2048 2864 -304 ) 
4 82 86 (-2048 2864 -16 ) (-2048 2960 -16 ) (-2048 2960 -304 ) (-2048 2864 -304 ) 
4 82 84 (-2048 2960 -16 ) (-2048 3072 -16 ) (-2048 3072 -304 ) (-2048 2960 -304 ) 
4 83 84 (-2048 3072 -304 ) (-2048 3072 864 ) (-2224 3072 864 ) (-2224 3072 -304 ) 
4 83 87 (-2224 3072 864 ) (-2576 3072 864 ) (-2576 3072 -304 ) (-2224 3072 -304 ) 
4 84 85 (-2224 2960 864 ) (-2224 2960 0 ) (-2048 2960 0 ) (-2048 2960 864 ) 
4 84 86 (-2224 2960 -16 ) (-2224 2960 -304 ) (-2048 2960 -304 ) (-2048 2960 -16 ) 
4 84 87 (-2224 3072 -304 ) (-2224 2960 -304 ) (-2224 2960 864 ) (-2224 3072 864 ) 
4 85 91 (-2208 2864 864 ) (-2224 2864 864 ) (-2224 2864 0 ) (-2208 2864 0 ) 
4 85 89 (-2096 2864 864 ) (-2208 2864 864 ) (-2208 2864 0 ) (-2096 2864 0 ) 
4 85 88 (-2048 2864 0 ) (-2048 2864 864 ) (-2096 2864 864 ) (-2096 2864 0 ) 
4 85 87 (-2224 2864 0 ) (-2224 2864 864 ) (-2224 2960 864 ) (-2224 2960 0 ) 
4 86 91 (-2224 2864 -304 ) (-2208 2864 -304 ) (-2208 2864 -16 ) (-2224 2864 -16 ) 
4 86 90 (-2208 2864 -304 ) (-2096 2864 -304 ) (-2096 2864 -16 ) (-2208 2864 -16 ) 
4 86 88 (-2096 2864 -304 ) (-2048 2864 -304 ) (-2048 2864 -16 ) (-2096 2864 -16 ) 
4 86 87 (-2224 2960 -304 ) (-2224 2864 -304 ) (-2224 2864 -16 ) (-2224 2960 -16 ) 
4 87 91 (-2576 2864 -304 ) (-2224 2864 -304 ) (-2224 2864 864 ) (-2576 2864 864 ) 
4 88 157 (-2048 2048 -304 ) (-2048 2048 864 ) (-2096 2048 864 ) (-2096 2048 -304 ) 
4 88 89 (-2096 2864 864 ) (-2096 2864 0 ) (-2096 2048 0 ) (-2096 2048 864 ) 
4 88 90 (-2096 2864 -16 ) (-2096 2864 -304 ) (-2096 2048 -304 ) (-2096 2048 -16 ) 
4 89 158 (-2096 2048 864 ) (-2208 2048 864 ) (-2208 2048 0 ) (-2096 2048 0 ) 
4 89 91 (-2208 2864 864 ) (-2208 2864 0 ) (-2208 2048 0 ) (-2208 2048 864 ) 
4 90 159 (-2208 2048 -16 ) (-2208 2048 -304 ) (-2096 2048 -304 ) (-2096 2048 -16 ) 
4 90 91 (-2208 2864 -16 ) (-2208 2864 -304 ) (-2208 2048 -304 ) (-2208 2048 -16 ) 
4 91 163 (-2208 2048 864 ) (-2576 2048 864 ) (-2576 2048 -304 ) (-2208 2048 -304 ) 
4 92 96 (2560 1024 864 ) (2064 1024 864 ) (2064 1024 -304 ) (2560 1024 -304 ) 
4 92 93 (2064 1920 0 ) (2064 1920 864 ) (2064 2048 864 ) (2064 2048 0 ) 
4 92 94 (2064 2048 -304 ) (2064 1920 -304 ) (2064 1920 -16 ) (2064 2048 -16 ) 
4 92 95 (2064 1920 -304 ) (2064 1024 -304 ) (2064 1024 864 ) (2064 1920 864 ) 
4 93 97 (2048 2048 864 ) (2048 2048 0 ) (2048 1920 0 ) (2048 1920 864 ) 
4 93 95 (2064 1920 0 ) (2064 1920 864 ) (2048 1920 864 ) (2048 1920 0 ) 
4 94 105 (2048 2048 -16 ) (2048 2048 -304 ) (2048 1920 -304 ) (2048 1920 -16 ) 
4 94 95 (2048 1920 -304 ) (2064 1920 -304 ) (2064 1920 -16 ) (2048 1920 -16 ) 
4 95 105 (2048 1920 -304 ) (2048 1024 -304 ) (2048 1024 -16 ) (2048 1920 -16 ) 
4 95 98 (2048 1024 -16 ) (2048 1024 0 ) (2048 1920 0 ) (2048 1920 -16 ) 
4 95 97 (2048 1024 0 ) (2048 1024 864 ) (2048 1920 864 ) (2048 1920 0 ) 
4 95 96 (2064 1024 864 ) (2048 1024 864 ) (2048 1024 -304 ) (2064 1024 -304 ) 
4 96 117 (2560 0 864 ) (2048 0 864 ) (2048 0 -304 ) (2560 0 -304 ) 
4 96 113 (2048 0 -304 ) (2048 0 -16 ) (2048 1024 -16 ) (2048 1024 -304 ) 
4 96 111 (2048 0 -16 ) (2048 0 864 ) (2048 1024 864 ) (2048 1024 -16 ) 
4 97 112 (1136 1024 864 ) (1024 1024 864 ) (1024 1024 0 ) (1136 1024 0 ) 
4 97 111 (2048 1024 0 ) (2048 1024 864 ) (1136 1024 864 ) (1136 1024 0 ) 
4 97 106 (1024 2048 864 ) (1024 2048 0 ) (1024 1024 0 ) (1024 1024 864 ) 
4 97 104 (1024 1296 0 ) (1024 1936 0 ) (1136 1936 0 ) (1136 1296 0 ) 
4 97 103 (1471.119995 1056 0 ) (1451.489868 1024 0 ) (1136 1024 0 ) (1136 1056 0 ) 
4 97 102 (1552 1056 0 ) (1552 1024 0 ) (1451.489868 1024 0 ) (1471.119995 1056 0 ) 
5 97 101 (1136 1936 0 ) (1552 1936 0 ) (1552 1442.507690 0 ) (1462.125977 1296 0 ) (1136 1296 0 ) 
3 97 100 (1552 1936 0 ) (1854.729126 1936 0 ) (1552 1442.507690 0 ) 
4 97 99 (1872 1709.492310 0 ) (1872 1024 0 ) (1552 1024 0 ) (1552 1187.846069 0 ) 
5 97 98 (2048 1920 0 ) (2048 1024 0 ) (1872 1024 0 ) (1872 1709.492310 0 ) (2001.134399 1920 0 ) 
4 98 111 (2048 1024 -16 ) (2048 1024 0 ) (1872 1024 0 ) (1872 1024 -16 ) 
5 98 105 (2048 1024 -16 ) (1872 1024 -16 ) (1872 1709.492310 -16 ) (2001.134399 1920 -16 ) (2048 1920 -16 ) 
4 98 99 (1872 1709.492310 -16 ) (1872 1024 -16 ) (1872 1024 0 ) (1872 1709.492310 0 ) 
4 99 111 (1872 1024 0 ) (1552 1024 0 ) (1552 1024 -16 ) (1872 1024 -16 ) 
4 99 105 (1872 1024 -16 ) (1552 1024 -16 ) (1552 1187.846069 -16 ) (1872 1709.492310 -16 ) 
4 99 102 (1552 1056 -16 ) (1552 1024 -16 ) (1552 1024 0 ) (1552 1056 0 ) 
3 100 105 (1552 1442.507690 -16 ) (1552 1936 -16 ) (1854.729126 1936 -16 ) 
4 100 101 (1552 1936 0 ) (1552 1936 -16 ) (1552 1442.507813 -16 ) (1552 1442.507690 0 ) 
5 101 105 (1136 1296 -16 ) (1136 1936 -16 ) (1552 1936 -16 ) (1552 1442.507690 -16 ) (1462.125977 1296 -16 ) 
4 101 104 (1136 1936 0 ) (1136 1936 -16 ) (1136 1296 -16 ) (1136 1296 0 ) 
4 102 111 (1552 1024 0 ) (1451.489868 1024 0 ) (1451.489746 1024 -16 ) (1552 1024 -16 ) 
4 102 105 (1552 1024 -16 ) (1451.489868 1024 -16 ) (1471.119995 1056 -16 ) (1552 1056 -16 ) 
4 102 103 (1471.121460 1056 -16 ) (1451.491333 1024 -16 ) (1451.491211 1024 0 ) (1471.121338 1056 0 ) 
4 103 111 (1451.489868 1024 0 ) (1136 1024 0 ) (1136 1024 -16 ) (1451.489746 1024 -16 ) 
4 103 105 (1451.489868 1024 -16 ) (1136 1024 -16 ) (1136 1056 -16 ) (1471.119995 1056 -16 ) 
4 104 107 (1024 1936 -16 ) (1024 1296 -16 ) (1024 1296 0 ) (1024 1936 0 ) 
4 104 105 (1024 1296 -16 ) (1024 1936 -16 ) (1136 1936 -16 ) (1136 1296 -16 ) 
4 105 113 (2048 1024 -304 ) (2048 1024 -16 ) (1024 1024 -16 ) (1024 1024 -304 ) 
4 105 110 (1024 2048 -16 ) (1024 2048 -304 ) (1024 1024 -304 ) (1024 1024 -16 ) 
4 106 132 (0 2048 864 ) (0 2048 0 ) (0 1024 0 ) (0 1024 864 ) 
4 106 114 (1024 1024 0 ) (1024 1024 864 ) (896 1024 864 ) (896 1024 0 ) 
4 106 115 (896 1024 864 ) (0 1024 864 ) (0 1024 0 ) (896 1024 0 ) 
4 106 109 (896 1024 0 ) (0 1024 0 ) (0 1056 0 ) (896 1056 0 ) 
4 106 107 (432 1936 0 ) (1024 1936 0 ) (1024 1296 0 ) (432 1296 0 ) 
4 106 108 (0 1296 0 ) (0 1936 0 ) (128 1936 0 ) (128 1296 0 ) 
4 107 110 (1024 1936 -16 ) (1024 1296 -16 ) (432 1296 -16 ) (432 1936 -16 ) 
4 108 133 (0 1936 -16 ) (0 1296 -16 ) (0 1296 0 ) (0 1936 0 ) 
4 108 110 (128 1296 -16 ) (0 1296 -16 ) (0 1936 -16 ) (128 1936 -16 ) 
4 109 135 (0 1056 -16 ) (0 1024 -16 ) (0 1024 0 ) (0 1056 0 ) 
4 109 115 (896 1024 0 ) (0 1024 0 ) (0 1024 -16 ) (896 1024 -16 ) 
4 109 110 (896 1024 -16 ) (0 1024 -16 ) (0 1056 -16 ) (896 1056 -16 ) 
4 110 137 (0 2048 -16 ) (0 2048 -304 ) (0 1024 -304 ) (0 1024 -16 ) 
4 110 116 (1024 1024 -304 ) (1024 1024 -16 ) (0 1024 -16 ) (0 1024 -304 ) 
4 111 118 (2048 0 -16 ) (2048 0 864 ) (1136 0 864 ) (1136 0 -16 ) 
4 111 113 (2048 0 -16 ) (1136 0 -16 ) (1136 1024 -16 ) (2048 1024 -16 ) 
4 111 112 (1136 0 0 ) (1136 0 864 ) (1136 1024 864 ) (1136 1024 0 ) 
4 112 119 (1136 0 864 ) (1024 0 864 ) (1024 0 0 ) (1136 0 0 ) 
4 112 114 (1024 1024 864 ) (1024 1024 0 ) (1024 0 0 ) (1024 0 864 ) 
4 113 120 (1136 0 -16 ) (1024 0 -16 ) (1024 0 -304 ) (1136 0 -304 ) 
4 113 118 (2048 0 -304 ) (2048 0 -16 ) (1136 0 -16 ) (1136 0 -304 ) 
4 113 116 (1024 1024 -16 ) (1024 1024 -304 ) (1024 0 -304 ) (1024 0 -16 ) 
4 114 122 (1024 0 0 ) (1024 0 864 ) (896 0 864 ) (896 0 0 ) 
4 114 115 (896 0 0 ) (896 0 864 ) (896 1024 864 ) (896 1024 0 ) 
4 115 145 (0 0 -16 ) (0 0 0 ) (0 1024 0 ) (0 1024 -16 ) 
4 115 144 (0 0 0 ) (0 0 864 ) (0 1024 864 ) (0 1024 0 ) 
4 115 129 (0 0 0 ) (0 0 -16 ) (192 0 -16 ) (192 0 0 ) 
4 115 127 (192 0 -16 ) (896 0 -16 ) (896 0 0 ) (192 0 0 ) 
4 115 123 (16 0 864 ) (0 0 864 ) (0 0 0 ) (16 0 0 ) 
4 115 122 (896 0 864 ) (16 0 864 ) (16 0 0 ) (896 0 0 ) 
4 115 116 (896 0 -16 ) (0 0 -16 ) (0 1024 -16 ) (896 1024 -16 ) 
4 116 148 (0 0 -304 ) (0 0 -16 ) (0 1024 -16 ) (0 1024 -304 ) 
4 116 131 (1024 0 -304 ) (1024 0 -16 ) (0 0 -16 ) (0 0 -304 ) 
4 117 118 (2048 0 864 ) (2048 0 -304 ) (2048 -705.316040 -304 ) (2048 -705.316040 864 ) 
4 118 119 (1136 -192 0 ) (1136 -192 864 ) (1136 0 864 ) (1136 0 0 ) 
4 118 120 (1136 0 -304 ) (1136 -192 -304 ) (1136 -192 -16 ) (1136 0 -16 ) 
4 118 121 (1136 -192 -304 ) (1136 -705.316040 -304 ) (1136 -705.316040 864 ) (1136 -192 864 ) 
4 119 122 (1024 0 864 ) (1024 0 0 ) (1024 -192 0 ) (1024 -192 864 ) 
4 119 121 (1136 -192 0 ) (1136 -192 864 ) (1024 -192 864 ) (1024 -192 0 ) 
4 120 131 (1024 0 -16 ) (1024 0 -304 ) (1024 -192 -304 ) (1024 -192 -16 ) 
4 120 121 (1024 -192 -304 ) (1136 -192 -304 ) (1136 -192 -16 ) (1024 -192 -16 ) 
4 121 131 (1024 -192 -304 ) (1024 -705.316040 -304 ) (1024 -705.316040 -16 ) (1024 -192 -16 ) 
4 121 126 (1024 -705.316040 -16 ) (1024 -705.316040 0 ) (1024 -192 0 ) (1024 -192 -16 ) 
4 121 125 (1024 -705.316040 0 ) (1024 -705.316040 864 ) (1024 -432 864 ) (1024 -432 0 ) 
4 121 122 (1024 -432 864 ) (1024 -192 864 ) (1024 -192 0 ) (1024 -432 0 ) 
4 122 129 (16 -16 0 ) (16 0 0 ) (192 0 0 ) (192 -16 0 ) 
4 122 130 (192 -432 0 ) (16 -432 0 ) (16 -336 0 ) (192 -336 0 ) 
4 122 127 (192 -64 0 ) (192 0 0 ) (896 0 0 ) (896 -64 0 ) 
4 122 128 (896 -432 0 ) (192 -432 0 ) (192 -176 0 ) (896 -176 0 ) 
4 122 126 (1024 -192 0 ) (1024 -432 0 ) (896 -432 0 ) (896 -192 0 ) 
4 122 125 (16 -432 0 ) (1024 -432 0 ) (1024 -432 864 ) (16 -432 864 ) 
4 122 124 (16 -432 128 ) (16 -432 864 ) (16 -416 864 ) (16 -416 128 ) 
4 122 123 (16 0 0 ) (16 -416 0 ) (16 -416 864 ) (16 0 864 ) 
4 123 165 (0 -416 864 ) (0 0 864 ) (0 0 0 ) (0 -416 0 ) 
4 123 129 (0 -16 0 ) (0 0 0 ) (16 0 0 ) (16 -16 0 ) 
4 123 130 (0 -416 0 ) (0 -336 0 ) (16 -336 0 ) (16 -416 0 ) 
4 123 124 (16 -416 128 ) (16 -416 864 ) (0 -416 864 ) (0 -416 128 ) 
4 124 166 (0 -432 864 ) (0 -416 864 ) (0 -416 128 ) (0 -432 128 ) 
4 124 125 (16 -432 128 ) (16 -432 864 ) (0 -432 864 ) (0 -432 128 ) 
4 125 167 (0 -705.316040 864 ) (0 -432 864 ) (0 -432 0 ) (0 -705.316040 0 ) 
4 125 130 (192 -705.316040 0 ) (0 -705.316040 0 ) (0 -432 0 ) (192 -432 0 ) 
4 125 128 (896 -705.316040 0 ) (192 -705.316040 0 ) (192 -432 0 ) (896 -432 0 ) 
4 125 126 (1024 -432 0 ) (1024 -705.316040 0 ) (896 -705.316040 0 ) (896 -432 0 ) 
4 126 131 (896 -705.316040 -16 ) (896 -192 -16 ) (1024 -192 -16 ) (1024 -705.316040 -16 ) 
4 126 128 (896 -192 -16 ) (896 -705.316040 -16 ) (896 -705.316040 0 ) (896 -192 0 ) 
4 127 131 (192 -64 -16 ) (192 0 -16 ) (896 0 -16 ) (896 -64 -16 ) 
4 127 129 (192 0 -16 ) (192 -16 -16 ) (192 -16 0 ) (192 0 0 ) 
4 128 131 (192 -705.316040 -16 ) (192 -176 -16 ) (896 -176 -16 ) (896 -705.316040 -16 ) 
4 128 130 (192 -336 -16 ) (192 -705.316040 -16 ) (192 -705.316040 0 ) (192 -336 0 ) 
4 129 169 (0 -16 0 ) (0 0 0 ) (0 0 -16 ) (0 -16 -16 ) 
4 129 131 (0 -16 -16 ) (0 0 -16 ) (192 0 -16 ) (192 -16 -16 ) 
4 130 171 (0 -705.316040 0 ) (0 -336 0 ) (0 -336 -16 ) (0 -705.316040 -16 ) 
4 130 131 (0 -705.316040 -16 ) (0 -336 -16 ) (192 -336 -16 ) (192 -705.316040 -16 ) 
4 131 171 (0 -705.316040 -16 ) (0 -336 -16 ) (0 -336 -304 ) (0 -705.316040 -304 ) 
4 131 170 (0 -336 -16 ) (0 -16 -16 ) (0 -16 -304 ) (0 -336 -304 ) 
4 131 169 (0 -16 -16 ) (0 0 -16 ) (0 0 -304 ) (0 -16 -304 ) 
4 132 144 (0 1024 0 ) (0 1024 864 ) (-1024 1024 864 ) (-1024 1024 0 ) 
4 132 138 (-1024 2048 864 ) (-1024 2048 0 ) (-1024 1024 0 ) (-1024 1024 864 ) 
4 132 136 (-1024 1024 0 ) (-1024 1056 0 ) (-358.118164 1056 0 ) (-380.117523 1024 0 ) 
4 132 135 (-201.899780 1056 0 ) (0 1056 0 ) (0 1024 0 ) (-223.898956 1024 0 ) 
4 132 134 (-1024 1296 0 ) (-1024 2048 0 ) (-264.511353 2048 0 ) (-264.511353 1296 0 ) 
4 132 133 (0 1936 0 ) (0 1296 0 ) (-160.669342 1296 0 ) (-160.669342 1936 0 ) 
4 133 137 (0 1936 -16 ) (0 1296 -16 ) (-160.669342 1296 -16 ) (-160.669342 1936 -16 ) 
4 134 139 (-1024 2048 0 ) (-1024 2048 -16 ) (-1024 1296 -16 ) (-1024 1296 0 ) 
4 134 137 (-1024 1296 -16 ) (-1024 2048 -16 ) (-264.511353 2048 -16 ) (-264.511353 1296 -16 ) 
4 135 145 (0 1024 -16 ) (0 1024 0 ) (-223.898956 1024 0 ) (-223.898926 1024 -16 ) 
4 135 137 (0 1024 -16 ) (-223.898956 1024 -16 ) (-201.899780 1056 -16 ) (0 1056 -16 ) 
4 136 146 (-380.117523 1024 0 ) (-1024 1024 0 ) (-1024 1024 -16 ) (-380.117493 1024 -16 ) 
4 136 141 (-1024 1056 -16 ) (-1024 1024 -16 ) (-1024 1024 0 ) (-1024 1056 0 ) 
4 136 137 (-380.117523 1024 -16 ) (-1024 1024 -16 ) (-1024 1056 -16 ) (-358.118164 1056 -16 ) 
4 137 148 (0 1024 -304 ) (0 1024 -16 ) (-1024 1024 -16 ) (-1024 1024 -304 ) 
4 137 143 (-1024 2048 -16 ) (-1024 2048 -304 ) (-1024 1024 -304 ) (-1024 1024 -16 ) 
4 138 160 (-2048 1296 0 ) (-2048 1056 0 ) (-2048 1056 864 ) (-2048 1296 864 ) 
4 138 162 (-2048 1056 0 ) (-2048 1024 0 ) (-2048 1024 864 ) (-2048 1056 864 ) 
4 138 157 (-2048 2048 864 ) (-2048 2048 0 ) (-2048 1296 0 ) (-2048 1296 864 ) 
4 138 149 (-1024 1024 0 ) (-1024 1024 864 ) (-2048 1024 864 ) (-2048 1024 0 ) 
4 138 141 (-1024 1024 0 ) (-1472 1024 0 ) (-1472 1056 0 ) (-1024 1056 0 ) 
4 138 142 (-1712 1024 0 ) (-2048 1024 0 ) (-2048 1056 0 ) (-1712 1056 0 ) 
4 138 140 (-2048 1296 0 ) (-2048 2048 0 ) (-1712 2048 0 ) (-1712 1296 0 ) 
4 138 139 (-1472 2048 0 ) (-1024 2048 0 ) (-1024 1296 0 ) (-1472 1296 0 ) 
4 139 143 (-1472 2048 -16 ) (-1024 2048 -16 ) (-1024 1296 -16 ) (-1472 1296 -16 ) 
4 140 157 (-2048 2048 0 ) (-2048 2048 -16 ) (-2048 1296 -16 ) (-2048 1296 0 ) 
4 140 143 (-2048 2048 -16 ) (-1712 2048 -16 ) (-1712 1296 -16 ) (-2048 1296 -16 ) 
4 141 150 (-1024 1024 -16 ) (-1024 1024 0 ) (-1472 1024 0 ) (-1472 1024 -16 ) 
4 141 143 (-1024 1056 -16 ) (-1024 1024 -16 ) (-1472 1024 -16 ) (-1472 1056 -16 ) 
4 142 162 (-2048 1056 -16 ) (-2048 1024 -16 ) (-2048 1024 0 ) (-2048 1056 0 ) 
4 142 154 (-2013.164917 1024 0 ) (-2048 1024 0 ) (-2048 1024 -16 ) (-2013.164917 1024 -16 ) 
4 142 152 (-1712 1024 0 ) (-2013.164917 1024 0 ) (-2013.164917 1024 -16 ) (-1712 1024 -16 ) 
4 142 143 (-1712 1024 -16 ) (-2048 1024 -16 ) (-2048 1056 -16 ) (-1712 1056 -16 ) 
4 143 161 (-2048 1296 -304 ) (-2048 1056 -304 ) (-2048 1056 -16 ) (-2048 1296 -16 ) 
4 143 162 (-2048 1056 -304 ) (-2048 1024 -304 ) (-2048 1024 -16 ) (-2048 1056 -16 ) 
4 143 157 (-2048 2048 -16 ) (-2048 2048 -304 ) (-2048 1296 -304 ) (-2048 1296 -16 ) 
4 143 156 (-1024 1024 -304 ) (-1024 1024 -16 ) (-2048 1024 -16 ) (-2048 1024 -304 ) 
4 144 165 (0 0 0 ) (0 0 864 ) (-112 0 864 ) (-112 0 0 ) 
4 144 168 (-112 0 864 ) (-1024 0 864 ) (-1024 0 0 ) (-112 0 0 ) 
4 144 149 (-1024 1024 864 ) (-1024 1024 0 ) (-1024 0 0 ) (-1024 0 864 ) 
3 144 147 (-1024 0 0 ) (-1024 222.338776 0 ) (-681.307556 0 0 ) 
4 144 146 (-1024 382.230408 0 ) (-1024 1024 0 ) (-380.117493 1024 0 ) (-883.837158 291.292877 0 ) 
5 144 145 (-223.898926 1024 0 ) (0 1024 0 ) (0 0 0 ) (-434.864960 0 0 ) (-775.804443 221.201294 0 ) 
4 145 172 (-320 0 0 ) (-434.864960 0 0 ) (-434.864990 0 -16 ) (-320 0 -16 ) 
4 145 169 (0 0 -16 ) (0 0 0 ) (-320 0 0 ) (-320 0 -16 ) 
5 145 148 (0 0 -16 ) (-434.864960 0 -16 ) (-775.804443 221.201294 -16 ) (-223.898926 1024 -16 ) (0 1024 -16 ) 
4 146 150 (-1024 1024 0 ) (-1024 1024 -16 ) (-1024 382.230408 -16 ) (-1024 382.230408 0 ) 
4 146 148 (-883.837158 291.292877 -16 ) (-1024 382.230408 -16 ) (-1024 1024 -16 ) (-380.117493 1024 -16 ) 
4 147 173 (-681.307556 0 0 ) (-1024 0 0 ) (-1024 0 -16 ) (-681.307556 0 -16 ) 
4 147 151 (-1024 222.338776 -16 ) (-1024 0 -16 ) (-1024 0 0 ) (-1024 222.338776 0 ) 
3 147 148 (-681.307556 0 -16 ) (-1024 0 -16 ) (-1024 222.338776 -16 ) 
4 148 174 (-320 0 -16 ) (-1024 0 -16 ) (-1024 0 -304 ) (-320 0 -304 ) 
4 148 169 (0 0 -304 ) (0 0 -16 ) (-320 0 -16 ) (-320 0 -304 ) 
4 148 156 (-1024 1024 -16 ) (-1024 1024 -304 ) (-1024 0 -304 ) (-1024 0 -16 ) 
4 149 175 (-1024 0 0 ) (-1024 0 864 ) (-2048 0 864 ) (-2048 0 0 ) 
4 149 164 (-2048 0 0 ) (-2048 0 864 ) (-2048 1024 864 ) (-2048 1024 0 ) 
5 149 155 (-1472 0 0 ) (-2048 0 0 ) (-2048 656 0 ) (-1692.405396 656 0 ) (-1472 513.001038 0 ) 
5 149 154 (-2048 886.709717 0 ) (-2048 1024 0 ) (-2013.164917 1024 0 ) (-1712 828.604370 0 ) (-1712 668.712952 0 ) 
4 149 153 (-2048 656 0 ) (-2048 886.709717 0 ) (-1712 668.713013 0 ) (-1712 656 0 ) 
3 149 152 (-2013.164917 1024 0 ) (-1712 1024 0 ) (-1712 828.604431 0 ) 
4 149 151 (-1024 0 0 ) (-1472 0 0 ) (-1472 513.001099 0 ) (-1024 222.338776 0 ) 
4 149 150 (-1472 672.892517 0 ) (-1472 1024 0 ) (-1024 1024 0 ) (-1024 382.230408 0 ) 
4 150 156 (-1024 1024 -16 ) (-1024 382.230408 -16 ) (-1472 672.892517 -16 ) (-1472 1024 -16 ) 
4 151 175 (-1024 0 -16 ) (-1024 0 0 ) (-1472 0 0 ) (-1472 0 -16 ) 
4 151 156 (-1024 222.338776 -16 ) (-1024 0 -16 ) (-1472 0 -16 ) (-1472 513.001099 -16 ) 
4 151 155 (-1472 513.001099 -16 ) (-1472 0 -16 ) (-1472 0 0 ) (-1472 513.001099 0 ) 
3 152 156 (-2013.164917 1024 -16 ) (-1712 1024 -16 ) (-1712 828.604431 -16 ) 
4 152 154 (-2013.163940 1024 -16 ) (-1712 828.605652 -16 ) (-1712 828.606201 0 ) (-2013.162109 1024 0 ) 
4 153 164 (-2048 656 0 ) (-2048 886.709717 0 ) (-2048 886.709717 -16 ) (-2048 656 -16 ) 
4 153 156 (-2048 656 -16 ) (-2048 886.709717 -16 ) (-1712 668.713013 -16 ) (-1712 656 -16 ) 
4 153 155 (-2048 656 -16 ) (-1712 656 -16 ) (-1712 656 0 ) (-2048 656 0 ) 
4 153 154 (-1712 668.711182 -16 ) (-2048 886.707886 -16 ) (-2048 886.706299 0 ) (-1712 668.711060 0 ) 
4 154 164 (-2048 886.709717 0 ) (-2048 1024 0 ) (-2048 1024 -16 ) (-2048 886.709717 -16 ) 
5 154 156 (-2048 886.709717 -16 ) (-2048 1024 -16 ) (-2013.164917 1024 -16 ) (-1712 828.604370 -16 ) (-1712 668.712952 -16 ) 
4 155 175 (-1472 0 0 ) (-2048 0 0 ) (-2048 0 -16 ) (-1472 0 -16 ) 
4 155 164 (-2048 0 -16 ) (-2048 0 0 ) (-2048 656 0 ) (-2048 656 -16 ) 
5 155 156 (-1472 0 -16 ) (-2048 0 -16 ) (-2048 656 -16 ) (-1692.405396 656 -16 ) (-1472 513.001038 -16 ) 
4 156 175 (-1024 0 -304 ) (-1024 0 -16 ) (-2048 0 -16 ) (-2048 0 -304 ) 
4 156 164 (-2048 0 -304 ) (-2048 0 -16 ) (-2048 1024 -16 ) (-2048 1024 -304 ) 
4 157 160 (-2048 1296 0 ) (-2048 1296 864 ) (-2096 1296 864 ) (-2096 1296 0 ) 
4 157 161 (-2096 1296 -304 ) (-2048 1296 -304 ) (-2048 1296 -16 ) (-2096 1296 -16 ) 
4 157 158 (-2096 1296 0 ) (-2096 1296 864 ) (-2096 2048 864 ) (-2096 2048 0 ) 
4 157 159 (-2096 2048 -304 ) (-2096 1296 -304 ) (-2096 1296 -16 ) (-2096 2048 -16 ) 
4 158 163 (-2208 1296 0 ) (-2208 1296 864 ) (-2208 2048 864 ) (-2208 2048 0 ) 
4 158 160 (-2208 1296 864 ) (-2208 1296 0 ) (-2096 1296 0 ) (-2096 1296 864 ) 
4 159 163 (-2208 2048 -304 ) (-2208 1296 -304 ) (-2208 1296 -16 ) (-2208 2048 -16 ) 
4 159 161 (-2208 1296 -16 ) (-2208 1296 -304 ) (-2096 1296 -304 ) (-2096 1296 -16 ) 
4 160 163 (-2208 1056 0 ) (-2208 1056 864 ) (-2208 1296 864 ) (-2208 1296 0 ) 
4 160 162 (-2208 1056 864 ) (-2208 1056 0 ) (-2048 1056 0 ) (-2048 1056 864 ) 
4 161 163 (-2208 1296 -304 ) (-2208 1056 -304 ) (-2208 1056 -16 ) (-2208 1296 -16 ) 
4 161 162 (-2208 1056 -16 ) (-2208 1056 -304 ) (-2048 1056 -304 ) (-2048 1056 -16 ) 
4 162 164 (-2048 1024 -304 ) (-2048 1024 864 ) (-2208 1024 864 ) (-2208 1024 -304 ) 
4 162 163 (-2208 1056 -304 ) (-2208 1024 -304 ) (-2208 1024 864 ) (-2208 1056 864 ) 
4 163 164 (-2208 1024 864 ) (-2576 1024 864 ) (-2576 1024 -304 ) (-2208 1024 -304 ) 
4 164 176 (-2048 0 -304 ) (-2048 0 864 ) (-2576 0 864 ) (-2576 0 -304 ) 
4 165 171 (0 -336 0 ) (0 -416 0 ) (-112 -416 0 ) (-112 -336 0 ) 
4 165 169 (-112 0 0 ) (0 0 0 ) (0 -16 0 ) (-112 -16 0 ) 
4 165 166 (-112 -416 864 ) (-112 -416 128 ) (0 -416 128 ) (0 -416 864 ) 
4 165 168 (-112 0 0 ) (-112 -416 0 ) (-112 -416 864 ) (-112 0 864 ) 
4 166 168 (-112 -432 128 ) (-112 -432 864 ) (-112 -416 864 ) (-112 -416 128 ) 
4 166 167 (-112 -432 864 ) (-112 -432 128 ) (0 -432 128 ) (0 -432 864 ) 
4 167 171 (0 -432 0 ) (0 -705.316040 0 ) (-112 -705.316040 0 ) (-112 -432 0 ) 
4 167 168 (-112 -432 0 ) (-112 -705.316040 0 ) (-112 -705.316040 864 ) (-112 -432 864 ) 
4 168 175 (-1024 0 864 ) (-1024 0 0 ) (-1024 -705.316040 0 ) (-1024 -705.316040 864 ) 
5 168 173 (-1024 -705.316040 0 ) (-1024 0 0 ) (-681.307556 0 0 ) (-320 -234.416290 0 ) (-320 -705.316040 0 ) 
3 168 172 (-434.864990 0 0 ) (-320 0 0 ) (-320 -74.524315 0 ) 
4 168 171 (-112 -336 0 ) (-112 -705.316040 0 ) (-320 -705.316040 0 ) (-320 -336 0 ) 
4 168 169 (-320 0 0 ) (-112 0 0 ) (-112 -16 0 ) (-320 -16 0 ) 
4 169 172 (-320 -16 -16 ) (-320 -16 0 ) (-320 0 0 ) (-320 0 -16 ) 
4 169 174 (-320 0 -304 ) (-320 -16 -304 ) (-320 -16 -16 ) (-320 0 -16 ) 
4 169 170 (-320 -16 -16 ) (-320 -16 -304 ) (0 -16 -304 ) (0 -16 -16 ) 
4 170 174 (-320 -16 -304 ) (-320 -336 -304 ) (-320 -336 -16 ) (-320 -16 -16 ) 
4 170 171 (-320 -336 -16 ) (-320 -336 -304 ) (0 -336 -304 ) (0 -336 -16 ) 
4 171 173 (-320 -705.316040 -16 ) (-320 -705.316040 0 ) (-320 -336 0 ) (-320 -336 -16 ) 
4 171 174 (-320 -336 -304 ) (-320 -705.316040 -304 ) (-320 -705.316040 -16 ) (-320 -336 -16 ) 
3 172 174 (-434.864990 0 -16 ) (-320 0 -16 ) (-320 -74.524315 -16 ) 
4 173 175 (-1024 0 0 ) (-1024 0 -16 ) (-1024 -705.316040 -16 ) (-1024 -705.316040 0 ) 
5 173 174 (-320 -705.316040 -16 ) (-1024 -705.316040 -16 ) (-1024 0 -16 ) (-681.307556 0 -16 ) (-320 -234.416290 -16 ) 
4 174 175 (-1024 0 -16 ) (-1024 0 -304 ) (-1024 -705.316040 -304 ) (-1024 -705.316040 -16 ) 
4 175 176 (-2048 0 864 ) (-2048 0 -304 ) (-2048 -705.316040 -304 ) (-2048 -705.316040 864 ) 
