PRT1
114
276
4 0 28 (0 1152 384 ) (0 1536 384 ) (0 1536 -192 ) (0 1152 -192 ) 
4 0 7 (0 1152 -192 ) (528 1152 -192 ) (528 1152 -32 ) (0 1152 -32 ) 
4 0 6 (528 1152 -192 ) (640 1152 -192 ) (640 1152 0 ) (528 1152 0 ) 
4 0 3 (512 1152 384 ) (0 1152 384 ) (0 1152 256 ) (512 1152 256 ) 
4 0 2 (528 1152 384 ) (512 1152 384 ) (512 1152 256 ) (528 1152 256 ) 
4 0 1 (640 1152 0 ) (640 1152 384 ) (528 1152 384 ) (528 1152 0 ) 
4 1 8 (528 1024 0 ) (640 1024 0 ) (640 1024 384 ) (528 1024 384 ) 
4 1 6 (528 1152 0 ) (640 1152 0 ) (640 1024 0 ) (528 1024 0 ) 
4 1 2 (528 1152 384 ) (528 1152 256 ) (528 1024 256 ) (528 1024 384 ) 
4 2 9 (528 1024 256 ) (528 1024 384 ) (512 1024 384 ) (512 1024 256 ) 
4 2 4 (512 1136 256 ) (512 1024 256 ) (512 1024 384 ) (512 1136 384 ) 
4 2 3 (512 1152 384 ) (512 1152 256 ) (512 1136 256 ) (512 1136 384 ) 
4 3 29 (0 1136 384 ) (0 1152 384 ) (0 1152 256 ) (0 1136 256 ) 
4 3 4 (512 1136 256 ) (512 1136 384 ) (0 1136 384 ) (0 1136 256 ) 
4 4 30 (0 1024 240 ) (0 1024 384 ) (0 1136 384 ) (0 1136 240 ) 
4 4 10 (0 1024 384 ) (0 1024 240 ) (512 1024 240 ) (512 1024 384 ) 
4 5 31 (0 1024 0 ) (0 1024 224 ) (0 1136 224 ) (0 1136 0 ) 
4 5 11 (0 1024 224 ) (0 1024 0 ) (512 1024 0 ) (512 1024 224 ) 
4 6 8 (528 1024 -192 ) (640 1024 -192 ) (640 1024 0 ) (528 1024 0 ) 
4 6 7 (528 1152 -32 ) (528 1152 -192 ) (528 1024 -192 ) (528 1024 -32 ) 
4 7 34 (0 1024 -192 ) (0 1024 -32 ) (0 1152 -32 ) (0 1152 -192 ) 
4 7 26 (0 1024 -32 ) (0 1024 -192 ) (136 1024 -192 ) (136 1024 -32 ) 
4 7 25 (136 1024 -192 ) (528 1024 -192 ) (528 1024 -64 ) (136 1024 -64 ) 
4 7 24 (528 1024 -64 ) (528 1024 -32 ) (136 1024 -32 ) (136 1024 -64 ) 
4 8 57 (640 0 384 ) (528 0 384 ) (528 0 -192 ) (640 0 -192 ) 
4 8 27 (528 0 -192 ) (528 0 -64 ) (528 296 -64 ) (528 296 -192 ) 
4 8 25 (528 1024 -64 ) (528 1024 -192 ) (528 296 -192 ) (528 296 -64 ) 
4 8 24 (528 672 -32 ) (528 1024 -32 ) (528 1024 -64 ) (528 672 -64 ) 
4 8 19 (528 0 64 ) (528 0 384 ) (528 672 384 ) (528 672 64 ) 
4 8 17 (528 672 384 ) (528 688 384 ) (528 688 64 ) (528 672 64 ) 
4 8 15 (528 688 384 ) (528 832 384 ) (528 832 64 ) (528 688 64 ) 
4 8 12 (528 832 384 ) (528 848 384 ) (528 848 256 ) (528 832 256 ) 
4 8 9 (528 848 384 ) (528 1024 384 ) (528 1024 256 ) (528 848 256 ) 
4 9 12 (528 848 256 ) (528 848 384 ) (512 848 384 ) (512 848 256 ) 
4 9 10 (512 1024 384 ) (512 1024 256 ) (512 848 256 ) (512 848 384 ) 
4 10 36 (0 1024 384 ) (0 1024 240 ) (0 848 240 ) (0 848 384 ) 
4 10 12 (0 848 384 ) (0 848 256 ) (512 848 256 ) (512 848 384 ) 
4 11 37 (0 1024 224 ) (0 1024 0 ) (0 848 0 ) (0 848 224 ) 
4 11 14 (0 848 160 ) (0 848 0 ) (136 848 0 ) (136 848 160 ) 
4 11 13 (360 848 0 ) (424 848 0 ) (424 848 96 ) (360 848 96 ) 
4 12 39 (0 848 384 ) (0 848 256 ) (0 832 256 ) (0 832 384 ) 
4 12 15 (0 832 384 ) (0 832 256 ) (528 832 256 ) (528 832 384 ) 
4 13 16 (360 832 0 ) (424 832 0 ) (424 832 64 ) (360 832 64 ) 
4 13 15 (424 832 64 ) (424 832 96 ) (360 832 96 ) (360 832 64 ) 
4 14 40 (0 848 160 ) (0 848 0 ) (0 832 0 ) (0 832 160 ) 
4 14 16 (0 832 64 ) (0 832 0 ) (136 832 0 ) (136 832 64 ) 
4 14 15 (0 832 160 ) (0 832 64 ) (136 832 64 ) (136 832 160 ) 
4 15 42 (0 832 384 ) (0 832 64 ) (0 688 64 ) (0 688 384 ) 
4 15 18 (0 688 384 ) (0 688 64 ) (136 688 64 ) (136 688 384 ) 
4 15 17 (136 688 64 ) (528 688 64 ) (528 688 384 ) (136 688 384 ) 
4 15 16 (512 688 64 ) (0 688 64 ) (0 832 64 ) (512 832 64 ) 
4 16 43 (0 832 64 ) (0 832 0 ) (0 688 0 ) (0 688 64 ) 
4 16 18 (0 688 64 ) (0 688 0 ) (136 688 0 ) (136 688 64 ) 
4 17 21 (152 672 384 ) (136 672 384 ) (136 672 64 ) (152 672 64 ) 
4 17 20 (512 672 384 ) (152 672 384 ) (152 672 64 ) (512 672 64 ) 
4 17 19 (528 672 64 ) (528 672 384 ) (512 672 384 ) (512 672 64 ) 
4 17 18 (136 688 384 ) (136 688 64 ) (136 672 64 ) (136 672 384 ) 
4 18 44 (0 688 384 ) (0 688 0 ) (0 672 0 ) (0 672 384 ) 
4 18 23 (136 672 0 ) (136 672 384 ) (0 672 384 ) (0 672 0 ) 
4 19 58 (528 0 64 ) (528 0 384 ) (512 0 384 ) (512 0 64 ) 
4 19 20 (512 0 384 ) (512 672 384 ) (512 672 64 ) (512 0 64 ) 
4 20 59 (512 0 384 ) (152 0 384 ) (152 0 -32 ) (512 0 -32 ) 
4 20 21 (152 296 384 ) (152 672 384 ) (152 672 32 ) (152 296 0 ) 
4 20 22 (152 0 384 ) (152 296 384 ) (152 296 -32 ) (152 0 -32 ) 
4 21 23 (136 672 384 ) (136 672 32 ) (136 296 0 ) (136 296 384 ) 
4 21 22 (152 296 0 ) (152 296 384 ) (136 296 384 ) (136 296 0 ) 
4 22 59 (152 0 384 ) (136 0 384 ) (136 0 -32 ) (152 0 -32 ) 
4 22 23 (136 296 -32 ) (136 0 -32 ) (136 0 384 ) (136 296 384 ) 
4 23 62 (0 0 384 ) (0 0 -32 ) (120 0 -32 ) (120 0 384 ) 
4 23 60 (120 0 -32 ) (136 0 -32 ) (136 0 384 ) (120 0 384 ) 
5 23 46 (0 0 -32 ) (0 0 384 ) (0 672 384 ) (0 672 0 ) (0 296 -32 ) 
4 24 26 (136 672 -32 ) (136 1024 -32 ) (136 1024 -64 ) (136 672 -64 ) 
4 24 25 (136 672 -64 ) (136 1024 -64 ) (528 1024 -64 ) (528 672 -64 ) 
4 25 27 (528 296 -192 ) (528 296 -64 ) (136 296 -64 ) (136 296 -192 ) 
4 25 26 (136 296 -192 ) (136 296 -64 ) (136 1024 -64 ) (136 1024 -192 ) 
5 26 51 (0 296 -192 ) (0 296 -64 ) (0 672 -32 ) (0 1024 -32 ) (0 1024 -192 ) 
4 26 27 (0 296 -64 ) (0 296 -192 ) (136 296 -192 ) (136 296 -64 ) 
4 27 73 (528 0 -192 ) (528 0 -64 ) (0 0 -64 ) (0 0 -192 ) 
4 27 55 (0 0 -192 ) (0 0 -64 ) (0 296 -64 ) (0 296 -192 ) 
4 28 35 (-640 1152 -192 ) (-528 1152 -192 ) (-528 1152 0 ) (-640 1152 0 ) 
4 28 34 (-528 1152 -192 ) (0 1152 -192 ) (0 1152 -32 ) (-528 1152 -32 ) 
4 28 32 (-512 1152 384 ) (-528 1152 384 ) (-528 1152 256 ) (-512 1152 256 ) 
4 28 33 (-528 1152 384 ) (-640 1152 384 ) (-640 1152 0 ) (-528 1152 0 ) 
4 28 29 (0 1152 256 ) (0 1152 384 ) (-512 1152 384 ) (-512 1152 256 ) 
4 29 32 (-512 1152 384 ) (-512 1152 256 ) (-512 1136 256 ) (-512 1136 384 ) 
4 29 30 (-512 1136 384 ) (-512 1136 256 ) (0 1136 256 ) (0 1136 384 ) 
4 30 36 (0 1024 240 ) (0 1024 384 ) (-512 1024 384 ) (-512 1024 240 ) 
4 30 32 (-512 1024 256 ) (-512 1024 384 ) (-512 1136 384 ) (-512 1136 256 ) 
4 31 37 (0 1024 0 ) (0 1024 224 ) (-512 1024 224 ) (-512 1024 0 ) 
4 32 38 (-512 1024 384 ) (-528 1024 384 ) (-528 1024 256 ) (-512 1024 256 ) 
4 32 33 (-528 1152 384 ) (-528 1152 256 ) (-528 1024 256 ) (-528 1024 384 ) 
4 33 56 (-528 1024 384 ) (-640 1024 384 ) (-640 1024 0 ) (-528 1024 0 ) 
4 33 35 (-640 1152 0 ) (-528 1152 0 ) (-528 1024 0 ) (-640 1024 0 ) 
4 34 53 (-136 1024 -32 ) (-528 1024 -32 ) (-528 1024 -192 ) (-136 1024 -192 ) 
4 34 52 (-120 1024 -32 ) (-136 1024 -32 ) (-136 1024 -192 ) (-120 1024 -192 ) 
4 34 51 (0 1024 -192 ) (0 1024 -32 ) (-120 1024 -32 ) (-120 1024 -192 ) 
4 34 35 (-528 1152 -32 ) (-528 1152 -192 ) (-528 1024 -192 ) (-528 1024 -32 ) 
4 35 56 (-528 1024 0 ) (-640 1024 0 ) (-640 1024 -192 ) (-528 1024 -192 ) 
4 36 39 (0 848 256 ) (0 848 384 ) (-512 848 384 ) (-512 848 256 ) 
4 36 38 (-512 1024 384 ) (-512 1024 256 ) (-512 848 256 ) (-512 848 384 ) 
4 37 41 (-408 848 0 ) (-344 848 0 ) (-344 848 96 ) (-408 848 96 ) 
4 37 40 (-120 848 0 ) (0 848 0 ) (0 848 160 ) (-120 848 160 ) 
4 38 56 (-528 1024 384 ) (-528 1024 256 ) (-528 848 256 ) (-528 848 384 ) 
4 38 39 (-528 848 384 ) (-528 848 256 ) (-512 848 256 ) (-512 848 384 ) 
4 39 56 (-528 848 384 ) (-528 848 256 ) (-528 832 256 ) (-528 832 384 ) 
4 39 42 (-528 832 384 ) (-528 832 256 ) (0 832 256 ) (0 832 384 ) 
4 40 43 (-120 832 0 ) (0 832 0 ) (0 832 64 ) (-120 832 64 ) 
4 40 42 (0 832 64 ) (0 832 160 ) (-120 832 160 ) (-120 832 64 ) 
4 41 43 (-408 832 0 ) (-344 832 0 ) (-344 832 64 ) (-408 832 64 ) 
4 41 42 (-344 832 64 ) (-344 832 96 ) (-408 832 96 ) (-408 832 64 ) 
4 42 56 (-528 832 384 ) (-528 832 64 ) (-528 688 64 ) (-528 688 384 ) 
4 42 45 (-528 688 384 ) (-528 688 64 ) (-120 688 64 ) (-120 688 384 ) 
4 42 44 (-120 688 64 ) (0 688 64 ) (0 688 384 ) (-120 688 384 ) 
4 42 43 (0 688 64 ) (-512 688 64 ) (-512 832 64 ) (0 832 64 ) 
4 43 44 (-120 688 0 ) (0 688 0 ) (0 688 64 ) (-120 688 64 ) 
4 44 46 (0 672 0 ) (0 672 384 ) (-120 672 384 ) (-120 672 0 ) 
4 44 45 (-120 688 384 ) (-120 688 64 ) (-120 672 64 ) (-120 672 384 ) 
4 45 56 (-528 688 384 ) (-528 688 64 ) (-528 672 64 ) (-528 672 384 ) 
4 45 50 (-528 672 384 ) (-528 672 64 ) (-512 672 64 ) (-512 672 384 ) 
4 45 49 (-512 672 64 ) (-136 672 64 ) (-136 672 384 ) (-512 672 384 ) 
4 45 47 (-136 672 64 ) (-120 672 64 ) (-120 672 384 ) (-136 672 384 ) 
4 46 86 (0 0 -32 ) (0 0 384 ) (-120 0 384 ) (-120 0 -32 ) 
4 46 47 (-120 672 384 ) (-120 672 32 ) (-120 296 0 ) (-120 296 384 ) 
4 46 48 (-120 296 -32 ) (-120 0 -32 ) (-120 0 384 ) (-120 296 384 ) 
4 47 49 (-136 296 384 ) (-136 672 384 ) (-136 672 32 ) (-136 296 0 ) 
4 47 48 (-136 296 384 ) (-136 296 0 ) (-120 296 0 ) (-120 296 384 ) 
4 48 86 (-136 0 -32 ) (-120 0 -32 ) (-120 0 384 ) (-136 0 384 ) 
4 48 49 (-136 0 384 ) (-136 296 384 ) (-136 296 -32 ) (-136 0 -32 ) 
4 49 87 (-152 0 -32 ) (-136 0 -32 ) (-136 0 384 ) (-152 0 384 ) 
4 49 89 (-512 0 -32 ) (-152 0 -32 ) (-152 0 384 ) (-512 0 384 ) 
4 49 50 (-512 0 384 ) (-512 672 384 ) (-512 672 64 ) (-512 0 64 ) 
4 50 90 (-528 0 384 ) (-528 0 64 ) (-512 0 64 ) (-512 0 384 ) 
4 50 56 (-528 0 64 ) (-528 0 384 ) (-528 672 384 ) (-528 672 64 ) 
4 51 55 (-120 296 -64 ) (-120 296 -192 ) (0 296 -192 ) (0 296 -64 ) 
5 51 52 (-120 1024 -192 ) (-120 296 -192 ) (-120 296 -64 ) (-120 672 -32 ) (-120 1024 -32 ) 
4 52 55 (-136 296 -64 ) (-136 296 -192 ) (-120 296 -192 ) (-120 296 -64 ) 
4 52 54 (-136 672 -192 ) (-136 296 -192 ) (-136 296 -64 ) (-136 672 -64 ) 
4 52 53 (-136 1024 -192 ) (-136 672 -192 ) (-136 672 -32 ) (-136 1024 -32 ) 
4 53 56 (-528 672 -32 ) (-528 1024 -32 ) (-528 1024 -192 ) (-528 672 -192 ) 
4 53 54 (-528 672 -192 ) (-136 672 -192 ) (-136 672 -64 ) (-528 672 -64 ) 
4 54 56 (-528 296 -192 ) (-528 296 -64 ) (-528 672 -64 ) (-528 672 -192 ) 
4 54 55 (-528 296 -64 ) (-528 296 -192 ) (-136 296 -192 ) (-136 296 -64 ) 
4 55 101 (0 0 -192 ) (0 0 -64 ) (-528 0 -64 ) (-528 0 -192 ) 
4 55 56 (-528 0 -192 ) (-528 0 -64 ) (-528 296 -64 ) (-528 296 -192 ) 
4 56 105 (-528 0 -192 ) (-528 0 384 ) (-640 0 384 ) (-640 0 -192 ) 
4 57 83 (528 -1024 0 ) (528 -1024 -192 ) (640 -1024 -192 ) (640 -1024 0 ) 
4 57 78 (640 -1024 384 ) (528 -1024 384 ) (528 -1024 0 ) (640 -1024 0 ) 
4 57 74 (528 -296 -64 ) (528 -296 -192 ) (528 -672 -192 ) (528 -672 -64 ) 
4 57 75 (528 -1024 -192 ) (528 -1024 -32 ) (528 -672 -32 ) (528 -672 -192 ) 
4 57 73 (528 0 -64 ) (528 0 -192 ) (528 -296 -192 ) (528 -296 -64 ) 
4 57 70 (528 -1024 256 ) (528 -1024 384 ) (528 -848 384 ) (528 -848 256 ) 
4 57 67 (528 -848 384 ) (528 -832 384 ) (528 -832 256 ) (528 -848 256 ) 
4 57 65 (528 -832 384 ) (528 -688 384 ) (528 -688 64 ) (528 -832 64 ) 
4 57 63 (528 -688 384 ) (528 -672 384 ) (528 -672 64 ) (528 -688 64 ) 
4 57 58 (528 -672 384 ) (528 0 384 ) (528 0 64 ) (528 -672 64 ) 
4 58 63 (528 -672 64 ) (528 -672 384 ) (512 -672 384 ) (512 -672 64 ) 
4 58 59 (512 -672 64 ) (512 -672 384 ) (512 0 384 ) (512 0 64 ) 
4 59 63 (512 -672 64 ) (512 -672 384 ) (136 -672 384 ) (136 -672 64 ) 
4 59 61 (136 -672 32 ) (136 -672 384 ) (136 -296 384 ) (136 -296 0 ) 
4 59 60 (136 0 -32 ) (136 -296 -32 ) (136 -296 384 ) (136 0 384 ) 
4 60 62 (120 0 -32 ) (120 -296 -32 ) (120 -296 384 ) (120 0 384 ) 
4 60 61 (136 -296 0 ) (136 -296 384 ) (120 -296 384 ) (120 -296 0 ) 
4 61 63 (136 -672 64 ) (136 -672 384 ) (120 -672 384 ) (120 -672 64 ) 
4 61 62 (120 -672 32 ) (120 -672 384 ) (120 -296 384 ) (120 -296 0 ) 
5 62 86 (0 0 384 ) (0 0 -32 ) (0 -296 -32 ) (0 -672 0 ) (0 -672 384 ) 
4 62 64 (0 -672 384 ) (0 -672 0 ) (120 -672 0 ) (120 -672 384 ) 
4 63 65 (528 -688 64 ) (528 -688 384 ) (120 -688 384 ) (120 -688 64 ) 
4 63 64 (120 -672 384 ) (120 -672 64 ) (120 -688 64 ) (120 -688 384 ) 
4 64 91 (0 -688 0 ) (0 -688 384 ) (0 -672 384 ) (0 -672 0 ) 
4 64 66 (120 -688 0 ) (120 -688 64 ) (0 -688 64 ) (0 -688 0 ) 
4 64 65 (120 -688 64 ) (120 -688 384 ) (0 -688 384 ) (0 -688 64 ) 
4 65 93 (0 -832 64 ) (0 -832 384 ) (0 -688 384 ) (0 -688 64 ) 
4 65 69 (0 -832 160 ) (0 -832 64 ) (120 -832 64 ) (120 -832 160 ) 
4 65 68 (408 -832 96 ) (344 -832 96 ) (344 -832 64 ) (408 -832 64 ) 
4 65 67 (528 -832 256 ) (528 -832 384 ) (0 -832 384 ) (0 -832 256 ) 
4 65 66 (512 -832 64 ) (0 -832 64 ) (0 -688 64 ) (512 -688 64 ) 
4 66 94 (0 -832 0 ) (0 -832 64 ) (0 -688 64 ) (0 -688 0 ) 
4 66 69 (120 -832 64 ) (0 -832 64 ) (0 -832 0 ) (120 -832 0 ) 
4 66 68 (408 -832 64 ) (344 -832 64 ) (344 -832 0 ) (408 -832 0 ) 
4 67 95 (0 -848 256 ) (0 -848 384 ) (0 -832 384 ) (0 -832 256 ) 
4 67 71 (0 -848 384 ) (0 -848 256 ) (512 -848 256 ) (512 -848 384 ) 
4 67 70 (512 -848 256 ) (528 -848 256 ) (528 -848 384 ) (512 -848 384 ) 
4 68 72 (344 -848 0 ) (408 -848 0 ) (408 -848 96 ) (344 -848 96 ) 
4 69 96 (0 -848 0 ) (0 -848 160 ) (0 -832 160 ) (0 -832 0 ) 
4 69 72 (0 -848 160 ) (0 -848 0 ) (120 -848 0 ) (120 -848 160 ) 
4 70 79 (528 -1024 256 ) (528 -1024 384 ) (512 -1024 384 ) (512 -1024 256 ) 
4 70 71 (512 -848 384 ) (512 -848 256 ) (512 -1024 256 ) (512 -1024 384 ) 
4 71 98 (0 -1024 240 ) (0 -1024 384 ) (0 -848 384 ) (0 -848 240 ) 
4 71 80 (0 -1024 384 ) (0 -1024 240 ) (512 -1024 240 ) (512 -1024 384 ) 
4 72 99 (0 -1024 0 ) (0 -1024 224 ) (0 -848 224 ) (0 -848 0 ) 
4 72 81 (0 -1024 224 ) (0 -1024 0 ) (512 -1024 0 ) (512 -1024 224 ) 
4 73 101 (0 0 -64 ) (0 0 -192 ) (0 -296 -192 ) (0 -296 -64 ) 
4 73 77 (120 -296 -64 ) (0 -296 -64 ) (0 -296 -192 ) (120 -296 -192 ) 
4 73 74 (528 -296 -192 ) (528 -296 -64 ) (136 -296 -64 ) (136 -296 -192 ) 
4 73 76 (136 -296 -64 ) (120 -296 -64 ) (120 -296 -192 ) (136 -296 -192 ) 
4 74 75 (136 -672 -64 ) (136 -672 -192 ) (528 -672 -192 ) (528 -672 -64 ) 
4 74 76 (136 -296 -64 ) (136 -296 -192 ) (136 -672 -192 ) (136 -672 -64 ) 
4 75 84 (528 -1024 -192 ) (528 -1024 -32 ) (136 -1024 -32 ) (136 -1024 -192 ) 
4 75 76 (136 -672 -192 ) (136 -1024 -192 ) (136 -1024 -32 ) (136 -672 -32 ) 
4 76 84 (136 -1024 -32 ) (120 -1024 -32 ) (120 -1024 -192 ) (136 -1024 -192 ) 
5 76 77 (120 -296 -64 ) (120 -296 -192 ) (120 -1024 -192 ) (120 -1024 -32 ) (120 -672 -32 ) 
5 77 102 (0 -1024 -192 ) (0 -1024 -32 ) (0 -672 -32 ) (0 -296 -64 ) (0 -296 -192 ) 
4 77 84 (120 -1024 -32 ) (0 -1024 -32 ) (0 -1024 -192 ) (120 -1024 -192 ) 
4 78 85 (640 -1152 384 ) (528 -1152 384 ) (528 -1152 0 ) (640 -1152 0 ) 
4 78 83 (640 -1152 0 ) (528 -1152 0 ) (528 -1024 0 ) (640 -1024 0 ) 
4 78 79 (528 -1152 256 ) (528 -1152 384 ) (528 -1024 384 ) (528 -1024 256 ) 
4 79 85 (528 -1152 384 ) (512 -1152 384 ) (512 -1152 256 ) (528 -1152 256 ) 
4 79 82 (512 -1152 256 ) (512 -1152 384 ) (512 -1136 384 ) (512 -1136 256 ) 
4 79 80 (512 -1136 384 ) (512 -1024 384 ) (512 -1024 256 ) (512 -1136 256 ) 
4 80 106 (0 -1136 384 ) (0 -1024 384 ) (0 -1024 240 ) (0 -1136 240 ) 
4 80 82 (512 -1136 256 ) (512 -1136 384 ) (0 -1136 384 ) (0 -1136 256 ) 
4 81 107 (0 -1024 224 ) (0 -1024 0 ) (0 -1136 0 ) (0 -1136 224 ) 
4 82 108 (0 -1152 384 ) (0 -1136 384 ) (0 -1136 256 ) (0 -1152 256 ) 
4 82 85 (512 -1152 384 ) (0 -1152 384 ) (0 -1152 256 ) (512 -1152 256 ) 
4 83 85 (528 -1152 -192 ) (640 -1152 -192 ) (640 -1152 0 ) (528 -1152 0 ) 
4 83 84 (528 -1024 -192 ) (528 -1152 -192 ) (528 -1152 -32 ) (528 -1024 -32 ) 
4 84 111 (0 -1024 -32 ) (0 -1024 -192 ) (0 -1152 -192 ) (0 -1152 -32 ) 
4 84 85 (0 -1152 -192 ) (528 -1152 -192 ) (528 -1152 -32 ) (0 -1152 -32 ) 
4 85 113 (0 -1536 384 ) (0 -1152 384 ) (0 -1152 -192 ) (0 -1536 -192 ) 
4 86 91 (0 -672 0 ) (0 -672 384 ) (-136 -672 384 ) (-136 -672 0 ) 
4 86 88 (-136 -672 32 ) (-136 -672 384 ) (-136 -296 384 ) (-136 -296 0 ) 
4 86 87 (-136 0 -32 ) (-136 -296 -32 ) (-136 -296 384 ) (-136 0 384 ) 
4 87 88 (-152 -296 384 ) (-152 -296 0 ) (-136 -296 0 ) (-136 -296 384 ) 
4 87 89 (-152 0 -32 ) (-152 -296 -32 ) (-152 -296 384 ) (-152 0 384 ) 
4 88 92 (-136 -672 64 ) (-136 -672 384 ) (-152 -672 384 ) (-152 -672 64 ) 
4 88 89 (-152 -672 32 ) (-152 -672 384 ) (-152 -296 384 ) (-152 -296 0 ) 
4 89 92 (-152 -672 64 ) (-152 -672 384 ) (-512 -672 384 ) (-512 -672 64 ) 
4 89 90 (-512 -672 64 ) (-512 -672 384 ) (-512 0 384 ) (-512 0 64 ) 
4 90 105 (-528 0 384 ) (-528 0 64 ) (-528 -672 64 ) (-528 -672 384 ) 
4 90 92 (-528 -672 384 ) (-528 -672 64 ) (-512 -672 64 ) (-512 -672 384 ) 
4 91 94 (0 -688 0 ) (0 -688 64 ) (-136 -688 64 ) (-136 -688 0 ) 
4 91 93 (0 -688 64 ) (0 -688 384 ) (-136 -688 384 ) (-136 -688 64 ) 
4 91 92 (-136 -672 384 ) (-136 -672 64 ) (-136 -688 64 ) (-136 -688 384 ) 
4 92 105 (-528 -672 384 ) (-528 -672 64 ) (-528 -688 64 ) (-528 -688 384 ) 
4 92 93 (-528 -688 384 ) (-528 -688 64 ) (-136 -688 64 ) (-136 -688 384 ) 
4 93 105 (-528 -688 384 ) (-528 -688 64 ) (-528 -832 64 ) (-528 -832 384 ) 
4 93 97 (-424 -832 64 ) (-360 -832 64 ) (-360 -832 96 ) (-424 -832 96 ) 
4 93 96 (-136 -832 64 ) (0 -832 64 ) (0 -832 160 ) (-136 -832 160 ) 
4 93 95 (-528 -832 384 ) (-528 -832 256 ) (0 -832 256 ) (0 -832 384 ) 
4 93 94 (0 -832 64 ) (-512 -832 64 ) (-512 -688 64 ) (0 -688 64 ) 
4 94 97 (-424 -832 0 ) (-360 -832 0 ) (-360 -832 64 ) (-424 -832 64 ) 
4 94 96 (-136 -832 0 ) (0 -832 0 ) (0 -832 64 ) (-136 -832 64 ) 
4 95 105 (-528 -832 384 ) (-528 -832 256 ) (-528 -848 256 ) (-528 -848 384 ) 
4 95 100 (-528 -848 384 ) (-528 -848 256 ) (-512 -848 256 ) (-512 -848 384 ) 
4 95 98 (-512 -848 256 ) (0 -848 256 ) (0 -848 384 ) (-512 -848 384 ) 
4 96 99 (-136 -848 0 ) (0 -848 0 ) (0 -848 160 ) (-136 -848 160 ) 
4 97 99 (-424 -848 0 ) (-360 -848 0 ) (-360 -848 96 ) (-424 -848 96 ) 
4 98 106 (0 -1024 240 ) (0 -1024 384 ) (-512 -1024 384 ) (-512 -1024 240 ) 
4 98 100 (-512 -848 384 ) (-512 -848 256 ) (-512 -1024 256 ) (-512 -1024 384 ) 
4 99 107 (0 -1024 0 ) (0 -1024 224 ) (-512 -1024 224 ) (-512 -1024 0 ) 
4 100 109 (-528 -1024 384 ) (-528 -1024 256 ) (-512 -1024 256 ) (-512 -1024 384 ) 
4 100 105 (-528 -1024 256 ) (-528 -1024 384 ) (-528 -848 384 ) (-528 -848 256 ) 
4 101 105 (-528 -296 -192 ) (-528 -296 -64 ) (-528 0 -64 ) (-528 0 -192 ) 
4 101 104 (-136 -296 -64 ) (-528 -296 -64 ) (-528 -296 -192 ) (-136 -296 -192 ) 
4 101 102 (0 -296 -192 ) (0 -296 -64 ) (-136 -296 -64 ) (-136 -296 -192 ) 
4 102 111 (0 -1024 -192 ) (0 -1024 -32 ) (-136 -1024 -32 ) (-136 -1024 -192 ) 
4 102 104 (-136 -296 -64 ) (-136 -296 -192 ) (-136 -1024 -192 ) (-136 -1024 -64 ) 
4 102 103 (-136 -672 -64 ) (-136 -1024 -64 ) (-136 -1024 -32 ) (-136 -672 -32 ) 
4 103 111 (-136 -1024 -64 ) (-136 -1024 -32 ) (-528 -1024 -32 ) (-528 -1024 -64 ) 
4 103 105 (-528 -1024 -64 ) (-528 -1024 -32 ) (-528 -672 -32 ) (-528 -672 -64 ) 
4 103 104 (-528 -1024 -64 ) (-528 -672 -64 ) (-136 -672 -64 ) (-136 -1024 -64 ) 
4 104 111 (-136 -1024 -192 ) (-136 -1024 -64 ) (-528 -1024 -64 ) (-528 -1024 -192 ) 
4 104 105 (-528 -1024 -192 ) (-528 -1024 -64 ) (-528 -296 -64 ) (-528 -296 -192 ) 
4 105 112 (-528 -1024 -192 ) (-528 -1024 0 ) (-640 -1024 0 ) (-640 -1024 -192 ) 
4 105 110 (-528 -1024 0 ) (-528 -1024 384 ) (-640 -1024 384 ) (-640 -1024 0 ) 
4 106 109 (-512 -1136 256 ) (-512 -1136 384 ) (-512 -1024 384 ) (-512 -1024 256 ) 
4 106 108 (-512 -1136 384 ) (-512 -1136 256 ) (0 -1136 256 ) (0 -1136 384 ) 
4 108 113 (0 -1152 256 ) (0 -1152 384 ) (-512 -1152 384 ) (-512 -1152 256 ) 
4 108 109 (-512 -1152 256 ) (-512 -1152 384 ) (-512 -1136 384 ) (-512 -1136 256 ) 
4 109 113 (-512 -1152 384 ) (-528 -1152 384 ) (-528 -1152 256 ) (-512 -1152 256 ) 
4 109 110 (-528 -1152 256 ) (-528 -1152 384 ) (-528 -1024 384 ) (-528 -1024 256 ) 
4 110 113 (-528 -1152 384 ) (-640 -1152 384 ) (-640 -1152 0 ) (-528 -1152 0 ) 
4 110 112 (-528 -1152 0 ) (-640 -1152 0 ) (-640 -1024 0 ) (-528 -1024 0 ) 
4 111 113 (-528 -1152 -192 ) (0 -1152 -192 ) (0 -1152 -32 ) (-528 -1152 -32 ) 
4 111 112 (-528 -1024 -192 ) (-528 -1152 -192 ) (-528 -1152 -32 ) (-528 -1024 -32 ) 
4 112 113 (-640 -1152 -192 ) (-528 -1152 -192 ) (-528 -1152 0 ) (-640 -1152 0 ) 
