PRT1
355
1071
4 1 13 (1152 1024 -256 ) (1536 1024 -256 ) (1536 1024 -32 ) (1152 1024 -32 ) 
4 1 10 (1536 1024 -32 ) (1536 1024 352 ) (1152 1024 352 ) (1152 1024 -32 ) 
4 1 5 (1536 1024 352 ) (1536 1024 1536 ) (1152 1024 1536 ) (1152 1024 352 ) 
4 1 4 (1152 1024 492 ) (1152 1024 1536 ) (1152 1152 1536 ) (1152 1152 492 ) 
4 1 3 (1152 1152 -256 ) (1152 1024 -256 ) (1152 1024 404 ) (1152 1152 404 ) 
4 1 2 (1152 1536 1536 ) (1152 1536 -256 ) (1152 1152 -256 ) (1152 1152 1536 ) 
4 2 27 (1024 1152 1536 ) (1024 1536 1536 ) (1024 1536 -256 ) (1024 1152 -256 ) 
4 2 4 (1152 1152 492 ) (1152 1152 1536 ) (1024 1152 1536 ) (1024 1152 541.333313 ) 
4 2 3 (1024 1152 -256 ) (1152 1152 -256 ) (1152 1152 404 ) (1024 1152 453.333252 ) 
4 3 32 (1024 1024 -256 ) (1024 1024 -32 ) (1024 1040 -32 ) (1024 1040 -256 ) 
4 3 30 (1024 1024 416 ) (1024 1024 453.333313 ) (1024 1040 453.333313 ) (1024 1040 416 ) 
4 3 28 (1024 1040 453.333313 ) (1024 1152 453.333252 ) (1024 1152 -256 ) (1024 1040 -256 ) 
4 3 13 (1024 1024 -32 ) (1024 1024 -256 ) (1152 1024 -256 ) (1152 1024 -32 ) 
4 3 11 (1040 1024 -32 ) (1056 1024 -32 ) (1056 1024 352 ) (1040 1024 352 ) 
4 3 10 (1056 1024 -32 ) (1152 1024 -32 ) (1152 1024 352 ) (1056 1024 352 ) 
5 3 8 (1040 1024 352 ) (1152 1024 352 ) (1152 1024 404 ) (1120.864868 1024 416 ) (1040 1024 416 ) 
3 3 6 (1024 1024 453.333252 ) (1024 1024 416 ) (1120.864868 1024 416 ) 
4 4 31 (1024 1024 541.333313 ) (1024 1024 1536 ) (1024 1040 1536 ) (1024 1040 541.333313 ) 
4 4 29 (1024 1040 1536 ) (1024 1152 1536 ) (1024 1152 541.333313 ) (1024 1040 541.333313 ) 
4 4 7 (1024 1024 1536 ) (1024 1024 541.333313 ) (1152 1024 492 ) (1152 1024 1536 ) 
4 5 14 (1536 0 1536 ) (1152 0 1536 ) (1152 0 352 ) (1536 0 352 ) 
4 5 10 (1152 1024 352 ) (1536 1024 352 ) (1536 0 352 ) (1152 0 352 ) 
4 5 8 (1152 1024 352 ) (1152 0 352 ) (1152 0 404 ) (1152 1024 404 ) 
4 5 7 (1152 0 492 ) (1152 0 1536 ) (1152 1024 1536 ) (1152 1024 492 ) 
4 6 41 (1024 576 453.333282 ) (1024 640 453.333282 ) (1024 640 416 ) (1024 576 416 ) 
4 6 39 (1024 640 453.333282 ) (1024 1024 453.333252 ) (1024 1024 416 ) (1024 640 416 ) 
4 6 42 (1024 0 416 ) (1024 0 453.333313 ) (1024 576 453.333282 ) (1024 576 416 ) 
3 6 15 (1024 0 453.333252 ) (1024 0 416 ) (1120.864868 0 416 ) 
4 6 9 (1040 640 416 ) (1040 576 416 ) (1024 576 416 ) (1024 640 416 ) 
4 6 8 (1040 1024 416 ) (1120.864868 1024 416 ) (1120.864868 0 416 ) (1040 0 416 ) 
4 7 43 (1024 0 541.333313 ) (1024 0 1536 ) (1024 1024 1536 ) (1024 1024 541.333313 ) 
4 7 16 (1152 0 1536 ) (1024 0 1536 ) (1024 0 541.333313 ) (1152 0 492 ) 
5 8 17 (1040 0 352 ) (1152 0 352 ) (1152 0 404 ) (1120.864868 0 416 ) (1040 0 416 ) 
4 8 11 (1040 1024 352 ) (1056 1024 352 ) (1056 640 352 ) (1040 640 352 ) 
4 8 12 (1056 576 352 ) (1056 0 352 ) (1040 0 352 ) (1040 576 352 ) 
4 8 10 (1056 1024 352 ) (1152 1024 352 ) (1152 0 352 ) (1056 0 352 ) 
4 8 9 (1040 640 352 ) (1040 576 352 ) (1040 576 416 ) (1040 640 416 ) 
4 10 19 (1536 0 352 ) (1056 0 352 ) (1056 0 -32 ) (1536 0 -32 ) 
4 10 13 (1536 0 -32 ) (1056 0 -32 ) (1056 1024 -32 ) (1536 1024 -32 ) 
4 10 11 (1056 1024 -32 ) (1056 640 -32 ) (1056 640 352 ) (1056 1024 352 ) 
4 10 12 (1056 576 -32 ) (1056 0 -32 ) (1056 0 352 ) (1056 576 352 ) 
4 11 13 (1040 640 -32 ) (1040 1024 -32 ) (1056 1024 -32 ) (1056 640 -32 ) 
4 12 20 (1056 0 352 ) (1040 0 352 ) (1040 0 -32 ) (1056 0 -32 ) 
4 12 13 (1056 0 -32 ) (1040 0 -32 ) (1040 576 -32 ) (1056 576 -32 ) 
4 13 76 (1024 0 -256 ) (1024 0 -64 ) (1024 1024 -64 ) (1024 1024 -256 ) 
4 13 22 (1536 0 -32 ) (1024 0 -32 ) (1024 0 -256 ) (1536 0 -256 ) 
4 14 23 (1536 -1024 1536 ) (1152 -1024 1536 ) (1152 -1024 352 ) (1536 -1024 352 ) 
4 14 19 (1536 -1024 352 ) (1152 -1024 352 ) (1152 0 352 ) (1536 0 352 ) 
4 14 17 (1152 0 352 ) (1152 -1024 352 ) (1152 -1024 404 ) (1152 0 404 ) 
4 14 16 (1152 -1024 492 ) (1152 -1024 1536 ) (1152 0 1536 ) (1152 0 492 ) 
4 15 188 (1024 -640 453.333282 ) (1024 -576 453.333282 ) (1024 -576 416 ) (1024 -640 416 ) 
4 15 186 (1024 -576 453.333282 ) (1024 0 453.333252 ) (1024 0 416 ) (1024 -576 416 ) 
4 15 189 (1024 -1024 416 ) (1024 -1024 453.333313 ) (1024 -640 453.333282 ) (1024 -640 416 ) 
3 15 24 (1024 -1024 453.333252 ) (1024 -1024 416 ) (1120.864868 -1024 416 ) 
4 15 18 (1024 -640 416 ) (1024 -576 416 ) (1040 -576 416 ) (1040 -640 416 ) 
4 15 17 (1040 0 416 ) (1120.864868 0 416 ) (1120.864868 -1024 416 ) (1040 -1024 416 ) 
4 16 190 (1024 -1024 541.333313 ) (1024 -1024 1536 ) (1024 0 1536 ) (1024 0 541.333313 ) 
4 16 25 (1152 -1024 1536 ) (1024 -1024 1536 ) (1024 -1024 541.333313 ) (1152 -1024 492 ) 
5 17 24 (1040 -1024 352 ) (1152 -1024 352 ) (1152 -1024 404 ) (1120.864868 -1024 416 ) (1040 -1024 416 ) 
4 17 20 (1040 -576 352 ) (1040 0 352 ) (1056 0 352 ) (1056 -576 352 ) 
4 17 21 (1056 -1024 352 ) (1040 -1024 352 ) (1040 -640 352 ) (1056 -640 352 ) 
4 17 19 (1152 -1024 352 ) (1056 -1024 352 ) (1056 0 352 ) (1152 0 352 ) 
4 17 18 (1040 -576 352 ) (1040 -640 352 ) (1040 -640 416 ) (1040 -576 416 ) 
4 19 24 (1152 -1024 352 ) (1056 -1024 352 ) (1056 -1024 -32 ) (1152 -1024 -32 ) 
4 19 23 (1536 -1024 352 ) (1152 -1024 352 ) (1152 -1024 -32 ) (1536 -1024 -32 ) 
4 19 22 (1056 0 -32 ) (1536 0 -32 ) (1536 -1024 -32 ) (1056 -1024 -32 ) 
4 19 20 (1056 0 -32 ) (1056 -576 -32 ) (1056 -576 352 ) (1056 0 352 ) 
4 19 21 (1056 -640 -32 ) (1056 -1024 -32 ) (1056 -1024 352 ) (1056 -640 352 ) 
4 20 22 (1040 0 -32 ) (1056 0 -32 ) (1056 -576 -32 ) (1040 -576 -32 ) 
4 21 24 (1056 -1024 352 ) (1040 -1024 352 ) (1040 -1024 -32 ) (1056 -1024 -32 ) 
4 21 22 (1056 -640 -32 ) (1056 -1024 -32 ) (1040 -1024 -32 ) (1040 -640 -32 ) 
4 22 223 (1024 -1024 -256 ) (1024 -1024 -64 ) (1024 0 -64 ) (1024 0 -256 ) 
4 22 24 (1152 -1024 -32 ) (1024 -1024 -32 ) (1024 -1024 -256 ) (1152 -1024 -256 ) 
4 22 23 (1536 -1024 -32 ) (1152 -1024 -32 ) (1152 -1024 -256 ) (1536 -1024 -256 ) 
4 23 25 (1152 -1152 492 ) (1152 -1152 1536 ) (1152 -1024 1536 ) (1152 -1024 492 ) 
4 23 24 (1152 -1024 -256 ) (1152 -1152 -256 ) (1152 -1152 404 ) (1152 -1024 404 ) 
4 23 26 (1152 -1152 -256 ) (1152 -1536 -256 ) (1152 -1536 1536 ) (1152 -1152 1536 ) 
4 24 333 (1024 -1040 -256 ) (1024 -1152 -256 ) (1024 -1152 453.333313 ) (1024 -1040 453.333252 ) 
4 24 332 (1024 -1024 -32 ) (1024 -1024 -256 ) (1024 -1040 -256 ) (1024 -1040 -32 ) 
4 24 330 (1024 -1024 453.333252 ) (1024 -1024 416 ) (1024 -1040 416 ) (1024 -1040 453.333252 ) 
4 24 26 (1024 -1152 -256 ) (1152 -1152 -256 ) (1152 -1152 404 ) (1024 -1152 453.333252 ) 
4 25 334 (1024 -1152 1536 ) (1024 -1040 1536 ) (1024 -1040 541.333313 ) (1024 -1152 541.333313 ) 
4 25 331 (1024 -1040 1536 ) (1024 -1024 1536 ) (1024 -1024 541.333313 ) (1024 -1040 541.333313 ) 
4 25 26 (1152 -1152 492 ) (1152 -1152 1536 ) (1024 -1152 1536 ) (1024 -1152 541.333313 ) 
4 26 335 (1024 -1536 1536 ) (1024 -1152 1536 ) (1024 -1152 -256 ) (1024 -1536 -256 ) 
4 27 33 (0 1536 -256 ) (0 1152 -256 ) (0 1152 1536 ) (0 1536 1536 ) 
4 27 29 (1024 1152 541.333313 ) (1024 1152 1536 ) (0 1152 1536 ) (0 1152 936 ) 
4 27 28 (0 1152 -256 ) (1024 1152 -256 ) (1024 1152 453.333313 ) (0 1152 848 ) 
4 28 35 (0 1152 -256 ) (0 1040 -256 ) (0 1040 848 ) (0 1152 848 ) 
4 28 32 (0 1040 -256 ) (1024 1040 -256 ) (1024 1040 -32 ) (0 1040 -32 ) 
4 28 30 (1024 1040 416 ) (1024 1040 453.333313 ) (0 1040 848 ) (0 1040 416 ) 
4 29 34 (0 1040 936 ) (0 1040 1536 ) (0 1152 1536 ) (0 1152 936 ) 
4 29 31 (1024 1040 541.333313 ) (1024 1040 1536 ) (0 1040 1536 ) (0 1040 936 ) 
4 30 39 (1024 1024 416 ) (1024 1024 453.333313 ) (0 1024 848 ) (0 1024 416 ) 
4 30 37 (0 1024 416 ) (0 1024 848 ) (0 1040 848 ) (0 1040 416 ) 
4 31 43 (1024 1024 541.333313 ) (1024 1024 1536 ) (0 1024 1536 ) (0 1024 936 ) 
4 31 36 (0 1024 936 ) (0 1024 1536 ) (0 1040 1536 ) (0 1040 936 ) 
4 32 76 (1024 1024 -256 ) (1024 1024 -64 ) (0 1024 -64 ) (0 1024 -256 ) 
4 32 38 (0 1040 -256 ) (0 1024 -256 ) (0 1024 -32 ) (0 1040 -32 ) 
4 33 173 (-1024 1152 1536 ) (-1024 1536 1536 ) (-1024 1536 -256 ) (-1024 1152 -256 ) 
4 33 35 (-1024 1152 -256 ) (0 1152 -256 ) (0 1152 848 ) (-1024 1152 453.333374 ) 
4 33 34 (0 1152 936 ) (0 1152 1536 ) (-1024 1152 1536 ) (-1024 1152 541.333252 ) 
4 34 174 (-1024 1040 1536 ) (-1024 1152 1536 ) (-1024 1152 541.333252 ) (-1024 1040 541.333313 ) 
4 34 36 (0 1040 936 ) (0 1040 1536 ) (-1024 1040 1536 ) (-1024 1040 541.333252 ) 
4 35 175 (-1024 1152 453.333374 ) (-1024 1152 -256 ) (-1024 1040 -256 ) (-1024 1040 453.333313 ) 
4 35 38 (-1024 1040 -256 ) (0 1040 -256 ) (0 1040 -32 ) (-1024 1040 -32 ) 
4 35 37 (0 1040 416 ) (0 1040 848 ) (-1024 1040 453.333374 ) (-1024 1040 416 ) 
4 36 174 (-1024 1024 541.333313 ) (-1024 1024 1536 ) (-1024 1040 1536 ) (-1024 1040 541.333313 ) 
4 36 77 (-1024 1024 1536 ) (-1024 1024 541.333313 ) (0 1024 936 ) (0 1024 1536 ) 
4 37 175 (-1024 1024 416 ) (-1024 1024 453.333313 ) (-1024 1040 453.333313 ) (-1024 1040 416 ) 
4 37 78 (-1024 1024 453.333313 ) (-1024 1024 416 ) (0 1024 416 ) (0 1024 848 ) 
4 38 175 (-1024 1024 -256 ) (-1024 1024 -32 ) (-1024 1040 -32 ) (-1024 1040 -256 ) 
4 38 172 (-1024 1024 -64 ) (-1024 1024 -256 ) (0 1024 -256 ) (0 1024 -64 ) 
4 39 78 (0 1024 848 ) (0 1024 416 ) (0 640 416 ) (0 640 848 ) 
4 39 44 (0 1024 416 ) (1024 1024 416 ) (1024 640 416 ) (0 640 416 ) 
4 39 41 (1024 640 416 ) (1024 640 453.335693 ) (0 640 848.001953 ) (0 640 800 ) 
3 39 40 (0 640 416 ) (853.332031 640 416 ) (0 640 736 ) 
4 40 80 (0 640 416 ) (0 576 416 ) (0 576 736 ) (0 640 736 ) 
3 40 42 (0 576 416 ) (853.332031 576 416 ) (0 576 736 ) 
4 41 79 (0 576 800 ) (0 576 848 ) (0 640 848 ) (0 640 800 ) 
4 41 42 (1024 576 416 ) (1024 576 453.335693 ) (0 576 848.001953 ) (0 576 800 ) 
4 42 186 (1024 0 416 ) (1024 0 453.333313 ) (0 0 848 ) (0 0 416 ) 
4 42 81 (0 576 416 ) (0 0 416 ) (0 0 848 ) (0 576 848 ) 
4 42 45 (1024 576 416 ) (1024 0 416 ) (0 0 416 ) (0 576 416 ) 
4 43 190 (1024 0 541.333313 ) (1024 0 1536 ) (0 0 1536 ) (0 0 936 ) 
4 43 77 (0 1024 1536 ) (0 1024 936 ) (0 0 936 ) (0 0 1536 ) 
4 44 82 (0 1024 416 ) (0 1024 352 ) (0 640 352 ) (0 640 416 ) 
4 44 56 (0 640 352 ) (0 1024 352 ) (32 1024 352 ) (32 640 352 ) 
4 44 55 (32 1024 352 ) (192 1024 352 ) (192 640 352 ) (32 640 352 ) 
4 44 53 (192 1024 352 ) (256 1024 352 ) (256 640 352 ) (192 640 352 ) 
4 44 52 (256 1024 352 ) (384 1024 352 ) (384 640 352 ) (256 640 352 ) 
4 44 46 (384 1024 352 ) (1024 1024 352 ) (1024 640 352 ) (384 640 352 ) 
4 45 191 (1024 0 352 ) (1024 0 416 ) (0 0 416 ) (0 0 352 ) 
4 45 83 (0 576 352 ) (0 0 352 ) (0 0 416 ) (0 576 416 ) 
4 45 68 (192 0 352 ) (0 0 352 ) (0 115.199997 352 ) (192 115.199997 352 ) 
4 45 66 (204 0 352 ) (192 0 352 ) (192 115.199997 352 ) (204 115.199997 352 ) 
4 45 64 (216 0 352 ) (204 0 352 ) (204 115.199997 352 ) (216 115.199997 352 ) 
4 45 62 (228 0 352 ) (216 0 352 ) (216 115.199997 352 ) (228 115.199997 352 ) 
4 45 60 (240 0 352 ) (228 0 352 ) (228 115.199997 352 ) (240 115.199997 352 ) 
4 45 59 (384 0 352 ) (240 0 352 ) (240 115.199997 352 ) (384 115.199997 352 ) 
4 45 58 (0 115.199997 352 ) (0 192 352 ) (192 192 352 ) (192 115.199997 352 ) 
4 45 57 (0 192 352 ) (0 576 352 ) (32 576 352 ) (32 192 352 ) 
4 45 55 (32 576 352 ) (192 576 352 ) (192 192 352 ) (32 192 352 ) 
4 45 54 (256 192 352 ) (256 115.199997 352 ) (192 115.199997 352 ) (192 192 352 ) 
4 45 53 (192 576 352 ) (256 576 352 ) (256 192 352 ) (192 192 352 ) 
4 45 52 (256 576 352 ) (384 576 352 ) (384 115.199997 352 ) (256 115.199997 352 ) 
4 45 50 (636 0 352 ) (384 0 352 ) (384 576 352 ) (636 576 352 ) 
4 45 49 (1024 0 352 ) (636 0 352 ) (636 576 352 ) (1024 576 352 ) 
4 46 72 (384 1024 -32 ) (384 640 -32 ) (384 640 -24 ) (384 1024 -24 ) 
4 46 71 (384 640 -24 ) (384 640 -16 ) (384 1024 -16 ) (384 1024 -24 ) 
4 46 70 (384 640 -16 ) (384 640 -8 ) (384 1024 -8 ) (384 1024 -16 ) 
4 46 69 (384 640 -8 ) (384 640 0 ) (384 1024 0 ) (384 1024 -8 ) 
4 46 52 (384 640 0 ) (384 640 352 ) (384 1024 352 ) (384 1024 0 ) 
4 46 48 (384 640 352 ) (384 640 -32 ) (480 640 -32 ) (480 640 352 ) 
4 46 47 (544 640 -32 ) (992 640 -32 ) (992 640 352 ) (544 640 352 ) 
4 47 51 (544 576 -32 ) (636 576 -32 ) (636 576 0 ) (544 576 0 ) 
4 47 50 (636 576 0 ) (636 576 352 ) (544 576 352 ) (544 576 0 ) 
4 47 49 (636 576 -32 ) (992 576 -32 ) (992 576 352 ) (636 576 352 ) 
4 48 72 (384 640 -32 ) (384 576 -32 ) (384 576 -24 ) (384 640 -24 ) 
4 48 71 (384 576 -24 ) (384 576 -16 ) (384 640 -16 ) (384 640 -24 ) 
4 48 70 (384 576 -16 ) (384 576 -8 ) (384 640 -8 ) (384 640 -16 ) 
4 48 69 (384 576 -8 ) (384 576 0 ) (384 640 0 ) (384 640 -8 ) 
4 48 52 (384 576 0 ) (384 576 352 ) (384 640 352 ) (384 640 0 ) 
4 48 51 (384 576 0 ) (384 576 -32 ) (480 576 -32 ) (480 576 0 ) 
4 48 50 (384 576 352 ) (384 576 0 ) (480 576 0 ) (480 576 352 ) 
4 49 193 (1024 0 -32 ) (1024 0 352 ) (636 0 352 ) (636 0 -32 ) 
4 49 51 (636 576 0 ) (636 576 -32 ) (636 512 -32 ) (636 512 0 ) 
4 49 50 (636 576 352 ) (636 576 0 ) (636 0 0 ) (636 0 352 ) 
4 50 194 (636 0 352 ) (384 0 352 ) (384 0 0 ) (636 0 0 ) 
4 50 59 (384 0 0 ) (384 0 352 ) (384 115.199997 352 ) (384 115.199997 0 ) 
4 50 52 (384 115.199997 352 ) (384 576 352 ) (384 576 0 ) (384 115.199997 0 ) 
4 50 51 (384 512 0 ) (384 576 0 ) (636 576 0 ) (636 512 0 ) 
4 51 72 (384 576 -32 ) (384 512 -32 ) (384 512 -24 ) (384 576 -24 ) 
4 51 71 (384 512 -24 ) (384 512 -16 ) (384 576 -16 ) (384 576 -24 ) 
4 51 70 (384 512 -16 ) (384 512 -8 ) (384 576 -8 ) (384 576 -16 ) 
4 51 69 (384 512 -8 ) (384 512 0 ) (384 576 0 ) (384 576 -8 ) 
4 52 69 (256 1024 0 ) (384 1024 0 ) (384 460 0 ) (256 460 0 ) 
4 52 59 (256 115.199997 0 ) (384 115.199997 0 ) (384 115.199997 352 ) (256 115.199997 352 ) 
4 52 54 (256 115.199997 32 ) (256 115.199997 352 ) (256 192 352 ) (256 192 32 ) 
4 52 53 (256 1024 0 ) (256 192 0 ) (256 192 352 ) (256 1024 352 ) 
4 53 69 (192 1024 0 ) (256 1024 0 ) (256 460 0 ) (192 460 0 ) 
4 53 55 (192 1024 0 ) (192 192 0 ) (192 192 352 ) (192 1024 352 ) 
4 53 54 (192 192 352 ) (192 192 32 ) (256 192 32 ) (256 192 352 ) 
4 54 66 (204 115.199997 352 ) (192 115.199997 352 ) (192 115.199997 32 ) (204 115.199997 32 ) 
4 54 64 (216 115.199997 352 ) (204 115.199997 352 ) (204 115.199997 32 ) (216 115.199997 32 ) 
4 54 62 (228 115.199997 352 ) (216 115.199997 352 ) (216 115.199997 32 ) (228 115.199997 32 ) 
4 54 60 (240 115.199997 352 ) (228 115.199997 352 ) (228 115.199997 32 ) (240 115.199997 32 ) 
4 54 59 (256 115.199997 32 ) (256 115.199997 352 ) (240 115.199997 352 ) (240 115.199997 32 ) 
4 54 58 (192 115.199997 32 ) (192 115.199997 352 ) (192 192 352 ) (192 192 32 ) 
4 55 75 (128 576 0 ) (128 512 0 ) (32 512 0 ) (32 576 0 ) 
4 55 73 (32 1024 0 ) (128 1024 0 ) (128 576 0 ) (32 576 0 ) 
4 55 69 (128 1024 0 ) (192 1024 0 ) (192 460 0 ) (128 460 0 ) 
4 55 58 (192 192 32 ) (192 192 352 ) (32 192 352 ) (32 192 32 ) 
4 55 56 (32 1024 0 ) (32 640 0 ) (32 640 352 ) (32 1024 352 ) 
4 55 57 (32 576 0 ) (32 192 0 ) (32 192 352 ) (32 576 352 ) 
4 56 84 (0 1024 352 ) (0 1024 0 ) (0 640 0 ) (0 640 352 ) 
4 56 74 (0 640 0 ) (0 1024 0 ) (32 1024 0 ) (32 640 0 ) 
4 57 85 (0 576 0 ) (0 192 0 ) (0 192 352 ) (0 576 352 ) 
4 57 75 (0 512 0 ) (0 576 0 ) (32 576 0 ) (32 512 0 ) 
4 57 58 (32 192 32 ) (32 192 352 ) (0 192 352 ) (0 192 32 ) 
4 58 87 (0 115.199997 32 ) (0 115.199997 352 ) (0 192 352 ) (0 192 32 ) 
4 58 68 (192 115.199997 32 ) (192 115.199997 352 ) (0 115.199997 352 ) (0 115.199997 32 ) 
4 59 199 (384 0 352 ) (240 0 352 ) (240 0 0 ) (384 0 0 ) 
4 59 60 (240 115.199997 352 ) (240 115.199997 8 ) (240 0 8 ) (240 0 352 ) 
4 59 61 (240 115.199997 4 ) (240 115.199997 0 ) (240 0 0 ) (240 0 4 ) 
4 60 200 (240 0 352 ) (228 0 352 ) (228 0 8 ) (240 0 8 ) 
4 60 62 (228 115.199997 352 ) (228 115.199997 16 ) (228 0 16 ) (228 0 352 ) 
4 60 63 (228 115.199997 12 ) (228 115.199997 8 ) (228 0 8 ) (228 0 12 ) 
4 61 201 (228 0 4 ) (228 0 0 ) (240 0 0 ) (240 0 4 ) 
4 61 63 (228 115.199997 4 ) (228 115.199997 0 ) (228 0 0 ) (228 0 4 ) 
4 62 202 (228 0 352 ) (216 0 352 ) (216 0 16 ) (228 0 16 ) 
4 62 64 (216 115.199997 352 ) (216 115.199997 24 ) (216 0 24 ) (216 0 352 ) 
4 62 65 (216 115.199997 20 ) (216 115.199997 16 ) (216 0 16 ) (216 0 20 ) 
4 63 203 (216 0 12 ) (216 0 0 ) (228 0 0 ) (228 0 12 ) 
4 63 65 (216 115.199997 12 ) (216 115.199997 0 ) (216 0 0 ) (216 0 12 ) 
4 64 204 (216 0 352 ) (204 0 352 ) (204 0 24 ) (216 0 24 ) 
4 64 66 (204 115.199997 352 ) (204 115.199997 32 ) (204 0 32 ) (204 0 352 ) 
4 64 67 (204 115.199997 28 ) (204 115.199997 24 ) (204 0 24 ) (204 0 28 ) 
4 65 205 (204 0 20 ) (204 0 0 ) (216 0 0 ) (216 0 20 ) 
4 65 67 (204 115.199997 20 ) (204 115.199997 0 ) (204 0 0 ) (204 0 20 ) 
4 66 206 (204 0 352 ) (192 0 352 ) (192 0 32 ) (204 0 32 ) 
4 66 68 (192 115.199997 352 ) (192 115.199997 32 ) (192 0 32 ) (192 0 352 ) 
4 67 207 (192 0 28 ) (192 0 0 ) (204 0 0 ) (204 0 28 ) 
4 68 208 (192 0 352 ) (0 0 352 ) (0 0 32 ) (192 0 32 ) 
4 68 90 (0 0 32 ) (0 0 352 ) (0 115.199997 352 ) (0 115.199997 32 ) 
4 69 75 (128 512 0 ) (128 576 0 ) (128 576 -8 ) (128 512 -8 ) 
4 69 73 (128 576 0 ) (128 1024 0 ) (128 1024 -8 ) (128 576 -8 ) 
4 69 70 (128 472 -8 ) (128 1024 -8 ) (384 1024 -8 ) (384 472 -8 ) 
4 70 75 (128 512 -8 ) (128 576 -8 ) (128 576 -16 ) (128 512 -16 ) 
4 70 73 (128 576 -8 ) (128 1024 -8 ) (128 1024 -16 ) (128 576 -16 ) 
4 70 71 (128 484 -16 ) (128 1024 -16 ) (384 1024 -16 ) (384 484 -16 ) 
4 71 75 (128 512 -16 ) (128 576 -16 ) (128 576 -24 ) (128 512 -24 ) 
4 71 73 (128 576 -16 ) (128 1024 -16 ) (128 1024 -24 ) (128 576 -24 ) 
4 71 72 (128 496 -24 ) (128 1024 -24 ) (384 1024 -24 ) (384 496 -24 ) 
4 72 75 (128 576 -32 ) (128 512 -32 ) (128 512 -24 ) (128 576 -24 ) 
4 72 73 (128 1024 -32 ) (128 576 -32 ) (128 576 -24 ) (128 1024 -24 ) 
4 73 75 (32 576 -32 ) (128 576 -32 ) (128 576 0 ) (32 576 0 ) 
4 73 74 (32 1024 -32 ) (32 640 -32 ) (32 640 0 ) (32 1024 0 ) 
4 74 100 (0 1024 0 ) (0 1024 -32 ) (0 640 -32 ) (0 640 0 ) 
4 75 101 (0 576 -32 ) (0 512 -32 ) (0 512 0 ) (0 576 0 ) 
4 76 223 (1024 0 -256 ) (1024 0 -64 ) (0 0 -64 ) (0 0 -256 ) 
4 76 172 (0 1024 -64 ) (0 1024 -256 ) (0 0 -256 ) (0 0 -64 ) 
4 77 264 (-768 0 1536 ) (-1024 0 1536 ) (-1024 0 541.333313 ) (-768 0 640 ) 
4 77 224 (0 0 936 ) (0 0 1536 ) (-768 0 1536 ) (-768 0 640 ) 
4 77 177 (-1024 0 541.333313 ) (-1024 0 1536 ) (-1024 1024 1536 ) (-1024 1024 541.333313 ) 
4 78 178 (-1024 1024 453.333313 ) (-1024 1024 416 ) (-1024 640 416 ) (-1024 640 453.333313 ) 
4 78 82 (-1024 640 416 ) (-1024 1024 416 ) (0 1024 416 ) (0 640 416 ) 
3 78 80 (-853.332031 640 416 ) (0 640 416 ) (0 640 736 ) 
4 78 79 (0 640 848 ) (-1024 640 453.333008 ) (-1024 640 416 ) (0 640 800 ) 
4 79 178 (-1024 640 416 ) (-1024 576 416 ) (-1024 576 453.333313 ) (-1024 640 453.333313 ) 
4 79 81 (-1024 576 453.333313 ) (-1024 576 416 ) (0 576 800 ) (0 576 848 ) 
3 80 81 (-853.332031 576 416 ) (0 576 416 ) (0 576 736 ) 
3 81 266 (-1024 0 416 ) (-768 0 416 ) (-768 0 512 ) 
4 81 265 (-768 0 552 ) (-1024 0 453.333313 ) (-1024 0 416 ) (-768 0 512 ) 
4 81 226 (0 0 416 ) (0 0 800 ) (-768 0 512 ) (-768 0 416 ) 
4 81 225 (0 0 800 ) (0 0 848 ) (-768 0 552 ) (-768 0 512 ) 
4 81 178 (-1024 0 416 ) (-1024 0 453.333313 ) (-1024 576 453.333313 ) (-1024 576 416 ) 
4 81 83 (-1024 0 416 ) (-1024 576 416 ) (0 576 416 ) (0 0 416 ) 
4 82 118 (-1024 640 352 ) (-1024 1024 352 ) (-992 1024 352 ) (-992 640 352 ) 
4 82 117 (-992 1024 352 ) (-768 1024 352 ) (-768 640 352 ) (-992 640 352 ) 
4 82 107 (-768 1024 352 ) (-384 1024 352 ) (-384 640 352 ) (-768 640 352 ) 
4 82 84 (-32 1024 352 ) (0 1024 352 ) (0 640 352 ) (-32 640 352 ) 
4 82 86 (-384 1024 352 ) (-32 1024 352 ) (-32 640 352 ) (-384 640 352 ) 
4 83 269 (-768 0 416 ) (-1024 0 416 ) (-1024 0 352 ) (-768 0 352 ) 
4 83 229 (0 0 352 ) (0 0 416 ) (-768 0 416 ) (-768 0 352 ) 
4 83 149 (-960 0 352 ) (-1024 0 352 ) (-1024 397.208008 352 ) (-960 397.208008 352 ) 
4 83 145 (-1012 472 352 ) (-1012 424 352 ) (-1020 424 352 ) (-1020 472 352 ) 
4 83 144 (-1020 494 352 ) (-1012 494 352 ) (-1012 472 352 ) (-1020 472 352 ) 
4 83 147 (-1012 424 352 ) (-1012 397.208008 352 ) (-1020 397.208008 352 ) (-1020 424 352 ) 
4 83 143 (-1012 494 352 ) (-960 494 352 ) (-960 397.208008 352 ) (-1012 397.208008 352 ) 
4 83 148 (-1024 397.208008 352 ) (-1024 494 352 ) (-1020 494 352 ) (-1020 397.208008 352 ) 
4 83 142 (-1024 494 352 ) (-1024 576 352 ) (-992 576 352 ) (-992 494 352 ) 
4 83 138 (-992 576 352 ) (-960 576 352 ) (-960 494 352 ) (-992 494 352 ) 
4 83 137 (-784 0 352 ) (-903.143372 0 352 ) (-903.143372 397 352 ) (-784 397 352 ) 
4 83 136 (-903.143372 0 352 ) (-960 0 352 ) (-960 352 352 ) (-903.143372 352 352 ) 
4 83 135 (-960 352 352 ) (-960 368 352 ) (-903.143372 368 352 ) (-903.143372 352 352 ) 
4 83 134 (-960 368 352 ) (-960 397 352 ) (-903.143372 397 352 ) (-903.143372 368 352 ) 
4 83 127 (-960 397 352 ) (-960 576 352 ) (-784 576 352 ) (-784 397 352 ) 
4 83 122 (-768 0 352 ) (-784 0 352 ) (-784 576 352 ) (-768 576 352 ) 
4 83 112 (-736 0 352 ) (-768 0 352 ) (-768 576 352 ) (-736 576 352 ) 
4 83 109 (-480 0 352 ) (-544 0 352 ) (-544 576 352 ) (-480 576 352 ) 
4 83 108 (-384 0 352 ) (-480 0 352 ) (-480 576 352 ) (-384 576 352 ) 
4 83 110 (-544 0 352 ) (-736 0 352 ) (-736 576 352 ) (-544 576 352 ) 
4 83 97 (-228 0 352 ) (-240 0 352 ) (-240 115.199997 352 ) (-228 115.199997 352 ) 
4 83 99 (-240 0 352 ) (-384 0 352 ) (-384 115.199997 352 ) (-240 115.199997 352 ) 
4 83 95 (-216 0 352 ) (-228 0 352 ) (-228 115.199997 352 ) (-216 115.199997 352 ) 
4 83 93 (-204 0 352 ) (-216 0 352 ) (-216 115.199997 352 ) (-204 115.199997 352 ) 
4 83 91 (-192 0 352 ) (-204 0 352 ) (-204 115.199997 352 ) (-192 115.199997 352 ) 
4 83 90 (0 0 352 ) (-192 0 352 ) (-192 115.199997 352 ) (0 115.199997 352 ) 
4 83 88 (-256 192 352 ) (-192 192 352 ) (-192 115.199997 352 ) (-256 115.199997 352 ) 
4 83 89 (-384 115.199997 352 ) (-384 192 352 ) (-256 192 352 ) (-256 115.199997 352 ) 
4 83 87 (-192 192 352 ) (0 192 352 ) (0 115.199997 352 ) (-192 115.199997 352 ) 
4 83 85 (-32 576 352 ) (0 576 352 ) (0 192 352 ) (-32 192 352 ) 
4 83 86 (-384 192 352 ) (-384 576 352 ) (-32 576 352 ) (-32 192 352 ) 
4 84 100 (-32 1024 0 ) (0 1024 0 ) (0 640 0 ) (-32 640 0 ) 
4 84 86 (-32 1024 0 ) (-32 640 0 ) (-32 640 352 ) (-32 1024 352 ) 
4 85 101 (0 576 0 ) (0 512 0 ) (-32 512 0 ) (-32 576 0 ) 
4 85 87 (0 192 32 ) (0 192 352 ) (-32 192 352 ) (-32 192 32 ) 
4 85 86 (-32 576 0 ) (-32 192 0 ) (-32 192 352 ) (-32 576 352 ) 
4 86 108 (-384 192 352 ) (-384 640 352 ) (-384 640 0 ) (-384 192 0 ) 
4 86 107 (-384 640 352 ) (-384 1024 352 ) (-384 1024 0 ) (-384 640 0 ) 
4 86 103 (-384 460 0 ) (-384 1024 0 ) (-128 1024 0 ) (-128 460 0 ) 
4 86 102 (-128 1024 0 ) (-32 1024 0 ) (-32 512 0 ) (-128 512 0 ) 
4 86 88 (-192 192 32 ) (-192 192 352 ) (-256 192 352 ) (-256 192 32 ) 
4 86 89 (-384 192 352 ) (-384 192 0 ) (-256 192 0 ) (-256 192 352 ) 
4 86 87 (-32 192 32 ) (-32 192 352 ) (-192 192 352 ) (-192 192 32 ) 
4 87 90 (0 115.199997 32 ) (0 115.199997 352 ) (-192 115.199997 352 ) (-192 115.199997 32 ) 
4 87 88 (-192 192 352 ) (-192 192 32 ) (-192 115.199997 32 ) (-192 115.199997 352 ) 
4 88 97 (-228 115.199997 352 ) (-240 115.199997 352 ) (-240 115.199997 32 ) (-228 115.199997 32 ) 
4 88 99 (-240 115.199997 352 ) (-256 115.199997 352 ) (-256 115.199997 32 ) (-240 115.199997 32 ) 
4 88 95 (-216 115.199997 352 ) (-228 115.199997 352 ) (-228 115.199997 32 ) (-216 115.199997 32 ) 
4 88 93 (-204 115.199997 352 ) (-216 115.199997 352 ) (-216 115.199997 32 ) (-204 115.199997 32 ) 
4 88 91 (-192 115.199997 32 ) (-192 115.199997 352 ) (-204 115.199997 352 ) (-204 115.199997 32 ) 
4 88 89 (-256 192 352 ) (-256 192 32 ) (-256 115.199997 32 ) (-256 115.199997 352 ) 
4 89 108 (-384 115.199997 352 ) (-384 192 352 ) (-384 192 0 ) (-384 115.199997 0 ) 
4 89 99 (-384 115.199997 352 ) (-384 115.199997 0 ) (-256 115.199997 0 ) (-256 115.199997 352 ) 
4 90 231 (0 0 32 ) (0 0 352 ) (-192 0 352 ) (-192 0 32 ) 
4 90 91 (-192 115.199997 352 ) (-192 115.199997 32 ) (-192 0 32 ) (-192 0 352 ) 
4 91 232 (-192 0 352 ) (-204 0 352 ) (-204 0 32 ) (-192 0 32 ) 
4 91 93 (-204 115.199997 352 ) (-204 115.199997 32 ) (-204 0 32 ) (-204 0 352 ) 
4 92 233 (-204 0 28 ) (-204 0 0 ) (-192 0 0 ) (-192 0 28 ) 
4 92 93 (-204 115.199997 28 ) (-204 115.199997 24 ) (-204 0 24 ) (-204 0 28 ) 
4 92 94 (-204 115.199997 20 ) (-204 115.199997 0 ) (-204 0 0 ) (-204 0 20 ) 
4 93 234 (-204 0 352 ) (-216 0 352 ) (-216 0 24 ) (-204 0 24 ) 
4 93 95 (-216 115.199997 352 ) (-216 115.199997 24 ) (-216 0 24 ) (-216 0 352 ) 
4 94 235 (-216 0 20 ) (-216 0 0 ) (-204 0 0 ) (-204 0 20 ) 
4 94 95 (-216 115.199997 20 ) (-216 115.199997 16 ) (-216 0 16 ) (-216 0 20 ) 
4 94 96 (-216 115.199997 12 ) (-216 115.199997 0 ) (-216 0 0 ) (-216 0 12 ) 
4 95 236 (-216 0 352 ) (-228 0 352 ) (-228 0 16 ) (-216 0 16 ) 
4 95 97 (-228 115.199997 352 ) (-228 115.199997 16 ) (-228 0 16 ) (-228 0 352 ) 
4 96 237 (-228 0 12 ) (-228 0 0 ) (-216 0 0 ) (-216 0 12 ) 
4 96 97 (-228 115.199997 12 ) (-228 115.199997 8 ) (-228 0 8 ) (-228 0 12 ) 
4 96 98 (-228 115.199997 4 ) (-228 115.199997 0 ) (-228 0 0 ) (-228 0 4 ) 
4 97 238 (-228 0 352 ) (-240 0 352 ) (-240 0 8 ) (-228 0 8 ) 
4 97 99 (-240 115.199997 352 ) (-240 115.199997 8 ) (-240 0 8 ) (-240 0 352 ) 
4 98 239 (-240 0 4 ) (-240 0 0 ) (-228 0 0 ) (-228 0 4 ) 
4 98 99 (-240 115.199997 4 ) (-240 115.199997 0 ) (-240 0 0 ) (-240 0 4 ) 
4 99 240 (-240 0 352 ) (-384 0 352 ) (-384 0 0 ) (-240 0 0 ) 
4 99 108 (-384 0 0 ) (-384 0 352 ) (-384 115.199997 352 ) (-384 115.199997 0 ) 
4 100 102 (-32 1024 -32 ) (-32 640 -32 ) (-32 640 0 ) (-32 1024 0 ) 
4 101 102 (-32 576 -32 ) (-32 512 -32 ) (-32 512 0 ) (-32 576 0 ) 
4 102 106 (-128 1024 -32 ) (-128 512 -32 ) (-128 512 -24 ) (-128 1024 -24 ) 
4 102 105 (-128 512 -24 ) (-128 512 -16 ) (-128 1024 -16 ) (-128 1024 -24 ) 
4 102 104 (-128 512 -16 ) (-128 512 -8 ) (-128 1024 -8 ) (-128 1024 -16 ) 
4 102 103 (-128 512 -8 ) (-128 512 0 ) (-128 1024 0 ) (-128 1024 -8 ) 
4 103 116 (-384 512 0 ) (-384 576 0 ) (-384 576 -8 ) (-384 512 -8 ) 
4 103 114 (-384 576 0 ) (-384 640 0 ) (-384 640 -8 ) (-384 576 -8 ) 
4 103 107 (-384 640 0 ) (-384 1024 0 ) (-384 1024 -8 ) (-384 640 -8 ) 
4 103 104 (-384 472 -8 ) (-384 1024 -8 ) (-128 1024 -8 ) (-128 472 -8 ) 
4 104 116 (-384 512 -8 ) (-384 576 -8 ) (-384 576 -16 ) (-384 512 -16 ) 
4 104 114 (-384 576 -8 ) (-384 640 -8 ) (-384 640 -16 ) (-384 576 -16 ) 
4 104 107 (-384 640 -8 ) (-384 1024 -8 ) (-384 1024 -16 ) (-384 640 -16 ) 
4 104 105 (-384 484 -16 ) (-384 1024 -16 ) (-128 1024 -16 ) (-128 484 -16 ) 
4 105 116 (-384 512 -16 ) (-384 576 -16 ) (-384 576 -24 ) (-384 512 -24 ) 
4 105 114 (-384 576 -16 ) (-384 640 -16 ) (-384 640 -24 ) (-384 576 -24 ) 
4 105 107 (-384 640 -16 ) (-384 1024 -16 ) (-384 1024 -24 ) (-384 640 -24 ) 
4 105 106 (-384 496 -24 ) (-384 1024 -24 ) (-128 1024 -24 ) (-128 496 -24 ) 
4 106 116 (-384 576 -32 ) (-384 512 -32 ) (-384 512 -24 ) (-384 576 -24 ) 
4 106 114 (-384 640 -32 ) (-384 576 -32 ) (-384 576 -24 ) (-384 640 -24 ) 
4 106 107 (-384 1024 -32 ) (-384 640 -32 ) (-384 640 -24 ) (-384 1024 -24 ) 
4 107 117 (-768 1024 -32 ) (-768 640 -32 ) (-768 640 352 ) (-768 1024 352 ) 
4 107 114 (-480 640 -32 ) (-384 640 -32 ) (-384 640 0 ) (-480 640 0 ) 
4 107 115 (-768 640 0 ) (-768 640 -32 ) (-544 640 -32 ) (-544 640 0 ) 
4 107 111 (-768 640 352 ) (-768 640 0 ) (-736 640 0 ) (-736 640 352 ) 
4 107 108 (-480 640 0 ) (-384 640 0 ) (-384 640 352 ) (-480 640 352 ) 
4 107 110 (-736 640 0 ) (-544 640 0 ) (-544 640 352 ) (-736 640 352 ) 
4 108 254 (-384 0 352 ) (-480 0 352 ) (-480 0 0 ) (-384 0 0 ) 
4 108 116 (-384 576 0 ) (-384 512 0 ) (-480 512 0 ) (-480 576 0 ) 
4 108 114 (-480 640 0 ) (-384 640 0 ) (-384 576 0 ) (-480 576 0 ) 
4 108 109 (-480 576 0 ) (-480 0 0 ) (-480 0 352 ) (-480 576 352 ) 
4 109 255 (-480 0 352 ) (-544 0 352 ) (-544 0 0 ) (-480 0 0 ) 
4 109 116 (-480 576 0 ) (-480 512 0 ) (-544 512 0 ) (-544 576 0 ) 
4 109 110 (-544 576 0 ) (-544 0 0 ) (-544 0 352 ) (-544 576 352 ) 
4 110 256 (-544 0 352 ) (-736 0 352 ) (-736 0 0 ) (-544 0 0 ) 
4 110 116 (-544 576 0 ) (-544 512 0 ) (-736 512 0 ) (-736 576 0 ) 
4 110 115 (-736 640 0 ) (-544 640 0 ) (-544 576 0 ) (-736 576 0 ) 
4 110 113 (-736 624 0 ) (-736 0 0 ) (-736 0 144 ) (-736 624 144 ) 
4 110 112 (-736 0 160 ) (-736 0 352 ) (-736 624 352 ) (-736 624 160 ) 
4 110 111 (-736 640 352 ) (-736 640 0 ) (-736 624 0 ) (-736 624 352 ) 
4 111 117 (-768 624 352 ) (-768 640 352 ) (-768 640 0 ) (-768 624 0 ) 
4 111 115 (-768 624 0 ) (-768 640 0 ) (-736 640 0 ) (-736 624 0 ) 
4 111 113 (-768 624 152 ) (-768 624 0 ) (-736 624 0 ) (-736 624 144 ) 
4 111 112 (-768 624 352 ) (-768 624 168 ) (-736 624 160 ) (-736 624 352 ) 
4 112 257 (-736 0 352 ) (-768 0 352 ) (-768 0 168 ) (-736 0 160 ) 
4 112 122 (-768 0 168 ) (-768 0 352 ) (-768 592 352 ) (-768 592 168 ) 
4 112 119 (-768 592 352 ) (-768 624 352 ) (-768 624 168 ) (-768 592 168 ) 
4 113 258 (-768 0 152 ) (-768 0 0 ) (-736 0 0 ) (-736 0 144 ) 
4 113 126 (-768 0 0 ) (-768 0 22 ) (-768 32 22 ) (-768 32 0 ) 
4 113 125 (-768 0 22 ) (-768 0 112 ) (-768 32 112 ) (-768 32 22 ) 
4 113 123 (-768 188 118 ) (-768 260 118 ) (-768 260 22 ) (-768 188 22 ) 
4 113 124 (-768 60 118 ) (-768 132 118 ) (-768 132 22 ) (-768 60 22 ) 
4 113 121 (-768 624 80 ) (-768 624 0 ) (-768 608 0 ) (-768 608 80 ) 
4 113 120 (-768 608 152 ) (-768 624 152 ) (-768 624 80 ) (-768 608 80 ) 
4 113 116 (-768 512 0 ) (-768 576 0 ) (-736 576 0 ) (-736 512 0 ) 
4 113 115 (-768 576 0 ) (-768 624 0 ) (-736 624 0 ) (-736 576 0 ) 
4 114 116 (-384 576 -32 ) (-384 576 0 ) (-480 576 0 ) (-480 576 -32 ) 
4 115 121 (-768 624 -32 ) (-768 608 -32 ) (-768 608 0 ) (-768 624 0 ) 
4 115 117 (-768 640 -32 ) (-768 624 -32 ) (-768 624 0 ) (-768 640 0 ) 
4 115 116 (-544 576 0 ) (-768 576 0 ) (-768 576 -32 ) (-544 576 -32 ) 
4 117 155 (-992 624 -32 ) (-928 624 -32 ) (-928 624 80 ) (-992 624 80 ) 
4 117 152 (-864 624 -32 ) (-784 624 -32 ) (-784 624 80 ) (-864 624 80 ) 
4 117 154 (-928 624 -32 ) (-864 624 -32 ) (-864 624 80 ) (-928 624 80 ) 
4 117 139 (-992 624 208 ) (-992 624 80 ) (-960 624 80 ) (-960 624 200 ) 
4 117 138 (-960 624 352 ) (-992 624 352 ) (-992 624 224 ) (-960 624 216 ) 
4 117 128 (-784 624 80 ) (-784 624 156 ) (-960 624 200 ) (-960 624 80 ) 
4 117 127 (-784 624 172 ) (-784 624 352 ) (-960 624 352 ) (-960 624 216 ) 
4 117 121 (-784 624 -32 ) (-768 624 -32 ) (-768 624 80 ) (-784 624 80 ) 
4 117 120 (-768 624 80 ) (-768 624 152 ) (-784 624 156 ) (-784 624 80 ) 
4 117 119 (-768 624 168 ) (-768 624 352 ) (-784 624 352 ) (-784 624 172 ) 
4 117 118 (-992 1024 -32 ) (-992 640 -32 ) (-992 640 352 ) (-992 1024 352 ) 
4 119 127 (-784 624 352 ) (-784 624 172 ) (-784 592 172 ) (-784 592 352 ) 
4 119 122 (-784 592 352 ) (-784 592 172 ) (-768 592 168 ) (-768 592 352 ) 
4 120 128 (-784 624 156 ) (-784 624 80 ) (-784 608 80 ) (-784 608 156 ) 
4 120 121 (-784 608 80 ) (-784 624 80 ) (-768 624 80 ) (-768 608 80 ) 
4 121 152 (-784 624 80 ) (-784 624 -32 ) (-784 608 -32 ) (-784 608 80 ) 
4 122 271 (-768 0 352 ) (-784 0 352 ) (-784 0 172 ) (-768 0 168 ) 
4 122 137 (-784 0 172 ) (-784 0 352 ) (-784 397 352 ) (-784 397 172 ) 
4 122 127 (-784 397 352 ) (-784 592 352 ) (-784 592 172 ) (-784 397 172 ) 
4 123 171 (-784 192 22 ) (-784 188 22 ) (-784 188 80 ) (-784 192 80 ) 
4 123 169 (-784 204 22 ) (-784 192 22 ) (-784 192 80 ) (-784 204 80 ) 
4 123 167 (-784 216 22 ) (-784 204 22 ) (-784 204 80 ) (-784 216 80 ) 
4 123 165 (-784 228 22 ) (-784 216 22 ) (-784 216 80 ) (-784 228 80 ) 
4 123 163 (-784 240 22 ) (-784 228 22 ) (-784 228 80 ) (-784 240 80 ) 
4 123 162 (-784 260 80 ) (-784 260 22 ) (-784 240 22 ) (-784 240 80 ) 
4 123 133 (-784 188 118 ) (-784 260 118 ) (-784 260 80 ) (-784 188 80 ) 
4 124 171 (-784 132 80 ) (-784 132 22 ) (-784 60 22 ) (-784 60 80 ) 
4 124 133 (-784 60 118 ) (-784 132 118 ) (-784 132 80 ) (-784 60 80 ) 
4 125 274 (-784 0 112 ) (-784 0 22 ) (-768 0 22 ) (-768 0 112 ) 
4 125 171 (-784 0 22 ) (-784 0 80 ) (-784 32 80 ) (-784 32 22 ) 
4 125 133 (-784 0 80 ) (-784 0 112 ) (-784 32 112 ) (-784 32 80 ) 
4 125 126 (-784 0 22 ) (-784 32 22 ) (-768 32 22 ) (-768 0 22 ) 
4 126 277 (-784 0 22 ) (-784 0 0 ) (-768 0 0 ) (-768 0 22 ) 
4 126 171 (-784 0 0 ) (-784 0 22 ) (-784 32 22 ) (-784 32 0 ) 
4 127 149 (-960 397.208008 216 ) (-960 397 216 ) (-960 397 352 ) (-960 397.208008 352 ) 
4 127 143 (-960 494 216 ) (-960 397.208008 216 ) (-960 397.208008 352 ) (-960 494 352 ) 
4 127 138 (-960 624 352 ) (-960 624 216 ) (-960 494 216 ) (-960 494 352 ) 
4 127 137 (-943.200439 397 211.800125 ) (-784 397 172 ) (-784 397 352 ) (-903.143372 397 352 ) 
4 127 134 (-960 397 352 ) (-960 397 216 ) (-943.200439 397 211.800125 ) (-903.143372 397 352 ) 
4 127 131 (-943.200195 397 211.801025 ) (-960 397 216 ) (-960 494 216 ) (-943.200195 494 211.801025 ) 
4 128 155 (-960 624 80 ) (-928 624 80 ) (-928 608 80 ) (-960 608 80 ) 
4 128 152 (-864 624 80 ) (-784 624 80 ) (-784 608 80 ) (-864 608 80 ) 
4 128 154 (-928 624 80 ) (-864 624 80 ) (-864 608 80 ) (-928 608 80 ) 
4 128 139 (-960 624 200 ) (-960 624 80 ) (-960 608 80 ) (-960 608 200 ) 
4 129 156 (-928 494 80 ) (-960 494 80 ) (-960 592 80 ) (-928 592 80 ) 
4 129 153 (-784 592 80 ) (-784 494 80 ) (-864 494 80 ) (-864 592 80 ) 
4 129 154 (-864 494 80 ) (-928 494 80 ) (-928 592 80 ) (-864 592 80 ) 
4 129 140 (-960 592 80 ) (-960 494 80 ) (-960 494 200 ) (-960 592 200 ) 
4 129 130 (-960 494 200 ) (-960 494 80 ) (-784 494 80 ) (-784 494 156 ) 
4 130 161 (-928 397 80 ) (-960 397 80 ) (-960 424 80 ) (-928 424 80 ) 
4 130 158 (-960 424 80 ) (-960 472 80 ) (-928 472 80 ) (-928 424 80 ) 
4 130 156 (-960 472 80 ) (-960 494 80 ) (-928 494 80 ) (-928 472 80 ) 
4 130 153 (-784 494 80 ) (-784 397 80 ) (-864 397 80 ) (-864 494 80 ) 
4 130 154 (-864 397 80 ) (-928 397 80 ) (-928 494 80 ) (-864 494 80 ) 
4 130 150 (-960 397.208008 80 ) (-960 397 80 ) (-960 397 200 ) (-960 397.208008 200 ) 
4 130 143 (-960 494 80 ) (-960 397.208008 80 ) (-960 397.208008 200 ) (-960 494 200 ) 
4 130 132 (-960 397 200 ) (-960 397 80 ) (-784 397 80 ) (-784 397 156 ) 
4 130 131 (-947.467346 494 196.865860 ) (-960 494 200 ) (-960 397 200 ) (-947.467041 397 196.866760 ) 
4 131 143 (-960 397.208008 216 ) (-960 494 216 ) (-960 494 200 ) (-960 397.208008 200 ) 
4 132 161 (-928 368 80 ) (-960 368 80 ) (-960 397 80 ) (-928 397 80 ) 
4 132 153 (-784 397 80 ) (-784 368 80 ) (-864 368 80 ) (-864 397 80 ) 
4 132 154 (-864 368 80 ) (-928 368 80 ) (-928 397 80 ) (-864 397 80 ) 
4 132 150 (-960 397 80 ) (-960 368 80 ) (-960 368 200 ) (-960 397 200 ) 
4 133 281 (-960 0 200 ) (-960 0 80 ) (-784 0 80 ) (-784 0 155.968506 ) 
4 133 171 (-784 192 80 ) (-784 0 80 ) (-960 0 80 ) (-960 192 80 ) 
4 133 169 (-784 204 80 ) (-784 192 80 ) (-960 192 80 ) (-960 204 80 ) 
4 133 167 (-784 216 80 ) (-784 204 80 ) (-960 204 80 ) (-960 216 80 ) 
4 133 165 (-784 228 80 ) (-784 216 80 ) (-960 216 80 ) (-960 228 80 ) 
4 133 163 (-784 240 80 ) (-784 228 80 ) (-960 228 80 ) (-960 240 80 ) 
4 133 162 (-784 352 80 ) (-784 240 80 ) (-960 240 80 ) (-960 352 80 ) 
4 133 151 (-960 352 80 ) (-960 0 80 ) (-960 0 200 ) (-960 352 200 ) 
4 134 149 (-960 368 352 ) (-960 397 352 ) (-960 397 216 ) (-960 368 216 ) 
4 134 137 (-943.201233 397 211.799545 ) (-903.144043 397 352 ) (-903.144043 368 352 ) (-943.201233 368 211.799545 ) 
4 134 135 (-960 368 352 ) (-960 368 216 ) (-943.200500 368 211.799362 ) (-903.143250 368 352 ) 
4 135 149 (-960 352 352 ) (-960 368 352 ) (-960 368 216 ) (-960 352 216 ) 
4 135 137 (-943.201233 368 211.799545 ) (-903.144043 368 352 ) (-903.144043 352 352 ) (-943.201233 352 211.799545 ) 
4 135 136 (-960 352 352 ) (-960 352 216 ) (-943.200500 352 211.799362 ) (-903.143250 352 352 ) 
4 136 283 (-903.143372 0 352 ) (-960 0 352 ) (-960 0 216 ) (-943.200623 0 211.799393 ) 
4 136 149 (-960 0 216 ) (-960 0 352 ) (-960 352 352 ) (-960 352 216 ) 
4 136 137 (-943.201233 352 211.799545 ) (-903.144043 352 352 ) (-903.144043 0 352 ) (-943.201233 0 211.799545 ) 
4 137 286 (-784 0 352 ) (-903.143372 0 352 ) (-943.200378 0 211.800110 ) (-784 0 172 ) 
4 138 143 (-960 494 216 ) (-960 494 352 ) (-992 494 352 ) (-992 494 224 ) 
4 138 142 (-992 576 224 ) (-992 494 224 ) (-992 494 352 ) (-992 576 352 ) 
4 139 155 (-992 624 80 ) (-960 624 80 ) (-960 608 80 ) (-992 608 80 ) 
4 140 156 (-960 592 80 ) (-960 494 80 ) (-992 494 80 ) (-992 592 80 ) 
4 140 143 (-992 494 80 ) (-960 494 80 ) (-960 494 200 ) (-992 494 208 ) 
4 140 141 (-992 576 80 ) (-992 494 80 ) (-992 494 208 ) (-992 576 208 ) 
4 141 157 (-992 576 80 ) (-992 494 80 ) (-1024 494 80 ) (-1024 576 80 ) 
4 141 144 (-1020 494 80 ) (-1012 494 80 ) (-1012 494 213 ) (-1020 494 215 ) 
4 141 143 (-1012 494 80 ) (-992 494 80 ) (-992 494 208 ) (-1012 494 213 ) 
4 141 148 (-1024 494 80 ) (-1020 494 80 ) (-1020 494 215 ) (-1024 494 216 ) 
4 142 144 (-1012 494 352 ) (-1020 494 352 ) (-1020 494 231 ) (-1012 494 229 ) 
4 142 143 (-992 494 224 ) (-992 494 352 ) (-1012 494 352 ) (-1012 494 229 ) 
4 142 148 (-1020 494 352 ) (-1024 494 352 ) (-1024 494 232 ) (-1020 494 231 ) 
4 143 161 (-960 424 80 ) (-960 397.208008 80 ) (-1012 397.208008 80 ) (-1012 424 80 ) 
4 143 158 (-960 472 80 ) (-960 424 80 ) (-1012 424 80 ) (-1012 472 80 ) 
4 143 157 (-992 472 80 ) (-1012 472 80 ) (-1012 494 80 ) (-992 494 80 ) 
4 143 156 (-960 494 80 ) (-960 472 80 ) (-992 472 80 ) (-992 494 80 ) 
4 143 150 (-1012 397.208008 80 ) (-960 397.208008 80 ) (-960 397.208008 200 ) (-1012 397.208008 213 ) 
4 143 149 (-960 397.208008 216 ) (-960 397.208008 352 ) (-1012 397.208008 352 ) (-1012 397.208008 229 ) 
4 143 146 (-1012 472 80 ) (-1012 424 80 ) (-1012 424 256 ) (-1012 472 256 ) 
4 143 145 (-1012 424 256 ) (-1012 424 352 ) (-1012 472 352 ) (-1012 472 256 ) 
4 143 144 (-1012 494 352 ) (-1012 494 80 ) (-1012 472 80 ) (-1012 472 352 ) 
4 143 147 (-1012 424 80 ) (-1012 397.208008 80 ) (-1012 397.208008 352 ) (-1012 424 352 ) 
4 144 157 (-1020 472 80 ) (-1020 494 80 ) (-1012 494 80 ) (-1012 472 80 ) 
4 144 146 (-1020 472 256 ) (-1020 472 80 ) (-1012 472 80 ) (-1012 472 256 ) 
4 144 145 (-1020 472 352 ) (-1020 472 256 ) (-1012 472 256 ) (-1012 472 352 ) 
4 144 148 (-1020 494 352 ) (-1020 494 80 ) (-1020 472 80 ) (-1020 472 352 ) 
4 145 148 (-1020 424 256 ) (-1020 424 352 ) (-1020 472 352 ) (-1020 472 256 ) 
4 145 147 (-1020 424 352 ) (-1020 424 256 ) (-1012 424 256 ) (-1012 424 352 ) 
4 145 146 (-1012 424 256 ) (-1020 424 256 ) (-1020 472 256 ) (-1012 472 256 ) 
4 146 159 (-1020 424 80 ) (-1020 472 80 ) (-1012 472 80 ) (-1012 424 80 ) 
4 146 148 (-1020 472 80 ) (-1020 424 80 ) (-1020 424 256 ) (-1020 472 256 ) 
4 146 147 (-1020 424 256 ) (-1020 424 80 ) (-1012 424 80 ) (-1012 424 256 ) 
4 147 161 (-1012 397.208008 80 ) (-1020 397.208008 80 ) (-1020 424 80 ) (-1012 424 80 ) 
4 147 150 (-1020 397.208008 80 ) (-1012 397.208008 80 ) (-1012 397.208008 213 ) (-1020 397.208008 215 ) 
4 147 149 (-1012 397.208008 229 ) (-1012 397.208008 352 ) (-1020 397.208008 352 ) (-1020 397.208008 231 ) 
4 147 148 (-1020 424 80 ) (-1020 397.208008 80 ) (-1020 397.208008 352 ) (-1020 424 352 ) 
4 148 161 (-1020 397.208008 80 ) (-1024 397.208008 80 ) (-1024 424 80 ) (-1020 424 80 ) 
4 148 160 (-1024 424 80 ) (-1024 472 80 ) (-1020 472 80 ) (-1020 424 80 ) 
4 148 157 (-1024 472 80 ) (-1024 494 80 ) (-1020 494 80 ) (-1020 472 80 ) 
4 148 150 (-1024 397.208008 80 ) (-1020 397.208008 80 ) (-1020 397.208008 215 ) (-1024 397.208008 216 ) 
4 148 149 (-1020 397.208008 231 ) (-1020 397.208008 352 ) (-1024 397.208008 352 ) (-1024 397.208008 232 ) 
4 149 293 (-960 0 352 ) (-1024 0 352 ) (-1024 0 232 ) (-960 0 216 ) 
4 150 161 (-960 397.208008 80 ) (-960 368 80 ) (-1024 368 80 ) (-1024 397.208008 80 ) 
4 151 294 (-1024 0 216 ) (-1024 0 80 ) (-960 0 80 ) (-960 0 200 ) 
4 151 171 (-960 192 80 ) (-960 0 80 ) (-1024 0 80 ) (-1024 192 80 ) 
4 151 169 (-960 204 80 ) (-960 192 80 ) (-1024 192 80 ) (-1024 204 80 ) 
4 151 167 (-960 216 80 ) (-960 204 80 ) (-1024 204 80 ) (-1024 216 80 ) 
4 151 165 (-960 228 80 ) (-960 216 80 ) (-1024 216 80 ) (-1024 228 80 ) 
4 151 163 (-960 240 80 ) (-960 228 80 ) (-1024 228 80 ) (-1024 240 80 ) 
4 151 162 (-960 352 80 ) (-960 240 80 ) (-1024 240 80 ) (-1024 352 80 ) 
4 152 154 (-864 608 80 ) (-864 624 80 ) (-864 624 -32 ) (-864 608 -32 ) 
4 153 154 (-864 368 80 ) (-864 592 80 ) (-864 592 -32 ) (-864 368 -32 ) 
4 154 162 (-928 352 -32 ) (-864 352 -32 ) (-864 352 80 ) (-928 352 80 ) 
4 154 161 (-928 368 80 ) (-928 424 80 ) (-928 424 -32 ) (-928 368 -32 ) 
4 154 158 (-928 424 80 ) (-928 472 80 ) (-928 472 -32 ) (-928 424 -32 ) 
4 154 155 (-928 608 80 ) (-928 624 80 ) (-928 624 -32 ) (-928 608 -32 ) 
4 154 156 (-928 472 80 ) (-928 592 80 ) (-928 592 -32 ) (-928 472 -32 ) 
4 156 158 (-992 472 -32 ) (-928 472 -32 ) (-928 472 80 ) (-992 472 80 ) 
4 156 157 (-992 472 -32 ) (-992 472 80 ) (-992 576 80 ) (-992 576 -32 ) 
4 157 159 (-1020 472 -32 ) (-1012 472 -32 ) (-1012 472 80 ) (-1020 472 80 ) 
4 157 158 (-1012 472 -32 ) (-992 472 -32 ) (-992 472 80 ) (-1012 472 80 ) 
4 157 160 (-1024 472 -32 ) (-1020 472 -32 ) (-1020 472 80 ) (-1024 472 80 ) 
4 158 161 (-1012 424 -32 ) (-928 424 -32 ) (-928 424 80 ) (-1012 424 80 ) 
4 158 159 (-1012 472 80 ) (-1012 472 -32 ) (-1012 424 -32 ) (-1012 424 80 ) 
4 159 161 (-1020 424 -32 ) (-1012 424 -32 ) (-1012 424 80 ) (-1020 424 80 ) 
4 159 160 (-1020 472 80 ) (-1020 472 -32 ) (-1020 424 -32 ) (-1020 424 80 ) 
4 160 161 (-1024 424 -32 ) (-1020 424 -32 ) (-1020 424 80 ) (-1024 424 80 ) 
4 162 163 (-784 240 -24 ) (-784 240 80 ) (-1024 240 80 ) (-1024 240 -24 ) 
4 162 164 (-1024 240 -32 ) (-784 240 -32 ) (-784 240 -28 ) (-1024 240 -28 ) 
4 163 165 (-784 228 -16 ) (-784 228 80 ) (-1024 228 80 ) (-1024 228 -16 ) 
4 163 166 (-784 228 -24 ) (-784 228 -20 ) (-1024 228 -20 ) (-1024 228 -24 ) 
4 164 166 (-1024 228 -32 ) (-784 228 -32 ) (-784 228 -28 ) (-1024 228 -28 ) 
4 165 167 (-784 216 -8 ) (-784 216 80 ) (-1024 216 80 ) (-1024 216 -8 ) 
4 165 168 (-784 216 -16 ) (-784 216 -12 ) (-1024 216 -12 ) (-1024 216 -16 ) 
4 166 168 (-1024 216 -32 ) (-784 216 -32 ) (-784 216 -20 ) (-1024 216 -20 ) 
4 167 169 (-784 204 0 ) (-784 204 80 ) (-1024 204 80 ) (-1024 204 0 ) 
4 167 170 (-784 204 -8 ) (-784 204 -4 ) (-1024 204 -4 ) (-1024 204 -8 ) 
4 168 170 (-1024 204 -32 ) (-784 204 -32 ) (-784 204 -12 ) (-1024 204 -12 ) 
4 169 171 (-784 192 0 ) (-784 192 80 ) (-1024 192 80 ) (-1024 192 0 ) 
4 171 307 (-1024 0 80 ) (-1024 0 0 ) (-784 0 0 ) (-784 0 80 ) 
4 172 329 (0 0 -256 ) (0 0 -64 ) (-1024 0 -64 ) (-1024 0 -256 ) 
4 172 185 (-1024 0 -256 ) (-1024 0 -64 ) (-1024 1024 -64 ) (-1024 1024 -256 ) 
4 173 175 (-1152 1152 404 ) (-1152 1152 -256 ) (-1024 1152 -256 ) (-1024 1152 453.333313 ) 
4 173 174 (-1152 1152 1536 ) (-1152 1152 492 ) (-1024 1152 541.333313 ) (-1024 1152 1536 ) 
4 173 176 (-1152 1536 1536 ) (-1152 1536 -256 ) (-1152 1152 -256 ) (-1152 1152 1536 ) 
4 174 177 (-1024 1024 541.333313 ) (-1024 1024 1536 ) (-1152 1024 1536 ) (-1152 1024 492 ) 
4 174 176 (-1152 1024 492 ) (-1152 1024 1536 ) (-1152 1152 1536 ) (-1152 1152 492 ) 
4 175 185 (-1024 1024 -256 ) (-1024 1024 -32 ) (-1152 1024 -32 ) (-1152 1024 -256 ) 
4 175 182 (-1040 1024 352 ) (-1056 1024 352 ) (-1056 1024 -32 ) (-1040 1024 -32 ) 
4 175 184 (-1056 1024 352 ) (-1152 1024 352 ) (-1152 1024 -32 ) (-1056 1024 -32 ) 
5 175 180 (-1040 1024 416 ) (-1120.864868 1024 416 ) (-1152 1024 404 ) (-1152 1024 352 ) (-1040 1024 352 ) 
3 175 178 (-1024 1024 416 ) (-1024 1024 453.333313 ) (-1120.864868 1024 416 ) 
4 175 176 (-1152 1152 -256 ) (-1152 1024 -256 ) (-1152 1024 404 ) (-1152 1152 404 ) 
4 176 185 (-1536 1024 -32 ) (-1536 1024 -256 ) (-1152 1024 -256 ) (-1152 1024 -32 ) 
4 176 184 (-1536 1024 352 ) (-1536 1024 -32 ) (-1152 1024 -32 ) (-1152 1024 352 ) 
4 176 181 (-1152 1024 1536 ) (-1536 1024 1536 ) (-1536 1024 352 ) (-1152 1024 352 ) 
4 177 342 (-1024 0 541.333313 ) (-1024 0 1536 ) (-1152 0 1536 ) (-1152 0 492 ) 
4 177 181 (-1152 0 492 ) (-1152 0 1536 ) (-1152 1024 1536 ) (-1152 1024 492 ) 
3 178 343 (-1024 0 416 ) (-1024 0 453.333313 ) (-1120.864868 0 416 ) 
4 178 180 (-1120.864868 1024 416 ) (-1040 1024 416 ) (-1040 0 416 ) (-1120.864868 0 416 ) 
4 178 179 (-1024 640 416 ) (-1024 576 416 ) (-1040 576 416 ) (-1040 640 416 ) 
4 179 180 (-1040 640 352 ) (-1040 576 352 ) (-1040 576 416 ) (-1040 640 416 ) 
5 180 345 (-1040 0 416 ) (-1120.864868 0 416 ) (-1152 0 404 ) (-1152 0 352 ) (-1040 0 352 ) 
4 180 182 (-1056 640 352 ) (-1056 1024 352 ) (-1040 1024 352 ) (-1040 640 352 ) 
4 180 183 (-1040 0 352 ) (-1056 0 352 ) (-1056 576 352 ) (-1040 576 352 ) 
4 180 184 (-1056 0 352 ) (-1152 0 352 ) (-1152 1024 352 ) (-1056 1024 352 ) 
4 180 181 (-1152 1024 352 ) (-1152 0 352 ) (-1152 0 404 ) (-1152 1024 404 ) 
4 181 346 (-1152 0 1536 ) (-1536 0 1536 ) (-1536 0 352 ) (-1152 0 352 ) 
4 181 184 (-1152 0 352 ) (-1536 0 352 ) (-1536 1024 352 ) (-1152 1024 352 ) 
4 182 185 (-1056 1024 -32 ) (-1040 1024 -32 ) (-1040 640 -32 ) (-1056 640 -32 ) 
4 182 184 (-1056 1024 -32 ) (-1056 640 -32 ) (-1056 640 352 ) (-1056 1024 352 ) 
4 183 347 (-1040 0 352 ) (-1056 0 352 ) (-1056 0 -32 ) (-1040 0 -32 ) 
4 183 185 (-1040 576 -32 ) (-1040 0 -32 ) (-1056 0 -32 ) (-1056 576 -32 ) 
4 183 184 (-1056 576 -32 ) (-1056 0 -32 ) (-1056 0 352 ) (-1056 576 352 ) 
4 184 349 (-1056 0 352 ) (-1536 0 352 ) (-1536 0 -32 ) (-1056 0 -32 ) 
4 184 185 (-1536 1024 -32 ) (-1056 1024 -32 ) (-1056 0 -32 ) (-1536 0 -32 ) 
4 185 350 (-1024 0 -256 ) (-1024 0 -32 ) (-1536 0 -32 ) (-1536 0 -256 ) 
4 186 226 (0 0 800 ) (0 0 416 ) (0 -576 416 ) (0 -576 800 ) 
4 186 225 (0 0 848 ) (0 0 800 ) (0 -576 800 ) (0 -576 848 ) 
4 186 191 (0 -576 416 ) (0 0 416 ) (1024 0 416 ) (1024 -576 416 ) 
4 186 188 (1024 -576 416 ) (1024 -576 453.335693 ) (0 -576 848.001953 ) (0 -576 800 ) 
3 186 187 (0 -576 416 ) (853.332031 -576 416 ) (0 -576 736 ) 
4 187 227 (0 -576 416 ) (0 -640 416 ) (0 -640 736 ) (0 -576 736 ) 
3 187 189 (0 -640 416 ) (853.332031 -640 416 ) (0 -640 736 ) 
4 188 225 (0 -640 800 ) (0 -640 848 ) (0 -576 848 ) (0 -576 800 ) 
4 188 189 (1024 -640 416 ) (1024 -640 453.335693 ) (0 -640 848.001953 ) (0 -640 800 ) 
4 189 330 (1024 -1024 416 ) (1024 -1024 453.333313 ) (0 -1024 848 ) (0 -1024 416 ) 
4 189 228 (0 -640 416 ) (0 -1024 416 ) (0 -1024 800 ) (0 -640 800 ) 
4 189 225 (0 -1024 800 ) (0 -1024 848 ) (0 -640 848 ) (0 -640 800 ) 
4 189 192 (1024 -1024 416 ) (0 -1024 416 ) (0 -640 416 ) (1024 -640 416 ) 
4 190 331 (1024 -1024 541.333313 ) (1024 -1024 1536 ) (0 -1024 1536 ) (0 -1024 936 ) 
4 190 224 (0 0 1536 ) (0 0 936 ) (0 -1024 936 ) (0 -1024 1536 ) 
4 191 229 (0 0 416 ) (0 0 352 ) (0 -576 352 ) (0 -576 416 ) 
4 191 214 (0 -576 352 ) (0 -192 352 ) (32 -192 352 ) (32 -576 352 ) 
4 191 213 (32 -192 352 ) (192 -192 352 ) (192 -576 352 ) (32 -576 352 ) 
4 191 212 (0 -192 352 ) (0 -115.199997 352 ) (192 -115.199997 352 ) (192 -192 352 ) 
4 191 210 (192 -115.199997 352 ) (256 -115.199997 352 ) (256 -192 352 ) (192 -192 352 ) 
4 191 211 (256 -192 352 ) (256 -576 352 ) (192 -576 352 ) (192 -192 352 ) 
4 191 209 (256 -115.199997 352 ) (384 -115.199997 352 ) (384 -576 352 ) (256 -576 352 ) 
4 191 208 (0 -115.199997 352 ) (0 0 352 ) (192 0 352 ) (192 -115.199997 352 ) 
4 191 206 (192 0 352 ) (204 0 352 ) (204 -115.199997 352 ) (192 -115.199997 352 ) 
4 191 204 (204 0 352 ) (216 0 352 ) (216 -115.199997 352 ) (204 -115.199997 352 ) 
4 191 202 (216 0 352 ) (228 0 352 ) (228 -115.199997 352 ) (216 -115.199997 352 ) 
4 191 200 (228 0 352 ) (240 0 352 ) (240 -115.199997 352 ) (228 -115.199997 352 ) 
4 191 199 (240 0 352 ) (384 0 352 ) (384 -115.199997 352 ) (240 -115.199997 352 ) 
4 191 194 (384 0 352 ) (636 0 352 ) (636 -576 352 ) (384 -576 352 ) 
4 191 193 (636 0 352 ) (1024 0 352 ) (1024 -576 352 ) (636 -576 352 ) 
4 192 230 (0 -640 352 ) (0 -1024 352 ) (0 -1024 416 ) (0 -640 416 ) 
4 192 215 (0 -1024 352 ) (0 -640 352 ) (32 -640 352 ) (32 -1024 352 ) 
4 192 213 (32 -640 352 ) (192 -640 352 ) (192 -1024 352 ) (32 -1024 352 ) 
4 192 211 (192 -640 352 ) (256 -640 352 ) (256 -1024 352 ) (192 -1024 352 ) 
4 192 209 (256 -640 352 ) (384 -640 352 ) (384 -1024 352 ) (256 -1024 352 ) 
4 192 198 (384 -640 352 ) (1024 -640 352 ) (1024 -1024 352 ) (384 -1024 352 ) 
4 193 196 (636 -576 -32 ) (992 -576 -32 ) (992 -576 352 ) (636 -576 352 ) 
4 193 195 (636 -512 -32 ) (636 -576 -32 ) (636 -576 0 ) (636 -512 0 ) 
4 193 194 (636 -576 0 ) (636 -576 352 ) (636 0 352 ) (636 0 0 ) 
4 194 209 (384 -576 0 ) (384 -576 352 ) (384 -115.199997 352 ) (384 -115.199997 0 ) 
4 194 199 (384 -115.199997 352 ) (384 0 352 ) (384 0 0 ) (384 -115.199997 0 ) 
4 194 197 (384 -576 352 ) (384 -576 0 ) (480 -576 0 ) (480 -576 352 ) 
4 194 196 (544 -576 0 ) (636 -576 0 ) (636 -576 352 ) (544 -576 352 ) 
4 194 195 (636 -512 0 ) (636 -576 0 ) (384 -576 0 ) (384 -512 0 ) 
4 195 219 (384 -512 -32 ) (384 -576 -32 ) (384 -576 -24 ) (384 -512 -24 ) 
4 195 218 (384 -576 -24 ) (384 -576 -16 ) (384 -512 -16 ) (384 -512 -24 ) 
4 195 217 (384 -576 -16 ) (384 -576 -8 ) (384 -512 -8 ) (384 -512 -16 ) 
4 195 216 (384 -576 -8 ) (384 -576 0 ) (384 -512 0 ) (384 -512 -8 ) 
4 195 197 (384 -576 0 ) (384 -576 -32 ) (480 -576 -32 ) (480 -576 0 ) 
4 195 196 (544 -576 -32 ) (636 -576 -32 ) (636 -576 0 ) (544 -576 0 ) 
4 196 198 (544 -640 -32 ) (992 -640 -32 ) (992 -640 352 ) (544 -640 352 ) 
4 197 219 (384 -576 -32 ) (384 -640 -32 ) (384 -640 -24 ) (384 -576 -24 ) 
4 197 218 (384 -640 -24 ) (384 -640 -16 ) (384 -576 -16 ) (384 -576 -24 ) 
4 197 217 (384 -640 -16 ) (384 -640 -8 ) (384 -576 -8 ) (384 -576 -16 ) 
4 197 216 (384 -640 -8 ) (384 -640 0 ) (384 -576 0 ) (384 -576 -8 ) 
4 197 209 (384 -640 0 ) (384 -640 352 ) (384 -576 352 ) (384 -576 0 ) 
4 197 198 (384 -640 352 ) (384 -640 -32 ) (480 -640 -32 ) (480 -640 352 ) 
4 198 219 (384 -640 -32 ) (384 -1024 -32 ) (384 -1024 -24 ) (384 -640 -24 ) 
4 198 218 (384 -1024 -24 ) (384 -1024 -16 ) (384 -640 -16 ) (384 -640 -24 ) 
4 198 217 (384 -1024 -16 ) (384 -1024 -8 ) (384 -640 -8 ) (384 -640 -16 ) 
4 198 216 (384 -1024 -8 ) (384 -1024 0 ) (384 -640 0 ) (384 -640 -8 ) 
4 198 209 (384 -1024 0 ) (384 -1024 352 ) (384 -640 352 ) (384 -640 0 ) 
4 199 210 (256 -115.199997 32 ) (256 -115.199997 352 ) (240 -115.199997 352 ) (240 -115.199997 32 ) 
4 199 209 (256 -115.199997 0 ) (384 -115.199997 0 ) (384 -115.199997 352 ) (256 -115.199997 352 ) 
4 199 200 (240 -115.199997 8 ) (240 -115.199997 352 ) (240 0 352 ) (240 0 8 ) 
4 199 201 (240 0 0 ) (240 -115.199997 0 ) (240 -115.199997 4 ) (240 0 4 ) 
4 200 210 (240 -115.199997 32 ) (240 -115.199997 352 ) (228 -115.199997 352 ) (228 -115.199997 32 ) 
4 200 202 (228 -115.199997 16 ) (228 -115.199997 352 ) (228 0 352 ) (228 0 16 ) 
4 200 203 (228 -115.199997 8 ) (228 -115.199997 12 ) (228 0 12 ) (228 0 8 ) 
4 201 203 (228 0 0 ) (228 -115.199997 0 ) (228 -115.199997 4 ) (228 0 4 ) 
4 202 210 (228 -115.199997 32 ) (228 -115.199997 352 ) (216 -115.199997 352 ) (216 -115.199997 32 ) 
4 202 204 (216 -115.199997 24 ) (216 -115.199997 352 ) (216 0 352 ) (216 0 24 ) 
4 202 205 (216 -115.199997 16 ) (216 -115.199997 20 ) (216 0 20 ) (216 0 16 ) 
4 203 205 (216 0 0 ) (216 -115.199997 0 ) (216 -115.199997 12 ) (216 0 12 ) 
4 204 210 (216 -115.199997 32 ) (216 -115.199997 352 ) (204 -115.199997 352 ) (204 -115.199997 32 ) 
4 204 206 (204 -115.199997 32 ) (204 -115.199997 352 ) (204 0 352 ) (204 0 32 ) 
4 204 207 (204 -115.199997 24 ) (204 -115.199997 28 ) (204 0 28 ) (204 0 24 ) 
4 205 207 (204 0 0 ) (204 -115.199997 0 ) (204 -115.199997 20 ) (204 0 20 ) 
4 206 210 (204 -115.199997 32 ) (204 -115.199997 352 ) (192 -115.199997 352 ) (192 -115.199997 32 ) 
4 206 208 (192 -115.199997 32 ) (192 -115.199997 352 ) (192 0 352 ) (192 0 32 ) 
4 208 231 (0 0 352 ) (0 0 32 ) (0 -115.199997 32 ) (0 -115.199997 352 ) 
4 208 212 (192 -115.199997 32 ) (192 -115.199997 352 ) (0 -115.199997 352 ) (0 -115.199997 32 ) 
4 209 216 (384 -460 0 ) (384 -1024 0 ) (256 -1024 0 ) (256 -460 0 ) 
4 209 210 (256 -115.199997 352 ) (256 -115.199997 32 ) (256 -192 32 ) (256 -192 352 ) 
4 209 211 (256 -192 0 ) (256 -1024 0 ) (256 -1024 352 ) (256 -192 352 ) 
4 210 212 (192 -115.199997 352 ) (192 -115.199997 32 ) (192 -192 32 ) (192 -192 352 ) 
4 210 211 (192 -192 352 ) (192 -192 32 ) (256 -192 32 ) (256 -192 352 ) 
4 211 216 (256 -460 0 ) (256 -1024 0 ) (192 -1024 0 ) (192 -460 0 ) 
4 211 213 (192 -192 0 ) (192 -1024 0 ) (192 -1024 352 ) (192 -192 352 ) 
4 212 241 (0 -192 32 ) (0 -192 352 ) (0 -115.199997 352 ) (0 -115.199997 32 ) 
4 212 214 (32 -192 352 ) (0 -192 352 ) (0 -192 32 ) (32 -192 32 ) 
4 212 213 (192 -192 32 ) (192 -192 352 ) (32 -192 352 ) (32 -192 32 ) 
4 213 221 (128 -576 0 ) (128 -1024 0 ) (32 -1024 0 ) (32 -576 0 ) 
4 213 220 (128 -512 0 ) (128 -576 0 ) (32 -576 0 ) (32 -512 0 ) 
4 213 216 (192 -460 0 ) (192 -1024 0 ) (128 -1024 0 ) (128 -460 0 ) 
4 213 214 (32 -192 352 ) (32 -192 0 ) (32 -576 0 ) (32 -576 352 ) 
4 213 215 (32 -640 0 ) (32 -1024 0 ) (32 -1024 352 ) (32 -640 352 ) 
4 214 244 (0 -192 0 ) (0 -576 0 ) (0 -576 352 ) (0 -192 352 ) 
4 214 220 (0 -576 0 ) (0 -512 0 ) (32 -512 0 ) (32 -576 0 ) 
4 215 245 (0 -640 0 ) (0 -1024 0 ) (0 -1024 352 ) (0 -640 352 ) 
4 215 222 (0 -1024 0 ) (0 -640 0 ) (32 -640 0 ) (32 -1024 0 ) 
4 216 221 (128 -1024 -8 ) (128 -1024 0 ) (128 -576 0 ) (128 -576 -8 ) 
4 216 220 (128 -576 0 ) (128 -512 0 ) (128 -512 -8 ) (128 -576 -8 ) 
4 216 217 (128 -1024 -8 ) (128 -472 -8 ) (384 -472 -8 ) (384 -1024 -8 ) 
4 217 221 (128 -1024 -16 ) (128 -1024 -8 ) (128 -576 -8 ) (128 -576 -16 ) 
4 217 220 (128 -576 -8 ) (128 -512 -8 ) (128 -512 -16 ) (128 -576 -16 ) 
4 217 218 (128 -1024 -16 ) (128 -484 -16 ) (384 -484 -16 ) (384 -1024 -16 ) 
4 218 221 (128 -1024 -24 ) (128 -1024 -16 ) (128 -576 -16 ) (128 -576 -24 ) 
4 218 220 (128 -576 -16 ) (128 -512 -16 ) (128 -512 -24 ) (128 -576 -24 ) 
4 218 219 (128 -1024 -24 ) (128 -496 -24 ) (384 -496 -24 ) (384 -1024 -24 ) 
4 219 221 (128 -576 -32 ) (128 -1024 -32 ) (128 -1024 -24 ) (128 -576 -24 ) 
4 219 220 (128 -512 -32 ) (128 -576 -32 ) (128 -576 -24 ) (128 -512 -24 ) 
4 220 247 (0 -512 -32 ) (0 -576 -32 ) (0 -576 0 ) (0 -512 0 ) 
4 220 221 (32 -576 -32 ) (128 -576 -32 ) (128 -576 0 ) (32 -576 0 ) 
4 221 222 (32 -640 -32 ) (32 -1024 -32 ) (32 -1024 0 ) (32 -640 0 ) 
4 222 248 (0 -640 -32 ) (0 -1024 -32 ) (0 -1024 0 ) (0 -640 0 ) 
4 223 332 (1024 -1024 -256 ) (1024 -1024 -64 ) (0 -1024 -64 ) (0 -1024 -256 ) 
4 223 329 (0 0 -64 ) (0 0 -256 ) (0 -1024 -256 ) (0 -1024 -64 ) 
4 224 336 (0 -1024 936 ) (0 -1024 1536 ) (-768 -1024 1536 ) (-768 -1024 640 ) 
4 224 264 (-768 0 1536 ) (-768 0 640 ) (-768 -1024 640 ) (-768 -1024 1536 ) 
4 225 337 (0 -1024 800 ) (0 -1024 848 ) (-768 -1024 552 ) (-768 -1024 512 ) 
4 225 265 (-768 0 552 ) (-768 0 512 ) (-768 -1024 512 ) (-768 -1024 552 ) 
4 225 226 (-768 -576 512 ) (-768 0 512 ) (0 0 800 ) (0 -576 800 ) 
4 225 228 (-768 -1024 512 ) (-768 -640 512 ) (0 -640 800 ) (0 -1024 800 ) 
4 226 266 (-768 0 512 ) (-768 0 416 ) (-768 -576 416 ) (-768 -576 512 ) 
4 226 229 (-768 -576 416 ) (-768 0 416 ) (0 0 416 ) (0 -576 416 ) 
4 226 227 (-768 -576 448 ) (-768 -576 416 ) (0 -576 416 ) (0 -576 736 ) 
4 227 267 (-768 -576 416 ) (-768 -640 416 ) (-768 -640 448 ) (-768 -576 448 ) 
4 227 228 (-768 -640 448 ) (-768 -640 416 ) (0 -640 416 ) (0 -640 736 ) 
4 228 337 (0 -1024 416 ) (0 -1024 800 ) (-768 -1024 512 ) (-768 -1024 416 ) 
4 228 268 (-768 -640 416 ) (-768 -1024 416 ) (-768 -1024 512 ) (-768 -640 512 ) 
4 228 230 (-768 -1024 416 ) (-768 -640 416 ) (0 -640 416 ) (0 -1024 416 ) 
4 229 269 (-768 0 416 ) (-768 0 352 ) (-768 -576 352 ) (-768 -576 416 ) 
4 229 257 (-768 -576 352 ) (-768 0 352 ) (-736 0 352 ) (-736 -576 352 ) 
4 229 255 (-544 0 352 ) (-480 0 352 ) (-480 -576 352 ) (-544 -576 352 ) 
4 229 254 (-480 0 352 ) (-384 0 352 ) (-384 -576 352 ) (-480 -576 352 ) 
4 229 256 (-736 0 352 ) (-544 0 352 ) (-544 -576 352 ) (-736 -576 352 ) 
4 229 244 (0 -192 352 ) (0 -576 352 ) (-32 -576 352 ) (-32 -192 352 ) 
4 229 246 (-32 -576 352 ) (-384 -576 352 ) (-384 -192 352 ) (-32 -192 352 ) 
4 229 242 (-192 -192 352 ) (-256 -192 352 ) (-256 -115.199997 352 ) (-192 -115.199997 352 ) 
4 229 243 (-256 -192 352 ) (-384 -192 352 ) (-384 -115.199997 352 ) (-256 -115.199997 352 ) 
4 229 241 (0 -115.199997 352 ) (0 -192 352 ) (-192 -192 352 ) (-192 -115.199997 352 ) 
4 229 238 (-240 0 352 ) (-228 0 352 ) (-228 -115.199997 352 ) (-240 -115.199997 352 ) 
4 229 240 (-384 0 352 ) (-240 0 352 ) (-240 -115.199997 352 ) (-384 -115.199997 352 ) 
4 229 236 (-228 0 352 ) (-216 0 352 ) (-216 -115.199997 352 ) (-228 -115.199997 352 ) 
4 229 234 (-216 0 352 ) (-204 0 352 ) (-204 -115.199997 352 ) (-216 -115.199997 352 ) 
4 229 232 (-204 0 352 ) (-192 0 352 ) (-192 -115.199997 352 ) (-204 -115.199997 352 ) 
4 229 231 (-192 0 352 ) (0 0 352 ) (0 -115.199997 352 ) (-192 -115.199997 352 ) 
4 230 270 (-768 -640 352 ) (-768 -1024 352 ) (-768 -1024 416 ) (-768 -640 416 ) 
4 230 263 (-768 -1024 352 ) (-768 -640 352 ) (-384 -640 352 ) (-384 -1024 352 ) 
4 230 245 (-32 -640 352 ) (0 -640 352 ) (0 -1024 352 ) (-32 -1024 352 ) 
4 230 246 (-384 -640 352 ) (-32 -640 352 ) (-32 -1024 352 ) (-384 -1024 352 ) 
4 231 241 (0 -115.199997 32 ) (0 -115.199997 352 ) (-192 -115.199997 352 ) (-192 -115.199997 32 ) 
4 231 232 (-192 -115.199997 32 ) (-192 -115.199997 352 ) (-192 0 352 ) (-192 0 32 ) 
4 232 242 (-192 -115.199997 32 ) (-192 -115.199997 352 ) (-204 -115.199997 352 ) (-204 -115.199997 32 ) 
4 232 234 (-204 -115.199997 32 ) (-204 -115.199997 352 ) (-204 0 352 ) (-204 0 32 ) 
4 233 234 (-204 -115.199997 24 ) (-204 -115.199997 28 ) (-204 0 28 ) (-204 0 24 ) 
4 233 235 (-204 0 0 ) (-204 -115.199997 0 ) (-204 -115.199997 20 ) (-204 0 20 ) 
4 234 242 (-204 -115.199997 32 ) (-204 -115.199997 352 ) (-216 -115.199997 352 ) (-216 -115.199997 32 ) 
4 234 236 (-216 -115.199997 24 ) (-216 -115.199997 352 ) (-216 0 352 ) (-216 0 24 ) 
4 235 236 (-216 -115.199997 16 ) (-216 -115.199997 20 ) (-216 0 20 ) (-216 0 16 ) 
4 235 237 (-216 0 0 ) (-216 -115.199997 0 ) (-216 -115.199997 12 ) (-216 0 12 ) 
4 236 242 (-216 -115.199997 32 ) (-216 -115.199997 352 ) (-228 -115.199997 352 ) (-228 -115.199997 32 ) 
4 236 238 (-228 -115.199997 16 ) (-228 -115.199997 352 ) (-228 0 352 ) (-228 0 16 ) 
4 237 238 (-228 -115.199997 8 ) (-228 -115.199997 12 ) (-228 0 12 ) (-228 0 8 ) 
4 237 239 (-228 0 0 ) (-228 -115.199997 0 ) (-228 -115.199997 4 ) (-228 0 4 ) 
4 238 242 (-228 -115.199997 32 ) (-228 -115.199997 352 ) (-240 -115.199997 352 ) (-240 -115.199997 32 ) 
4 238 240 (-240 -115.199997 8 ) (-240 -115.199997 352 ) (-240 0 352 ) (-240 0 8 ) 
4 239 240 (-240 0 0 ) (-240 -115.199997 0 ) (-240 -115.199997 4 ) (-240 0 4 ) 
4 240 254 (-384 -115.199997 352 ) (-384 0 352 ) (-384 0 0 ) (-384 -115.199997 0 ) 
4 240 242 (-240 -115.199997 32 ) (-240 -115.199997 352 ) (-256 -115.199997 352 ) (-256 -115.199997 32 ) 
4 240 243 (-384 -115.199997 352 ) (-384 -115.199997 0 ) (-256 -115.199997 0 ) (-256 -115.199997 352 ) 
4 241 244 (0 -192 32 ) (0 -192 352 ) (-32 -192 352 ) (-32 -192 32 ) 
4 241 246 (-32 -192 352 ) (-192 -192 352 ) (-192 -192 32 ) (-32 -192 32 ) 
4 241 242 (-192 -115.199997 352 ) (-192 -115.199997 32 ) (-192 -192 32 ) (-192 -192 352 ) 
4 242 246 (-192 -192 32 ) (-192 -192 352 ) (-256 -192 352 ) (-256 -192 32 ) 
4 242 243 (-256 -115.199997 352 ) (-256 -115.199997 32 ) (-256 -192 32 ) (-256 -192 352 ) 
4 243 254 (-384 -192 352 ) (-384 -115.199997 352 ) (-384 -115.199997 0 ) (-384 -192 0 ) 
4 243 246 (-384 -192 352 ) (-384 -192 0 ) (-256 -192 0 ) (-256 -192 352 ) 
4 244 247 (0 -512 0 ) (0 -576 0 ) (-32 -576 0 ) (-32 -512 0 ) 
4 244 246 (-32 -192 352 ) (-32 -192 0 ) (-32 -576 0 ) (-32 -576 352 ) 
4 245 248 (0 -640 0 ) (0 -1024 0 ) (-32 -1024 0 ) (-32 -640 0 ) 
4 245 246 (-32 -640 0 ) (-32 -1024 0 ) (-32 -1024 352 ) (-32 -640 352 ) 
4 246 254 (-384 -640 352 ) (-384 -192 352 ) (-384 -192 0 ) (-384 -640 0 ) 
4 246 263 (-384 -1024 0 ) (-384 -1024 352 ) (-384 -640 352 ) (-384 -640 0 ) 
4 246 250 (-384 -1024 0 ) (-384 -460 0 ) (-128 -460 0 ) (-128 -1024 0 ) 
4 246 249 (-32 -512 0 ) (-32 -1024 0 ) (-128 -1024 0 ) (-128 -512 0 ) 
4 247 249 (-32 -512 0 ) (-32 -512 -32 ) (-32 -576 -32 ) (-32 -576 0 ) 
4 248 249 (-32 -640 -32 ) (-32 -1024 -32 ) (-32 -1024 0 ) (-32 -640 0 ) 
4 249 253 (-128 -512 -32 ) (-128 -1024 -32 ) (-128 -1024 -24 ) (-128 -512 -24 ) 
4 249 252 (-128 -1024 -24 ) (-128 -1024 -16 ) (-128 -512 -16 ) (-128 -512 -24 ) 
4 249 251 (-128 -1024 -16 ) (-128 -1024 -8 ) (-128 -512 -8 ) (-128 -512 -16 ) 
4 249 250 (-128 -1024 -8 ) (-128 -1024 0 ) (-128 -512 0 ) (-128 -512 -8 ) 
4 250 260 (-384 -640 0 ) (-384 -512 0 ) (-384 -512 -8 ) (-384 -640 -8 ) 
4 250 263 (-384 -1024 -8 ) (-384 -1024 0 ) (-384 -640 0 ) (-384 -640 -8 ) 
4 250 251 (-384 -1024 -8 ) (-384 -472 -8 ) (-128 -472 -8 ) (-128 -1024 -8 ) 
4 251 260 (-384 -640 -8 ) (-384 -512 -8 ) (-384 -512 -16 ) (-384 -640 -16 ) 
4 251 263 (-384 -1024 -16 ) (-384 -1024 -8 ) (-384 -640 -8 ) (-384 -640 -16 ) 
4 251 252 (-384 -1024 -16 ) (-384 -484 -16 ) (-128 -484 -16 ) (-128 -1024 -16 ) 
4 252 260 (-384 -640 -16 ) (-384 -512 -16 ) (-384 -512 -24 ) (-384 -640 -24 ) 
4 252 263 (-384 -1024 -24 ) (-384 -1024 -16 ) (-384 -640 -16 ) (-384 -640 -24 ) 
4 252 253 (-384 -1024 -24 ) (-384 -496 -24 ) (-128 -496 -24 ) (-128 -1024 -24 ) 
4 253 260 (-384 -512 -32 ) (-384 -640 -32 ) (-384 -640 -24 ) (-384 -512 -24 ) 
4 253 263 (-384 -640 -32 ) (-384 -1024 -32 ) (-384 -1024 -24 ) (-384 -640 -24 ) 
4 254 260 (-384 -640 0 ) (-480 -640 0 ) (-480 -512 0 ) (-384 -512 0 ) 
4 254 255 (-480 0 0 ) (-480 -576 0 ) (-480 -576 352 ) (-480 0 352 ) 
4 254 263 (-384 -640 0 ) (-384 -640 352 ) (-480 -640 352 ) (-480 -640 0 ) 
4 255 261 (-544 -576 0 ) (-544 -512 0 ) (-480 -512 0 ) (-480 -576 0 ) 
4 255 256 (-544 0 0 ) (-544 -576 0 ) (-544 -576 352 ) (-544 0 352 ) 
4 256 262 (-544 -640 0 ) (-736 -640 0 ) (-736 -512 0 ) (-544 -512 0 ) 
4 256 258 (-736 0 0 ) (-736 -624 0 ) (-736 -624 144 ) (-736 0 144 ) 
4 256 257 (-736 -624 160 ) (-736 -624 352 ) (-736 0 352 ) (-736 0 160 ) 
4 256 259 (-736 -624 0 ) (-736 -640 0 ) (-736 -640 352 ) (-736 -624 352 ) 
4 256 263 (-544 -640 352 ) (-736 -640 352 ) (-736 -640 0 ) (-544 -640 0 ) 
4 257 278 (-768 -592 168 ) (-768 -624 168 ) (-768 -624 352 ) (-768 -592 352 ) 
4 257 271 (-768 0 352 ) (-768 0 168 ) (-768 -592 168 ) (-768 -592 352 ) 
4 257 259 (-736 -624 160 ) (-736 -624 352 ) (-768 -624 352 ) (-768 -624 168 ) 
4 258 280 (-768 -608 0 ) (-768 -624 0 ) (-768 -624 80 ) (-768 -608 80 ) 
4 258 279 (-768 -624 80 ) (-768 -624 152 ) (-768 -608 152 ) (-768 -608 80 ) 
4 258 277 (-768 0 22 ) (-768 0 0 ) (-768 -32 0 ) (-768 -32 22 ) 
4 258 275 (-768 -60 22 ) (-768 -132 22 ) (-768 -132 112 ) (-768 -60 112 ) 
4 258 276 (-768 -188 22 ) (-768 -260 22 ) (-768 -260 112 ) (-768 -188 112 ) 
4 258 274 (-768 0 112 ) (-768 0 22 ) (-768 -32 22 ) (-768 -32 112 ) 
4 258 273 (-768 -188 112 ) (-768 -260 112 ) (-768 -260 118 ) (-768 -188 118 ) 
4 258 272 (-768 -60 112 ) (-768 -132 112 ) (-768 -132 118 ) (-768 -60 118 ) 
4 258 262 (-768 -624 0 ) (-768 -512 0 ) (-736 -512 0 ) (-736 -624 0 ) 
4 258 259 (-768 -624 0 ) (-736 -624 0 ) (-736 -624 144 ) (-768 -624 152 ) 
4 259 327 (-768 -624 0 ) (-768 -640 0 ) (-768 -640 352 ) (-768 -624 352 ) 
4 259 262 (-736 -640 0 ) (-768 -640 0 ) (-768 -624 0 ) (-736 -624 0 ) 
4 259 263 (-736 -640 352 ) (-768 -640 352 ) (-768 -640 0 ) (-736 -640 0 ) 
4 260 261 (-480 -512 0 ) (-480 -512 -32 ) (-480 -576 -32 ) (-480 -576 0 ) 
4 260 263 (-384 -640 -32 ) (-384 -640 0 ) (-480 -640 0 ) (-480 -640 -32 ) 
4 261 262 (-544 -512 0 ) (-544 -512 -32 ) (-544 -576 -32 ) (-544 -576 0 ) 
4 262 327 (-768 -624 -32 ) (-768 -640 -32 ) (-768 -640 0 ) (-768 -624 0 ) 
4 262 280 (-768 -608 -32 ) (-768 -624 -32 ) (-768 -624 0 ) (-768 -608 0 ) 
4 262 263 (-544 -640 0 ) (-768 -640 0 ) (-768 -640 -32 ) (-544 -640 -32 ) 
4 263 327 (-768 -640 -32 ) (-768 -1024 -32 ) (-768 -1024 352 ) (-768 -640 352 ) 
4 264 342 (-1024 0 1536 ) (-1024 0 541.333313 ) (-1024 -1024 541.333313 ) (-1024 -1024 1536 ) 
4 264 336 (-1024 -1024 1536 ) (-1024 -1024 541.333313 ) (-768 -1024 640 ) (-768 -1024 1536 ) 
4 265 343 (-1024 0 453.333313 ) (-1024 0 416 ) (-1024 -1024 416 ) (-1024 -1024 453.333313 ) 
4 265 337 (-1024 -1024 453.333313 ) (-1024 -1024 416 ) (-768 -1024 512 ) (-768 -1024 552 ) 
4 265 266 (-1024 -576 416 ) (-1024 0 416 ) (-768 0 512 ) (-768 -576 512 ) 
4 265 268 (-1024 -1024 416 ) (-1024 -640 416 ) (-768 -640 512 ) (-768 -1024 512 ) 
4 266 269 (-1024 -576 416 ) (-1024 0 416 ) (-768 0 416 ) (-768 -576 416 ) 
3 266 267 (-853.332031 -576 416 ) (-768 -576 416 ) (-768 -576 448 ) 
3 267 268 (-853.332031 -640 416 ) (-768 -640 416 ) (-768 -640 448 ) 
3 268 337 (-1024 -1024 416 ) (-768 -1024 416 ) (-768 -1024 512 ) 
4 268 270 (-1024 -1024 416 ) (-1024 -640 416 ) (-768 -640 416 ) (-768 -1024 416 ) 
4 269 306 (-992 -576 352 ) (-1024 -576 352 ) (-1024 -500 352 ) (-992 -500 352 ) 
4 269 302 (-960 -500 352 ) (-960 -576 352 ) (-992 -576 352 ) (-992 -500 352 ) 
4 269 298 (-1020 -472 352 ) (-1020 -424 352 ) (-1012 -424 352 ) (-1012 -472 352 ) 
4 269 297 (-1020 -424 352 ) (-1020 -402 352 ) (-1012 -402 352 ) (-1012 -424 352 ) 
4 269 300 (-1012 -500 352 ) (-1020 -500 352 ) (-1020 -472 352 ) (-1012 -472 352 ) 
4 269 296 (-960 -402 352 ) (-960 -500 352 ) (-1012 -500 352 ) (-1012 -402 352 ) 
4 269 301 (-1020 -500 352 ) (-1024 -500 352 ) (-1024 -402 352 ) (-1020 -402 352 ) 
4 269 293 (-1024 0 352 ) (-960 0 352 ) (-960 -402 352 ) (-1024 -402 352 ) 
4 269 290 (-784 -500 352 ) (-784 -576 352 ) (-960 -576 352 ) (-960 -500 352 ) 
4 269 287 (-784 -402 352 ) (-784 -500 352 ) (-960 -500 352 ) (-960 -402 352 ) 
4 269 286 (-903.143372 0 352 ) (-784 0 352 ) (-784 -402 352 ) (-903.143372 -402 352 ) 
4 269 285 (-903.143372 -368 352 ) (-903.143372 -402 352 ) (-960 -402 352 ) (-960 -368 352 ) 
4 269 284 (-903.143372 -352 352 ) (-903.143372 -368 352 ) (-960 -368 352 ) (-960 -352 352 ) 
4 269 283 (-960 0 352 ) (-903.143372 0 352 ) (-903.143372 -352 352 ) (-960 -352 352 ) 
4 269 271 (-784 0 352 ) (-768 0 352 ) (-768 -576 352 ) (-784 -576 352 ) 
4 270 328 (-992 -1024 352 ) (-1024 -1024 352 ) (-1024 -640 352 ) (-992 -640 352 ) 
4 270 327 (-768 -640 352 ) (-768 -1024 352 ) (-992 -1024 352 ) (-992 -640 352 ) 
4 271 290 (-784 -592 172 ) (-784 -592 352 ) (-784 -500 352 ) (-784 -500 172 ) 
4 271 287 (-784 -500 352 ) (-784 -402 352 ) (-784 -402 172 ) (-784 -500 172 ) 
4 271 286 (-784 -402 352 ) (-784 0 352 ) (-784 0 172 ) (-784 -402 172 ) 
4 271 278 (-784 -592 352 ) (-784 -592 172 ) (-768 -592 168 ) (-768 -592 352 ) 
4 272 281 (-784 -132 118 ) (-784 -60 118 ) (-784 -60 112 ) (-784 -132 112 ) 
4 272 275 (-784 -132 112 ) (-784 -60 112 ) (-768 -60 112 ) (-768 -132 112 ) 
4 273 281 (-784 -260 118 ) (-784 -188 118 ) (-784 -188 112 ) (-784 -260 112 ) 
4 273 276 (-784 -260 112 ) (-784 -188 112 ) (-768 -188 112 ) (-768 -260 112 ) 
4 274 307 (-784 0 80 ) (-784 0 22 ) (-784 -32 22 ) (-784 -32 80 ) 
4 274 281 (-784 -32 112 ) (-784 0 112 ) (-784 0 80 ) (-784 -32 80 ) 
4 274 277 (-784 -32 22 ) (-784 0 22 ) (-768 0 22 ) (-768 -32 22 ) 
4 275 307 (-784 -60 80 ) (-784 -60 22 ) (-784 -132 22 ) (-784 -132 80 ) 
4 275 281 (-784 -132 112 ) (-784 -60 112 ) (-784 -60 80 ) (-784 -132 80 ) 
4 276 314 (-784 -228 22 ) (-784 -240 22 ) (-784 -240 80 ) (-784 -228 80 ) 
4 276 316 (-784 -240 22 ) (-784 -260 22 ) (-784 -260 80 ) (-784 -240 80 ) 
4 276 312 (-784 -216 22 ) (-784 -228 22 ) (-784 -228 80 ) (-784 -216 80 ) 
4 276 310 (-784 -204 22 ) (-784 -216 22 ) (-784 -216 80 ) (-784 -204 80 ) 
4 276 308 (-784 -192 22 ) (-784 -204 22 ) (-784 -204 80 ) (-784 -192 80 ) 
4 276 307 (-784 -188 80 ) (-784 -188 22 ) (-784 -192 22 ) (-784 -192 80 ) 
4 276 281 (-784 -260 112 ) (-784 -188 112 ) (-784 -188 80 ) (-784 -260 80 ) 
4 277 307 (-784 -32 22 ) (-784 0 22 ) (-784 0 0 ) (-784 -32 0 ) 
4 278 327 (-768 -624 168 ) (-768 -624 352 ) (-784 -624 352 ) (-784 -624 172 ) 
4 278 290 (-784 -624 172 ) (-784 -624 352 ) (-784 -592 352 ) (-784 -592 172 ) 
4 279 327 (-768 -624 80 ) (-768 -624 152 ) (-784 -624 156 ) (-784 -624 80 ) 
4 279 292 (-784 -624 80 ) (-784 -624 156 ) (-784 -608 156 ) (-784 -608 80 ) 
4 279 280 (-768 -624 80 ) (-784 -624 80 ) (-784 -608 80 ) (-768 -608 80 ) 
4 280 327 (-784 -624 -32 ) (-768 -624 -32 ) (-768 -624 80 ) (-784 -624 80 ) 
4 280 318 (-784 -608 -32 ) (-784 -624 -32 ) (-784 -624 80 ) (-784 -608 80 ) 
4 281 314 (-784 -228 80 ) (-784 -240 80 ) (-960 -240 80 ) (-960 -228 80 ) 
4 281 316 (-784 -240 80 ) (-784 -352 80 ) (-960 -352 80 ) (-960 -240 80 ) 
4 281 312 (-784 -216 80 ) (-784 -228 80 ) (-960 -228 80 ) (-960 -216 80 ) 
4 281 310 (-784 -204 80 ) (-784 -216 80 ) (-960 -216 80 ) (-960 -204 80 ) 
4 281 308 (-784 -192 80 ) (-784 -204 80 ) (-960 -204 80 ) (-960 -192 80 ) 
4 281 307 (-784 0 80 ) (-784 -192 80 ) (-960 -192 80 ) (-960 0 80 ) 
4 281 294 (-960 0 80 ) (-960 -352 80 ) (-960 -352 200 ) (-960 0 200 ) 
4 282 320 (-928 -402 80 ) (-960 -402 80 ) (-960 -368 80 ) (-928 -368 80 ) 
4 282 319 (-864 -402 80 ) (-928 -402 80 ) (-928 -368 80 ) (-864 -368 80 ) 
4 282 317 (-784 -368 80 ) (-784 -402 80 ) (-864 -402 80 ) (-864 -368 80 ) 
4 282 295 (-960 -368 80 ) (-960 -402 80 ) (-960 -402 200 ) (-960 -368 200 ) 
4 282 288 (-960 -402 200 ) (-960 -402 80 ) (-784 -402 80 ) (-784 -402 155.968506 ) 
4 283 293 (-960 -352 352 ) (-960 0 352 ) (-960 0 216 ) (-960 -352 216 ) 
4 283 286 (-943.201233 0 211.799545 ) (-903.143982 0 352 ) (-903.143982 -352 352 ) (-943.201233 -352 211.799545 ) 
4 283 284 (-960 -352 352 ) (-960 -352 216 ) (-943.200500 -352 211.799362 ) (-903.143250 -352 352 ) 
4 284 293 (-960 -368 352 ) (-960 -352 352 ) (-960 -352 216 ) (-960 -368 216 ) 
4 284 286 (-943.201233 -352 211.799545 ) (-903.143982 -352 352 ) (-903.143982 -368 352 ) (-943.201233 -368 211.799545 ) 
4 284 285 (-960 -368 352 ) (-960 -368 216 ) (-943.200500 -368 211.799362 ) (-903.143250 -368 352 ) 
4 285 293 (-960 -402 216 ) (-960 -402 352 ) (-960 -368 352 ) (-960 -368 216 ) 
4 285 287 (-960 -402 352 ) (-960 -402 216 ) (-943.200623 -402 211.799393 ) (-903.143372 -402 352 ) 
4 285 286 (-903.143982 -402 352 ) (-943.201233 -402 211.799545 ) (-943.201233 -368 211.799545 ) (-903.143982 -368 352 ) 
4 286 287 (-784 -402 172 ) (-784 -402 352 ) (-903.143372 -402 352 ) (-943.200378 -402 211.800110 ) 
4 287 296 (-960 -500 216 ) (-960 -500 352 ) (-960 -402 352 ) (-960 -402 216 ) 
4 287 290 (-960 -500 352 ) (-960 -500 216 ) (-784 -500 172 ) (-784 -500 352 ) 
4 287 289 (-943.200195 -500 211.801025 ) (-960 -500 216 ) (-960 -402 216 ) (-943.200439 -402 211.800110 ) 
4 288 321 (-928 -500 80 ) (-960 -500 80 ) (-960 -424 80 ) (-928 -424 80 ) 
4 288 320 (-960 -424 80 ) (-960 -402 80 ) (-928 -402 80 ) (-928 -424 80 ) 
4 288 319 (-864 -500 80 ) (-928 -500 80 ) (-928 -402 80 ) (-864 -402 80 ) 
4 288 317 (-784 -402 80 ) (-784 -500 80 ) (-864 -500 80 ) (-864 -402 80 ) 
4 288 296 (-960 -402 80 ) (-960 -500 80 ) (-960 -500 200 ) (-960 -402 200 ) 
4 288 291 (-960 -500 200 ) (-960 -500 80 ) (-784 -500 80 ) (-784 -500 156 ) 
4 288 289 (-947.467346 -402 196.865860 ) (-960 -402 200 ) (-960 -500 200 ) (-947.467041 -500 196.866760 ) 
4 289 296 (-960 -500 200 ) (-960 -500 216 ) (-960 -402 216 ) (-960 -402 200 ) 
4 290 327 (-784 -624 172 ) (-784 -624 352 ) (-960 -624 352 ) (-960 -624 216 ) 
4 290 302 (-960 -624 216 ) (-960 -624 352 ) (-960 -500 352 ) (-960 -500 216 ) 
4 291 325 (-928 -592 80 ) (-960 -592 80 ) (-960 -576 80 ) (-928 -576 80 ) 
4 291 321 (-960 -576 80 ) (-960 -500 80 ) (-928 -500 80 ) (-928 -576 80 ) 
4 291 319 (-864 -592 80 ) (-928 -592 80 ) (-928 -500 80 ) (-864 -500 80 ) 
4 291 317 (-784 -500 80 ) (-784 -592 80 ) (-864 -592 80 ) (-864 -500 80 ) 
4 291 303 (-960 -500 80 ) (-960 -592 80 ) (-960 -592 200 ) (-960 -500 200 ) 
4 292 327 (-784 -624 80 ) (-784 -624 156 ) (-960 -624 200 ) (-960 -624 80 ) 
4 292 326 (-928 -624 80 ) (-960 -624 80 ) (-960 -608 80 ) (-928 -608 80 ) 
4 292 319 (-864 -624 80 ) (-928 -624 80 ) (-928 -608 80 ) (-864 -608 80 ) 
4 292 318 (-784 -608 80 ) (-784 -624 80 ) (-864 -624 80 ) (-864 -608 80 ) 
4 292 304 (-960 -608 80 ) (-960 -624 80 ) (-960 -624 200 ) (-960 -608 200 ) 
4 293 297 (-1012 -402 352 ) (-1020 -402 352 ) (-1020 -402 231 ) (-1012 -402 229 ) 
4 293 296 (-960 -402 216 ) (-960 -402 352 ) (-1012 -402 352 ) (-1012 -402 229 ) 
4 293 301 (-1020 -402 352 ) (-1024 -402 352 ) (-1024 -402 232 ) (-1020 -402 231 ) 
4 294 314 (-1024 -240 80 ) (-1024 -228 80 ) (-960 -228 80 ) (-960 -240 80 ) 
4 294 316 (-1024 -352 80 ) (-1024 -240 80 ) (-960 -240 80 ) (-960 -352 80 ) 
4 294 312 (-1024 -228 80 ) (-1024 -216 80 ) (-960 -216 80 ) (-960 -228 80 ) 
4 294 310 (-1024 -216 80 ) (-1024 -204 80 ) (-960 -204 80 ) (-960 -216 80 ) 
4 294 308 (-1024 -204 80 ) (-1024 -192 80 ) (-960 -192 80 ) (-960 -204 80 ) 
4 294 307 (-1024 -192 80 ) (-1024 0 80 ) (-960 0 80 ) (-960 -192 80 ) 
4 295 320 (-1024 -402 80 ) (-1024 -368 80 ) (-960 -368 80 ) (-960 -402 80 ) 
4 295 297 (-1020 -402 80 ) (-1012 -402 80 ) (-1012 -402 213 ) (-1020 -402 215 ) 
4 295 296 (-1012 -402 80 ) (-960 -402 80 ) (-960 -402 200 ) (-1012 -402 213 ) 
4 295 301 (-1024 -402 80 ) (-1020 -402 80 ) (-1020 -402 215 ) (-1024 -402 216 ) 
4 296 321 (-960 -424 80 ) (-960 -500 80 ) (-1012 -500 80 ) (-1012 -424 80 ) 
4 296 320 (-1012 -402 80 ) (-960 -402 80 ) (-960 -424 80 ) (-1012 -424 80 ) 
4 296 306 (-992 -500 224 ) (-992 -500 352 ) (-1012 -500 352 ) (-1012 -500 229 ) 
4 296 305 (-1012 -500 80 ) (-992 -500 80 ) (-992 -500 208 ) (-1012 -500 213 ) 
4 296 303 (-992 -500 80 ) (-960 -500 80 ) (-960 -500 200 ) (-992 -500 208 ) 
4 296 302 (-960 -500 216 ) (-960 -500 352 ) (-992 -500 352 ) (-992 -500 224 ) 
4 296 299 (-1012 -424 80 ) (-1012 -472 80 ) (-1012 -472 256 ) (-1012 -424 256 ) 
4 296 298 (-1012 -472 256 ) (-1012 -472 352 ) (-1012 -424 352 ) (-1012 -424 256 ) 
4 296 297 (-1012 -402 352 ) (-1012 -402 80 ) (-1012 -424 80 ) (-1012 -424 352 ) 
4 296 300 (-1012 -472 80 ) (-1012 -500 80 ) (-1012 -500 352 ) (-1012 -472 352 ) 
4 297 320 (-1020 -402 80 ) (-1012 -402 80 ) (-1012 -424 80 ) (-1020 -424 80 ) 
4 297 299 (-1020 -424 256 ) (-1020 -424 80 ) (-1012 -424 80 ) (-1012 -424 256 ) 
4 297 298 (-1020 -424 352 ) (-1020 -424 256 ) (-1012 -424 256 ) (-1012 -424 352 ) 
4 297 301 (-1020 -402 352 ) (-1020 -402 80 ) (-1020 -424 80 ) (-1020 -424 352 ) 
4 298 301 (-1020 -472 256 ) (-1020 -472 352 ) (-1020 -424 352 ) (-1020 -424 256 ) 
4 298 300 (-1020 -472 352 ) (-1020 -472 256 ) (-1012 -472 256 ) (-1012 -472 352 ) 
4 298 299 (-1012 -472 256 ) (-1020 -472 256 ) (-1020 -424 256 ) (-1012 -424 256 ) 
4 299 322 (-1012 -424 80 ) (-1012 -472 80 ) (-1020 -472 80 ) (-1020 -424 80 ) 
4 299 301 (-1020 -424 80 ) (-1020 -472 80 ) (-1020 -472 256 ) (-1020 -424 256 ) 
4 299 300 (-1020 -472 256 ) (-1020 -472 80 ) (-1012 -472 80 ) (-1012 -472 256 ) 
4 300 323 (-1012 -472 80 ) (-1012 -500 80 ) (-1020 -500 80 ) (-1020 -472 80 ) 
4 300 306 (-1012 -500 229 ) (-1012 -500 352 ) (-1020 -500 352 ) (-1020 -500 231 ) 
4 300 305 (-1020 -500 80 ) (-1012 -500 80 ) (-1012 -500 213 ) (-1020 -500 215 ) 
4 300 301 (-1020 -472 80 ) (-1020 -500 80 ) (-1020 -500 352 ) (-1020 -472 352 ) 
4 301 324 (-1024 -500 80 ) (-1024 -424 80 ) (-1020 -424 80 ) (-1020 -500 80 ) 
4 301 320 (-1024 -424 80 ) (-1024 -402 80 ) (-1020 -402 80 ) (-1020 -424 80 ) 
4 301 306 (-1020 -500 231 ) (-1020 -500 352 ) (-1024 -500 352 ) (-1024 -500 232 ) 
4 301 305 (-1024 -500 80 ) (-1020 -500 80 ) (-1020 -500 215 ) (-1024 -500 216 ) 
4 302 327 (-960 -624 352 ) (-992 -624 352 ) (-992 -624 224 ) (-960 -624 216 ) 
4 302 306 (-992 -500 352 ) (-992 -500 224 ) (-992 -576 224 ) (-992 -576 352 ) 
4 303 325 (-992 -592 80 ) (-992 -576 80 ) (-960 -576 80 ) (-960 -592 80 ) 
4 303 321 (-992 -576 80 ) (-992 -500 80 ) (-960 -500 80 ) (-960 -576 80 ) 
4 303 305 (-992 -500 208 ) (-992 -500 80 ) (-992 -576 80 ) (-992 -576 208 ) 
4 304 327 (-992 -624 208 ) (-992 -624 80 ) (-960 -624 80 ) (-960 -624 200 ) 
4 304 326 (-960 -624 80 ) (-992 -624 80 ) (-992 -608 80 ) (-960 -608 80 ) 
4 305 323 (-1020 -500 80 ) (-1012 -500 80 ) (-1012 -576 80 ) (-1020 -576 80 ) 
4 305 321 (-1012 -500 80 ) (-992 -500 80 ) (-992 -576 80 ) (-1012 -576 80 ) 
4 305 324 (-1024 -576 80 ) (-1024 -500 80 ) (-1020 -500 80 ) (-1020 -576 80 ) 
4 307 308 (-784 -192 0 ) (-784 -192 80 ) (-1024 -192 80 ) (-1024 -192 0 ) 
4 308 310 (-784 -204 0 ) (-784 -204 80 ) (-1024 -204 80 ) (-1024 -204 0 ) 
4 309 310 (-784 -204 -8 ) (-784 -204 -4 ) (-1024 -204 -4 ) (-1024 -204 -8 ) 
4 309 311 (-1024 -204 -32 ) (-784 -204 -32 ) (-784 -204 -12 ) (-1024 -204 -12 ) 
4 310 312 (-784 -216 -8 ) (-784 -216 80 ) (-1024 -216 80 ) (-1024 -216 -8 ) 
4 311 312 (-784 -216 -16 ) (-784 -216 -12 ) (-1024 -216 -12 ) (-1024 -216 -16 ) 
4 311 313 (-1024 -216 -32 ) (-784 -216 -32 ) (-784 -216 -20 ) (-1024 -216 -20 ) 
4 312 314 (-784 -228 -16 ) (-784 -228 80 ) (-1024 -228 80 ) (-1024 -228 -16 ) 
4 313 314 (-784 -228 -24 ) (-784 -228 -20 ) (-1024 -228 -20 ) (-1024 -228 -24 ) 
4 313 315 (-1024 -228 -32 ) (-784 -228 -32 ) (-784 -228 -28 ) (-1024 -228 -28 ) 
4 314 316 (-784 -240 -24 ) (-784 -240 80 ) (-1024 -240 80 ) (-1024 -240 -24 ) 
4 315 316 (-1024 -240 -32 ) (-784 -240 -32 ) (-784 -240 -28 ) (-1024 -240 -28 ) 
4 316 319 (-928 -352 -32 ) (-864 -352 -32 ) (-864 -352 80 ) (-928 -352 80 ) 
4 317 319 (-864 -368 -32 ) (-864 -592 -32 ) (-864 -592 80 ) (-864 -368 80 ) 
4 318 327 (-864 -624 -32 ) (-784 -624 -32 ) (-784 -624 80 ) (-864 -624 80 ) 
4 318 319 (-864 -608 -32 ) (-864 -624 -32 ) (-864 -624 80 ) (-864 -608 80 ) 
4 319 327 (-928 -624 -32 ) (-864 -624 -32 ) (-864 -624 80 ) (-928 -624 80 ) 
4 319 325 (-928 -576 -32 ) (-928 -592 -32 ) (-928 -592 80 ) (-928 -576 80 ) 
4 319 326 (-928 -608 -32 ) (-928 -624 -32 ) (-928 -624 80 ) (-928 -608 80 ) 
4 319 321 (-928 -424 -32 ) (-928 -576 -32 ) (-928 -576 80 ) (-928 -424 80 ) 
4 319 320 (-928 -368 -32 ) (-928 -424 -32 ) (-928 -424 80 ) (-928 -368 80 ) 
4 320 322 (-1020 -424 -32 ) (-1012 -424 -32 ) (-1012 -424 80 ) (-1020 -424 80 ) 
4 320 321 (-1012 -424 -32 ) (-928 -424 -32 ) (-928 -424 80 ) (-1012 -424 80 ) 
4 320 324 (-1024 -424 -32 ) (-1020 -424 -32 ) (-1020 -424 80 ) (-1024 -424 80 ) 
4 321 325 (-992 -576 -32 ) (-928 -576 -32 ) (-928 -576 80 ) (-992 -576 80 ) 
4 321 323 (-1012 -472 -32 ) (-1012 -576 -32 ) (-1012 -576 80 ) (-1012 -472 80 ) 
4 321 322 (-1012 -424 80 ) (-1012 -424 -32 ) (-1012 -472 -32 ) (-1012 -472 80 ) 
4 322 324 (-1020 -424 80 ) (-1020 -424 -32 ) (-1020 -472 -32 ) (-1020 -472 80 ) 
4 322 323 (-1020 -472 80 ) (-1020 -472 -32 ) (-1012 -472 -32 ) (-1012 -472 80 ) 
4 323 324 (-1020 -472 -32 ) (-1020 -576 -32 ) (-1020 -576 80 ) (-1020 -472 80 ) 
4 326 327 (-992 -624 -32 ) (-928 -624 -32 ) (-928 -624 80 ) (-992 -624 80 ) 
4 327 328 (-992 -640 -32 ) (-992 -1024 -32 ) (-992 -1024 352 ) (-992 -640 352 ) 
4 329 350 (-1024 0 -64 ) (-1024 0 -256 ) (-1024 -1024 -256 ) (-1024 -1024 -64 ) 
4 329 338 (0 -1024 -256 ) (0 -1024 -64 ) (-1024 -1024 -64 ) (-1024 -1024 -256 ) 
4 330 337 (0 -1024 848 ) (0 -1024 416 ) (0 -1040 416 ) (0 -1040 848 ) 
4 330 333 (1024 -1040 416 ) (1024 -1040 453.333313 ) (0 -1040 848 ) (0 -1040 416 ) 
4 331 336 (0 -1040 1536 ) (0 -1024 1536 ) (0 -1024 936 ) (0 -1040 936 ) 
4 331 334 (1024 -1040 541.333313 ) (1024 -1040 1536 ) (0 -1040 1536 ) (0 -1040 936 ) 
4 332 338 (0 -1024 -32 ) (0 -1024 -256 ) (0 -1040 -256 ) (0 -1040 -32 ) 
4 332 333 (0 -1040 -256 ) (1024 -1040 -256 ) (1024 -1040 -32 ) (0 -1040 -32 ) 
4 333 340 (0 -1040 848 ) (0 -1040 -256 ) (0 -1152 -256 ) (0 -1152 848 ) 
4 333 335 (0 -1152 -256 ) (1024 -1152 -256 ) (1024 -1152 453.333313 ) (0 -1152 848 ) 
4 334 339 (0 -1152 1536 ) (0 -1040 1536 ) (0 -1040 936 ) (0 -1152 936 ) 
4 334 335 (1024 -1152 541.333313 ) (1024 -1152 1536 ) (0 -1152 1536 ) (0 -1152 936 ) 
4 335 341 (0 -1536 1536 ) (0 -1152 1536 ) (0 -1152 -256 ) (0 -1536 -256 ) 
4 336 351 (-1024 -1040 1536 ) (-1024 -1024 1536 ) (-1024 -1024 541.333313 ) (-1024 -1040 541.333313 ) 
4 336 339 (0 -1040 936 ) (0 -1040 1536 ) (-1024 -1040 1536 ) (-1024 -1040 541.333313 ) 
4 337 352 (-1024 -1024 453.333313 ) (-1024 -1024 416 ) (-1024 -1040 416 ) (-1024 -1040 453.333313 ) 
4 337 340 (0 -1040 416 ) (0 -1040 848 ) (-1024 -1040 453.333313 ) (-1024 -1040 416 ) 
4 338 352 (-1024 -1024 -32 ) (-1024 -1024 -256 ) (-1024 -1040 -256 ) (-1024 -1040 -32 ) 
4 338 340 (-1024 -1040 -256 ) (0 -1040 -256 ) (0 -1040 -32 ) (-1024 -1040 -32 ) 
4 339 351 (-1024 -1152 1536 ) (-1024 -1040 1536 ) (-1024 -1040 541.333252 ) (-1024 -1152 541.333313 ) 
4 339 341 (0 -1152 936 ) (0 -1152 1536 ) (-1024 -1152 1536 ) (-1024 -1152 541.333252 ) 
4 340 352 (-1024 -1040 453.333374 ) (-1024 -1040 -256 ) (-1024 -1152 -256 ) (-1024 -1152 453.333313 ) 
4 340 341 (-1024 -1152 -256 ) (0 -1152 -256 ) (0 -1152 848 ) (-1024 -1152 453.333374 ) 
4 341 353 (-1024 -1536 1536 ) (-1024 -1152 1536 ) (-1024 -1152 -256 ) (-1024 -1536 -256 ) 
4 342 351 (-1024 -1024 541.333313 ) (-1024 -1024 1536 ) (-1152 -1024 1536 ) (-1152 -1024 492 ) 
4 342 346 (-1152 -1024 492 ) (-1152 -1024 1536 ) (-1152 0 1536 ) (-1152 0 492 ) 
3 343 352 (-1024 -1024 416 ) (-1024 -1024 453.333313 ) (-1120.864868 -1024 416 ) 
4 343 345 (-1120.864868 0 416 ) (-1040 0 416 ) (-1040 -1024 416 ) (-1120.864868 -1024 416 ) 
4 343 344 (-1024 -576 416 ) (-1024 -640 416 ) (-1040 -640 416 ) (-1040 -576 416 ) 
4 344 345 (-1040 -576 352 ) (-1040 -640 352 ) (-1040 -640 416 ) (-1040 -576 416 ) 
5 345 352 (-1040 -1024 416 ) (-1120.864868 -1024 416 ) (-1152 -1024 404 ) (-1152 -1024 352 ) (-1040 -1024 352 ) 
4 345 347 (-1056 -576 352 ) (-1056 0 352 ) (-1040 0 352 ) (-1040 -576 352 ) 
4 345 348 (-1040 -1024 352 ) (-1056 -1024 352 ) (-1056 -640 352 ) (-1040 -640 352 ) 
4 345 349 (-1056 -1024 352 ) (-1152 -1024 352 ) (-1152 0 352 ) (-1056 0 352 ) 
4 345 346 (-1152 0 352 ) (-1152 -1024 352 ) (-1152 -1024 404 ) (-1152 0 404 ) 
4 346 354 (-1152 -1024 1536 ) (-1536 -1024 1536 ) (-1536 -1024 352 ) (-1152 -1024 352 ) 
4 346 349 (-1152 -1024 352 ) (-1536 -1024 352 ) (-1536 0 352 ) (-1152 0 352 ) 
4 347 350 (-1056 0 -32 ) (-1040 0 -32 ) (-1040 -576 -32 ) (-1056 -576 -32 ) 
4 347 349 (-1056 0 -32 ) (-1056 -576 -32 ) (-1056 -576 352 ) (-1056 0 352 ) 
4 348 352 (-1040 -1024 352 ) (-1056 -1024 352 ) (-1056 -1024 -32 ) (-1040 -1024 -32 ) 
4 348 350 (-1040 -640 -32 ) (-1040 -1024 -32 ) (-1056 -1024 -32 ) (-1056 -640 -32 ) 
4 348 349 (-1056 -640 -32 ) (-1056 -1024 -32 ) (-1056 -1024 352 ) (-1056 -640 352 ) 
4 349 352 (-1056 -1024 352 ) (-1152 -1024 352 ) (-1152 -1024 -32 ) (-1056 -1024 -32 ) 
4 349 354 (-1152 -1024 352 ) (-1536 -1024 352 ) (-1536 -1024 -32 ) (-1152 -1024 -32 ) 
4 349 350 (-1536 0 -32 ) (-1056 0 -32 ) (-1056 -1024 -32 ) (-1536 -1024 -32 ) 
4 350 352 (-1024 -1024 -256 ) (-1024 -1024 -32 ) (-1152 -1024 -32 ) (-1152 -1024 -256 ) 
4 350 354 (-1152 -1024 -32 ) (-1536 -1024 -32 ) (-1536 -1024 -256 ) (-1152 -1024 -256 ) 
4 351 353 (-1152 -1152 1536 ) (-1152 -1152 492 ) (-1024 -1152 541.333313 ) (-1024 -1152 1536 ) 
4 351 354 (-1152 -1152 492 ) (-1152 -1152 1536 ) (-1152 -1024 1536 ) (-1152 -1024 492 ) 
4 352 354 (-1152 -1024 -256 ) (-1152 -1152 -256 ) (-1152 -1152 404 ) (-1152 -1024 404 ) 
4 352 353 (-1152 -1152 404 ) (-1152 -1152 -256 ) (-1024 -1152 -256 ) (-1024 -1152 453.333313 ) 
4 353 354 (-1152 -1152 -256 ) (-1152 -1536 -256 ) (-1152 -1536 1536 ) (-1152 -1152 1536 ) 
