PRT1
194
493
4 0 50 (0 1024 -48 ) (0 1024 800 ) (0 1132 800 ) (0 1132 -48 ) 
4 0 45 (0 1024 -0.250000 ) (0 1024 -48 ) (576 1024 -48 ) (576 1024 -0.250000 ) 
4 0 42 (592 1024 -48 ) (832 1024 -48 ) (832 1024 -0.250000 ) (592 1024 -0.250000 ) 
4 0 44 (576 1024 -48 ) (592 1024 -48 ) (592 1024 -0.250000 ) (576 1024 -0.250000 ) 
4 0 41 (832 1024 -48 ) (940 1024 -48 ) (940 1024 -0.250000 ) (832 1024 -0.250000 ) 
4 0 10 (0 1024 800 ) (0 1024 -0.250000 ) (592 1024 -0.250000 ) (592 1024 800 ) 
4 0 7 (592 1024 -0.250000 ) (832 1024 -0.250000 ) (832 1024 160 ) (592 1024 160 ) 
4 0 5 (832 1024 160 ) (832 1024 800 ) (592 1024 800 ) (592 1024 160 ) 
4 0 2 (832 1024 -0.250000 ) (848 1024 -0.250000 ) (848 1024 800 ) (832 1024 800 ) 
4 0 1 (848 1024 -0.250000 ) (940 1024 -0.250000 ) (940 1024 800 ) (848 1024 800 ) 
4 1 132 (848 0 0 ) (848 0 -0.250000 ) (940 0 -0.250000 ) (940 0 0 ) 
4 1 100 (940 0 800 ) (848 0 800 ) (848 0 0 ) (940 0 0 ) 
4 1 41 (940 0 -0.250000 ) (848 0 -0.250000 ) (848 1024 -0.250000 ) (940 1024 -0.250000 ) 
4 1 3 (848 0 160 ) (848 0 800 ) (848 384 800 ) (848 384 160 ) 
4 1 4 (848 384 -0.250000 ) (848 0 -0.250000 ) (848 0 0 ) (848 384 0 ) 
4 1 2 (848 1024 -0.250000 ) (848 384 -0.250000 ) (848 384 800 ) (848 1024 800 ) 
4 2 41 (832 384 -0.250000 ) (832 1024 -0.250000 ) (848 1024 -0.250000 ) (848 384 -0.250000 ) 
4 2 8 (832 400 -0.250000 ) (832 384 -0.250000 ) (832 384 0 ) (832 400 0 ) 
4 2 7 (832 1024 -0.250000 ) (832 400 -0.250000 ) (832 400 160 ) (832 1024 160 ) 
4 2 5 (832 384 160 ) (832 384 800 ) (832 1024 800 ) (832 1024 160 ) 
4 2 3 (848 384 160 ) (848 384 800 ) (832 384 800 ) (832 384 160 ) 
4 2 4 (848 384 -0.250000 ) (848 384 0 ) (832 384 0 ) (832 384 -0.250000 ) 
4 3 101 (848 0 800 ) (832 0 800 ) (832 0 160 ) (848 0 160 ) 
4 3 6 (832 0 176 ) (832 0 800 ) (832 384 800 ) (832 384 176 ) 
4 4 132 (832 0 0 ) (832 0 -0.250000 ) (848 0 -0.250000 ) (848 0 0 ) 
4 4 41 (848 0 -0.250000 ) (832 0 -0.250000 ) (832 384 -0.250000 ) (848 384 -0.250000 ) 
4 4 9 (832 384 -0.250000 ) (832 0 -0.250000 ) (832 0 0 ) (832 384 0 ) 
4 5 11 (592 384 202 ) (592 384 800 ) (592 784 800 ) (592 784 202 ) 
4 5 10 (592 1024 800 ) (592 1024 160 ) (592 784 160 ) (592 784 800 ) 
4 5 7 (592 400 160 ) (592 1024 160 ) (832 1024 160 ) (832 400 160 ) 
4 5 6 (832 384 176 ) (832 384 800 ) (592 384 800 ) (592 384 176 ) 
4 6 103 (592 0 800 ) (592 0 176 ) (832 0 176 ) (832 0 800 ) 
4 6 28 (592 0 202 ) (592 0 416 ) (592 256 416 ) (592 256 202 ) 
4 6 26 (592 0 416 ) (592 0 800 ) (592 256 800 ) (592 256 416 ) 
4 6 11 (592 256 800 ) (592 384 800 ) (592 384 202 ) (592 256 202 ) 
4 7 42 (592 400 -0.250000 ) (592 1024 -0.250000 ) (832 1024 -0.250000 ) (832 400 -0.250000 ) 
4 7 12 (592 784 -0.250000 ) (592 400 -0.250000 ) (592 400 0 ) (592 784 0 ) 
4 7 10 (592 1024 160 ) (592 1024 -0.250000 ) (592 784 -0.250000 ) (592 784 160 ) 
4 7 8 (832 400 -0.250000 ) (832 400 0 ) (592 400 0 ) (592 400 -0.250000 ) 
4 8 42 (592 384 -0.250000 ) (592 400 -0.250000 ) (832 400 -0.250000 ) (832 384 -0.250000 ) 
4 8 12 (592 400 -0.250000 ) (592 384 -0.250000 ) (592 384 0 ) (592 400 0 ) 
4 8 9 (832 384 -0.250000 ) (832 384 0 ) (592 384 0 ) (592 384 -0.250000 ) 
4 9 133 (592 0 0 ) (592 0 -0.250000 ) (832 0 -0.250000 ) (832 0 0 ) 
4 9 105 (592 0 160 ) (592 0 0 ) (832 0 0 ) (832 0 160 ) 
4 9 38 (592 256 -0.250000 ) (592 0 -0.250000 ) (592 0 0 ) (592 256 0 ) 
4 9 30 (592 192 112 ) (592 256 112 ) (592 256 0 ) (592 192 0 ) 
4 9 12 (592 384 -0.250000 ) (592 320 -0.250000 ) (592 320 0 ) (592 384 0 ) 
4 9 13 (592 320 -0.250000 ) (592 256 -0.250000 ) (592 256 112 ) (592 320 112 ) 
4 10 51 (0 1024 800 ) (0 1024 -0.250000 ) (0 784 -0.250000 ) (0 784 800 ) 
4 10 45 (0 784 -0.250000 ) (0 1024 -0.250000 ) (576 1024 -0.250000 ) (576 784 -0.250000 ) 
4 10 44 (576 1024 -0.250000 ) (592 1024 -0.250000 ) (592 784 -0.250000 ) (576 784 -0.250000 ) 
4 10 19 (0 784 -0.250000 ) (576 784 -0.250000 ) (576 784 0 ) (0 784 0 ) 
4 10 16 (192 784 800 ) (0 784 800 ) (0 784 202 ) (192 784 202 ) 
4 10 15 (256 784 800 ) (192 784 800 ) (192 784 202 ) (256 784 202 ) 
4 10 14 (576 784 202 ) (576 784 800 ) (256 784 800 ) (256 784 202 ) 
4 10 12 (576 784 -0.250000 ) (592 784 -0.250000 ) (592 784 0 ) (576 784 0 ) 
4 10 11 (592 784 202 ) (592 784 800 ) (576 784 800 ) (576 784 202 ) 
4 11 28 (592 256 202 ) (592 256 416 ) (576 256 416 ) (576 256 202 ) 
4 11 26 (592 256 416 ) (592 256 800 ) (576 256 800 ) (576 256 416 ) 
4 11 14 (576 256 202 ) (576 256 800 ) (576 784 800 ) (576 784 202 ) 
4 12 44 (576 784 -0.250000 ) (592 784 -0.250000 ) (592 320 -0.250000 ) (576 320 -0.250000 ) 
4 12 19 (576 784 0 ) (576 784 -0.250000 ) (576 768 -0.250000 ) (576 768 0 ) 
4 12 13 (592 320 -0.250000 ) (592 320 0 ) (576 320 0 ) (576 320 -0.250000 ) 
4 13 44 (592 320 -0.250000 ) (592 256 -0.250000 ) (576 256 -0.250000 ) (576 320 -0.250000 ) 
4 13 38 (576 256 -0.250000 ) (592 256 -0.250000 ) (592 256 0 ) (576 256 0 ) 
4 13 30 (592 256 0 ) (592 256 112 ) (576 256 112 ) (576 256 0 ) 
4 13 21 (576 256 -0.250000 ) (576 256 112 ) (576 320 112 ) (576 320 -0.250000 ) 
4 14 28 (576 256 202 ) (576 256 416 ) (256 256 416 ) (256 256 202 ) 
4 14 26 (576 256 416 ) (576 256 800 ) (256 256 800 ) (256 256 416 ) 
4 14 15 (256 320 800 ) (256 784 800 ) (256 784 202 ) (256 320 202 ) 
4 15 16 (192 320 800 ) (192 784 800 ) (192 784 202 ) (192 320 202 ) 
4 16 52 (0 784 800 ) (0 784 202 ) (0 320 202 ) (0 320 800 ) 
4 16 17 (0 320 202 ) (192 320 202 ) (192 320 736 ) (0 320 736 ) 
4 17 53 (0 320 202 ) (0 288 202 ) (0 288 736 ) (0 320 736 ) 
4 17 18 (192 288 204 ) (192 288 736 ) (0 288 736 ) (0 288 204 ) 
4 18 54 (0 256 204 ) (0 256 736 ) (0 288 736 ) (0 288 204 ) 
4 18 37 (0 256 736 ) (0 256 204 ) (192 256 204 ) (192 256 736 ) 
4 19 57 (0 784 0 ) (0 784 -0.250000 ) (0 768 -0.250000 ) (0 768 0 ) 
4 19 45 (0 768 -0.250000 ) (0 784 -0.250000 ) (576 784 -0.250000 ) (576 768 -0.250000 ) 
4 20 22 (544 768 186 ) (544 768 0 ) (544 320 0 ) (544 320 186 ) 
4 20 21 (544 320 186 ) (544 320 0 ) (576 320 0 ) (576 320 186 ) 
4 21 39 (544 256 -0.250000 ) (576 256 -0.250000 ) (576 256 0 ) (544 256 0 ) 
4 21 31 (576 256 0 ) (576 256 186 ) (544 256 186 ) (544 256 0 ) 
4 21 22 (544 256 0 ) (544 256 186 ) (544 320 186 ) (544 320 0 ) 
4 22 31 (544 256 0 ) (544 256 186 ) (256 256 186 ) (256 256 0 ) 
4 22 23 (256 768 186 ) (256 768 0 ) (256 320 0 ) (256 320 186 ) 
4 23 25 (192 768 184 ) (192 768 0 ) (192 320 0 ) (192 320 184 ) 
4 23 24 (192 768 186 ) (192 768 184 ) (192 320 184 ) (192 320 186 ) 
4 24 58 (0 288 186 ) (0 768 186 ) (0 768 184 ) (0 288 184 ) 
4 24 25 (0 768 184 ) (192 768 184 ) (192 288 184 ) (0 288 184 ) 
4 25 59 (0 256 0 ) (0 256 184 ) (0 768 184 ) (0 768 0 ) 
4 25 37 (0 256 184 ) (0 256 0 ) (192 256 0 ) (192 256 184 ) 
4 26 108 (592 0 416 ) (592 0 736 ) (256 0 736 ) (256 0 416 ) 
4 26 107 (592 0 736 ) (592 0 800 ) (256 0 800 ) (256 0 736 ) 
4 26 28 (256 256 416 ) (592 256 416 ) (592 0 416 ) (256 0 416 ) 
4 26 27 (256 256 416 ) (256 0 416 ) (256 0 736 ) (256 256 736 ) 
4 27 114 (192 0 736 ) (192 0 416 ) (224 0 416 ) (224 0 736 ) 
4 27 108 (224 0 416 ) (256 0 416 ) (256 0 736 ) (224 0 736 ) 
4 27 33 (192 32 416 ) (192 256 416 ) (224 256 416 ) (224 32 416 ) 
4 27 29 (224 256 416 ) (256 256 416 ) (256 32 416 ) (224 32 416 ) 
4 27 37 (192 0 416 ) (192 0 736 ) (192 256 736 ) (192 256 416 ) 
4 28 109 (592 0 202 ) (592 0 416 ) (256 0 416 ) (256 0 202 ) 
4 28 29 (256 32 416 ) (256 256 416 ) (256 256 202 ) (256 32 202 ) 
4 29 34 (224 256 392 ) (224 256 204 ) (224 32 204 ) (224 32 392 ) 
4 29 33 (224 32 416 ) (224 256 416 ) (224 256 412 ) (224 32 412 ) 
4 30 38 (576 256 0 ) (592 256 0 ) (592 192 0 ) (576 192 0 ) 
4 30 31 (576 256 0 ) (576 192 0 ) (576 192 112 ) (576 256 112 ) 
4 31 112 (256 0 0 ) (576 0 0 ) (576 0 186 ) (256 0 186 ) 
4 31 39 (544 256 0 ) (576 256 0 ) (576 192 0 ) (544 192 0 ) 
4 31 32 (256 256 0 ) (256 32 0 ) (256 32 186 ) (256 256 186 ) 
4 32 35 (224 256 0 ) (224 32 0 ) (224 32 128 ) (224 256 128 ) 
4 33 37 (192 32 412 ) (192 32 416 ) (192 256 416 ) (192 256 412 ) 
4 34 36 (196 32 204 ) (196 32 392 ) (196 256 392 ) (196 256 204 ) 
4 35 36 (196 256 0 ) (196 32 0 ) (196 32 128 ) (196 256 128 ) 
4 36 37 (192 256 0 ) (192 32 0 ) (192 32 392 ) (192 256 392 ) 
4 37 119 (0 0 800 ) (0 0 0 ) (192 0 0 ) (192 0 800 ) 
4 37 67 (0 0 0 ) (0 0 800 ) (0 256 800 ) (0 256 0 ) 
4 37 40 (0 256 0 ) (192 256 0 ) (192 0 0 ) (0 0 0 ) 
4 38 136 (576 0 -0.250000 ) (592 0 -0.250000 ) (592 0 0 ) (576 0 0 ) 
4 38 44 (592 0 -0.250000 ) (576 0 -0.250000 ) (576 256 -0.250000 ) (592 256 -0.250000 ) 
4 38 39 (576 192 0 ) (576 256 0 ) (576 256 -0.250000 ) (576 192 -0.250000 ) 
4 40 139 (0 0 0 ) (0 0 -0.250000 ) (192 0 -0.250000 ) (192 0 0 ) 
4 40 79 (0 0 -0.250000 ) (0 0 0 ) (0 256 0 ) (0 256 -0.250000 ) 
4 40 48 (0 240 -0.250000 ) (0 256 -0.250000 ) (192 256 -0.250000 ) (192 240 -0.250000 ) 
4 40 49 (192 0 -0.250000 ) (0 0 -0.250000 ) (0 240 -0.250000 ) (192 240 -0.250000 ) 
4 41 132 (940 0 -0.250000 ) (832 0 -0.250000 ) (832 0 -48 ) (940 0 -48 ) 
4 41 43 (832 384 -48 ) (832 0 -48 ) (832 0 -32 ) (832 384 -32 ) 
4 41 42 (832 1024 -48 ) (832 384 -48 ) (832 384 -0.250000 ) (832 1024 -0.250000 ) 
4 42 43 (592 384 -32 ) (592 384 -48 ) (832 384 -48 ) (832 384 -32 ) 
4 42 44 (592 1024 -48 ) (592 384 -48 ) (592 384 -0.250000 ) (592 1024 -0.250000 ) 
4 43 134 (592 0 -32 ) (592 0 -48 ) (832 0 -48 ) (832 0 -32 ) 
4 43 44 (592 384 -48 ) (592 0 -48 ) (592 0 -32 ) (592 384 -32 ) 
4 44 136 (592 0 -0.250000 ) (576 0 -0.250000 ) (576 0 -48 ) (592 0 -48 ) 
4 44 47 (576 256 -48 ) (576 0 -48 ) (576 0 -32 ) (576 256 -32 ) 
4 44 46 (576 768 -48 ) (576 256 -48 ) (576 256 -32 ) (576 768 -32 ) 
4 44 45 (576 1024 -48 ) (576 768 -48 ) (576 768 -0.250000 ) (576 1024 -0.250000 ) 
4 45 91 (0 768 -0.250000 ) (0 1024 -0.250000 ) (0 1024 -48 ) (0 768 -48 ) 
4 45 46 (0 768 -48 ) (576 768 -48 ) (576 768 -32 ) (0 768 -32 ) 
4 46 92 (0 768 -32 ) (0 768 -48 ) (0 256 -48 ) (0 256 -32 ) 
4 46 47 (192 256 -48 ) (576 256 -48 ) (576 256 -32 ) (192 256 -32 ) 
4 47 141 (192 0 -32 ) (192 0 -48 ) (576 0 -48 ) (576 0 -32 ) 
4 48 93 (0 240 -0.250000 ) (0 256 -0.250000 ) (0 256 -8 ) (0 240 -8 ) 
4 48 49 (192 240 -8 ) (192 240 -0.250000 ) (0 240 -0.250000 ) (0 240 -8 ) 
4 49 142 (192 0 -0.250000 ) (0 0 -0.250000 ) (0 0 -16 ) (192 0 -16 ) 
4 49 94 (0 0 -16 ) (0 0 -0.250000 ) (0 240 -0.250000 ) (0 240 -16 ) 
4 50 99 (-832 1024 -0.250000 ) (-918 1024 -0.250000 ) (-918 1024 -48 ) (-832 1024 -48 ) 
4 50 97 (-592 1024 -0.250000 ) (-832 1024 -0.250000 ) (-832 1024 -48 ) (-592 1024 -48 ) 
4 50 96 (-576 1024 -0.250000 ) (-592 1024 -0.250000 ) (-592 1024 -48 ) (-576 1024 -48 ) 
4 50 91 (0 1024 -48 ) (0 1024 -0.250000 ) (-576 1024 -0.250000 ) (-576 1024 -48 ) 
4 50 87 (-832 1024 800 ) (-848 1024 800 ) (-848 1024 -0.250000 ) (-832 1024 -0.250000 ) 
4 50 90 (-848 1024 800 ) (-918 1024 800 ) (-918 1024 -0.250000 ) (-848 1024 -0.250000 ) 
4 50 84 (-832 1024 160 ) (-832 1024 -0.250000 ) (-592 1024 -0.250000 ) (-592 1024 160 ) 
4 50 82 (-592 1024 800 ) (-832 1024 800 ) (-832 1024 160 ) (-592 1024 160 ) 
4 50 51 (0 1024 -0.250000 ) (0 1024 800 ) (-592 1024 800 ) (-592 1024 -0.250000 ) 
4 51 96 (-592 784 -0.250000 ) (-592 1024 -0.250000 ) (-576 1024 -0.250000 ) (-576 784 -0.250000 ) 
4 51 91 (-576 1024 -0.250000 ) (0 1024 -0.250000 ) (0 784 -0.250000 ) (-576 784 -0.250000 ) 
4 51 84 (-592 1024 160 ) (-592 1024 -0.250000 ) (-592 784 -0.250000 ) (-592 784 160 ) 
4 51 82 (-592 1024 800 ) (-592 1024 160 ) (-592 784 160 ) (-592 784 800 ) 
4 51 65 (-592 784 0 ) (-592 784 -0.250000 ) (-576 784 -0.250000 ) (-576 784 0 ) 
4 51 64 (-592 784 800 ) (-592 784 202 ) (-576 784 202 ) (-576 784 800 ) 
4 51 57 (-576 784 -0.250000 ) (0 784 -0.250000 ) (0 784 0 ) (-576 784 0 ) 
4 51 56 (-256 784 800 ) (-576 784 800 ) (-576 784 202 ) (-256 784 202 ) 
4 51 55 (-192 784 800 ) (-256 784 800 ) (-256 784 202 ) (-192 784 202 ) 
4 51 52 (0 784 202 ) (0 784 800 ) (-192 784 800 ) (-192 784 202 ) 
4 52 55 (-192 320 800 ) (-192 784 800 ) (-192 784 202 ) (-192 320 202 ) 
4 52 53 (-192 320 736 ) (-192 320 202 ) (0 320 202 ) (0 320 736 ) 
4 53 54 (-192 288 736 ) (-192 288 204 ) (0 288 204 ) (0 288 736 ) 
4 54 67 (0 256 204 ) (0 256 736 ) (-192 256 736 ) (-192 256 204 ) 
4 55 56 (-256 320 800 ) (-256 784 800 ) (-256 784 202 ) (-256 320 202 ) 
4 56 75 (-576 256 416 ) (-576 256 202 ) (-256 256 202 ) (-256 256 416 ) 
4 56 69 (-256 256 800 ) (-576 256 800 ) (-576 256 416 ) (-256 256 416 ) 
4 56 64 (-576 256 202 ) (-576 256 800 ) (-576 784 800 ) (-576 784 202 ) 
4 57 91 (-576 784 -0.250000 ) (0 784 -0.250000 ) (0 768 -0.250000 ) (-576 768 -0.250000 ) 
4 57 65 (-576 784 0 ) (-576 784 -0.250000 ) (-576 768 -0.250000 ) (-576 768 0 ) 
4 58 60 (-192 768 186 ) (-192 768 184 ) (-192 320 184 ) (-192 320 186 ) 
4 58 59 (-192 288 184 ) (-192 768 184 ) (0 768 184 ) (0 288 184 ) 
4 59 67 (0 256 0 ) (0 256 184 ) (-192 256 184 ) (-192 256 0 ) 
4 59 60 (-192 768 184 ) (-192 768 0 ) (-192 320 0 ) (-192 320 184 ) 
4 60 61 (-256 768 186 ) (-256 768 0 ) (-256 320 0 ) (-256 320 186 ) 
4 61 77 (-256 256 0 ) (-256 256 186 ) (-556 256 186 ) (-556 256 0 ) 
4 61 62 (-556 768 186 ) (-556 768 0 ) (-556 320 0 ) (-556 320 186 ) 
4 61 63 (-556 320 0 ) (-556 256 0 ) (-556 256 186 ) (-556 320 186 ) 
4 62 63 (-556 320 0 ) (-556 320 186 ) (-576 320 186 ) (-576 320 0 ) 
4 63 80 (-576 256 -0.250000 ) (-556 256 -0.250000 ) (-556 256 0 ) (-576 256 0 ) 
4 63 77 (-556 256 0 ) (-556 256 186 ) (-576 256 186 ) (-576 256 0 ) 
4 63 66 (-576 256 -0.250000 ) (-576 256 112 ) (-576 320 112 ) (-576 320 -0.250000 ) 
4 64 83 (-592 256 202 ) (-592 256 800 ) (-592 384 800 ) (-592 384 202 ) 
4 64 82 (-592 384 800 ) (-592 784 800 ) (-592 784 202 ) (-592 384 202 ) 
4 64 75 (-592 256 416 ) (-592 256 202 ) (-576 256 202 ) (-576 256 416 ) 
4 64 69 (-592 256 800 ) (-592 256 416 ) (-576 256 416 ) (-576 256 800 ) 
4 65 96 (-592 320 -0.250000 ) (-592 784 -0.250000 ) (-576 784 -0.250000 ) (-576 320 -0.250000 ) 
4 65 85 (-592 400 -0.250000 ) (-592 384 -0.250000 ) (-592 384 0 ) (-592 400 0 ) 
4 65 84 (-592 784 -0.250000 ) (-592 400 -0.250000 ) (-592 400 0 ) (-592 784 0 ) 
4 65 86 (-592 384 -0.250000 ) (-592 320 -0.250000 ) (-592 320 0 ) (-592 384 0 ) 
4 65 66 (-576 320 -0.250000 ) (-576 320 0 ) (-592 320 0 ) (-592 320 -0.250000 ) 
4 66 96 (-592 256 -0.250000 ) (-592 320 -0.250000 ) (-576 320 -0.250000 ) (-576 256 -0.250000 ) 
4 66 86 (-592 320 -0.250000 ) (-592 256 -0.250000 ) (-592 256 112 ) (-592 320 112 ) 
4 66 81 (-592 256 0 ) (-592 256 -0.250000 ) (-576 256 -0.250000 ) (-576 256 0 ) 
4 66 78 (-592 256 112 ) (-592 256 0 ) (-576 256 0 ) (-576 256 112 ) 
4 67 147 (0 0 0 ) (0 0 800 ) (-192 0 800 ) (-192 0 0 ) 
4 67 79 (-192 256 0 ) (0 256 0 ) (0 0 0 ) (-192 0 0 ) 
4 67 71 (-192 256 0 ) (-192 32 0 ) (-192 32 392 ) (-192 256 392 ) 
4 67 70 (-192 32 412 ) (-192 32 416 ) (-192 256 416 ) (-192 256 412 ) 
4 67 68 (-192 0 416 ) (-192 0 736 ) (-192 256 736 ) (-192 256 416 ) 
4 68 154 (-256 0 736 ) (-256 0 416 ) (-224 0 416 ) (-224 0 736 ) 
4 68 149 (-224 0 416 ) (-192 0 416 ) (-192 0 736 ) (-224 0 736 ) 
4 68 74 (-256 256 416 ) (-224 256 416 ) (-224 32 416 ) (-256 32 416 ) 
4 68 70 (-224 256 416 ) (-192 256 416 ) (-192 32 416 ) (-224 32 416 ) 
4 68 69 (-256 256 416 ) (-256 0 416 ) (-256 0 736 ) (-256 256 736 ) 
4 69 154 (-592 0 736 ) (-592 0 416 ) (-256 0 416 ) (-256 0 736 ) 
4 69 148 (-256 0 800 ) (-592 0 800 ) (-592 0 736 ) (-256 0 736 ) 
4 69 83 (-592 0 416 ) (-592 0 800 ) (-592 256 800 ) (-592 256 416 ) 
4 69 75 (-592 0 416 ) (-592 256 416 ) (-256 256 416 ) (-256 0 416 ) 
4 70 74 (-224 32 412 ) (-224 32 416 ) (-224 256 416 ) (-224 256 412 ) 
4 71 72 (-196 32 204 ) (-196 32 392 ) (-196 256 392 ) (-196 256 204 ) 
4 71 73 (-196 256 0 ) (-196 32 0 ) (-196 32 128 ) (-196 256 128 ) 
4 72 74 (-224 32 204 ) (-224 32 392 ) (-224 256 392 ) (-224 256 204 ) 
4 73 76 (-224 256 0 ) (-224 32 0 ) (-224 32 128 ) (-224 256 128 ) 
4 74 75 (-256 32 202 ) (-256 32 416 ) (-256 256 416 ) (-256 256 202 ) 
4 75 156 (-592 0 416 ) (-592 0 202 ) (-256 0 202 ) (-256 0 416 ) 
4 75 83 (-592 0 202 ) (-592 0 416 ) (-592 256 416 ) (-592 256 202 ) 
4 76 77 (-256 256 0 ) (-256 32 0 ) (-256 32 186 ) (-256 256 186 ) 
4 77 158 (-576 0 0 ) (-256 0 0 ) (-256 0 186 ) (-576 0 186 ) 
4 77 80 (-576 256 0 ) (-556 256 0 ) (-556 192 0 ) (-576 192 0 ) 
4 77 78 (-576 256 0 ) (-576 192 0 ) (-576 192 112 ) (-576 256 112 ) 
4 78 86 (-592 192 112 ) (-592 256 112 ) (-592 256 0 ) (-592 192 0 ) 
4 78 81 (-592 192 0 ) (-592 256 0 ) (-576 256 0 ) (-576 192 0 ) 
4 79 179 (0 0 -0.250000 ) (0 0 0 ) (-192 0 0 ) (-192 0 -0.250000 ) 
4 79 93 (-192 240 -0.250000 ) (-192 256 -0.250000 ) (0 256 -0.250000 ) (0 240 -0.250000 ) 
4 79 94 (0 0 -0.250000 ) (-192 0 -0.250000 ) (-192 240 -0.250000 ) (0 240 -0.250000 ) 
4 80 81 (-576 192 0 ) (-576 256 0 ) (-576 256 -0.250000 ) (-576 192 -0.250000 ) 
4 81 188 (-576 0 0 ) (-592 0 0 ) (-592 0 -0.250000 ) (-576 0 -0.250000 ) 
4 81 96 (-576 0 -0.250000 ) (-592 0 -0.250000 ) (-592 256 -0.250000 ) (-576 256 -0.250000 ) 
4 81 86 (-592 256 -0.250000 ) (-592 0 -0.250000 ) (-592 0 0 ) (-592 256 0 ) 
4 82 87 (-832 384 800 ) (-832 1024 800 ) (-832 1024 160 ) (-832 384 160 ) 
4 82 84 (-832 400 160 ) (-832 1024 160 ) (-592 1024 160 ) (-592 400 160 ) 
4 82 83 (-592 384 176 ) (-592 384 800 ) (-832 384 800 ) (-832 384 176 ) 
4 83 172 (-832 0 800 ) (-832 0 176 ) (-592 0 176 ) (-592 0 800 ) 
4 83 88 (-832 0 176 ) (-832 0 800 ) (-832 384 800 ) (-832 384 176 ) 
4 84 97 (-832 400 -0.250000 ) (-832 1024 -0.250000 ) (-592 1024 -0.250000 ) (-592 400 -0.250000 ) 
4 84 87 (-832 1024 -0.250000 ) (-832 400 -0.250000 ) (-832 400 160 ) (-832 1024 160 ) 
4 84 85 (-592 400 -0.250000 ) (-592 400 0 ) (-832 400 0 ) (-832 400 -0.250000 ) 
4 85 97 (-832 384 -0.250000 ) (-832 400 -0.250000 ) (-592 400 -0.250000 ) (-592 384 -0.250000 ) 
4 85 87 (-832 400 -0.250000 ) (-832 384 -0.250000 ) (-832 384 0 ) (-832 400 0 ) 
4 85 86 (-592 384 -0.250000 ) (-592 384 0 ) (-832 384 0 ) (-832 384 -0.250000 ) 
4 86 189 (-832 0 0 ) (-832 0 -0.250000 ) (-592 0 -0.250000 ) (-592 0 0 ) 
4 86 174 (-832 0 160 ) (-832 0 0 ) (-592 0 0 ) (-592 0 160 ) 
4 86 89 (-832 384 -0.250000 ) (-832 0 -0.250000 ) (-832 0 0 ) (-832 384 0 ) 
4 87 99 (-848 384 -0.250000 ) (-848 1024 -0.250000 ) (-832 1024 -0.250000 ) (-832 384 -0.250000 ) 
4 87 88 (-848 384 800 ) (-848 384 160 ) (-832 384 160 ) (-832 384 800 ) 
4 87 89 (-848 384 0 ) (-848 384 -0.250000 ) (-832 384 -0.250000 ) (-832 384 0 ) 
4 87 90 (-848 1024 -0.250000 ) (-848 384 -0.250000 ) (-848 384 800 ) (-848 1024 800 ) 
4 88 176 (-832 0 160 ) (-832 0 800 ) (-848 0 800 ) (-848 0 160 ) 
4 88 90 (-848 0 160 ) (-848 0 800 ) (-848 384 800 ) (-848 384 160 ) 
4 89 192 (-848 0 -0.250000 ) (-832 0 -0.250000 ) (-832 0 0 ) (-848 0 0 ) 
4 89 99 (-832 0 -0.250000 ) (-848 0 -0.250000 ) (-848 384 -0.250000 ) (-832 384 -0.250000 ) 
4 89 90 (-848 384 -0.250000 ) (-848 0 -0.250000 ) (-848 0 0 ) (-848 384 0 ) 
4 90 192 (-918 0 -0.250000 ) (-848 0 -0.250000 ) (-848 0 0 ) (-918 0 0 ) 
4 90 178 (-848 0 0 ) (-848 0 800 ) (-918 0 800 ) (-918 0 0 ) 
4 90 99 (-848 0 -0.250000 ) (-918 0 -0.250000 ) (-918 1024 -0.250000 ) (-848 1024 -0.250000 ) 
4 91 96 (-576 1024 -48 ) (-576 768 -48 ) (-576 768 -0.250000 ) (-576 1024 -0.250000 ) 
4 91 92 (-576 768 -32 ) (-576 768 -48 ) (0 768 -48 ) (0 768 -32 ) 
4 92 96 (-576 768 -48 ) (-576 256 -48 ) (-576 256 -32 ) (-576 768 -32 ) 
4 92 95 (-576 256 -32 ) (-576 256 -48 ) (-192 256 -48 ) (-192 256 -32 ) 
4 93 94 (-192 240 -0.250000 ) (-192 240 -8 ) (0 240 -8 ) (0 240 -0.250000 ) 
4 94 183 (0 0 -16 ) (0 0 -0.250000 ) (-192 0 -0.250000 ) (-192 0 -16 ) 
4 95 185 (-576 0 -32 ) (-576 0 -48 ) (-192 0 -48 ) (-192 0 -32 ) 
4 95 96 (-576 256 -48 ) (-576 0 -48 ) (-576 0 -32 ) (-576 256 -32 ) 
4 96 188 (-576 0 -0.250000 ) (-592 0 -0.250000 ) (-592 0 -48 ) (-576 0 -48 ) 
4 96 98 (-592 384 -48 ) (-592 0 -48 ) (-592 0 -32 ) (-592 384 -32 ) 
4 96 97 (-592 1024 -48 ) (-592 384 -48 ) (-592 384 -0.250000 ) (-592 1024 -0.250000 ) 
4 97 99 (-832 1024 -48 ) (-832 384 -48 ) (-832 384 -0.250000 ) (-832 1024 -0.250000 ) 
4 97 98 (-832 384 -32 ) (-832 384 -48 ) (-592 384 -48 ) (-592 384 -32 ) 
4 98 190 (-832 0 -32 ) (-832 0 -48 ) (-592 0 -48 ) (-592 0 -32 ) 
4 98 99 (-832 384 -48 ) (-832 0 -48 ) (-832 0 -32 ) (-832 384 -32 ) 
4 99 192 (-832 0 -0.250000 ) (-918 0 -0.250000 ) (-918 0 -48 ) (-832 0 -48 ) 
4 100 146 (940 -1024 800 ) (848 -1024 800 ) (848 -1024 0 ) (940 -1024 0 ) 
4 100 132 (940 -1024 0 ) (848 -1024 0 ) (848 0 0 ) (940 0 0 ) 
4 100 101 (848 -384 160 ) (848 -384 800 ) (848 0 800 ) (848 0 160 ) 
4 100 102 (848 -384 0 ) (848 -1024 0 ) (848 -1024 800 ) (848 -384 800 ) 
4 101 103 (832 -384 176 ) (832 -384 800 ) (832 0 800 ) (832 0 176 ) 
4 101 102 (848 -384 160 ) (848 -384 800 ) (832 -384 800 ) (832 -384 160 ) 
4 102 146 (848 -1024 800 ) (832 -1024 800 ) (832 -1024 0 ) (848 -1024 0 ) 
4 102 132 (848 -1024 0 ) (832 -1024 0 ) (832 -384 0 ) (848 -384 0 ) 
4 102 106 (832 -400 0 ) (832 -1024 0 ) (832 -1024 160 ) (832 -400 160 ) 
4 102 104 (832 -1024 160 ) (832 -1024 800 ) (832 -384 800 ) (832 -384 160 ) 
4 103 120 (592 -384 202 ) (592 -384 800 ) (592 -256 800 ) (592 -256 202 ) 
4 103 109 (592 0 416 ) (592 0 202 ) (592 -256 202 ) (592 -256 416 ) 
4 103 108 (592 0 736 ) (592 0 416 ) (592 -256 416 ) (592 -256 736 ) 
4 103 107 (592 0 800 ) (592 0 736 ) (592 -256 736 ) (592 -256 800 ) 
4 103 104 (832 -384 176 ) (832 -384 800 ) (592 -384 800 ) (592 -384 176 ) 
4 104 146 (592 -1024 800 ) (592 -1024 160 ) (832 -1024 160 ) (832 -1024 800 ) 
4 104 131 (592 -784 160 ) (592 -1024 160 ) (592 -1024 800 ) (592 -784 800 ) 
4 104 120 (592 -784 202 ) (592 -784 800 ) (592 -384 800 ) (592 -384 202 ) 
4 104 106 (592 -1024 160 ) (592 -400 160 ) (832 -400 160 ) (832 -1024 160 ) 
4 105 133 (592 -384 0 ) (592 0 0 ) (832 0 0 ) (832 -384 0 ) 
4 105 122 (592 -256 0 ) (592 -320 0 ) (592 -320 112 ) (592 -256 112 ) 
4 105 111 (592 -192 0 ) (592 -256 0 ) (592 -256 112 ) (592 -192 112 ) 
4 106 146 (592 -1024 160 ) (592 -1024 0 ) (832 -1024 0 ) (832 -1024 160 ) 
4 106 135 (832 -1024 0 ) (592 -1024 0 ) (592 -400 0 ) (832 -400 0 ) 
4 106 131 (592 -784 0 ) (592 -1024 0 ) (592 -1024 160 ) (592 -784 160 ) 
4 107 120 (592 -256 736 ) (592 -256 800 ) (256 -256 800 ) (256 -256 736 ) 
4 107 108 (592 -256 736 ) (256 -256 736 ) (256 0 736 ) (592 0 736 ) 
4 108 120 (592 -256 416 ) (592 -256 736 ) (256 -256 736 ) (256 -256 416 ) 
4 108 115 (224 -256 416 ) (224 -256 736 ) (224 -32 736 ) (224 -32 416 ) 
4 108 114 (224 -32 736 ) (224 0 736 ) (224 0 416 ) (224 -32 416 ) 
4 108 110 (256 -256 416 ) (224 -256 416 ) (224 -32 416 ) (256 -32 416 ) 
4 108 109 (592 -256 416 ) (256 -256 416 ) (256 0 416 ) (592 0 416 ) 
4 109 120 (592 -256 202 ) (592 -256 416 ) (256 -256 416 ) (256 -256 202 ) 
4 109 110 (256 -256 202 ) (256 -256 416 ) (256 -32 416 ) (256 -32 202 ) 
4 110 115 (224 -256 412 ) (224 -256 416 ) (224 -32 416 ) (224 -32 412 ) 
4 110 116 (224 -256 204 ) (224 -256 392 ) (224 -32 392 ) (224 -32 204 ) 
4 111 136 (592 -192 0 ) (592 -256 0 ) (576 -256 0 ) (576 -192 0 ) 
4 111 122 (576 -256 0 ) (592 -256 0 ) (592 -256 112 ) (576 -256 112 ) 
4 111 112 (576 -192 0 ) (576 -256 0 ) (576 -256 112 ) (576 -192 112 ) 
4 112 137 (576 -192 0 ) (576 -256 0 ) (544 -256 0 ) (544 -192 0 ) 
4 112 123 (256 -256 0 ) (576 -256 0 ) (576 -256 186 ) (256 -256 186 ) 
4 112 113 (256 -32 0 ) (256 -256 0 ) (256 -256 186 ) (256 -32 186 ) 
4 113 117 (224 -32 0 ) (224 -256 0 ) (224 -256 128 ) (224 -32 128 ) 
4 114 115 (224 -32 416 ) (224 -32 736 ) (192 -32 736 ) (192 -32 416 ) 
4 114 119 (192 -32 416 ) (192 -32 736 ) (192 0 736 ) (192 0 416 ) 
4 115 119 (192 -256 412 ) (192 -256 736 ) (192 -32 736 ) (192 -32 412 ) 
4 116 118 (192 -256 204 ) (192 -32 204 ) (196 -32 204 ) (196 -256 204 ) 
4 116 119 (192 -256 204 ) (192 -256 392 ) (192 -32 392 ) (192 -32 204 ) 
4 117 118 (196 -256 0 ) (196 -256 128 ) (196 -32 128 ) (196 -32 0 ) 
4 118 119 (192 -32 0 ) (192 -256 0 ) (192 -256 204 ) (192 -32 204 ) 
4 119 147 (0 0 800 ) (0 0 0 ) (0 -256 0 ) (0 -256 800 ) 
4 119 139 (0 -256 0 ) (0 0 0 ) (192 0 0 ) (192 -256 0 ) 
4 119 126 (192 -256 204 ) (192 -256 392 ) (0 -256 392 ) (0 -256 204 ) 
4 119 127 (0 -256 0 ) (192 -256 0 ) (192 -256 184 ) (0 -256 184 ) 
4 119 125 (192 -256 412 ) (192 -256 736 ) (0 -256 736 ) (0 -256 412 ) 
4 120 131 (592 -784 202 ) (592 -784 800 ) (256 -784 800 ) (256 -784 202 ) 
4 120 121 (256 -784 202 ) (256 -784 800 ) (256 -320 800 ) (256 -320 202 ) 
4 121 131 (256 -784 800 ) (192 -784 800 ) (192 -784 202 ) (256 -784 202 ) 
4 121 129 (192 -784 202 ) (192 -784 736 ) (192 -320 736 ) (192 -320 202 ) 
4 121 128 (192 -784 736 ) (192 -784 800 ) (192 -320 800 ) (192 -320 736 ) 
4 122 136 (576 -256 0 ) (592 -256 0 ) (592 -320 0 ) (576 -320 0 ) 
4 122 123 (576 -320 112 ) (576 -256 112 ) (576 -256 0 ) (576 -320 0 ) 
4 123 137 (544 -256 0 ) (576 -256 0 ) (576 -320 0 ) (544 -320 0 ) 
4 123 124 (576 -320 0 ) (576 -320 186 ) (256 -320 186 ) (256 -320 0 ) 
4 124 130 (192 -768 186 ) (192 -320 186 ) (192 -320 0 ) (192 -768 0 ) 
4 125 160 (0 -288 412 ) (0 -288 736 ) (0 -256 736 ) (0 -256 412 ) 
4 125 129 (192 -288 412 ) (192 -288 736 ) (0 -288 736 ) (0 -288 412 ) 
4 126 161 (0 -288 204 ) (0 -288 392 ) (0 -256 392 ) (0 -256 204 ) 
4 126 129 (192 -288 204 ) (192 -288 392 ) (0 -288 392 ) (0 -288 204 ) 
4 127 162 (0 -256 0 ) (0 -288 0 ) (0 -288 184 ) (0 -256 184 ) 
4 127 130 (0 -288 0 ) (192 -288 0 ) (192 -288 184 ) (0 -288 184 ) 
4 128 163 (0 -784 736 ) (0 -784 800 ) (0 -320 800 ) (0 -320 736 ) 
4 128 131 (0 -784 800 ) (0 -784 736 ) (192 -784 736 ) (192 -784 800 ) 
4 128 129 (192 -320 736 ) (192 -784 736 ) (0 -784 736 ) (0 -320 736 ) 
4 129 164 (0 -784 202 ) (0 -784 736 ) (0 -288 736 ) (0 -288 202 ) 
4 129 131 (0 -784 736 ) (0 -784 202 ) (192 -784 202 ) (192 -784 736 ) 
4 130 165 (0 -288 0 ) (0 -768 0 ) (0 -768 186 ) (0 -288 186 ) 
4 131 171 (0 -784 0 ) (0 -1024 0 ) (0 -1024 800 ) (0 -784 800 ) 
4 131 146 (0 -1024 800 ) (0 -1024 0 ) (592 -1024 0 ) (592 -1024 800 ) 
4 131 140 (544 -1024 0 ) (0 -1024 0 ) (0 -784 0 ) (544 -784 0 ) 
4 131 138 (576 -1024 0 ) (544 -1024 0 ) (544 -784 0 ) (576 -784 0 ) 
4 131 136 (592 -1024 0 ) (576 -1024 0 ) (576 -784 0 ) (592 -784 0 ) 
4 132 146 (940 -1024 0 ) (832 -1024 0 ) (832 -1024 -48 ) (940 -1024 -48 ) 
4 132 133 (832 -384 -0.250000 ) (832 -384 0 ) (832 0 0 ) (832 0 -0.250000 ) 
4 132 134 (832 0 -48 ) (832 -384 -48 ) (832 -384 -32 ) (832 0 -32 ) 
4 132 135 (832 -384 -48 ) (832 -1024 -48 ) (832 -1024 0 ) (832 -384 0 ) 
4 133 136 (592 -384 -0.250000 ) (592 -384 0 ) (592 0 0 ) (592 0 -0.250000 ) 
4 133 135 (592 -384 0 ) (592 -384 -0.250000 ) (832 -384 -0.250000 ) (832 -384 0 ) 
4 134 135 (592 -384 -32 ) (592 -384 -48 ) (832 -384 -48 ) (832 -384 -32 ) 
4 134 136 (592 0 -48 ) (592 -384 -48 ) (592 -384 -32 ) (592 0 -32 ) 
4 135 146 (832 -1024 0 ) (592 -1024 0 ) (592 -1024 -48 ) (832 -1024 -48 ) 
4 135 136 (592 -384 -48 ) (592 -1024 -48 ) (592 -1024 0 ) (592 -384 0 ) 
4 136 146 (592 -1024 0 ) (576 -1024 0 ) (576 -1024 -48 ) (592 -1024 -48 ) 
4 136 144 (576 -256 -48 ) (576 -768 -48 ) (576 -768 -32 ) (576 -256 -32 ) 
4 136 145 (576 -768 -48 ) (576 -1024 -48 ) (576 -1024 -0.250000 ) (576 -768 -0.250000 ) 
4 136 141 (576 0 -32 ) (576 0 -48 ) (576 -256 -48 ) (576 -256 -32 ) 
4 136 138 (576 -1024 0 ) (576 -768 0 ) (576 -768 -0.250000 ) (576 -1024 -0.250000 ) 
4 136 137 (576 -320 0 ) (576 -192 0 ) (576 -192 -0.250000 ) (576 -320 -0.250000 ) 
4 138 146 (576 -1024 -0.250000 ) (576 -1024 0 ) (544 -1024 0 ) (544 -1024 -0.250000 ) 
4 138 145 (576 -768 -0.250000 ) (576 -1024 -0.250000 ) (544 -1024 -0.250000 ) (544 -768 -0.250000 ) 
4 138 140 (544 -768 -0.250000 ) (544 -1024 -0.250000 ) (544 -1024 0 ) (544 -768 0 ) 
4 139 179 (0 0 0 ) (0 0 -0.250000 ) (0 -256 -0.250000 ) (0 -256 0 ) 
4 139 143 (192 -240 -0.250000 ) (192 -256 -0.250000 ) (0 -256 -0.250000 ) (0 -240 -0.250000 ) 
4 139 142 (0 0 -0.250000 ) (192 0 -0.250000 ) (192 -240 -0.250000 ) (0 -240 -0.250000 ) 
4 140 180 (0 -768 -0.250000 ) (0 -1024 -0.250000 ) (0 -1024 0 ) (0 -768 0 ) 
4 140 146 (544 -1024 0 ) (0 -1024 0 ) (0 -1024 -0.250000 ) (544 -1024 -0.250000 ) 
4 140 145 (544 -768 -0.250000 ) (544 -1024 -0.250000 ) (0 -1024 -0.250000 ) (0 -768 -0.250000 ) 
4 141 144 (576 -256 -48 ) (576 -256 -32 ) (192 -256 -32 ) (192 -256 -48 ) 
4 142 183 (0 0 -0.250000 ) (0 0 -16 ) (0 -240 -16 ) (0 -240 -0.250000 ) 
4 142 143 (192 -240 -8 ) (192 -240 -0.250000 ) (0 -240 -0.250000 ) (0 -240 -8 ) 
4 143 184 (0 -256 -8 ) (0 -256 -0.250000 ) (0 -240 -0.250000 ) (0 -240 -8 ) 
4 144 186 (0 -256 -32 ) (0 -256 -48 ) (0 -768 -48 ) (0 -768 -32 ) 
4 144 145 (0 -768 -48 ) (576 -768 -48 ) (576 -768 -32 ) (0 -768 -32 ) 
4 145 187 (0 -1024 -48 ) (0 -1024 -0.250000 ) (0 -768 -0.250000 ) (0 -768 -48 ) 
4 145 146 (576 -1024 -48 ) (576 -1024 -0.250000 ) (0 -1024 -0.250000 ) (0 -1024 -48 ) 
4 146 193 (0 -1172 800 ) (0 -1024 800 ) (0 -1024 -48 ) (0 -1172 -48 ) 
4 147 179 (-192 0 0 ) (0 0 0 ) (0 -256 0 ) (-192 -256 0 ) 
4 147 161 (0 -256 204 ) (0 -256 392 ) (-192 -256 392 ) (-192 -256 204 ) 
4 147 162 (-192 -256 0 ) (0 -256 0 ) (0 -256 184 ) (-192 -256 184 ) 
4 147 160 (0 -256 412 ) (0 -256 736 ) (-192 -256 736 ) (-192 -256 412 ) 
4 147 152 (-192 -32 0 ) (-192 -256 0 ) (-192 -256 204 ) (-192 -32 204 ) 
4 147 150 (-192 -256 412 ) (-192 -256 736 ) (-192 -32 736 ) (-192 -32 412 ) 
4 147 151 (-192 -256 204 ) (-192 -256 392 ) (-192 -32 392 ) (-192 -32 204 ) 
4 147 149 (-192 -32 416 ) (-192 -32 736 ) (-192 0 736 ) (-192 0 416 ) 
4 148 172 (-592 0 800 ) (-592 0 736 ) (-592 -256 736 ) (-592 -256 800 ) 
4 148 167 (-592 -256 800 ) (-592 -256 736 ) (-256 -256 736 ) (-256 -256 800 ) 
4 148 154 (-256 -256 736 ) (-592 -256 736 ) (-592 0 736 ) (-256 0 736 ) 
4 149 154 (-224 -32 416 ) (-224 -32 736 ) (-224 0 736 ) (-224 0 416 ) 
4 149 150 (-224 -32 736 ) (-224 -32 416 ) (-192 -32 416 ) (-192 -32 736 ) 
4 150 155 (-224 -256 412 ) (-224 -256 416 ) (-224 -32 416 ) (-224 -32 412 ) 
4 150 154 (-224 -256 416 ) (-224 -256 736 ) (-224 -32 736 ) (-224 -32 416 ) 
4 151 155 (-224 -256 204 ) (-224 -256 392 ) (-224 -32 392 ) (-224 -32 204 ) 
4 151 152 (-196 -32 204 ) (-192 -32 204 ) (-192 -256 204 ) (-196 -256 204 ) 
4 152 153 (-196 -256 0 ) (-196 -256 128 ) (-196 -32 128 ) (-196 -32 0 ) 
4 153 157 (-224 -32 0 ) (-224 -256 0 ) (-224 -256 128 ) (-224 -32 128 ) 
4 154 172 (-592 0 736 ) (-592 0 416 ) (-592 -256 416 ) (-592 -256 736 ) 
4 154 167 (-592 -256 736 ) (-592 -256 416 ) (-256 -256 416 ) (-256 -256 736 ) 
4 154 156 (-256 -256 416 ) (-592 -256 416 ) (-592 0 416 ) (-256 0 416 ) 
4 154 155 (-224 -32 416 ) (-224 -256 416 ) (-256 -256 416 ) (-256 -32 416 ) 
4 155 156 (-256 -256 202 ) (-256 -256 416 ) (-256 -32 416 ) (-256 -32 202 ) 
4 156 172 (-592 0 416 ) (-592 0 202 ) (-592 -256 202 ) (-592 -256 416 ) 
4 156 167 (-592 -256 416 ) (-592 -256 202 ) (-256 -256 202 ) (-256 -256 416 ) 
4 157 158 (-256 -32 0 ) (-256 -256 0 ) (-256 -256 186 ) (-256 -32 186 ) 
4 158 181 (-556 -192 0 ) (-556 -256 0 ) (-576 -256 0 ) (-576 -192 0 ) 
4 158 168 (-576 -256 0 ) (-256 -256 0 ) (-256 -256 186 ) (-576 -256 186 ) 
4 158 159 (-576 -192 0 ) (-576 -256 0 ) (-576 -256 112 ) (-576 -192 112 ) 
4 159 188 (-592 -256 0 ) (-592 -192 0 ) (-576 -192 0 ) (-576 -256 0 ) 
4 159 174 (-592 -192 0 ) (-592 -256 0 ) (-592 -256 112 ) (-592 -192 112 ) 
4 159 170 (-592 -256 112 ) (-592 -256 0 ) (-576 -256 0 ) (-576 -256 112 ) 
4 160 164 (-192 -288 736 ) (-192 -288 412 ) (0 -288 412 ) (0 -288 736 ) 
4 161 164 (-192 -288 392 ) (-192 -288 204 ) (0 -288 204 ) (0 -288 392 ) 
4 162 165 (-192 -288 184 ) (-192 -288 0 ) (0 -288 0 ) (0 -288 184 ) 
4 163 171 (0 -784 736 ) (0 -784 800 ) (-192 -784 800 ) (-192 -784 736 ) 
4 163 166 (-192 -784 736 ) (-192 -784 800 ) (-192 -320 800 ) (-192 -320 736 ) 
4 163 164 (0 -784 736 ) (-192 -784 736 ) (-192 -320 736 ) (0 -320 736 ) 
4 164 171 (0 -784 202 ) (0 -784 736 ) (-192 -784 736 ) (-192 -784 202 ) 
4 164 166 (-192 -784 202 ) (-192 -784 736 ) (-192 -320 736 ) (-192 -320 202 ) 
4 165 169 (-192 -768 186 ) (-192 -320 186 ) (-192 -320 0 ) (-192 -768 0 ) 
4 166 171 (-192 -784 202 ) (-192 -784 800 ) (-256 -784 800 ) (-256 -784 202 ) 
4 166 167 (-256 -784 202 ) (-256 -784 800 ) (-256 -320 800 ) (-256 -320 202 ) 
4 167 172 (-592 -384 800 ) (-592 -256 800 ) (-592 -256 202 ) (-592 -384 202 ) 
4 167 173 (-592 -784 202 ) (-592 -784 800 ) (-592 -384 800 ) (-592 -384 202 ) 
4 167 171 (-592 -784 800 ) (-592 -784 202 ) (-256 -784 202 ) (-256 -784 800 ) 
4 168 181 (-576 -256 0 ) (-556 -256 0 ) (-556 -320 0 ) (-576 -320 0 ) 
4 168 170 (-576 -256 112 ) (-576 -256 0 ) (-576 -320 0 ) (-576 -320 112 ) 
4 168 169 (-576 -320 186 ) (-576 -320 0 ) (-256 -320 0 ) (-256 -320 186 ) 
4 170 188 (-592 -320 0 ) (-592 -256 0 ) (-576 -256 0 ) (-576 -320 0 ) 
4 170 174 (-592 -256 0 ) (-592 -320 0 ) (-592 -320 112 ) (-592 -256 112 ) 
4 171 193 (0 -1024 0 ) (0 -1024 800 ) (-592 -1024 800 ) (-592 -1024 0 ) 
4 171 188 (-576 -1024 0 ) (-592 -1024 0 ) (-592 -784 0 ) (-576 -784 0 ) 
4 171 182 (-556 -1024 0 ) (-576 -1024 0 ) (-576 -784 0 ) (-556 -784 0 ) 
4 171 180 (0 -1024 0 ) (-556 -1024 0 ) (-556 -784 0 ) (0 -784 0 ) 
4 171 175 (-592 -784 0 ) (-592 -1024 0 ) (-592 -1024 160 ) (-592 -784 160 ) 
4 171 173 (-592 -1024 160 ) (-592 -1024 800 ) (-592 -784 800 ) (-592 -784 160 ) 
4 172 176 (-832 -384 800 ) (-832 0 800 ) (-832 0 176 ) (-832 -384 176 ) 
4 172 173 (-592 -384 176 ) (-592 -384 800 ) (-832 -384 800 ) (-832 -384 176 ) 
4 173 193 (-832 -1024 800 ) (-832 -1024 160 ) (-592 -1024 160 ) (-592 -1024 800 ) 
4 173 177 (-832 -1024 160 ) (-832 -1024 800 ) (-832 -384 800 ) (-832 -384 160 ) 
4 173 175 (-832 -1024 160 ) (-832 -400 160 ) (-592 -400 160 ) (-592 -1024 160 ) 
4 174 189 (-832 -384 0 ) (-832 0 0 ) (-592 0 0 ) (-592 -384 0 ) 
4 175 193 (-832 -1024 160 ) (-832 -1024 0 ) (-592 -1024 0 ) (-592 -1024 160 ) 
4 175 191 (-592 -1024 0 ) (-832 -1024 0 ) (-832 -400 0 ) (-592 -400 0 ) 
4 175 177 (-832 -400 0 ) (-832 -1024 0 ) (-832 -1024 160 ) (-832 -400 160 ) 
4 176 177 (-848 -384 800 ) (-848 -384 160 ) (-832 -384 160 ) (-832 -384 800 ) 
4 176 178 (-848 -384 160 ) (-848 -384 800 ) (-848 0 800 ) (-848 0 160 ) 
4 177 193 (-848 -1024 0 ) (-832 -1024 0 ) (-832 -1024 800 ) (-848 -1024 800 ) 
4 177 192 (-832 -1024 0 ) (-848 -1024 0 ) (-848 -384 0 ) (-832 -384 0 ) 
4 177 178 (-848 -384 0 ) (-848 -1024 0 ) (-848 -1024 800 ) (-848 -384 800 ) 
4 178 193 (-918 -1024 0 ) (-848 -1024 0 ) (-848 -1024 800 ) (-918 -1024 800 ) 
4 178 192 (-848 -1024 0 ) (-918 -1024 0 ) (-918 0 0 ) (-848 0 0 ) 
4 179 184 (0 -240 -0.250000 ) (0 -256 -0.250000 ) (-192 -256 -0.250000 ) (-192 -240 -0.250000 ) 
4 179 183 (-192 0 -0.250000 ) (0 0 -0.250000 ) (0 -240 -0.250000 ) (-192 -240 -0.250000 ) 
4 180 193 (0 -1024 -0.250000 ) (0 -1024 0 ) (-556 -1024 0 ) (-556 -1024 -0.250000 ) 
4 180 187 (0 -1024 -0.250000 ) (-556 -1024 -0.250000 ) (-556 -768 -0.250000 ) (0 -768 -0.250000 ) 
4 180 182 (-556 -768 -0.250000 ) (-556 -1024 -0.250000 ) (-556 -1024 0 ) (-556 -768 0 ) 
4 181 188 (-576 -320 0 ) (-576 -192 0 ) (-576 -192 -0.250000 ) (-576 -320 -0.250000 ) 
4 182 193 (-556 -1024 0 ) (-576 -1024 0 ) (-576 -1024 -0.250000 ) (-556 -1024 -0.250000 ) 
4 182 188 (-576 -1024 0 ) (-576 -768 0 ) (-576 -768 -0.250000 ) (-576 -1024 -0.250000 ) 
4 182 187 (-556 -1024 -0.250000 ) (-576 -1024 -0.250000 ) (-576 -768 -0.250000 ) (-556 -768 -0.250000 ) 
4 183 184 (-192 -240 -0.250000 ) (-192 -240 -8 ) (0 -240 -8 ) (0 -240 -0.250000 ) 
4 185 188 (-576 0 -32 ) (-576 0 -48 ) (-576 -256 -48 ) (-576 -256 -32 ) 
4 185 186 (-576 -256 -32 ) (-576 -256 -48 ) (-192 -256 -48 ) (-192 -256 -32 ) 
4 186 188 (-576 -256 -32 ) (-576 -256 -48 ) (-576 -768 -48 ) (-576 -768 -32 ) 
4 186 187 (-576 -768 -48 ) (0 -768 -48 ) (0 -768 -32 ) (-576 -768 -32 ) 
4 187 193 (0 -1024 -48 ) (0 -1024 -0.250000 ) (-576 -1024 -0.250000 ) (-576 -1024 -48 ) 
4 187 188 (-576 -1024 -48 ) (-576 -1024 -0.250000 ) (-576 -768 -0.250000 ) (-576 -768 -48 ) 
4 188 193 (-576 -1024 -48 ) (-576 -1024 0 ) (-592 -1024 0 ) (-592 -1024 -48 ) 
4 188 189 (-592 -384 -0.250000 ) (-592 -384 0 ) (-592 0 0 ) (-592 0 -0.250000 ) 
4 188 190 (-592 0 -48 ) (-592 -384 -48 ) (-592 -384 -32 ) (-592 0 -32 ) 
4 188 191 (-592 -384 -48 ) (-592 -1024 -48 ) (-592 -1024 0 ) (-592 -384 0 ) 
4 189 192 (-832 -384 -0.250000 ) (-832 -384 0 ) (-832 0 0 ) (-832 0 -0.250000 ) 
4 189 191 (-832 -384 0 ) (-832 -384 -0.250000 ) (-592 -384 -0.250000 ) (-592 -384 0 ) 
4 190 192 (-832 0 -48 ) (-832 -384 -48 ) (-832 -384 -32 ) (-832 0 -32 ) 
4 190 191 (-832 -384 -32 ) (-832 -384 -48 ) (-592 -384 -48 ) (-592 -384 -32 ) 
4 191 193 (-592 -1024 0 ) (-832 -1024 0 ) (-832 -1024 -48 ) (-592 -1024 -48 ) 
4 191 192 (-832 -384 -48 ) (-832 -1024 -48 ) (-832 -1024 0 ) (-832 -384 0 ) 
4 192 193 (-832 -1024 0 ) (-918 -1024 0 ) (-918 -1024 -48 ) (-832 -1024 -48 ) 
