


materialPath: E:\SteamLibrary\steamapps\common\Counter-Strike Global Offensive\csgo\materials
Loading d:\documents\levels\csgo_levels\maps\de_volterra\de_volterra.vmf
Map revision 1
fixing up env_cubemap materials on brush sides...
0...1...2...3...4...5...6...7...8...9...10**** leaked ****
Processing areas...done (0)
Building Faces...done (0)
Chop Details...done (0)
Find Visible Detail Sides...done (0)
Merging details...done (0)
FixTjuncs...
PruneNodes...
WriteBSP...
done (0)
Finding displacement neighbors...
Finding lightmap sample positions...
Displacement Alpha : 0...1...2...3...4...5...6...7...8...9...10
Building Physics collision data...
done (0) (15032 bytes)
Placing detail props : 0...1...2...3...4...5...6...7...8...9...10
Compacting texture/material tables...
Reduced 47 texinfos to 17
Reduced 5 texdatas to 5 (109 bytes to 109)
Writing d:\documents\levels\csgo_levels\maps\de_volterra\de_volterra.bsp
MSG_FILEWRITE - Filesystem was asked to write to 'd:\documents\levels\csgo_levels\maps\de_volterra\de_volterra.bsp', but we don't own that location. Allowing...
0 seconds elapsed



16 threads
reading d:\documents\levels\csgo_levels\maps\de_volterra\de_volterra.bsp
reading d:\documents\levels\csgo_levels\maps\de_volterra\de_volterra.prt
LoadPortals: couldn't read d:\documents\levels\csgo_levels\maps\de_volterra\de_volterra.prt



materialPath: E:\SteamLibrary\steamapps\common\Counter-Strike Global Offensive\csgo\materials
Loading d:\documents\levels\csgo_levels\maps\de_volterra\de_volterra.vmf
Map revision 2
fixing up env_cubemap materials on brush sides...
0...1...2...3...4...5...6...7...8...9...100...1...2...3...4...5...6...7...8...9...10Processing areas...done (0)
Building Faces...done (0)
Chop Details...done (0)
Find Visible Detail Sides...done (0)
Merging details...done (0)
FixTjuncs...
PruneNodes...
WriteBSP...
done (0)
writing d:\documents\levels\csgo_levels\maps\de_volterra\de_volterra.prt...Building visibility clusters...
AutoVisClustering (threshold=-1) matched 0 leafs.
done (0)
Finding displacement neighbors...
Finding lightmap sample positions...
Displacement Alpha : 0...1...2...3...4...5...6...7...8...9...10
Building Physics collision data...
done (0) (15032 bytes)
Placing detail props : 0...1...2...3...4...5...6...7...8...9...10
Compacting texture/material tables...
Reduced 47 texinfos to 17
Reduced 5 texdatas to 5 (109 bytes to 109)
Writing d:\documents\levels\csgo_levels\maps\de_volterra\de_volterra.bsp
MSG_FILEWRITE - Filesystem was asked to write to 'd:\documents\levels\csgo_levels\maps\de_volterra\de_volterra.bsp', but we don't own that location. Allowing...
0 seconds elapsed



16 threads
reading d:\documents\levels\csgo_levels\maps\de_volterra\de_volterra.bsp
reading d:\documents\levels\csgo_levels\maps\de_volterra\de_volterra.prt
  73 portalclusters
 227 numportals
0...1...2...3...4...5...6...7...8...9...100...1...2...3...4...5...6...7...8...9...10Optimized: 0 visible clusters (0.00%)
Total clusters visible: 5213
Average clusters visible: 71
Building PAS...
Average clusters audible: 73
visdatasize:2048  compressed from 2336
writing d:\documents\levels\csgo_levels\maps\de_volterra\de_volterra.bsp
MSG_FILEWRITE - Filesystem was asked to write to 'd:\documents\levels\csgo_levels\maps\de_volterra\de_volterra.bsp', but we don't own that location. Allowing...
0 seconds elapsed



[Reading texlights from 'lights.rad']
[40 texlights parsed from 'lights.rad']

Loading d:\documents\levels\csgo_levels\maps\de_volterra\de_volterra.bsp
107 faces
93948 square feet [13528564.00 square inches]
0 Displacements
0 Square Feet [0.00 Square Inches]
107 patches before subdivision
2409 patches after subdivision
2 direct lights
0...1...2...3...4...5...6...7...8...9...100...1...2...3...4...5...6...7...8...9...10transfers 17685, max 118
transfer lists:   0.1 megs
0...1...2...3...4...5...6...7...8...9...10	Bounce #1 added RGB(137, 88, 69)
0...1...2...3...4...5...6...7...8...9...10	Bounce #2 added RGB(2, 0, 0)
0...1...2...3...4...5...6...7...8...9...10	Bounce #3 added RGB(0, 0, 0)
Build Patch/Sample Hash Table(s).....Done<0.0003 sec>
0...1...2...3...4...5...6...7...8...9...10FinalLightFace Done
0 of 0 (0% of) surface lights went in leaf ambient cubes.
0...1...2...3...4...5...6...7...8...9...10Writing leaf ambient...done
Ready to Finish

Object names       Objects/Maxobjs  Memory / Maxmem  Fullness 
------------       ---------------  ---------------  -------- 
models                   1/1024           48/49152    ( 0.1%) 
brushes                 45/8192          540/98304    ( 0.5%) 
brushsides             307/81920        2456/655360   ( 0.4%) 
planes                 314/65536        6280/1310720  ( 0.5%) 
vertexes               282/65536        3384/786432   ( 0.4%) 
nodes                  171/65536        5472/2097152  ( 0.3%) 
texinfos                17/12288        1224/884736   ( 0.1%) 
texdata                  5/4096          160/131072   ( 0.1%) 
dispinfos                0/0               0/0        ( 0.0%) 
disp_verts               0/0               0/0        ( 0.0%) 
disp_tris                0/0               0/0        ( 0.0%) 
disp_multiblend          0/0               0/0        ( 0.0%) 
disp_lmsamples           0/0               0/0        ( 0.0%) 
faces                  107/65536        5992/3670016  ( 0.2%) 
hdr faces              107/65536        5992/3670016  ( 0.2%) 
origfaces               59/65536        3304/3670016  ( 0.1%) 
facebrushes              0/0               0/0        ( 0.0%) 
facebrushlists         107/0             428/0        ( 0.0%) 
leaves                 173/65536        5536/2097152  ( 0.3%) 
leaffaces              172/65536         344/131072   ( 0.3%) 
leafbrushes            210/65536         420/131072   ( 0.3%) 
areas                    2/1024           16/8192     ( 0.2%) 
surfedges              690/512000       2760/2048000  ( 0.1%) 
edges                  497/256000       1988/1024000  ( 0.2%) 
LDR worldlights          0/8192            0/819200   ( 0.0%) 
HDR worldlights          2/8192          200/819200   ( 0.0%) 
leafwaterdata            0/32768           0/393216   ( 0.0%) 
waterstrips              7/32768          70/327680   ( 0.0%) 
waterverts               0/65536           0/786432   ( 0.0%) 
waterindices           120/65536         240/131072   ( 0.2%) 
cubemapsamples           0/1024            0/16384    ( 0.0%) 
overlays                 0/1024            0/360448   ( 0.0%) 
LDR lightdata         [variable]           0/0        ( 0.0%) 
HDR lightdata         [variable]       70212/0        ( 0.0%) 
visdata               [variable]        2048/16777216 ( 0.0%) 
entdata               [variable]         609/393216   ( 0.2%) 
LDR ambient table      173/65536         692/262144   ( 0.3%) 
HDR ambient table      173/65536         692/262144   ( 0.3%) 
LDR leaf ambient       173/65536        4844/1835008  ( 0.3%) 
HDR leaf ambient       587/65536       16436/1835008  ( 0.9%) 
occluders                0/0               0/0        ( 0.0%) 
occluder polygons        0/0               0/0        ( 0.0%) 
occluder vert ind        0/0               0/0        ( 0.0%) 
detail props          [variable]           1/12       ( 8.3%) 
static props          [variable]           1/12       ( 8.3%) 
pakfile               [variable]       74442/0        ( 0.0%) 
physics               [variable]       15032/4194304  ( 0.4%) 
physics terrain       [variable]           2/1048576  ( 0.0%) 

Level flags = 7e

Total triangle count: 240
Writing d:\documents\levels\csgo_levels\maps\de_volterra\de_volterra.bsp
MSG_FILEWRITE - Filesystem was asked to write to 'd:\documents\levels\csgo_levels\maps\de_volterra\de_volterra.bsp', but we don't own that location. Allowing...
1 second elapsed



materialPath: E:\SteamLibrary\steamapps\common\Counter-Strike Global Offensive\csgo\materials
Loading d:\documents\levels\csgo_levels\maps\de_volterra\de_volterra.vmf
Map revision 5
fixing up env_cubemap materials on brush sides...
0...1...2...3...4...5...6...7...8...9...10**** leaked ****
Entity info_player_terrorist (-160.00 -128.00 0.00) leaked!
Processing areas...done (0)
Building Faces...done (0)
Chop Details...done (0)
Find Visible Detail Sides...done (0)
Merging details...done (0)
FixTjuncs...
PruneNodes...
WriteBSP...
done (0)
Finding displacement neighbors...
Finding lightmap sample positions...
Displacement Alpha : 0...1...2...3...4...5...6...7...8...9...10
Building Physics collision data...
done (0) (34315 bytes)
Placing detail props : 0...1...2...3...4...5...6...7...8...9...10
Compacting texture/material tables...
Reduced 79 texinfos to 36
Reduced 6 texdatas to 6 (127 bytes to 127)
Writing d:\documents\levels\csgo_levels\maps\de_volterra\de_volterra.bsp
MSG_FILEWRITE - Filesystem was asked to write to 'd:\documents\levels\csgo_levels\maps\de_volterra\de_volterra.bsp', but we don't own that location. Allowing...
0 seconds elapsed



16 threads
reading d:\documents\levels\csgo_levels\maps\de_volterra\de_volterra.bsp
reading d:\documents\levels\csgo_levels\maps\de_volterra\de_volterra.prt
LoadPortals: couldn't read d:\documents\levels\csgo_levels\maps\de_volterra\de_volterra.prt



materialPath: E:\SteamLibrary\steamapps\common\Counter-Strike Global Offensive\csgo\materials
Loading d:\documents\levels\csgo_levels\maps\de_volterra\de_volterra.vmf
Map revision 6
fixing up env_cubemap materials on brush sides...
0...1...2...3...4...5...6...7...8...9...100...1...2...3...4...5...6...7...8...9...10Processing areas...done (0)
Building Faces...done (0)
Chop Details...done (0)
Find Visible Detail Sides...done (0)
Merging details...done (0)
FixTjuncs...
PruneNodes...
WriteBSP...
done (0)
writing d:\documents\levels\csgo_levels\maps\de_volterra\de_volterra.prt...Building visibility clusters...
AutoVisClustering (threshold=-1) matched 0 leafs.
done (0)
Finding displacement neighbors...
Finding lightmap sample positions...
Displacement Alpha : 0...1...2...3...4...5...6...7...8...9...10
Building Physics collision data...
done (0) (36432 bytes)
Placing detail props : 0...1...2...3...4...5...6...7...8...9...10
Compacting texture/material tables...
Reduced 82 texinfos to 37
Reduced 7 texdatas to 7 (145 bytes to 145)
Writing d:\documents\levels\csgo_levels\maps\de_volterra\de_volterra.bsp
MSG_FILEWRITE - Filesystem was asked to write to 'd:\documents\levels\csgo_levels\maps\de_volterra\de_volterra.bsp', but we don't own that location. Allowing...
0 seconds elapsed



16 threads
reading d:\documents\levels\csgo_levels\maps\de_volterra\de_volterra.bsp
reading d:\documents\levels\csgo_levels\maps\de_volterra\de_volterra.prt
 188 portalclusters
 692 numportals
0...1...2...3...4...5...6...7...8...9...100...1...2...3...4...5...6...7...8...9...10Optimized: 34 visible clusters (0.00%)
Total clusters visible: 33694
Average clusters visible: 179
Building PAS...
Average clusters audible: 188
visdatasize:10532  compressed from 9024
writing d:\documents\levels\csgo_levels\maps\de_volterra\de_volterra.bsp
MSG_FILEWRITE - Filesystem was asked to write to 'd:\documents\levels\csgo_levels\maps\de_volterra\de_volterra.bsp', but we don't own that location. Allowing...
1 second elapsed



[Reading texlights from 'lights.rad']
[40 texlights parsed from 'lights.rad']

Loading d:\documents\levels\csgo_levels\maps\de_volterra\de_volterra.bsp
247 faces
242260 square feet [34885468.00 square inches]
0 Displacements
0 Square Feet [0.00 Square Inches]
247 patches before subdivision
6519 patches after subdivision
2 direct lights
0...1...2...3...4...5...6...7...8...9...100...1...2...3...4...5...6...7...8...9...10transfers 61659, max 218
transfer lists:   0.5 megs
0...1...2...3...4...5...6...7...8...9...10	Bounce #1 added RGB(317, 207, 165)
0...1...2...3...4...5...6...7...8...9...10	Bounce #2 added RGB(4, 1, 0)
0...1...2...3...4...5...6...7...8...9...10	Bounce #3 added RGB(0, 0, 0)
Build Patch/Sample Hash Table(s).....Done<0.0011 sec>
0...1...2...3...4...5...6...7...8...9...10FinalLightFace Done
0 of 0 (0% of) surface lights went in leaf ambient cubes.
0...1...2...3...4...5...6...7...8...9...10Writing leaf ambient...done
Ready to Finish

Object names       Objects/Maxobjs  Memory / Maxmem  Fullness 
------------       ---------------  ---------------  -------- 
models                   1/1024           48/49152    ( 0.1%) 
brushes                106/8192         1272/98304    ( 1.3%) 
brushsides             721/81920        5768/655360   ( 0.9%) 
planes                 564/65536       11280/1310720  ( 0.9%) 
vertexes               758/65536        9096/786432   ( 1.2%) 
nodes                  377/65536       12064/2097152  ( 0.6%) 
texinfos                37/12288        2664/884736   ( 0.3%) 
texdata                  7/4096          224/131072   ( 0.2%) 
dispinfos                0/0               0/0        ( 0.0%) 
disp_verts               0/0               0/0        ( 0.0%) 
disp_tris                0/0               0/0        ( 0.0%) 
disp_multiblend          0/0               0/0        ( 0.0%) 
disp_lmsamples           0/0               0/0        ( 0.0%) 
faces                  247/65536       13832/3670016  ( 0.4%) 
hdr faces              247/65536       13832/3670016  ( 0.4%) 
origfaces              135/65536        7560/3670016  ( 0.2%) 
facebrushes              0/0               0/0        ( 0.0%) 
facebrushlists         247/0             988/0        ( 0.0%) 
leaves                 379/65536       12128/2097152  ( 0.6%) 
leaffaces              342/65536         684/131072   ( 0.5%) 
leafbrushes            337/65536         674/131072   ( 0.5%) 
areas                    2/1024           16/8192     ( 0.2%) 
surfedges             1665/512000       6660/2048000  ( 0.3%) 
edges                 1233/256000       4932/1024000  ( 0.5%) 
LDR worldlights          0/8192            0/819200   ( 0.0%) 
HDR worldlights          2/8192          200/819200   ( 0.0%) 
leafwaterdata            0/32768           0/393216   ( 0.0%) 
waterstrips             18/32768         180/327680   ( 0.1%) 
waterverts               0/65536           0/786432   ( 0.0%) 
waterindices           279/65536         558/131072   ( 0.4%) 
cubemapsamples           0/1024            0/16384    ( 0.0%) 
overlays                 2/1024          704/360448   ( 0.2%) 
LDR lightdata         [variable]           0/0        ( 0.0%) 
HDR lightdata         [variable]      224016/0        ( 0.0%) 
visdata               [variable]       10532/16777216 ( 0.1%) 
entdata               [variable]         731/393216   ( 0.2%) 
LDR ambient table      379/65536        1516/262144   ( 0.6%) 
HDR ambient table      379/65536        1516/262144   ( 0.6%) 
LDR leaf ambient       379/65536       10612/1835008  ( 0.6%) 
HDR leaf ambient      1706/65536       47768/1835008  ( 2.6%) 
occluders                0/0               0/0        ( 0.0%) 
occluder polygons        0/0               0/0        ( 0.0%) 
occluder vert ind        0/0               0/0        ( 0.0%) 
detail props          [variable]           1/12       ( 8.3%) 
static props          [variable]           1/12       ( 8.3%) 
pakfile               [variable]       74442/0        ( 0.0%) 
physics               [variable]       36432/4194304  ( 0.9%) 
physics terrain       [variable]           2/1048576  ( 0.0%) 

Level flags = 7e

Total triangle count: 631
Writing d:\documents\levels\csgo_levels\maps\de_volterra\de_volterra.bsp
MSG_FILEWRITE - Filesystem was asked to write to 'd:\documents\levels\csgo_levels\maps\de_volterra\de_volterra.bsp', but we don't own that location. Allowing...
2 seconds elapsed



materialPath: E:\SteamLibrary\steamapps\common\Counter-Strike Global Offensive\csgo\materials
Loading d:\documents\levels\csgo_levels\maps\de_volterra\de_volterra.vmf
Map revision 7
fixing up env_cubemap materials on brush sides...
0...1...2...3...4...5...6...7...8...9...10**** leaked ****
Entity info_player_terrorist (-160.00 -128.00 0.00) leaked!
Processing areas...done (0)
Building Faces...done (0)
Chop Details...done (0)
Find Visible Detail Sides...done (0)
Merging details...done (0)
FixTjuncs...
PruneNodes...
WriteBSP...
done (0)
Finding displacement neighbors...
Finding lightmap sample positions...
Displacement Alpha : 0...1...2...3...4...5...6...7...8...9...10
Building Physics collision data...
done (0) (33955 bytes)
Placing detail props : 0...1...2...3...4...5...6...7...8...9...10
Compacting texture/material tables...
Reduced 81 texinfos to 38
Reduced 6 texdatas to 6 (127 bytes to 127)
Writing d:\documents\levels\csgo_levels\maps\de_volterra\de_volterra.bsp
MSG_FILEWRITE - Filesystem was asked to write to 'd:\documents\levels\csgo_levels\maps\de_volterra\de_volterra.bsp', but we don't own that location. Allowing...
0 seconds elapsed



16 threads
reading d:\documents\levels\csgo_levels\maps\de_volterra\de_volterra.bsp
reading d:\documents\levels\csgo_levels\maps\de_volterra\de_volterra.prt
LoadPortals: couldn't read d:\documents\levels\csgo_levels\maps\de_volterra\de_volterra.prt



materialPath: E:\SteamLibrary\steamapps\common\Counter-Strike Global Offensive\csgo\materials
Loading d:\documents\levels\csgo_levels\maps\de_volterra\de_volterra.vmf
Map revision 8
fixing up env_cubemap materials on brush sides...
0...1...2...3...4...5...6...7...8...9...100...1...2...3...4...5...6...7...8...9...10Processing areas...done (0)
Building Faces...done (0)
Chop Details...done (0)
Find Visible Detail Sides...done (0)
Merging details...done (0)
FixTjuncs...
PruneNodes...
WriteBSP...
done (0)
writing d:\documents\levels\csgo_levels\maps\de_volterra\de_volterra.prt...Building visibility clusters...
AutoVisClustering (threshold=-1) matched 0 leafs.
done (0)
Finding displacement neighbors...
Finding lightmap sample positions...
Displacement Alpha : 0...1...2...3...4...5...6...7...8...9...10
Building Physics collision data...
done (0) (36072 bytes)
Placing detail props : 0...1...2...3...4...5...6...7...8...9...10
Compacting texture/material tables...
Reduced 84 texinfos to 39
Reduced 7 texdatas to 7 (145 bytes to 145)
Writing d:\documents\levels\csgo_levels\maps\de_volterra\de_volterra.bsp
MSG_FILEWRITE - Filesystem was asked to write to 'd:\documents\levels\csgo_levels\maps\de_volterra\de_volterra.bsp', but we don't own that location. Allowing...
0 seconds elapsed



16 threads
reading d:\documents\levels\csgo_levels\maps\de_volterra\de_volterra.bsp
reading d:\documents\levels\csgo_levels\maps\de_volterra\de_volterra.prt
 183 portalclusters
 665 numportals
0...1...2...3...4...5...6...7...8...9...100...1...2...3...4...5...6...7...8...9...10Optimized: 15 visible clusters (0.00%)
Total clusters visible: 31886
Average clusters visible: 174
Building PAS...
Average clusters audible: 183
visdatasize:9886  compressed from 8784
writing d:\documents\levels\csgo_levels\maps\de_volterra\de_volterra.bsp
MSG_FILEWRITE - Filesystem was asked to write to 'd:\documents\levels\csgo_levels\maps\de_volterra\de_volterra.bsp', but we don't own that location. Allowing...
0 seconds elapsed



[Reading texlights from 'lights.rad']
[40 texlights parsed from 'lights.rad']

Loading d:\documents\levels\csgo_levels\maps\de_volterra\de_volterra.bsp
255 faces
241204 square feet [34733404.00 square inches]
0 Displacements
0 Square Feet [0.00 Square Inches]
255 patches before subdivision
6411 patches after subdivision
2 direct lights
0...1...2...3...4...5...6...7...8...9...100...1...2...3...4...5...6...7...8...9...10transfers 66412, max 221
transfer lists:   0.5 megs
0...1...2...3...4...5...6...7...8...9...10	Bounce #1 added RGB(448, 255, 183)
0...1...2...3...4...5...6...7...8...9...10	Bounce #2 added RGB(11, 3, 0)
0...1...2...3...4...5...6...7...8...9...10	Bounce #3 added RGB(0, 0, 0)
Build Patch/Sample Hash Table(s).....Done<0.0035 sec>
0...1...2...3...4...5...6...7...8...9...10FinalLightFace Done
0 of 0 (0% of) surface lights went in leaf ambient cubes.
0...1...2...3...4...5...6...7...8...9...10Writing leaf ambient...done
Ready to Finish

Object names       Objects/Maxobjs  Memory / Maxmem  Fullness 
------------       ---------------  ---------------  -------- 
models                   1/1024           48/49152    ( 0.1%) 
brushes                105/8192         1260/98304    ( 1.3%) 
brushsides             715/81920        5720/655360   ( 0.9%) 
planes                 562/65536       11240/1310720  ( 0.9%) 
vertexes               754/65536        9048/786432   ( 1.2%) 
nodes                  371/65536       11872/2097152  ( 0.6%) 
texinfos                39/12288        2808/884736   ( 0.3%) 
texdata                  7/4096          224/131072   ( 0.2%) 
dispinfos                0/0               0/0        ( 0.0%) 
disp_verts               0/0               0/0        ( 0.0%) 
disp_tris                0/0               0/0        ( 0.0%) 
disp_multiblend          0/0               0/0        ( 0.0%) 
disp_lmsamples           0/0               0/0        ( 0.0%) 
faces                  255/65536       14280/3670016  ( 0.4%) 
hdr faces              255/65536       14280/3670016  ( 0.4%) 
origfaces              140/65536        7840/3670016  ( 0.2%) 
facebrushes              0/0               0/0        ( 0.0%) 
facebrushlists         255/0            1020/0        ( 0.0%) 
leaves                 373/65536       11936/2097152  ( 0.6%) 
leaffaces              337/65536         674/131072   ( 0.5%) 
leafbrushes            336/65536         672/131072   ( 0.5%) 
areas                    2/1024           16/8192     ( 0.2%) 
surfedges             1716/512000       6864/2048000  ( 0.3%) 
edges                 1256/256000       5024/1024000  ( 0.5%) 
LDR worldlights          0/8192            0/819200   ( 0.0%) 
HDR worldlights          2/8192          200/819200   ( 0.0%) 
leafwaterdata            0/32768           0/393216   ( 0.0%) 
waterstrips             18/32768         180/327680   ( 0.1%) 
waterverts               0/65536           0/786432   ( 0.0%) 
waterindices           279/65536         558/131072   ( 0.4%) 
cubemapsamples           0/1024            0/16384    ( 0.0%) 
overlays                 2/1024          704/360448   ( 0.2%) 
LDR lightdata         [variable]           0/0        ( 0.0%) 
HDR lightdata         [variable]      219736/0        ( 0.0%) 
visdata               [variable]        9886/16777216 ( 0.1%) 
entdata               [variable]         731/393216   ( 0.2%) 
LDR ambient table      373/65536        1492/262144   ( 0.6%) 
HDR ambient table      373/65536        1492/262144   ( 0.6%) 
LDR leaf ambient       373/65536       10444/1835008  ( 0.6%) 
HDR leaf ambient      1675/65536       46900/1835008  ( 2.6%) 
occluders                0/0               0/0        ( 0.0%) 
occluder polygons        0/0               0/0        ( 0.0%) 
occluder vert ind        0/0               0/0        ( 0.0%) 
detail props          [variable]           1/12       ( 8.3%) 
static props          [variable]           1/12       ( 8.3%) 
pakfile               [variable]       74442/0        ( 0.0%) 
physics               [variable]       36072/4194304  ( 0.9%) 
physics terrain       [variable]           2/1048576  ( 0.0%) 

Level flags = 7e

Total triangle count: 646
Writing d:\documents\levels\csgo_levels\maps\de_volterra\de_volterra.bsp
MSG_FILEWRITE - Filesystem was asked to write to 'd:\documents\levels\csgo_levels\maps\de_volterra\de_volterra.bsp', but we don't own that location. Allowing...
2 seconds elapsed



materialPath: E:\SteamLibrary\steamapps\common\Counter-Strike Global Offensive\csgo\materials
Loading d:\documents\levels\csgo_levels\maps\de_volterra\de_volterra.vmf
Map revision 8
fixing up env_cubemap materials on brush sides...
0...1...2...3...4...5...6...7...8...9...100...1...2...3...4...5...6...7...8...9...10Processing areas...done (0)
Building Faces...done (0)
Chop Details...done (0)
Find Visible Detail Sides...done (0)
Merging details...done (0)
FixTjuncs...
PruneNodes...
WriteBSP...
done (0)
writing d:\documents\levels\csgo_levels\maps\de_volterra\de_volterra.prt...Building visibility clusters...
AutoVisClustering (threshold=-1) matched 0 leafs.
done (0)
Finding displacement neighbors...
Finding lightmap sample positions...
Displacement Alpha : 0...1...2...3...4...5...6...7...8...9...10
Building Physics collision data...
done (0) (36072 bytes)
Placing detail props : 0...1...2...3...4...5...6...7...8...9...10
Compacting texture/material tables...
Reduced 84 texinfos to 39
Reduced 7 texdatas to 7 (145 bytes to 145)
Writing d:\documents\levels\csgo_levels\maps\de_volterra\de_volterra.bsp
MSG_FILEWRITE - Filesystem was asked to write to 'd:\documents\levels\csgo_levels\maps\de_volterra\de_volterra.bsp', but we don't own that location. Allowing...
0 seconds elapsed



16 threads
reading d:\documents\levels\csgo_levels\maps\de_volterra\de_volterra.bsp
reading d:\documents\levels\csgo_levels\maps\de_volterra\de_volterra.prt
 183 portalclusters
 665 numportals
0...1...2...3...4...5...6...7...8...9...100...1...2...3...4...5...6...7...8...9...10Optimized: 15 visible clusters (0.00%)
Total clusters visible: 31886
Average clusters visible: 174
Building PAS...
Average clusters audible: 183
visdatasize:9886  compressed from 8784
writing d:\documents\levels\csgo_levels\maps\de_volterra\de_volterra.bsp
MSG_FILEWRITE - Filesystem was asked to write to 'd:\documents\levels\csgo_levels\maps\de_volterra\de_volterra.bsp', but we don't own that location. Allowing...
0 seconds elapsed



[Reading texlights from 'lights.rad']
[40 texlights parsed from 'lights.rad']

Loading d:\documents\levels\csgo_levels\maps\de_volterra\de_volterra.bsp
255 faces
241204 square feet [34733404.00 square inches]
0 Displacements
0 Square Feet [0.00 Square Inches]
255 patches before subdivision
6411 patches after subdivision
2 direct lights
0...1...2...3...4...5...6...7...8...9...100...1...2...3...4...5...6...7...8...9...10transfers 66412, max 221
transfer lists:   0.5 megs
0...1...2...3...4...5...6...7...8...9...10	Bounce #1 added RGB(448, 255, 183)
0...1...2...3...4...5...6...7...8...9...10	Bounce #2 added RGB(11, 3, 0)
0...1...2...3...4...5...6...7...8...9...10	Bounce #3 added RGB(0, 0, 0)
Build Patch/Sample Hash Table(s).....Done<0.0010 sec>
0...1...2...3...4...5...6...7...8...9...10FinalLightFace Done
0 of 0 (0% of) surface lights went in leaf ambient cubes.
0...1...2...3...4...5...6...7...8...9...10Writing leaf ambient...done
Ready to Finish

Object names       Objects/Maxobjs  Memory / Maxmem  Fullness 
------------       ---------------  ---------------  -------- 
models                   1/1024           48/49152    ( 0.1%) 
brushes                105/8192         1260/98304    ( 1.3%) 
brushsides             715/81920        5720/655360   ( 0.9%) 
planes                 562/65536       11240/1310720  ( 0.9%) 
vertexes               754/65536        9048/786432   ( 1.2%) 
nodes                  371/65536       11872/2097152  ( 0.6%) 
texinfos                39/12288        2808/884736   ( 0.3%) 
texdata                  7/4096          224/131072   ( 0.2%) 
dispinfos                0/0               0/0        ( 0.0%) 
disp_verts               0/0               0/0        ( 0.0%) 
disp_tris                0/0               0/0        ( 0.0%) 
disp_multiblend          0/0               0/0        ( 0.0%) 
disp_lmsamples           0/0               0/0        ( 0.0%) 
faces                  255/65536       14280/3670016  ( 0.4%) 
hdr faces              255/65536       14280/3670016  ( 0.4%) 
origfaces              140/65536        7840/3670016  ( 0.2%) 
facebrushes              0/0               0/0        ( 0.0%) 
facebrushlists         255/0            1020/0        ( 0.0%) 
leaves                 373/65536       11936/2097152  ( 0.6%) 
leaffaces              337/65536         674/131072   ( 0.5%) 
leafbrushes            336/65536         672/131072   ( 0.5%) 
areas                    2/1024           16/8192     ( 0.2%) 
surfedges             1716/512000       6864/2048000  ( 0.3%) 
edges                 1256/256000       5024/1024000  ( 0.5%) 
LDR worldlights          0/8192            0/819200   ( 0.0%) 
HDR worldlights          2/8192          200/819200   ( 0.0%) 
leafwaterdata            0/32768           0/393216   ( 0.0%) 
waterstrips             18/32768         180/327680   ( 0.1%) 
waterverts               0/65536           0/786432   ( 0.0%) 
waterindices           279/65536         558/131072   ( 0.4%) 
cubemapsamples           0/1024            0/16384    ( 0.0%) 
overlays                 2/1024          704/360448   ( 0.2%) 
LDR lightdata         [variable]           0/0        ( 0.0%) 
HDR lightdata         [variable]      219736/0        ( 0.0%) 
visdata               [variable]        9886/16777216 ( 0.1%) 
entdata               [variable]         731/393216   ( 0.2%) 
LDR ambient table      373/65536        1492/262144   ( 0.6%) 
HDR ambient table      373/65536        1492/262144   ( 0.6%) 
LDR leaf ambient       373/65536       10444/1835008  ( 0.6%) 
HDR leaf ambient      1675/65536       46900/1835008  ( 2.6%) 
occluders                0/0               0/0        ( 0.0%) 
occluder polygons        0/0               0/0        ( 0.0%) 
occluder vert ind        0/0               0/0        ( 0.0%) 
detail props          [variable]           1/12       ( 8.3%) 
static props          [variable]           1/12       ( 8.3%) 
pakfile               [variable]       74442/0        ( 0.0%) 
physics               [variable]       36072/4194304  ( 0.9%) 
physics terrain       [variable]           2/1048576  ( 0.0%) 

Level flags = 7e

Total triangle count: 646
Writing d:\documents\levels\csgo_levels\maps\de_volterra\de_volterra.bsp
MSG_FILEWRITE - Filesystem was asked to write to 'd:\documents\levels\csgo_levels\maps\de_volterra\de_volterra.bsp', but we don't own that location. Allowing...
2 seconds elapsed



materialPath: E:\SteamLibrary\steamapps\common\Counter-Strike Global Offensive\csgo\materials
Loading d:\documents\levels\csgo_levels\maps\de_volterra\de_volterra.vmf
Map revision 10
fixing up env_cubemap materials on brush sides...
0...1...2...3...4...5...6...7...8...9...100...1...2...3...4...5...6...7...8...9...10Processing areas...done (0)
Building Faces...done (0)
Chop Details...done (0)
Find Visible Detail Sides...done (0)
Merging details...done (0)
FixTjuncs...
PruneNodes...
WriteBSP...
done (0)
writing d:\documents\levels\csgo_levels\maps\de_volterra\de_volterra.prt...Building visibility clusters...
AutoVisClustering (threshold=-1) matched 0 leafs.
done (0)
Finding displacement neighbors...
Finding lightmap sample positions...
Displacement Alpha : 0...1...2...3...4...5...6...7...8...9...10
Building Physics collision data...
done (0) (89408 bytes)
Placing detail props : 0...1...2...3...4...5...6...7...8...9...10
Compacting texture/material tables...
Reduced 270 texinfos to 173
Reduced 8 texdatas to 8 (165 bytes to 165)
Writing d:\documents\levels\csgo_levels\maps\de_volterra\de_volterra.bsp
MSG_FILEWRITE - Filesystem was asked to write to 'd:\documents\levels\csgo_levels\maps\de_volterra\de_volterra.bsp', but we don't own that location. Allowing...
0 seconds elapsed



16 threads
reading d:\documents\levels\csgo_levels\maps\de_volterra\de_volterra.bsp
reading d:\documents\levels\csgo_levels\maps\de_volterra\de_volterra.prt
 514 portalclusters
1746 numportals
0...1...2...3...4...5...6...7...8...9...100...1...2...3...4...5...6...7...8...9...10Optimized: 1079 visible clusters (0.00%)
Total clusters visible: 144315
Average clusters visible: 280
Building PAS...
Average clusters audible: 513
visdatasize:70860  compressed from 74016
writing d:\documents\levels\csgo_levels\maps\de_volterra\de_volterra.bsp
MSG_FILEWRITE - Filesystem was asked to write to 'd:\documents\levels\csgo_levels\maps\de_volterra\de_volterra.bsp', but we don't own that location. Allowing...
15 seconds elapsed



[Reading texlights from 'lights.rad']
[40 texlights parsed from 'lights.rad']

Loading d:\documents\levels\csgo_levels\maps\de_volterra\de_volterra.bsp
789 faces
287651 square feet [41421836.00 square inches]
0 Displacements
0 Square Feet [0.00 Square Inches]
789 patches before subdivision
16141 patches after subdivision
2 direct lights
0...1...2...3...4...5...6...7...8...9...100...1...2...3...4...5...6...7...8...9...10transfers 755623, max 318
transfer lists:   5.8 megs
0...1...2...3...4...5...6...7...8...9...10	Bounce #1 added RGB(46708, 46337, 46226)
0...1...2...3...4...5...6...7...8...9...10	Bounce #2 added RGB(6787, 6588, 6526)
0...1...2...3...4...5...6...7...8...9...10	Bounce #3 added RGB(1063, 1005, 987)
0...1...2...3...4...5...6...7...8...9...10	Bounce #4 added RGB(177, 161, 157)
0...1...2...3...4...5...6...7...8...9...10	Bounce #5 added RGB(31, 27, 26)
0...1...2...3...4...5...6...7...8...9...10	Bounce #6 added RGB(6, 5, 4)
0...1...2...3...4...5...6...7...8...9...10	Bounce #7 added RGB(1, 1, 1)
0...1...2...3...4...5...6...7...8...9...10	Bounce #8 added RGB(0, 0, 0)
Build Patch/Sample Hash Table(s).....Done<0.0024 sec>
0...1...2...3...4...5...6...7...8...9...10FinalLightFace Done
0 of 0 (0% of) surface lights went in leaf ambient cubes.
0...1...2...3...4...5...6...7...8...9...10Writing leaf ambient...done
Ready to Finish

Object names       Objects/Maxobjs  Memory / Maxmem  Fullness 
------------       ---------------  ---------------  -------- 
models                   1/1024           48/49152    ( 0.1%) 
brushes                258/8192         3096/98304    ( 3.1%) 
brushsides            1659/81920       13272/655360   ( 2.0%) 
planes                 702/65536       14040/1310720  ( 1.1%) 
vertexes              1856/65536       22272/786432   ( 2.8%) 
nodes                  954/65536       30528/2097152  ( 1.5%) 
texinfos               173/12288       12456/884736   ( 1.4%) 
texdata                  8/4096          256/131072   ( 0.2%) 
dispinfos                0/0               0/0        ( 0.0%) 
disp_verts               0/0               0/0        ( 0.0%) 
disp_tris                0/0               0/0        ( 0.0%) 
disp_multiblend          0/0               0/0        ( 0.0%) 
disp_lmsamples           0/0               0/0        ( 0.0%) 
faces                  789/65536       44184/3670016  ( 1.2%) 
hdr faces              789/65536       44184/3670016  ( 1.2%) 
origfaces              500/65536       28000/3670016  ( 0.8%) 
facebrushes             30/0              60/0        ( 0.0%) 
facebrushlists         789/0            3156/0        ( 0.0%) 
leaves                 956/65536       30592/2097152  ( 1.5%) 
leaffaces              963/65536        1926/131072   ( 1.5%) 
leafbrushes            597/65536        1194/131072   ( 0.9%) 
areas                    2/1024           16/8192     ( 0.2%) 
surfedges             5637/512000      22548/2048000  ( 1.1%) 
edges                 3733/256000      14932/1024000  ( 1.5%) 
LDR worldlights          0/8192            0/819200   ( 0.0%) 
HDR worldlights          2/8192          200/819200   ( 0.0%) 
leafwaterdata            0/32768           0/393216   ( 0.0%) 
waterstrips             88/32768         880/327680   ( 0.3%) 
waterverts               0/65536           0/786432   ( 0.0%) 
waterindices          1344/65536        2688/131072   ( 2.1%) 
cubemapsamples           0/1024            0/16384    ( 0.0%) 
overlays                 2/1024          704/360448   ( 0.2%) 
LDR lightdata         [variable]           0/0        ( 0.0%) 
HDR lightdata         [variable]      505332/0        ( 0.0%) 
visdata               [variable]       70860/16777216 ( 0.4%) 
entdata               [variable]        1666/393216   ( 0.4%) 
LDR ambient table      956/65536        3824/262144   ( 1.5%) 
HDR ambient table      956/65536        3824/262144   ( 1.5%) 
LDR leaf ambient       956/65536       26768/1835008  ( 1.5%) 
HDR leaf ambient      5002/65536      140056/1835008  ( 7.6%) 
occluders                0/0               0/0        ( 0.0%) 
occluder polygons        0/0               0/0        ( 0.0%) 
occluder vert ind        0/0               0/0        ( 0.0%) 
detail props          [variable]           1/12       ( 8.3%) 
static props          [variable]           1/12       ( 8.3%) 
pakfile               [variable]       74442/0        ( 0.0%) 
physics               [variable]       89408/4194304  ( 2.1%) 
physics terrain       [variable]           2/1048576  ( 0.0%) 

Level flags = 7e

Total triangle count: 2060
Writing d:\documents\levels\csgo_levels\maps\de_volterra\de_volterra.bsp
MSG_FILEWRITE - Filesystem was asked to write to 'd:\documents\levels\csgo_levels\maps\de_volterra\de_volterra.bsp', but we don't own that location. Allowing...
4 seconds elapsed



materialPath: E:\SteamLibrary\steamapps\common\Counter-Strike Global Offensive\csgo\materials
Loading d:\documents\levels\csgo_levels\maps\de_volterra\de_volterra.vmf
Map revision 11
fixing up env_cubemap materials on brush sides...
0...1...2...3...4...5...6...7...8...9...100...1...2...3...4...5...6...7...8...9...10Processing areas...done (0)
Building Faces...done (0)
Chop Details...done (0)
Find Visible Detail Sides...done (0)
Merging details...done (0)
FixTjuncs...
PruneNodes...
WriteBSP...
done (0)
writing d:\documents\levels\csgo_levels\maps\de_volterra\de_volterra.prt...Building visibility clusters...
AutoVisClustering (threshold=-1) matched 0 leafs.
done (0)
Finding displacement neighbors...
Finding lightmap sample positions...
Displacement Alpha : 0...1...2...3...4...5...6...7...8...9...10
Building Physics collision data...
done (0) (90520 bytes)
Placing detail props : 0...1...2...3...4...5...6...7...8...9...10
Compacting texture/material tables...
Reduced 273 texinfos to 176
Reduced 9 texdatas to 9 (184 bytes to 184)
Writing d:\documents\levels\csgo_levels\maps\de_volterra\de_volterra.bsp
MSG_FILEWRITE - Filesystem was asked to write to 'd:\documents\levels\csgo_levels\maps\de_volterra\de_volterra.bsp', but we don't own that location. Allowing...
0 seconds elapsed



16 threads
reading d:\documents\levels\csgo_levels\maps\de_volterra\de_volterra.bsp
reading d:\documents\levels\csgo_levels\maps\de_volterra\de_volterra.prt
 514 portalclusters
1746 numportals
0...1...2...3...4...5...6...7...8...9...100...1...2...3...4...5...6...7...8...9...10Optimized: 1090 visible clusters (0.00%)
Total clusters visible: 144326
Average clusters visible: 280
Building PAS...
Average clusters audible: 513
visdatasize:70860  compressed from 74016
writing d:\documents\levels\csgo_levels\maps\de_volterra\de_volterra.bsp
MSG_FILEWRITE - Filesystem was asked to write to 'd:\documents\levels\csgo_levels\maps\de_volterra\de_volterra.bsp', but we don't own that location. Allowing...
16 seconds elapsed



[Reading texlights from 'lights.rad']
[40 texlights parsed from 'lights.rad']

Loading d:\documents\levels\csgo_levels\maps\de_volterra\de_volterra.bsp
801 faces
293169 square feet [42216460.00 square inches]
0 Displacements
0 Square Feet [0.00 Square Inches]
801 patches before subdivision
16153 patches after subdivision
2 direct lights
0...1...2...3...4...5...6...7...8...9...100...1...2...3...4...5...6...7...8...9...10transfers 756490, max 318
transfer lists:   5.8 megs
0...1...2...3...4...5...6...7...8...9...10	Bounce #1 added RGB(46774, 46401, 46290)
0...1...2...3...4...5...6...7...8...9...10	Bounce #2 added RGB(6794, 6595, 6532)
0...1...2...3...4...5...6...7...8...9...10	Bounce #3 added RGB(1063, 1006, 988)
0...1...2...3...4...5...6...7...8...9...10	Bounce #4 added RGB(177, 161, 157)
0...1...2...3...4...5...6...7...8...9...10	Bounce #5 added RGB(31, 27, 26)
0...1...2...3...4...5...6...7...8...9...10	Bounce #6 added RGB(6, 5, 4)
0...1...2...3...4...5...6...7...8...9...10	Bounce #7 added RGB(1, 1, 1)
0...1...2...3...4...5...6...7...8...9...10	Bounce #8 added RGB(0, 0, 0)
Build Patch/Sample Hash Table(s).....Done<0.0036 sec>
0...1...2...3...4...5...6...7...8...9...10FinalLightFace Done
0 of 0 (0% of) surface lights went in leaf ambient cubes.
0...1...2...3...4...5...6...7...8...9...10Writing leaf ambient...done
Ready to Finish

Object names       Objects/Maxobjs  Memory / Maxmem  Fullness 
------------       ---------------  ---------------  -------- 
models                   3/1024          144/49152    ( 0.3%) 
brushes                260/8192         3120/98304    ( 3.2%) 
brushsides            1671/81920       13368/655360   ( 2.0%) 
planes                 706/65536       14120/1310720  ( 1.1%) 
vertexes              1872/65536       22464/786432   ( 2.9%) 
nodes                  966/65536       30912/2097152  ( 1.5%) 
texinfos               176/12288       12672/884736   ( 1.4%) 
texdata                  9/4096          288/131072   ( 0.2%) 
dispinfos                0/0               0/0        ( 0.0%) 
disp_verts               0/0               0/0        ( 0.0%) 
disp_tris                0/0               0/0        ( 0.0%) 
disp_multiblend          0/0               0/0        ( 0.0%) 
disp_lmsamples           0/0               0/0        ( 0.0%) 
faces                  801/65536       44856/3670016  ( 1.2%) 
hdr faces              801/65536       44856/3670016  ( 1.2%) 
origfaces              512/65536       28672/3670016  ( 0.8%) 
facebrushes             30/0              60/0        ( 0.0%) 
facebrushlists         801/0            3204/0        ( 0.0%) 
leaves                 970/65536       31040/2097152  ( 1.5%) 
leaffaces              975/65536        1950/131072   ( 1.5%) 
leafbrushes            599/65536        1198/131072   ( 0.9%) 
areas                    2/1024           16/8192     ( 0.2%) 
surfedges             5733/512000      22932/2048000  ( 1.1%) 
edges                 3781/256000      15124/1024000  ( 1.5%) 
LDR worldlights          0/8192            0/819200   ( 0.0%) 
HDR worldlights          2/8192          200/819200   ( 0.0%) 
leafwaterdata            0/32768           0/393216   ( 0.0%) 
waterstrips             88/32768         880/327680   ( 0.3%) 
waterverts               0/65536           0/786432   ( 0.0%) 
waterindices          1344/65536        2688/131072   ( 2.1%) 
cubemapsamples           0/1024            0/16384    ( 0.0%) 
overlays                 2/1024          704/360448   ( 0.2%) 
LDR lightdata         [variable]           0/0        ( 0.0%) 
HDR lightdata         [variable]      505332/0        ( 0.0%) 
visdata               [variable]       70860/16777216 ( 0.4%) 
entdata               [variable]        1882/393216   ( 0.5%) 
LDR ambient table      970/65536        3880/262144   ( 1.5%) 
HDR ambient table      970/65536        3880/262144   ( 1.5%) 
LDR leaf ambient       970/65536       27160/1835008  ( 1.5%) 
HDR leaf ambient      5046/65536      141288/1835008  ( 7.7%) 
occluders                0/0               0/0        ( 0.0%) 
occluder polygons        0/0               0/0        ( 0.0%) 
occluder vert ind        0/0               0/0        ( 0.0%) 
detail props          [variable]           1/12       ( 8.3%) 
static props          [variable]           1/12       ( 8.3%) 
pakfile               [variable]       74442/0        ( 0.0%) 
physics               [variable]       90520/4194304  ( 2.2%) 
physics terrain       [variable]           2/1048576  ( 0.0%) 

Level flags = 7e

Total triangle count: 2084
Writing d:\documents\levels\csgo_levels\maps\de_volterra\de_volterra.bsp
MSG_FILEWRITE - Filesystem was asked to write to 'd:\documents\levels\csgo_levels\maps\de_volterra\de_volterra.bsp', but we don't own that location. Allowing...
4 seconds elapsed



materialPath: E:\SteamLibrary\steamapps\common\Counter-Strike Global Offensive\csgo\materials
Loading d:\documents\levels\csgo_levels\maps\de_volterra\de_volterra.vmf
Map revision 12
fixing up env_cubemap materials on brush sides...
0...1...2...3...4...5...6...7...8...9...100...1...2...3...4...5...6...7...8...9...10Processing areas...done (0)
Building Faces...done (0)
Chop Details...done (0)
Find Visible Detail Sides...done (0)
Merging details...done (0)
FixTjuncs...
PruneNodes...
WriteBSP...
done (0)
writing d:\documents\levels\csgo_levels\maps\de_volterra\de_volterra.prt...Building visibility clusters...
AutoVisClustering (threshold=-1) matched 0 leafs.
done (0)
Finding displacement neighbors...
Finding lightmap sample positions...
Displacement Alpha : 0...1...2...3...4...5...6...7...8...9...10
Building Physics collision data...
done (0) (91631 bytes)
Placing detail props : 0...1...2...3...4...5...6...7...8...9...10
Compacting texture/material tables...
Reduced 273 texinfos to 176
Reduced 9 texdatas to 9 (184 bytes to 184)
Writing d:\documents\levels\csgo_levels\maps\de_volterra\de_volterra.bsp
MSG_FILEWRITE - Filesystem was asked to write to 'd:\documents\levels\csgo_levels\maps\de_volterra\de_volterra.bsp', but we don't own that location. Allowing...
0 seconds elapsed



16 threads
reading d:\documents\levels\csgo_levels\maps\de_volterra\de_volterra.bsp
reading d:\documents\levels\csgo_levels\maps\de_volterra\de_volterra.prt
 514 portalclusters
1746 numportals
0...1...2...3...4...5...6...7...8...9...100...1...2...3...4...5...6...7...8...9...10Optimized: 1080 visible clusters (0.00%)
Total clusters visible: 144316
Average clusters visible: 280
Building PAS...
Average clusters audible: 513
visdatasize:70860  compressed from 74016
writing d:\documents\levels\csgo_levels\maps\de_volterra\de_volterra.bsp
MSG_FILEWRITE - Filesystem was asked to write to 'd:\documents\levels\csgo_levels\maps\de_volterra\de_volterra.bsp', but we don't own that location. Allowing...
17 seconds elapsed



[Reading texlights from 'lights.rad']
[40 texlights parsed from 'lights.rad']

Loading d:\documents\levels\csgo_levels\maps\de_volterra\de_volterra.bsp
813 faces
297304 square feet [42811916.00 square inches]
0 Displacements
0 Square Feet [0.00 Square Inches]
813 patches before subdivision
16165 patches after subdivision
2 direct lights
0...1...2...3...4...5...6...7...8...9...100...1...2...3...4...5...6...7...8...9...10transfers 757054, max 318
transfer lists:   5.8 megs
0...1...2...3...4...5...6...7...8...9...10	Bounce #1 added RGB(46818, 46445, 46333)
0...1...2...3...4...5...6...7...8...9...10	Bounce #2 added RGB(6800, 6601, 6538)
0...1...2...3...4...5...6...7...8...9...10	Bounce #3 added RGB(1064, 1007, 989)
0...1...2...3...4...5...6...7...8...9...10	Bounce #4 added RGB(177, 161, 157)
0...1...2...3...4...5...6...7...8...9...10	Bounce #5 added RGB(31, 27, 26)
0...1...2...3...4...5...6...7...8...9...10	Bounce #6 added RGB(6, 5, 4)
0...1...2...3...4...5...6...7...8...9...10	Bounce #7 added RGB(1, 1, 1)
0...1...2...3...4...5...6...7...8...9...10	Bounce #8 added RGB(0, 0, 0)
Build Patch/Sample Hash Table(s).....Done<0.0024 sec>
0...1...2...3...4...5...6...7...8...9...10FinalLightFace Done
0 of 0 (0% of) surface lights went in leaf ambient cubes.
0...1...2...3...4...5...6...7...8...9...10Writing leaf ambient...done
Ready to Finish

Object names       Objects/Maxobjs  Memory / Maxmem  Fullness 
------------       ---------------  ---------------  -------- 
models                   5/1024          240/49152    ( 0.5%) 
brushes                262/8192         3144/98304    ( 3.2%) 
brushsides            1683/81920       13464/655360   ( 2.1%) 
planes                 714/65536       14280/1310720  ( 1.1%) 
vertexes              1888/65536       22656/786432   ( 2.9%) 
nodes                  978/65536       31296/2097152  ( 1.5%) 
texinfos               176/12288       12672/884736   ( 1.4%) 
texdata                  9/4096          288/131072   ( 0.2%) 
dispinfos                0/0               0/0        ( 0.0%) 
disp_verts               0/0               0/0        ( 0.0%) 
disp_tris                0/0               0/0        ( 0.0%) 
disp_multiblend          0/0               0/0        ( 0.0%) 
disp_lmsamples           0/0               0/0        ( 0.0%) 
faces                  813/65536       45528/3670016  ( 1.2%) 
hdr faces              813/65536       45528/3670016  ( 1.2%) 
origfaces              524/65536       29344/3670016  ( 0.8%) 
facebrushes             30/0              60/0        ( 0.0%) 
facebrushlists         813/0            3252/0        ( 0.0%) 
leaves                 984/65536       31488/2097152  ( 1.5%) 
leaffaces              987/65536        1974/131072   ( 1.5%) 
leafbrushes            601/65536        1202/131072   ( 0.9%) 
areas                    2/1024           16/8192     ( 0.2%) 
surfedges             5829/512000      23316/2048000  ( 1.1%) 
edges                 3829/256000      15316/1024000  ( 1.5%) 
LDR worldlights          0/8192            0/819200   ( 0.0%) 
HDR worldlights          2/8192          200/819200   ( 0.0%) 
leafwaterdata            0/32768           0/393216   ( 0.0%) 
waterstrips             88/32768         880/327680   ( 0.3%) 
waterverts               0/65536           0/786432   ( 0.0%) 
waterindices          1344/65536        2688/131072   ( 2.1%) 
cubemapsamples           0/1024            0/16384    ( 0.0%) 
overlays                 2/1024          704/360448   ( 0.2%) 
LDR lightdata         [variable]           0/0        ( 0.0%) 
HDR lightdata         [variable]      505332/0        ( 0.0%) 
visdata               [variable]       70860/16777216 ( 0.4%) 
entdata               [variable]        2034/393216   ( 0.5%) 
LDR ambient table      984/65536        3936/262144   ( 1.5%) 
HDR ambient table      984/65536        3936/262144   ( 1.5%) 
LDR leaf ambient       984/65536       27552/1835008  ( 1.5%) 
HDR leaf ambient      5093/65536      142604/1835008  ( 7.8%) 
occluders                0/0               0/0        ( 0.0%) 
occluder polygons        0/0               0/0        ( 0.0%) 
occluder vert ind        0/0               0/0        ( 0.0%) 
detail props          [variable]           1/12       ( 8.3%) 
static props          [variable]           1/12       ( 8.3%) 
pakfile               [variable]       74442/0        ( 0.0%) 
physics               [variable]       91631/4194304  ( 2.2%) 
physics terrain       [variable]           2/1048576  ( 0.0%) 

Level flags = 7e

Total triangle count: 2108
Writing d:\documents\levels\csgo_levels\maps\de_volterra\de_volterra.bsp
MSG_FILEWRITE - Filesystem was asked to write to 'd:\documents\levels\csgo_levels\maps\de_volterra\de_volterra.bsp', but we don't own that location. Allowing...
4 seconds elapsed
