


materialPath: E:\SteamLibrary\steamapps\common\Counter-Strike Global Offensive\csgo\materials
Loading D:\Documents\levels\csgo_maps\maps\de_bunker_blockout.vmf
Map revision 59
fixing up env_cubemap materials on brush sides...
0...1...2...3...4...5...6...7...8...9...100...1...2...3...4...5...6...7...8...9...10Processing areas...done (0)
Building Faces...done (0)
Chop Details...done (0)
Find Visible Detail Sides...done (0)
Merging details...done (0)
FixTjuncs...
PruneNodes...
WriteBSP...
done (0)
writing D:\Documents\levels\csgo_maps\maps\de_bunker_blockout.prt...Building visibility clusters...
AutoVisClustering (threshold=-1) matched 0 leafs.
done (0)
Finding displacement neighbors...
Finding lightmap sample positions...
Displacement Alpha : 0...1...2...3...4...5...6...7...8...9...10
Building Physics collision data...
done (0) (145087 bytes)
Placing detail props : 0...1...2...3...4...5...6...7...8...9...10
Compacting texture/material tables...
Reduced 376 texinfos to 168
Reduced 8 texdatas to 8 (193 bytes to 193)
Writing D:\Documents\levels\csgo_maps\maps\de_bunker_blockout.bsp
MSG_FILEWRITE - Filesystem was asked to write to 'd:\documents\levels\csgo_maps\maps\de_bunker_blockout.bsp', but we don't own that location. Allowing...
0 seconds elapsed



16 threads
reading d:\documents\levels\csgo_maps\maps\de_bunker_blockout.bsp
reading d:\documents\levels\csgo_maps\maps\de_bunker_blockout.prt
 977 portalclusters
3181 numportals
0...1...2...3...4...5...6...7...8...9...100...1...2...3...4...5...6...7...8...9...10Optimized: 3999 visible clusters (0.00%)
Total clusters visible: 322520
Average clusters visible: 330
Building PAS...
Average clusters audible: 940
visdatasize:229185  compressed from 250112
writing d:\documents\levels\csgo_maps\maps\de_bunker_blockout.bsp
MSG_FILEWRITE - Filesystem was asked to write to 'd:\documents\levels\csgo_maps\maps\de_bunker_blockout.bsp', but we don't own that location. Allowing...
2 minutes, 1 second elapsed



[Reading texlights from 'lights.rad']
[40 texlights parsed from 'lights.rad']

Loading d:\documents\levels\csgo_maps\maps\de_bunker_blockout.bsp
2325 faces
481745 square feet [69371360.00 square inches]
0 Displacements
0 Square Feet [0.00 Square Inches]
2325 patches before subdivision
25795 patches after subdivision
11 direct lights
0...1...2...3...4...5...6...7...8...9...100...1...2...3...4...5...6...7...8...9...10transfers 1606130, max 612
transfer lists:  12.3 megs
0...1...2...3...4...5...6...7...8...9...10	Bounce #1 added RGB(325754, 104088, 25820)
0...1...2...3...4...5...6...7...8...9...10	Bounce #2 added RGB(118195, 12805, 275)
0...1...2...3...4...5...6...7...8...9...10	Bounce #3 added RGB(48145, 1724, 6)
0...1...2...3...4...5...6...7...8...9...10	Bounce #4 added RGB(20895, 249, 0)
0...1...2...3...4...5...6...7...8...9...10	Bounce #5 added RGB(9618, 38, 0)
0...1...2...3...4...5...6...7...8...9...10	Bounce #6 added RGB(4633, 6, 0)
0...1...2...3...4...5...6...7...8...9...10	Bounce #7 added RGB(2314, 1, 0)
0...1...2...3...4...5...6...7...8...9...10	Bounce #8 added RGB(1192, 0, 0)
0...1...2...3...4...5...6...7...8...9...10	Bounce #9 added RGB(629, 0, 0)
0...1...2...3...4...5...6...7...8...9...10	Bounce #10 added RGB(339, 0, 0)
0...1...2...3...4...5...6...7...8...9...10	Bounce #11 added RGB(187, 0, 0)
0...1...2...3...4...5...6...7...8...9...10	Bounce #12 added RGB(105, 0, 0)
0...1...2...3...4...5...6...7...8...9...10	Bounce #13 added RGB(60, 0, 0)
0...1...2...3...4...5...6...7...8...9...10	Bounce #14 added RGB(35, 0, 0)
0...1...2...3...4...5...6...7...8...9...10	Bounce #15 added RGB(21, 0, 0)
0...1...2...3...4...5...6...7...8...9...10	Bounce #16 added RGB(12, 0, 0)
0...1...2...3...4...5...6...7...8...9...10	Bounce #17 added RGB(8, 0, 0)
0...1...2...3...4...5...6...7...8...9...10	Bounce #18 added RGB(5, 0, 0)
0...1...2...3...4...5...6...7...8...9...10	Bounce #19 added RGB(3, 0, 0)
0...1...2...3...4...5...6...7...8...9...10	Bounce #20 added RGB(2, 0, 0)
0...1...2...3...4...5...6...7...8...9...10	Bounce #21 added RGB(1, 0, 0)
0...1...2...3...4...5...6...7...8...9...10	Bounce #22 added RGB(1, 0, 0)
Build Patch/Sample Hash Table(s).....Done<0.0038 sec>
0...1...2...3...4...5...6...7...8...9...10FinalLightFace Done
0 of 0 (0% of) surface lights went in leaf ambient cubes.
0...1...2...3...4...5...6...7...8...9...10Writing leaf ambient...done
Computing static prop lighting : 00...1...2...3...4...5...6...7...8...9...10
Ready to Finish

Object names       Objects/Maxobjs  Memory / Maxmem  Fullness 
------------       ---------------  ---------------  -------- 
models                   5/1024          240/49152    ( 0.5%) 
brushes                416/8192         4992/98304    ( 5.1%) 
brushsides            3162/81920       25296/655360   ( 3.9%) 
planes                1746/65536       34920/1310720  ( 2.7%) 
vertexes              3801/65536       45612/786432   ( 5.8%) 
nodes                 1977/65536       63264/2097152  ( 3.0%) 
texinfos               168/12288       12096/884736   ( 1.4%) 
texdata                  8/4096          256/131072   ( 0.2%) 
dispinfos                0/0               0/0        ( 0.0%) 
disp_verts               0/0               0/0        ( 0.0%) 
disp_tris                0/0               0/0        ( 0.0%) 
disp_multiblend          0/0               0/0        ( 0.0%) 
disp_lmsamples           0/0               0/0        ( 0.0%) 
faces                 2325/65536      130200/3670016  ( 3.5%) 
hdr faces                0/65536           0/3670016  ( 0.0%) 
origfaces             1055/65536       59080/3670016  ( 1.6%) 
facebrushes            279/0             558/0        ( 0.0%) 
facebrushlists        2325/0            9300/0        ( 0.0%) 
leaves                1983/65536       63456/2097152  ( 3.0%) 
leaffaces             2658/65536        5316/131072   ( 4.1%) 
leafbrushes           1544/65536        3088/131072   ( 2.4%) 
areas                    3/1024           24/8192     ( 0.3%) 
surfedges            15345/512000      61380/2048000  ( 3.0%) 
edges                 8831/256000      35324/1024000  ( 3.4%) 
LDR worldlights         11/8192         1100/819200   ( 0.1%) 
HDR worldlights          0/8192            0/819200   ( 0.0%) 
leafwaterdata            0/32768           0/393216   ( 0.0%) 
waterstrips            196/32768        1960/327680   ( 0.6%) 
waterverts               0/65536           0/786432   ( 0.0%) 
waterindices          3867/65536        7734/131072   ( 5.9%) 
cubemapsamples           0/1024            0/16384    ( 0.0%) 
overlays                 0/1024            0/360448   ( 0.0%) 
LDR lightdata         [variable]      985152/0        ( 0.0%) 
HDR lightdata         [variable]           0/0        ( 0.0%) 
visdata               [variable]      229185/16777216 ( 1.4%) 
entdata               [variable]        3908/393216   ( 1.0%) 
LDR ambient table     1983/65536        7932/262144   ( 3.0%) 
HDR ambient table     1983/65536        7932/262144   ( 3.0%) 
LDR leaf ambient     10158/65536      284424/1835008  (15.5%) 
HDR leaf ambient      1983/65536       55524/1835008  ( 3.0%) 
occluders                0/0               0/0        ( 0.0%) 
occluder polygons        0/0               0/0        ( 0.0%) 
occluder vert ind        0/0               0/0        ( 0.0%) 
detail props          [variable]           1/12       ( 8.3%) 
static props          [variable]           1/468      ( 0.2%) 
pakfile               [variable]      101462/0        ( 0.0%) 
physics               [variable]      145087/4194304  ( 3.5%) 
physics terrain       [variable]           2/1048576  ( 0.0%) 

Level flags = 7d

Total triangle count: 6475
Writing d:\documents\levels\csgo_maps\maps\de_bunker_blockout.bsp
MSG_FILEWRITE - Filesystem was asked to write to 'd:\documents\levels\csgo_maps\maps\de_bunker_blockout.bsp', but we don't own that location. Allowing...
8 seconds elapsed



[Reading texlights from 'lights.rad']
[40 texlights parsed from 'lights.rad']

Loading d:\documents\levels\csgo_maps\maps\de_bunker_blockout.bsp
2325 faces
481745 square feet [69371360.00 square inches]
0 Displacements
0 Square Feet [0.00 Square Inches]
2325 patches before subdivision
25795 patches after subdivision
11 direct lights
0...1...2...3...4...5...6...7...8...9...100...1...2...3...4...5...6...7...8...9...10transfers 1606130, max 612
transfer lists:  12.3 megs
0...1...2...3...4...5...6...7...8...9...10	Bounce #1 added RGB(325754, 104088, 25820)
0...1...2...3...4...5...6...7...8...9...10	Bounce #2 added RGB(118195, 12805, 275)
0...1...2...3...4...5...6...7...8...9...10	Bounce #3 added RGB(48145, 1724, 6)
0...1...2...3...4...5...6...7...8...9...10	Bounce #4 added RGB(20895, 249, 0)
0...1...2...3...4...5...6...7...8...9...10	Bounce #5 added RGB(9618, 38, 0)
0...1...2...3...4...5...6...7...8...9...10	Bounce #6 added RGB(4633, 6, 0)
0...1...2...3...4...5...6...7...8...9...10	Bounce #7 added RGB(2314, 1, 0)
0...1...2...3...4...5...6...7...8...9...10	Bounce #8 added RGB(1192, 0, 0)
0...1...2...3...4...5...6...7...8...9...10	Bounce #9 added RGB(629, 0, 0)
0...1...2...3...4...5...6...7...8...9...10	Bounce #10 added RGB(339, 0, 0)
0...1...2...3...4...5...6...7...8...9...10	Bounce #11 added RGB(187, 0, 0)
0...1...2...3...4...5...6...7...8...9...10	Bounce #12 added RGB(105, 0, 0)
0...1...2...3...4...5...6...7...8...9...10	Bounce #13 added RGB(60, 0, 0)
0...1...2...3...4...5...6...7...8...9...10	Bounce #14 added RGB(35, 0, 0)
0...1...2...3...4...5...6...7...8...9...10	Bounce #15 added RGB(21, 0, 0)
0...1...2...3...4...5...6...7...8...9...10	Bounce #16 added RGB(12, 0, 0)
0...1...2...3...4...5...6...7...8...9...10	Bounce #17 added RGB(8, 0, 0)
0...1...2...3...4...5...6...7...8...9...10	Bounce #18 added RGB(5, 0, 0)
0...1...2...3...4...5...6...7...8...9...10	Bounce #19 added RGB(3, 0, 0)
0...1...2...3...4...5...6...7...8...9...10	Bounce #20 added RGB(2, 0, 0)
0...1...2...3...4...5...6...7...8...9...10	Bounce #21 added RGB(1, 0, 0)
0...1...2...3...4...5...6...7...8...9...10	Bounce #22 added RGB(1, 0, 0)
Build Patch/Sample Hash Table(s).....Done<0.0036 sec>
0...1...2...3...4...5...6...7...8...9...10FinalLightFace Done
0 of 0 (0% of) surface lights went in leaf ambient cubes.
0...1...2...3...4...5...6...7...8...9...10Writing leaf ambient...done
Computing static prop lighting : 00...1...2...3...4...5...6...7...8...9...10
Ready to Finish

Object names       Objects/Maxobjs  Memory / Maxmem  Fullness 
------------       ---------------  ---------------  -------- 
models                   5/1024          240/49152    ( 0.5%) 
brushes                416/8192         4992/98304    ( 5.1%) 
brushsides            3162/81920       25296/655360   ( 3.9%) 
planes                1746/65536       34920/1310720  ( 2.7%) 
vertexes              3801/65536       45612/786432   ( 5.8%) 
nodes                 1977/65536       63264/2097152  ( 3.0%) 
texinfos               168/12288       12096/884736   ( 1.4%) 
texdata                  8/4096          256/131072   ( 0.2%) 
dispinfos                0/0               0/0        ( 0.0%) 
disp_verts               0/0               0/0        ( 0.0%) 
disp_tris                0/0               0/0        ( 0.0%) 
disp_multiblend          0/0               0/0        ( 0.0%) 
disp_lmsamples           0/0               0/0        ( 0.0%) 
faces                 2325/65536      130200/3670016  ( 3.5%) 
hdr faces             2325/65536      130200/3670016  ( 3.5%) 
origfaces             1055/65536       59080/3670016  ( 1.6%) 
facebrushes            279/0             558/0        ( 0.0%) 
facebrushlists        2325/0            9300/0        ( 0.0%) 
leaves                1983/65536       63456/2097152  ( 3.0%) 
leaffaces             2658/65536        5316/131072   ( 4.1%) 
leafbrushes           1544/65536        3088/131072   ( 2.4%) 
areas                    3/1024           24/8192     ( 0.3%) 
surfedges            15345/512000      61380/2048000  ( 3.0%) 
edges                 8831/256000      35324/1024000  ( 3.4%) 
LDR worldlights         11/8192         1100/819200   ( 0.1%) 
HDR worldlights         11/8192         1100/819200   ( 0.1%) 
leafwaterdata            0/32768           0/393216   ( 0.0%) 
waterstrips            196/32768        1960/327680   ( 0.6%) 
waterverts               0/65536           0/786432   ( 0.0%) 
waterindices          3867/65536        7734/131072   ( 5.9%) 
cubemapsamples           0/1024            0/16384    ( 0.0%) 
overlays                 0/1024            0/360448   ( 0.0%) 
LDR lightdata         [variable]      985152/0        ( 0.0%) 
HDR lightdata         [variable]      985152/0        ( 0.0%) 
visdata               [variable]      229185/16777216 ( 1.4%) 
entdata               [variable]        3908/393216   ( 1.0%) 
LDR ambient table     1983/65536        7932/262144   ( 3.0%) 
HDR ambient table     1983/65536        7932/262144   ( 3.0%) 
LDR leaf ambient     10158/65536      284424/1835008  (15.5%) 
HDR leaf ambient     10158/65536      284424/1835008  (15.5%) 
occluders                0/0               0/0        ( 0.0%) 
occluder polygons        0/0               0/0        ( 0.0%) 
occluder vert ind        0/0               0/0        ( 0.0%) 
detail props          [variable]           1/12       ( 8.3%) 
static props          [variable]           1/468      ( 0.2%) 
pakfile               [variable]      128486/0        ( 0.0%) 
physics               [variable]      145087/4194304  ( 3.5%) 
physics terrain       [variable]           2/1048576  ( 0.0%) 

Level flags = 7f

Total triangle count: 6475
Writing d:\documents\levels\csgo_maps\maps\de_bunker_blockout.bsp
MSG_FILEWRITE - Filesystem was asked to write to 'd:\documents\levels\csgo_maps\maps\de_bunker_blockout.bsp', but we don't own that location. Allowing...
8 seconds elapsed



materialPath: E:\SteamLibrary\steamapps\common\Counter-Strike Global Offensive\csgo\materials
Loading D:\Documents\levels\csgo_maps\maps\de_bunker_blockout.vmf
Map revision 60
fixing up env_cubemap materials on brush sides...
0...1...2...3...4...5...6...7...8...9...100...1...2...3...4...5...6...7...8...9...10Processing areas...done (0)
Building Faces...done (0)
Chop Details...done (0)
Find Visible Detail Sides...done (0)
Merging details...done (0)
FixTjuncs...
PruneNodes...
WriteBSP...
done (0)
writing D:\Documents\levels\csgo_maps\maps\de_bunker_blockout.prt...Building visibility clusters...
AutoVisClustering (threshold=-1) matched 0 leafs.
done (0)
Finding displacement neighbors...
Finding lightmap sample positions...
Displacement Alpha : 0...1...2...3...4...5...6...7...8...9...10
Building Physics collision data...
done (0) (152535 bytes)
Placing detail props : 0...1...2...3...4...5...6...7...8...9...10
Compacting texture/material tables...
Reduced 423 texinfos to 215
Reduced 8 texdatas to 8 (193 bytes to 193)
Writing D:\Documents\levels\csgo_maps\maps\de_bunker_blockout.bsp
MSG_FILEWRITE - Filesystem was asked to write to 'd:\documents\levels\csgo_maps\maps\de_bunker_blockout.bsp', but we don't own that location. Allowing...
0 seconds elapsed



16 threads
reading d:\documents\levels\csgo_maps\maps\de_bunker_blockout.bsp
reading d:\documents\levels\csgo_maps\maps\de_bunker_blockout.prt
 977 portalclusters
3181 numportals
0...1...2...3...4...5...6...7...8...9...100...1...2...3...4...5...6...7...8...9...10Optimized: 3998 visible clusters (0.00%)
Total clusters visible: 322515
Average clusters visible: 330
Building PAS...
Average clusters audible: 940
visdatasize:229185  compressed from 250112
writing d:\documents\levels\csgo_maps\maps\de_bunker_blockout.bsp
MSG_FILEWRITE - Filesystem was asked to write to 'd:\documents\levels\csgo_maps\maps\de_bunker_blockout.bsp', but we don't own that location. Allowing...
1 minute, 59 seconds elapsed



[Reading texlights from 'lights.rad']
[40 texlights parsed from 'lights.rad']

Loading d:\documents\levels\csgo_maps\maps\de_bunker_blockout.bsp
2480 faces
516789 square feet [74417632.00 square inches]
0 Displacements
0 Square Feet [0.00 Square Inches]
2480 patches before subdivision
31914 patches after subdivision
11 direct lights
0...1...2...3...4...5...6...7...8...9...100...1...2...3...4...5...6...7...8...9...10transfers 1786285, max 612
transfer lists:  13.6 megs
0...1...2...3...4...5...6...7...8...9...10	Bounce #1 added RGB(177618, 90706, 60784)
0...1...2...3...4...5...6...7...8...9...10	Bounce #2 added RGB(64480, 10377, 2790)
0...1...2...3...4...5...6...7...8...9...10	Bounce #3 added RGB(28746, 1348, 175)
0...1...2...3...4...5...6...7...8...9...10	Bounce #4 added RGB(13677, 198, 12)
0...1...2...3...4...5...6...7...8...9...10	Bounce #5 added RGB(6773, 31, 1)
0...1...2...3...4...5...6...7...8...9...10	Bounce #6 added RGB(3442, 5, 0)
0...1...2...3...4...5...6...7...8...9...10	Bounce #7 added RGB(1778, 1, 0)
0...1...2...3...4...5...6...7...8...9...10	Bounce #8 added RGB(935, 0, 0)
0...1...2...3...4...5...6...7...8...9...10	Bounce #9 added RGB(496, 0, 0)
0...1...2...3...4...5...6...7...8...9...10	Bounce #10 added RGB(267, 0, 0)
0...1...2...3...4...5...6...7...8...9...10	Bounce #11 added RGB(145, 0, 0)
0...1...2...3...4...5...6...7...8...9...10	Bounce #12 added RGB(80, 0, 0)
0...1...2...3...4...5...6...7...8...9...10	Bounce #13 added RGB(44, 0, 0)
0...1...2...3...4...5...6...7...8...9...10	Bounce #14 added RGB(25, 0, 0)
0...1...2...3...4...5...6...7...8...9...10	Bounce #15 added RGB(14, 0, 0)
0...1...2...3...4...5...6...7...8...9...10	Bounce #16 added RGB(8, 0, 0)
0...1...2...3...4...5...6...7...8...9...10	Bounce #17 added RGB(5, 0, 0)
0...1...2...3...4...5...6...7...8...9...10	Bounce #18 added RGB(3, 0, 0)
0...1...2...3...4...5...6...7...8...9...10	Bounce #19 added RGB(2, 0, 0)
0...1...2...3...4...5...6...7...8...9...10	Bounce #20 added RGB(1, 0, 0)
0...1...2...3...4...5...6...7...8...9...10	Bounce #21 added RGB(1, 0, 0)
Build Patch/Sample Hash Table(s).....Done<0.0050 sec>
0...1...2...3...4...5...6...7...8...9...10FinalLightFace Done
0 of 0 (0% of) surface lights went in leaf ambient cubes.
0...1...2...3...4...5...6...7...8...9...10Writing leaf ambient...done
Computing static prop lighting : 00...1...2...3...4...5...6...7...8...9...10
Ready to Finish

Object names       Objects/Maxobjs  Memory / Maxmem  Fullness 
------------       ---------------  ---------------  -------- 
models                   5/1024          240/49152    ( 0.5%) 
brushes                435/8192         5220/98304    ( 5.3%) 
brushsides            3276/81920       26208/655360   ( 4.0%) 
planes                1850/65536       37000/1310720  ( 2.8%) 
vertexes              4003/65536       48036/786432   ( 6.1%) 
nodes                 2078/65536       66496/2097152  ( 3.2%) 
texinfos               215/12288       15480/884736   ( 1.7%) 
texdata                  8/4096          256/131072   ( 0.2%) 
dispinfos                0/0               0/0        ( 0.0%) 
disp_verts               0/0               0/0        ( 0.0%) 
disp_tris                0/0               0/0        ( 0.0%) 
disp_multiblend          0/0               0/0        ( 0.0%) 
disp_lmsamples           0/0               0/0        ( 0.0%) 
faces                 2480/65536      138880/3670016  ( 3.8%) 
hdr faces                0/65536           0/3670016  ( 0.0%) 
origfaces             1165/65536       65240/3670016  ( 1.8%) 
facebrushes            279/0             558/0        ( 0.0%) 
facebrushlists        2480/0            9920/0        ( 0.0%) 
leaves                2084/65536       66688/2097152  ( 3.2%) 
leaffaces             2900/65536        5800/131072   ( 4.4%) 
leafbrushes           1565/65536        3130/131072   ( 2.4%) 
areas                    3/1024           24/8192     ( 0.3%) 
surfedges            16439/512000      65756/2048000  ( 3.2%) 
edges                 9386/256000      37544/1024000  ( 3.7%) 
LDR worldlights         11/8192         1100/819200   ( 0.1%) 
HDR worldlights          0/8192            0/819200   ( 0.0%) 
leafwaterdata            0/32768           0/393216   ( 0.0%) 
waterstrips            196/32768        1960/327680   ( 0.6%) 
waterverts               0/65536           0/786432   ( 0.0%) 
waterindices          3867/65536        7734/131072   ( 5.9%) 
cubemapsamples           0/1024            0/16384    ( 0.0%) 
overlays                 0/1024            0/360448   ( 0.0%) 
LDR lightdata         [variable]     1189528/0        ( 0.0%) 
HDR lightdata         [variable]           0/0        ( 0.0%) 
visdata               [variable]      229185/16777216 ( 1.4%) 
entdata               [variable]        3908/393216   ( 1.0%) 
LDR ambient table     2084/65536        8336/262144   ( 3.2%) 
HDR ambient table     2084/65536        8336/262144   ( 3.2%) 
LDR leaf ambient     11365/65536      318220/1835008  (17.3%) 
HDR leaf ambient      2084/65536       58352/1835008  ( 3.2%) 
occluders                0/0               0/0        ( 0.0%) 
occluder polygons        0/0               0/0        ( 0.0%) 
occluder vert ind        0/0               0/0        ( 0.0%) 
detail props          [variable]           1/12       ( 8.3%) 
static props          [variable]           1/468      ( 0.2%) 
pakfile               [variable]      101462/0        ( 0.0%) 
physics               [variable]      152535/4194304  ( 3.6%) 
physics terrain       [variable]           2/1048576  ( 0.0%) 

Level flags = 7d

Total triangle count: 6819
Writing d:\documents\levels\csgo_maps\maps\de_bunker_blockout.bsp
MSG_FILEWRITE - Filesystem was asked to write to 'd:\documents\levels\csgo_maps\maps\de_bunker_blockout.bsp', but we don't own that location. Allowing...
9 seconds elapsed



[Reading texlights from 'lights.rad']
[40 texlights parsed from 'lights.rad']

Loading d:\documents\levels\csgo_maps\maps\de_bunker_blockout.bsp
2480 faces
516789 square feet [74417632.00 square inches]
0 Displacements
0 Square Feet [0.00 Square Inches]
2480 patches before subdivision
31914 patches after subdivision
11 direct lights
0...1...2...3...4...5...6...7...8...9...100...1...2...3...4...5...6...7...8...9...10transfers 1786285, max 612
transfer lists:  13.6 megs
0...1...2...3...4...5...6...7...8...9...10	Bounce #1 added RGB(177619, 90707, 60785)
0...1...2...3...4...5...6...7...8...9...10	Bounce #2 added RGB(64480, 10377, 2790)
0...1...2...3...4...5...6...7...8...9...10	Bounce #3 added RGB(28746, 1348, 175)
0...1...2...3...4...5...6...7...8...9...10	Bounce #4 added RGB(13677, 198, 12)
0...1...2...3...4...5...6...7...8...9...10	Bounce #5 added RGB(6773, 31, 1)
0...1...2...3...4...5...6...7...8...9...10	Bounce #6 added RGB(3442, 5, 0)
0...1...2...3...4...5...6...7...8...9...10	Bounce #7 added RGB(1778, 1, 0)
0...1...2...3...4...5...6...7...8...9...10	Bounce #8 added RGB(935, 0, 0)
0...1...2...3...4...5...6...7...8...9...10	Bounce #9 added RGB(496, 0, 0)
0...1...2...3...4...5...6...7...8...9...10	Bounce #10 added RGB(267, 0, 0)
0...1...2...3...4...5...6...7...8...9...10	Bounce #11 added RGB(145, 0, 0)
0...1...2...3...4...5...6...7...8...9...10	Bounce #12 added RGB(80, 0, 0)
0...1...2...3...4...5...6...7...8...9...10	Bounce #13 added RGB(44, 0, 0)
0...1...2...3...4...5...6...7...8...9...10	Bounce #14 added RGB(25, 0, 0)
0...1...2...3...4...5...6...7...8...9...10	Bounce #15 added RGB(14, 0, 0)
0...1...2...3...4...5...6...7...8...9...10	Bounce #16 added RGB(8, 0, 0)
0...1...2...3...4...5...6...7...8...9...10	Bounce #17 added RGB(5, 0, 0)
0...1...2...3...4...5...6...7...8...9...10	Bounce #18 added RGB(3, 0, 0)
0...1...2...3...4...5...6...7...8...9...10	Bounce #19 added RGB(2, 0, 0)
0...1...2...3...4...5...6...7...8...9...10	Bounce #20 added RGB(1, 0, 0)
0...1...2...3...4...5...6...7...8...9...10	Bounce #21 added RGB(1, 0, 0)
Build Patch/Sample Hash Table(s).....Done<0.0055 sec>
0...1...2...3...4...5...6...7...8...9...10FinalLightFace Done
0 of 0 (0% of) surface lights went in leaf ambient cubes.
0...1...2...3...4...5...6...7...8...9...10Writing leaf ambient...done
Computing static prop lighting : 00...1...2...3...4...5...6...7...8...9...10
Ready to Finish

Object names       Objects/Maxobjs  Memory / Maxmem  Fullness 
------------       ---------------  ---------------  -------- 
models                   5/1024          240/49152    ( 0.5%) 
brushes                435/8192         5220/98304    ( 5.3%) 
brushsides            3276/81920       26208/655360   ( 4.0%) 
planes                1850/65536       37000/1310720  ( 2.8%) 
vertexes              4003/65536       48036/786432   ( 6.1%) 
nodes                 2078/65536       66496/2097152  ( 3.2%) 
texinfos               215/12288       15480/884736   ( 1.7%) 
texdata                  8/4096          256/131072   ( 0.2%) 
dispinfos                0/0               0/0        ( 0.0%) 
disp_verts               0/0               0/0        ( 0.0%) 
disp_tris                0/0               0/0        ( 0.0%) 
disp_multiblend          0/0               0/0        ( 0.0%) 
disp_lmsamples           0/0               0/0        ( 0.0%) 
faces                 2480/65536      138880/3670016  ( 3.8%) 
hdr faces             2480/65536      138880/3670016  ( 3.8%) 
origfaces             1165/65536       65240/3670016  ( 1.8%) 
facebrushes            279/0             558/0        ( 0.0%) 
facebrushlists        2480/0            9920/0        ( 0.0%) 
leaves                2084/65536       66688/2097152  ( 3.2%) 
leaffaces             2900/65536        5800/131072   ( 4.4%) 
leafbrushes           1565/65536        3130/131072   ( 2.4%) 
areas                    3/1024           24/8192     ( 0.3%) 
surfedges            16439/512000      65756/2048000  ( 3.2%) 
edges                 9386/256000      37544/1024000  ( 3.7%) 
LDR worldlights         11/8192         1100/819200   ( 0.1%) 
HDR worldlights         11/8192         1100/819200   ( 0.1%) 
leafwaterdata            0/32768           0/393216   ( 0.0%) 
waterstrips            196/32768        1960/327680   ( 0.6%) 
waterverts               0/65536           0/786432   ( 0.0%) 
waterindices          3867/65536        7734/131072   ( 5.9%) 
cubemapsamples           0/1024            0/16384    ( 0.0%) 
overlays                 0/1024            0/360448   ( 0.0%) 
LDR lightdata         [variable]     1189528/0        ( 0.0%) 
HDR lightdata         [variable]     1189528/0        ( 0.0%) 
visdata               [variable]      229185/16777216 ( 1.4%) 
entdata               [variable]        3908/393216   ( 1.0%) 
LDR ambient table     2084/65536        8336/262144   ( 3.2%) 
HDR ambient table     2084/65536        8336/262144   ( 3.2%) 
LDR leaf ambient     11365/65536      318220/1835008  (17.3%) 
HDR leaf ambient     11365/65536      318220/1835008  (17.3%) 
occluders                0/0               0/0        ( 0.0%) 
occluder polygons        0/0               0/0        ( 0.0%) 
occluder vert ind        0/0               0/0        ( 0.0%) 
detail props          [variable]           1/12       ( 8.3%) 
static props          [variable]           1/468      ( 0.2%) 
pakfile               [variable]      128486/0        ( 0.0%) 
physics               [variable]      152535/4194304  ( 3.6%) 
physics terrain       [variable]           2/1048576  ( 0.0%) 

Level flags = 7f

Total triangle count: 6819
Writing d:\documents\levels\csgo_maps\maps\de_bunker_blockout.bsp
MSG_FILEWRITE - Filesystem was asked to write to 'd:\documents\levels\csgo_maps\maps\de_bunker_blockout.bsp', but we don't own that location. Allowing...
9 seconds elapsed



materialPath: E:\SteamLibrary\steamapps\common\Counter-Strike Global Offensive\csgo\materials
Loading D:\Documents\levels\csgo_maps\maps\de_bunker_blockout.vmf
Map revision 62
fixing up env_cubemap materials on brush sides...
0...1...2...3...4...5...6...7...8...9...100...1...2...3...4...5...6...7...8...9...10Processing areas...done (0)
Building Faces...done (0)
Chop Details...done (0)
Find Visible Detail Sides...done (0)
Merging details...done (0)
FixTjuncs...
PruneNodes...
WriteBSP...
done (0)
writing D:\Documents\levels\csgo_maps\maps\de_bunker_blockout.prt...Building visibility clusters...
AutoVisClustering (threshold=-1) matched 0 leafs.
done (0)
Finding displacement neighbors...
Finding lightmap sample positions...
Displacement Alpha : 0...1...2...3...4...5...6...7...8...9...10
Building Physics collision data...
done (0) (145087 bytes)
Placing detail props : 0...1...2...3...4...5...6...7...8...9...10
Compacting texture/material tables...
Reduced 376 texinfos to 168
Reduced 8 texdatas to 8 (172 bytes to 172)
Writing D:\Documents\levels\csgo_maps\maps\de_bunker_blockout.bsp
MSG_FILEWRITE - Filesystem was asked to write to 'd:\documents\levels\csgo_maps\maps\de_bunker_blockout.bsp', but we don't own that location. Allowing...
0 seconds elapsed



16 threads
reading d:\documents\levels\csgo_maps\maps\de_bunker_blockout.bsp
reading d:\documents\levels\csgo_maps\maps\de_bunker_blockout.prt
 977 portalclusters
3181 numportals
0...1...2...3...4...5...6...7...8...9...100...1...2...3...4...5...6...7...8...9...10Optimized: 3998 visible clusters (0.00%)
Total clusters visible: 322519
Average clusters visible: 330
Building PAS...
Average clusters audible: 940
visdatasize:229185  compressed from 250112
writing d:\documents\levels\csgo_maps\maps\de_bunker_blockout.bsp
MSG_FILEWRITE - Filesystem was asked to write to 'd:\documents\levels\csgo_maps\maps\de_bunker_blockout.bsp', but we don't own that location. Allowing...
1 minute, 56 seconds elapsed



[Reading texlights from 'lights.rad']
[40 texlights parsed from 'lights.rad']

Loading d:\documents\levels\csgo_maps\maps\de_bunker_blockout.bsp
2363 faces
509507 square feet [73369056.00 square inches]
0 Displacements
0 Square Feet [0.00 Square Inches]
2363 patches before subdivision
28829 patches after subdivision
11 direct lights
0...1...2...3...4...5...6...7...8...9...100...1...2...3...4...5...6...7...8...9...10transfers 1607082, max 612
transfer lists:  12.3 megs
0...1...2...3...4...5...6...7...8...9...10	Bounce #1 added RGB(316985, 100813, 26269)
0...1...2...3...4...5...6...7...8...9...10	Bounce #2 added RGB(115290, 12537, 282)
0...1...2...3...4...5...6...7...8...9...10	Bounce #3 added RGB(47101, 1698, 7)
0...1...2...3...4...5...6...7...8...9...10	Bounce #4 added RGB(20416, 246, 0)
0...1...2...3...4...5...6...7...8...9...10	Bounce #5 added RGB(9398, 38, 0)
0...1...2...3...4...5...6...7...8...9...10	Bounce #6 added RGB(4511, 6, 0)
0...1...2...3...4...5...6...7...8...9...10	Bounce #7 added RGB(2251, 1, 0)
0...1...2...3...4...5...6...7...8...9...10	Bounce #8 added RGB(1152, 0, 0)
0...1...2...3...4...5...6...7...8...9...10	Bounce #9 added RGB(607, 0, 0)
0...1...2...3...4...5...6...7...8...9...10	Bounce #10 added RGB(324, 0, 0)
0...1...2...3...4...5...6...7...8...9...10	Bounce #11 added RGB(178, 0, 0)
0...1...2...3...4...5...6...7...8...9...10	Bounce #12 added RGB(98, 0, 0)
0...1...2...3...4...5...6...7...8...9...10	Bounce #13 added RGB(56, 0, 0)
0...1...2...3...4...5...6...7...8...9...10	Bounce #14 added RGB(32, 0, 0)
0...1...2...3...4...5...6...7...8...9...10	Bounce #15 added RGB(19, 0, 0)
0...1...2...3...4...5...6...7...8...9...10	Bounce #16 added RGB(11, 0, 0)
0...1...2...3...4...5...6...7...8...9...10	Bounce #17 added RGB(7, 0, 0)
0...1...2...3...4...5...6...7...8...9...10	Bounce #18 added RGB(4, 0, 0)
0...1...2...3...4...5...6...7...8...9...10	Bounce #19 added RGB(3, 0, 0)
0...1...2...3...4...5...6...7...8...9...10	Bounce #20 added RGB(2, 0, 0)
0...1...2...3...4...5...6...7...8...9...10	Bounce #21 added RGB(1, 0, 0)
0...1...2...3...4...5...6...7...8...9...10	Bounce #22 added RGB(1, 0, 0)
Build Patch/Sample Hash Table(s).....Done<0.0041 sec>
0...1...2...3...4...5...6...7...8...9...10FinalLightFace Done
0 of 0 (0% of) surface lights went in leaf ambient cubes.
0...1...2...3...4...5...6...7...8...9...10Writing leaf ambient...done
Computing static prop lighting : 00...1...2...3...4...5...6...7...8...9...10
Ready to Finish

Object names       Objects/Maxobjs  Memory / Maxmem  Fullness 
------------       ---------------  ---------------  -------- 
models                   5/1024          240/49152    ( 0.5%) 
brushes                416/8192         4992/98304    ( 5.1%) 
brushsides            3162/81920       25296/655360   ( 3.9%) 
planes                1746/65536       34920/1310720  ( 2.7%) 
vertexes              3847/65536       46164/786432   ( 5.9%) 
nodes                 1987/65536       63584/2097152  ( 3.0%) 
texinfos               168/12288       12096/884736   ( 1.4%) 
texdata                  8/4096          256/131072   ( 0.2%) 
dispinfos                0/0               0/0        ( 0.0%) 
disp_verts               0/0               0/0        ( 0.0%) 
disp_tris                0/0               0/0        ( 0.0%) 
disp_multiblend          0/0               0/0        ( 0.0%) 
disp_lmsamples           0/0               0/0        ( 0.0%) 
faces                 2363/65536      132328/3670016  ( 3.6%) 
hdr faces                0/65536           0/3670016  ( 0.0%) 
origfaces             1055/65536       59080/3670016  ( 1.6%) 
facebrushes            279/0             558/0        ( 0.0%) 
facebrushlists        2363/0            9452/0        ( 0.0%) 
leaves                1993/65536       63776/2097152  ( 3.0%) 
leaffaces             2708/65536        5416/131072   ( 4.1%) 
leafbrushes           1547/65536        3094/131072   ( 2.4%) 
areas                    3/1024           24/8192     ( 0.3%) 
surfedges            15513/512000      62052/2048000  ( 3.0%) 
edges                 8915/256000      35660/1024000  ( 3.5%) 
LDR worldlights         11/8192         1100/819200   ( 0.1%) 
HDR worldlights          0/8192            0/819200   ( 0.0%) 
leafwaterdata            0/32768           0/393216   ( 0.0%) 
waterstrips            200/32768        2000/327680   ( 0.6%) 
waterverts               0/65536           0/786432   ( 0.0%) 
waterindices          3915/65536        7830/131072   ( 6.0%) 
cubemapsamples           0/1024            0/16384    ( 0.0%) 
overlays                 0/1024            0/360448   ( 0.0%) 
LDR lightdata         [variable]     1123080/0        ( 0.0%) 
HDR lightdata         [variable]           0/0        ( 0.0%) 
visdata               [variable]      229185/16777216 ( 1.4%) 
entdata               [variable]        3908/393216   ( 1.0%) 
LDR ambient table     1993/65536        7972/262144   ( 3.0%) 
HDR ambient table     1993/65536        7972/262144   ( 3.0%) 
LDR leaf ambient     10294/65536      288232/1835008  (15.7%) 
HDR leaf ambient      1993/65536       55804/1835008  ( 3.0%) 
occluders                0/0               0/0        ( 0.0%) 
occluder polygons        0/0               0/0        ( 0.0%) 
occluder vert ind        0/0               0/0        ( 0.0%) 
detail props          [variable]           1/12       ( 8.3%) 
static props          [variable]           1/468      ( 0.2%) 
pakfile               [variable]      101462/0        ( 0.0%) 
physics               [variable]      145087/4194304  ( 3.5%) 
physics terrain       [variable]           2/1048576  ( 0.0%) 

Level flags = 7d

Total triangle count: 6567
Writing d:\documents\levels\csgo_maps\maps\de_bunker_blockout.bsp
MSG_FILEWRITE - Filesystem was asked to write to 'd:\documents\levels\csgo_maps\maps\de_bunker_blockout.bsp', but we don't own that location. Allowing...
8 seconds elapsed



[Reading texlights from 'lights.rad']
[40 texlights parsed from 'lights.rad']

Loading d:\documents\levels\csgo_maps\maps\de_bunker_blockout.bsp
2363 faces
509507 square feet [73369056.00 square inches]
0 Displacements
0 Square Feet [0.00 Square Inches]
2363 patches before subdivision
28829 patches after subdivision
11 direct lights
0...1...2...3...4...5...6...7...8...9...100...1...2...3...4...5...6...7...8...9...10transfers 1607082, max 612
transfer lists:  12.3 megs
0...1...2...3...4...5...6...7...8...9...10	Bounce #1 added RGB(316986, 100813, 26269)
0...1...2...3...4...5...6...7...8...9...10	Bounce #2 added RGB(115290, 12537, 282)
0...1...2...3...4...5...6...7...8...9...10	Bounce #3 added RGB(47101, 1698, 7)
0...1...2...3...4...5...6...7...8...9...10	Bounce #4 added RGB(20416, 246, 0)
0...1...2...3...4...5...6...7...8...9...10	Bounce #5 added RGB(9398, 38, 0)
0...1...2...3...4...5...6...7...8...9...10	Bounce #6 added RGB(4511, 6, 0)
0...1...2...3...4...5...6...7...8...9...10	Bounce #7 added RGB(2251, 1, 0)
0...1...2...3...4...5...6...7...8...9...10	Bounce #8 added RGB(1152, 0, 0)
0...1...2...3...4...5...6...7...8...9...10	Bounce #9 added RGB(607, 0, 0)
0...1...2...3...4...5...6...7...8...9...10	Bounce #10 added RGB(324, 0, 0)
0...1...2...3...4...5...6...7...8...9...10	Bounce #11 added RGB(178, 0, 0)
0...1...2...3...4...5...6...7...8...9...10	Bounce #12 added RGB(98, 0, 0)
0...1...2...3...4...5...6...7...8...9...10	Bounce #13 added RGB(56, 0, 0)
0...1...2...3...4...5...6...7...8...9...10	Bounce #14 added RGB(32, 0, 0)
0...1...2...3...4...5...6...7...8...9...10	Bounce #15 added RGB(19, 0, 0)
0...1...2...3...4...5...6...7...8...9...10	Bounce #16 added RGB(11, 0, 0)
0...1...2...3...4...5...6...7...8...9...10	Bounce #17 added RGB(7, 0, 0)
0...1...2...3...4...5...6...7...8...9...10	Bounce #18 added RGB(4, 0, 0)
0...1...2...3...4...5...6...7...8...9...10	Bounce #19 added RGB(3, 0, 0)
0...1...2...3...4...5...6...7...8...9...10	Bounce #20 added RGB(2, 0, 0)
0...1...2...3...4...5...6...7...8...9...10	Bounce #21 added RGB(1, 0, 0)
0...1...2...3...4...5...6...7...8...9...10	Bounce #22 added RGB(1, 0, 0)
Build Patch/Sample Hash Table(s).....Done<0.0043 sec>
0...1...2...3...4...5...6...7...8...9...10FinalLightFace Done
0 of 0 (0% of) surface lights went in leaf ambient cubes.
0...1...2...3...4...5...6...7...8...9...10Writing leaf ambient...done
Computing static prop lighting : 00...1...2...3...4...5...6...7...8...9...10
Ready to Finish

Object names       Objects/Maxobjs  Memory / Maxmem  Fullness 
------------       ---------------  ---------------  -------- 
models                   5/1024          240/49152    ( 0.5%) 
brushes                416/8192         4992/98304    ( 5.1%) 
brushsides            3162/81920       25296/655360   ( 3.9%) 
planes                1746/65536       34920/1310720  ( 2.7%) 
vertexes              3847/65536       46164/786432   ( 5.9%) 
nodes                 1987/65536       63584/2097152  ( 3.0%) 
texinfos               168/12288       12096/884736   ( 1.4%) 
texdata                  8/4096          256/131072   ( 0.2%) 
dispinfos                0/0               0/0        ( 0.0%) 
disp_verts               0/0               0/0        ( 0.0%) 
disp_tris                0/0               0/0        ( 0.0%) 
disp_multiblend          0/0               0/0        ( 0.0%) 
disp_lmsamples           0/0               0/0        ( 0.0%) 
faces                 2363/65536      132328/3670016  ( 3.6%) 
hdr faces             2363/65536      132328/3670016  ( 3.6%) 
origfaces             1055/65536       59080/3670016  ( 1.6%) 
facebrushes            279/0             558/0        ( 0.0%) 
facebrushlists        2363/0            9452/0        ( 0.0%) 
leaves                1993/65536       63776/2097152  ( 3.0%) 
leaffaces             2708/65536        5416/131072   ( 4.1%) 
leafbrushes           1547/65536        3094/131072   ( 2.4%) 
areas                    3/1024           24/8192     ( 0.3%) 
surfedges            15513/512000      62052/2048000  ( 3.0%) 
edges                 8915/256000      35660/1024000  ( 3.5%) 
LDR worldlights         11/8192         1100/819200   ( 0.1%) 
HDR worldlights         11/8192         1100/819200   ( 0.1%) 
leafwaterdata            0/32768           0/393216   ( 0.0%) 
waterstrips            200/32768        2000/327680   ( 0.6%) 
waterverts               0/65536           0/786432   ( 0.0%) 
waterindices          3915/65536        7830/131072   ( 6.0%) 
cubemapsamples           0/1024            0/16384    ( 0.0%) 
overlays                 0/1024            0/360448   ( 0.0%) 
LDR lightdata         [variable]     1123080/0        ( 0.0%) 
HDR lightdata         [variable]     1123080/0        ( 0.0%) 
visdata               [variable]      229185/16777216 ( 1.4%) 
entdata               [variable]        3908/393216   ( 1.0%) 
LDR ambient table     1993/65536        7972/262144   ( 3.0%) 
HDR ambient table     1993/65536        7972/262144   ( 3.0%) 
LDR leaf ambient     10294/65536      288232/1835008  (15.7%) 
HDR leaf ambient     10294/65536      288232/1835008  (15.7%) 
occluders                0/0               0/0        ( 0.0%) 
occluder polygons        0/0               0/0        ( 0.0%) 
occluder vert ind        0/0               0/0        ( 0.0%) 
detail props          [variable]           1/12       ( 8.3%) 
static props          [variable]           1/468      ( 0.2%) 
pakfile               [variable]      128486/0        ( 0.0%) 
physics               [variable]      145087/4194304  ( 3.5%) 
physics terrain       [variable]           2/1048576  ( 0.0%) 

Level flags = 7f

Total triangle count: 6567
Writing d:\documents\levels\csgo_maps\maps\de_bunker_blockout.bsp
MSG_FILEWRITE - Filesystem was asked to write to 'd:\documents\levels\csgo_maps\maps\de_bunker_blockout.bsp', but we don't own that location. Allowing...
8 seconds elapsed
