


materialPath: E:\SteamLibrary\steamapps\common\Counter-Strike Global Offensive\csgo\materials
Loading d:\documents\levels\csgo_levels\maps\de_brewery\de_brewery.vmf
Map revision 3
fixing up env_cubemap materials on brush sides...
0...1...2...3...4...5...6...7...8...9...10**** leaked ****
Processing areas...done (0)
Building Faces...done (0)
FixTjuncs...
PruneNodes...
WriteBSP...
done (0)
Finding displacement neighbors...
Finding lightmap sample positions...
Displacement Alpha : 0...1...2...3...4...5...6...7...8...9...10
Building Physics collision data...
done (0) (2645 bytes)
Placing detail props : 0...1...2...3...4...5...6...7...8...9...10
Compacting texture/material tables...
Reduced 7 texinfos to 3
Reduced 3 texdatas to 3 (62 bytes to 62)
Writing d:\documents\levels\csgo_levels\maps\de_brewery\de_brewery.bsp
MSG_FILEWRITE - Filesystem was asked to write to 'd:\documents\levels\csgo_levels\maps\de_brewery\de_brewery.bsp', but we don't own that location. Allowing...
0 seconds elapsed



16 threads
reading d:\documents\levels\csgo_levels\maps\de_brewery\de_brewery.bsp
reading d:\documents\levels\csgo_levels\maps\de_brewery\de_brewery.prt
LoadPortals: couldn't read d:\documents\levels\csgo_levels\maps\de_brewery\de_brewery.prt



materialPath: E:\SteamLibrary\steamapps\common\Counter-Strike Global Offensive\csgo\materials
Loading d:\documents\levels\csgo_levels\maps\de_brewery\de_brewery.vmf
Map revision 6
fixing up env_cubemap materials on brush sides...
0...1...2...3...4...5...6...7...8...9...100...1...2...3...4...5...6...7...8...9...10Processing areas...done (0)
Building Faces...done (0)
FixTjuncs...
PruneNodes...
WriteBSP...
done (0)
writing d:\documents\levels\csgo_levels\maps\de_brewery\de_brewery.prt...Building visibility clusters...
AutoVisClustering (threshold=-1) matched 0 leafs.
done (0)
Finding displacement neighbors...
Finding lightmap sample positions...
Displacement Alpha : 0...1...2...3...4...5...6...7...8...9...10
Building Physics collision data...
done (0) (2645 bytes)
Placing detail props : 0...1...2...3...4...5...6...7...8...9...10
Compacting texture/material tables...
Reduced 7 texinfos to 3
Reduced 3 texdatas to 3 (62 bytes to 62)
Writing d:\documents\levels\csgo_levels\maps\de_brewery\de_brewery.bsp
MSG_FILEWRITE - Filesystem was asked to write to 'd:\documents\levels\csgo_levels\maps\de_brewery\de_brewery.bsp', but we don't own that location. Allowing...
0 seconds elapsed



16 threads
reading d:\documents\levels\csgo_levels\maps\de_brewery\de_brewery.bsp
reading d:\documents\levels\csgo_levels\maps\de_brewery\de_brewery.prt
  20 portalclusters
  31 numportals
0...1...2...3...4...5...6...7...8...9...100...1...2...3...4...5...6...7...8...9...10Optimized: 0 visible clusters (0.00%)
Total clusters visible: 400
Average clusters visible: 20
Building PAS...
Average clusters audible: 20
visdatasize:284  compressed from 320
writing d:\documents\levels\csgo_levels\maps\de_brewery\de_brewery.bsp
MSG_FILEWRITE - Filesystem was asked to write to 'd:\documents\levels\csgo_levels\maps\de_brewery\de_brewery.bsp', but we don't own that location. Allowing...
0 seconds elapsed



[Reading texlights from 'lights.rad']
[40 texlights parsed from 'lights.rad']

Loading d:\documents\levels\csgo_levels\maps\de_brewery\de_brewery.bsp
167 faces
349525 square feet [50331668.00 square inches]
0 Displacements
0 Square Feet [0.00 Square Inches]
167 patches before subdivision
11191 patches after subdivision
2 direct lights
0...1...2...3...4...5...6...7...8...9...100...1...2...3...4...5...6...7...8...9...10transfers 6331, max 205
transfer lists:   0.0 megs
0...1...2...3...4...5...6...7...8...9...10	Bounce #1 added RGB(0, 0, 0)
Build Patch/Sample Hash Table(s).....Done<0.0028 sec>
0...1...2...3...4...5...6...7...8...9...10FinalLightFace Done
0 of 0 (0% of) surface lights went in leaf ambient cubes.
0...1...2...3...4...5...6...7...8...9...10Writing leaf ambient...done
Ready to Finish

Object names       Objects/Maxobjs  Memory / Maxmem  Fullness 
------------       ---------------  ---------------  -------- 
models                   1/1024           48/49152    ( 0.1%) 
brushes                  7/8192           84/98304    ( 0.1%) 
brushsides              42/81920         336/655360   ( 0.1%) 
planes                 158/65536        3160/1310720  ( 0.2%) 
vertexes               203/65536        2436/786432   ( 0.3%) 
nodes                   99/65536        3168/2097152  ( 0.2%) 
texinfos                 3/12288         216/884736   ( 0.0%) 
texdata                  3/4096           96/131072   ( 0.1%) 
dispinfos                0/0               0/0        ( 0.0%) 
disp_verts               0/0               0/0        ( 0.0%) 
disp_tris                0/0               0/0        ( 0.0%) 
disp_multiblend          0/0               0/0        ( 0.0%) 
disp_lmsamples           0/0               0/0        ( 0.0%) 
faces                  167/65536        9352/3670016  ( 0.3%) 
hdr faces              167/65536        9352/3670016  ( 0.3%) 
origfaces                6/65536         336/3670016  ( 0.0%) 
facebrushes              0/0               0/0        ( 0.0%) 
facebrushlists         167/0             668/0        ( 0.0%) 
leaves                 101/65536        3232/2097152  ( 0.2%) 
leaffaces              170/65536         340/131072   ( 0.3%) 
leafbrushes            182/65536         364/131072   ( 0.3%) 
areas                    2/1024           16/8192     ( 0.2%) 
surfedges              726/512000       2904/2048000  ( 0.1%) 
edges                  376/256000       1504/1024000  ( 0.1%) 
LDR worldlights          0/8192            0/819200   ( 0.0%) 
HDR worldlights          2/8192          200/819200   ( 0.0%) 
leafwaterdata            0/32768           0/393216   ( 0.0%) 
waterstrips              2/32768          20/327680   ( 0.0%) 
waterverts               0/65536           0/786432   ( 0.0%) 
waterindices            60/65536         120/131072   ( 0.1%) 
cubemapsamples           0/1024            0/16384    ( 0.0%) 
overlays                 0/1024            0/360448   ( 0.0%) 
LDR lightdata         [variable]           0/0        ( 0.0%) 
HDR lightdata         [variable]      581520/0        ( 0.0%) 
visdata               [variable]         284/16777216 ( 0.0%) 
entdata               [variable]         600/393216   ( 0.2%) 
LDR ambient table      101/65536         404/262144   ( 0.2%) 
HDR ambient table      101/65536         404/262144   ( 0.2%) 
LDR leaf ambient       101/65536        2828/1835008  ( 0.2%) 
HDR leaf ambient       320/65536        8960/1835008  ( 0.5%) 
occluders                0/0               0/0        ( 0.0%) 
occluder polygons        0/0               0/0        ( 0.0%) 
occluder vert ind        0/0               0/0        ( 0.0%) 
detail props          [variable]           1/12       ( 8.3%) 
static props          [variable]           1/12       ( 8.3%) 
pakfile               [variable]       74438/0        ( 0.0%) 
physics               [variable]        2645/4194304  ( 0.1%) 
physics terrain       [variable]           2/1048576  ( 0.0%) 

Level flags = 7e

Total triangle count: 368
Writing d:\documents\levels\csgo_levels\maps\de_brewery\de_brewery.bsp
MSG_FILEWRITE - Filesystem was asked to write to 'd:\documents\levels\csgo_levels\maps\de_brewery\de_brewery.bsp', but we don't own that location. Allowing...
0 seconds elapsed



materialPath: E:\SteamLibrary\steamapps\common\Counter-Strike Global Offensive\csgo\materials
Loading d:\documents\levels\csgo_levels\maps\de_brewery\de_brewery.vmf
Map revision 13
fixing up env_cubemap materials on brush sides...
0...1...2...3...4...5...6...7...8...9...100...1...2...3...4...5...6...7...8...9...10Processing areas...done (0)
Building Faces...done (0)
Chop Details...done (0)
Find Visible Detail Sides...
Merged 20 detail faces...done (0)
Merging details...done (0)
FixTjuncs...
PruneNodes...
WriteBSP...
done (0)
writing d:\documents\levels\csgo_levels\maps\de_brewery\de_brewery.prt...Building visibility clusters...
AutoVisClustering (threshold=-1) matched 0 leafs.
done (0)
Finding displacement neighbors...
Finding lightmap sample positions...
Displacement Alpha : 0...1...2...3...4...5...6...7...8...9...10
Building Physics collision data...
done (0) (40366 bytes)
Placing detail props : 0...1...2...3...4...5...6...7...8...9...10
Compacting texture/material tables...
Reduced 133 texinfos to 116
Reduced 5 texdatas to 5 (98 bytes to 98)
Writing d:\documents\levels\csgo_levels\maps\de_brewery\de_brewery.bsp
MSG_FILEWRITE - Filesystem was asked to write to 'd:\documents\levels\csgo_levels\maps\de_brewery\de_brewery.bsp', but we don't own that location. Allowing...
0 seconds elapsed



16 threads
reading d:\documents\levels\csgo_levels\maps\de_brewery\de_brewery.bsp
reading d:\documents\levels\csgo_levels\maps\de_brewery\de_brewery.prt
  71 portalclusters
 195 numportals
0...1...2...3...4...5...6...7...8...9...100...1...2...3...4...5...6...7...8...9...10Optimized: 0 visible clusters (0.00%)
Total clusters visible: 4851
Average clusters visible: 68
Building PAS...
Average clusters audible: 71
visdatasize:1850  compressed from 2272
writing d:\documents\levels\csgo_levels\maps\de_brewery\de_brewery.bsp
MSG_FILEWRITE - Filesystem was asked to write to 'd:\documents\levels\csgo_levels\maps\de_brewery\de_brewery.bsp', but we don't own that location. Allowing...
0 seconds elapsed



[Reading texlights from 'lights.rad']
[40 texlights parsed from 'lights.rad']

Loading d:\documents\levels\csgo_levels\maps\de_brewery\de_brewery.bsp
670 faces
356645 square feet [51356896.00 square inches]
0 Displacements
0 Square Feet [0.00 Square Inches]
670 patches before subdivision
13272 patches after subdivision
2 direct lights
0...1...2...3...4...5...6...7...8...9...100...1...2...3...4...5...6...7...8...9...10transfers 885108, max 441
transfer lists:   6.8 megs
0...1...2...3...4...5...6...7...8...9...10	Bounce #1 added RGB(14272, 13380, 13481)
0...1...2...3...4...5...6...7...8...9...10	Bounce #2 added RGB(539, 503, 513)
0...1...2...3...4...5...6...7...8...9...10	Bounce #3 added RGB(38, 35, 35)
0...1...2...3...4...5...6...7...8...9...10	Bounce #4 added RGB(2, 2, 2)
0...1...2...3...4...5...6...7...8...9...10	Bounce #5 added RGB(0, 0, 0)
Build Patch/Sample Hash Table(s).....Done<0.0032 sec>
0...1...2...3...4...5...6...7...8...9...10FinalLightFace Done
0 of 0 (0% of) surface lights went in leaf ambient cubes.
0...1...2...3...4...5...6...7...8...9...10Writing leaf ambient...done
Ready to Finish

Object names       Objects/Maxobjs  Memory / Maxmem  Fullness 
------------       ---------------  ---------------  -------- 
models                   1/1024           48/49152    ( 0.1%) 
brushes                 92/8192         1104/98304    ( 1.1%) 
brushsides             930/81920        7440/655360   ( 1.1%) 
planes                 944/65536       18880/1310720  ( 1.4%) 
vertexes              1006/65536       12072/786432   ( 1.5%) 
nodes                  184/65536        5888/2097152  ( 0.3%) 
texinfos               116/12288        8352/884736   ( 0.9%) 
texdata                  5/4096          160/131072   ( 0.1%) 
dispinfos                0/0               0/0        ( 0.0%) 
disp_verts               0/0               0/0        ( 0.0%) 
disp_tris                0/0               0/0        ( 0.0%) 
disp_multiblend          0/0               0/0        ( 0.0%) 
disp_lmsamples           0/0               0/0        ( 0.0%) 
faces                  670/65536       37520/3670016  ( 1.0%) 
hdr faces              670/65536       37520/3670016  ( 1.0%) 
origfaces              446/65536       24976/3670016  ( 0.7%) 
facebrushes              8/0              16/0        ( 0.0%) 
facebrushlists         670/0            2680/0        ( 0.0%) 
leaves                 186/65536        5952/2097152  ( 0.3%) 
leaffaces              717/65536        1434/131072   ( 1.1%) 
leafbrushes            280/65536         560/131072   ( 0.4%) 
areas                    2/1024           16/8192     ( 0.2%) 
surfedges             4951/512000      19804/2048000  ( 1.0%) 
edges                 2795/256000      11180/1024000  ( 1.1%) 
LDR worldlights          0/8192            0/819200   ( 0.0%) 
HDR worldlights          2/8192          200/819200   ( 0.0%) 
leafwaterdata            0/32768           0/393216   ( 0.0%) 
waterstrips             26/32768         260/327680   ( 0.1%) 
waterverts               0/65536           0/786432   ( 0.0%) 
waterindices           597/65536        1194/131072   ( 0.9%) 
cubemapsamples           0/1024            0/16384    ( 0.0%) 
overlays                 0/1024            0/360448   ( 0.0%) 
LDR lightdata         [variable]           0/0        ( 0.0%) 
HDR lightdata         [variable]      680552/0        ( 0.0%) 
visdata               [variable]        1850/16777216 ( 0.0%) 
entdata               [variable]         603/393216   ( 0.2%) 
LDR ambient table      186/65536         744/262144   ( 0.3%) 
HDR ambient table      186/65536         744/262144   ( 0.3%) 
LDR leaf ambient       186/65536        5208/1835008  ( 0.3%) 
HDR leaf ambient       689/65536       19292/1835008  ( 1.1%) 
occluders                0/0               0/0        ( 0.0%) 
occluder polygons        0/0               0/0        ( 0.0%) 
occluder vert ind        0/0               0/0        ( 0.0%) 
detail props          [variable]           1/12       ( 8.3%) 
static props          [variable]           1/12       ( 8.3%) 
pakfile               [variable]       74438/0        ( 0.0%) 
physics               [variable]       40366/4194304  ( 1.0%) 
physics terrain       [variable]           2/1048576  ( 0.0%) 

Level flags = 7e

Total triangle count: 1755
Writing d:\documents\levels\csgo_levels\maps\de_brewery\de_brewery.bsp
MSG_FILEWRITE - Filesystem was asked to write to 'd:\documents\levels\csgo_levels\maps\de_brewery\de_brewery.bsp', but we don't own that location. Allowing...
1 second elapsed



materialPath: E:\SteamLibrary\steamapps\common\Counter-Strike Global Offensive\csgo\materials
Loading d:\documents\levels\csgo_levels\maps\de_brewery\de_brewery.vmf
Map revision 17
fixing up env_cubemap materials on brush sides...
0...1...2...3...4...5...6...7...8...9...100...1...2...3...4...5...6...7...8...9...10Processing areas...done (0)
Building Faces...done (0)
Chop Details...done (0)
Find Visible Detail Sides...
Merged 20 detail faces...done (0)
Merging details...done (0)
FixTjuncs...
PruneNodes...
WriteBSP...
done (0)
writing d:\documents\levels\csgo_levels\maps\de_brewery\de_brewery.prt...Building visibility clusters...
AutoVisClustering (threshold=-1) matched 0 leafs.
done (0)
Finding displacement neighbors...
Finding lightmap sample positions...
Displacement Alpha : 0...1...2...3...4...5...6...7...8...9...10
Building Physics collision data...
done (0) (43654 bytes)
Placing detail props : 0...1...2...3...4...5...6...7...8...9...10
Compacting texture/material tables...
Reduced 173 texinfos to 134
Reduced 8 texdatas to 8 (158 bytes to 158)
Writing d:\documents\levels\csgo_levels\maps\de_brewery\de_brewery.bsp
MSG_FILEWRITE - Filesystem was asked to write to 'd:\documents\levels\csgo_levels\maps\de_brewery\de_brewery.bsp', but we don't own that location. Allowing...
0 seconds elapsed



16 threads
reading d:\documents\levels\csgo_levels\maps\de_brewery\de_brewery.bsp
reading d:\documents\levels\csgo_levels\maps\de_brewery\de_brewery.prt
 101 portalclusters
 258 numportals
0...1...2...3...4...5...6...7...8...9...100...1...2...3...4...5...6...7...8...9...10Optimized: 1 visible clusters (0.00%)
Total clusters visible: 9910
Average clusters visible: 98
Building PAS...
Average clusters audible: 101
visdatasize:3439  compressed from 3232
writing d:\documents\levels\csgo_levels\maps\de_brewery\de_brewery.bsp
MSG_FILEWRITE - Filesystem was asked to write to 'd:\documents\levels\csgo_levels\maps\de_brewery\de_brewery.bsp', but we don't own that location. Allowing...
0 seconds elapsed



[Reading texlights from 'lights.rad']
[40 texlights parsed from 'lights.rad']

Loading d:\documents\levels\csgo_levels\maps\de_brewery\de_brewery.bsp
717 faces
351755 square feet [50652752.00 square inches]
0 Displacements
0 Square Feet [0.00 Square Inches]
717 patches before subdivision
14221 patches after subdivision
2 direct lights
0...1...2...3...4...5...6...7...8...9...100...1...2...3...4...5...6...7...8...9...10transfers 812048, max 385
transfer lists:   6.2 megs
0...1...2...3...4...5...6...7...8...9...10	Bounce #1 added RGB(29715, 30174, 34949)
0...1...2...3...4...5...6...7...8...9...10	Bounce #2 added RGB(2151, 2155, 2450)
0...1...2...3...4...5...6...7...8...9...10	Bounce #3 added RGB(159, 161, 188)
0...1...2...3...4...5...6...7...8...9...10	Bounce #4 added RGB(13, 13, 15)
0...1...2...3...4...5...6...7...8...9...10	Bounce #5 added RGB(1, 1, 1)
0...1...2...3...4...5...6...7...8...9...10	Bounce #6 added RGB(0, 0, 0)
Build Patch/Sample Hash Table(s).....Done<0.0027 sec>
0...1...2...3...4...5...6...7...8...9...10FinalLightFace Done
0 of 0 (0% of) surface lights went in leaf ambient cubes.
0...1...2...3...4...5...6...7...8...9...10Writing leaf ambient...done
Computing static prop lighting : 00...1...2...3...4...5...6...7...8...9...10
Ready to Finish

Object names       Objects/Maxobjs  Memory / Maxmem  Fullness 
------------       ---------------  ---------------  -------- 
models                   1/1024           48/49152    ( 0.1%) 
brushes                101/8192         1212/98304    ( 1.2%) 
brushsides             984/81920        7872/655360   ( 1.2%) 
planes                 974/65536       19480/1310720  ( 1.5%) 
vertexes              1154/65536       13848/786432   ( 1.8%) 
nodes                  246/65536        7872/2097152  ( 0.4%) 
texinfos               134/12288        9648/884736   ( 1.1%) 
texdata                  8/4096          256/131072   ( 0.2%) 
dispinfos                0/0               0/0        ( 0.0%) 
disp_verts               0/0               0/0        ( 0.0%) 
disp_tris                0/0               0/0        ( 0.0%) 
disp_multiblend          0/0               0/0        ( 0.0%) 
disp_lmsamples           0/0               0/0        ( 0.0%) 
faces                  717/65536       40152/3670016  ( 1.1%) 
hdr faces              717/65536       40152/3670016  ( 1.1%) 
origfaces              466/65536       26096/3670016  ( 0.7%) 
facebrushes              8/0              16/0        ( 0.0%) 
facebrushlists         717/0            2868/0        ( 0.0%) 
leaves                 248/65536        7936/2097152  ( 0.4%) 
leaffaces              794/65536        1588/131072   ( 1.2%) 
leafbrushes            316/65536         632/131072   ( 0.5%) 
areas                    2/1024           16/8192     ( 0.2%) 
surfedges             5256/512000      21024/2048000  ( 1.0%) 
edges                 3015/256000      12060/1024000  ( 1.2%) 
LDR worldlights          0/8192            0/819200   ( 0.0%) 
HDR worldlights          2/8192          200/819200   ( 0.0%) 
leafwaterdata            0/32768           0/393216   ( 0.0%) 
waterstrips             29/32768         290/327680   ( 0.1%) 
waterverts               0/65536           0/786432   ( 0.0%) 
waterindices           639/65536        1278/131072   ( 1.0%) 
cubemapsamples           0/1024            0/16384    ( 0.0%) 
overlays                 0/1024            0/360448   ( 0.0%) 
LDR lightdata         [variable]           0/0        ( 0.0%) 
HDR lightdata         [variable]      674580/0        ( 0.0%) 
visdata               [variable]        3439/16777216 ( 0.0%) 
entdata               [variable]         721/393216   ( 0.2%) 
LDR ambient table      248/65536         992/262144   ( 0.4%) 
HDR ambient table      248/65536         992/262144   ( 0.4%) 
LDR leaf ambient       248/65536        6944/1835008  ( 0.4%) 
HDR leaf ambient      1243/65536       34804/1835008  ( 1.9%) 
occluders                0/0               0/0        ( 0.0%) 
occluder polygons        0/0               0/0        ( 0.0%) 
occluder vert ind        0/0               0/0        ( 0.0%) 
detail props          [variable]           1/12       ( 8.3%) 
static props          [variable]           1/476      ( 0.2%) 
pakfile               [variable]      300118/0        ( 0.0%) 
physics               [variable]       43654/4194304  ( 1.0%) 
physics terrain       [variable]           2/1048576  ( 0.0%) 

Level flags = 7e

Total triangle count: 1886
Writing d:\documents\levels\csgo_levels\maps\de_brewery\de_brewery.bsp
MSG_FILEWRITE - Filesystem was asked to write to 'd:\documents\levels\csgo_levels\maps\de_brewery\de_brewery.bsp', but we don't own that location. Allowing...
3 seconds elapsed



materialPath: E:\SteamLibrary\steamapps\common\Counter-Strike Global Offensive\csgo\materials
Loading d:\documents\levels\csgo_levels\maps\de_brewery\de_brewery.vmf
Map revision 22
fixing up env_cubemap materials on brush sides...
0...1...2...3...4...5...6...7...8...9...100...1...2...3...4...5...6...7...8...9...10Processing areas...done (0)
Building Faces...done (0)
Chop Details...done (0)
Find Visible Detail Sides...
Merged 24 detail faces...done (0)
Merging details...done (0)
FixTjuncs...
PruneNodes...
WriteBSP...
done (0)
writing d:\documents\levels\csgo_levels\maps\de_brewery\de_brewery.prt...Building visibility clusters...
AutoVisClustering (threshold=-1) matched 0 leafs.
done (0)
Finding displacement neighbors...
Finding lightmap sample positions...
Displacement Alpha : 0...1...2...3...4...5...6...7...8...9...10
Building Physics collision data...
done (0) (51334 bytes)
Placing detail props : 0...1...2...3...4...5...6...7...8...9...10
Compacting texture/material tables...
Reduced 220 texinfos to 166
Reduced 9 texdatas to 9 (183 bytes to 183)
Writing d:\documents\levels\csgo_levels\maps\de_brewery\de_brewery.bsp
MSG_FILEWRITE - Filesystem was asked to write to 'd:\documents\levels\csgo_levels\maps\de_brewery\de_brewery.bsp', but we don't own that location. Allowing...
0 seconds elapsed



16 threads
reading d:\documents\levels\csgo_levels\maps\de_brewery\de_brewery.bsp
reading d:\documents\levels\csgo_levels\maps\de_brewery\de_brewery.prt
 134 portalclusters
 350 numportals
0...1...2...3...4...5...6...7...8...9...100...1...2...3...4...5...6...7...8...9...10Optimized: 15 visible clusters (0.00%)
Total clusters visible: 15109
Average clusters visible: 112
Building PAS...
Average clusters audible: 134
visdatasize:5635  compressed from 6432
writing d:\documents\levels\csgo_levels\maps\de_brewery\de_brewery.bsp
MSG_FILEWRITE - Filesystem was asked to write to 'd:\documents\levels\csgo_levels\maps\de_brewery\de_brewery.bsp', but we don't own that location. Allowing...
0 seconds elapsed



[Reading texlights from 'lights.rad']
[40 texlights parsed from 'lights.rad']

Loading d:\documents\levels\csgo_levels\maps\de_brewery\de_brewery.bsp
800 faces
347467 square feet [50035344.00 square inches]
0 Displacements
0 Square Feet [0.00 Square Inches]
800 patches before subdivision
14968 patches after subdivision
3 direct lights
0...1...2...3...4...5...6...7...8...9...100...1...2...3...4...5...6...7...8...9...10transfers 854708, max 336
transfer lists:   6.5 megs
0...1...2...3...4...5...6...7...8...9...10	Bounce #1 added RGB(83336, 82773, 88697)
0...1...2...3...4...5...6...7...8...9...10	Bounce #2 added RGB(17142, 17023, 17960)
0...1...2...3...4...5...6...7...8...9...10	Bounce #3 added RGB(5508, 5479, 5696)
0...1...2...3...4...5...6...7...8...9...10	Bounce #4 added RGB(2223, 2202, 2256)
0...1...2...3...4...5...6...7...8...9...10	Bounce #5 added RGB(1007, 995, 1013)
0...1...2...3...4...5...6...7...8...9...10	Bounce #6 added RGB(469, 462, 469)
0...1...2...3...4...5...6...7...8...9...10	Bounce #7 added RGB(222, 219, 222)
0...1...2...3...4...5...6...7...8...9...10	Bounce #8 added RGB(106, 104, 105)
0...1...2...3...4...5...6...7...8...9...10	Bounce #9 added RGB(50, 49, 50)
0...1...2...3...4...5...6...7...8...9...10	Bounce #10 added RGB(24, 23, 24)
0...1...2...3...4...5...6...7...8...9...10	Bounce #11 added RGB(11, 11, 11)
0...1...2...3...4...5...6...7...8...9...10	Bounce #12 added RGB(5, 5, 5)
0...1...2...3...4...5...6...7...8...9...10	Bounce #13 added RGB(3, 3, 3)
0...1...2...3...4...5...6...7...8...9...10	Bounce #14 added RGB(1, 1, 1)
0...1...2...3...4...5...6...7...8...9...10	Bounce #15 added RGB(1, 1, 1)
Build Patch/Sample Hash Table(s).....Done<0.0027 sec>
0...1...2...3...4...5...6...7...8...9...10FinalLightFace Done
0 of 0 (0% of) surface lights went in leaf ambient cubes.
0...1...2...3...4...5...6...7...8...9...10Writing leaf ambient...done
Computing static prop lighting : 00...1...2...3...4...5...6...7...8...9...10
Ready to Finish

Object names       Objects/Maxobjs  Memory / Maxmem  Fullness 
------------       ---------------  ---------------  -------- 
models                   1/1024           48/49152    ( 0.1%) 
brushes                123/8192         1476/98304    ( 1.5%) 
brushsides            1116/81920        8928/655360   ( 1.4%) 
planes                1028/65536       20560/1310720  ( 1.6%) 
vertexes              1318/65536       15816/786432   ( 2.0%) 
nodes                  330/65536       10560/2097152  ( 0.5%) 
texinfos               166/12288       11952/884736   ( 1.4%) 
texdata                  9/4096          288/131072   ( 0.2%) 
dispinfos                0/0               0/0        ( 0.0%) 
disp_verts               0/0               0/0        ( 0.0%) 
disp_tris                0/0               0/0        ( 0.0%) 
disp_multiblend          0/0               0/0        ( 0.0%) 
disp_lmsamples           0/0               0/0        ( 0.0%) 
faces                  800/65536       44800/3670016  ( 1.2%) 
hdr faces              800/65536       44800/3670016  ( 1.2%) 
origfaces              523/65536       29288/3670016  ( 0.8%) 
facebrushes             16/0              32/0        ( 0.0%) 
facebrushlists         800/0            3200/0        ( 0.0%) 
leaves                 332/65536       10624/2097152  ( 0.5%) 
leaffaces              905/65536        1810/131072   ( 1.4%) 
leafbrushes            372/65536         744/131072   ( 0.6%) 
areas                    2/1024           16/8192     ( 0.2%) 
surfedges             5928/512000      23712/2048000  ( 1.2%) 
edges                 3436/256000      13744/1024000  ( 1.3%) 
LDR worldlights          0/8192            0/819200   ( 0.0%) 
HDR worldlights          3/8192          300/819200   ( 0.0%) 
leafwaterdata            0/32768           0/393216   ( 0.0%) 
waterstrips             43/32768         430/327680   ( 0.1%) 
waterverts               0/65536           0/786432   ( 0.0%) 
waterindices           846/65536        1692/131072   ( 1.3%) 
cubemapsamples           0/1024            0/16384    ( 0.0%) 
overlays                 0/1024            0/360448   ( 0.0%) 
LDR lightdata         [variable]           0/0        ( 0.0%) 
HDR lightdata         [variable]      672928/0        ( 0.0%) 
visdata               [variable]        5635/16777216 ( 0.0%) 
entdata               [variable]        2683/393216   ( 0.7%) 
LDR ambient table      332/65536        1328/262144   ( 0.5%) 
HDR ambient table      332/65536        1328/262144   ( 0.5%) 
LDR leaf ambient       332/65536        9296/1835008  ( 0.5%) 
HDR leaf ambient      1738/65536       48664/1835008  ( 2.7%) 
occluders                0/0               0/0        ( 0.0%) 
occluder polygons        0/0               0/0        ( 0.0%) 
occluder vert ind        0/0               0/0        ( 0.0%) 
detail props          [variable]           1/12       ( 8.3%) 
static props          [variable]           1/688      ( 0.1%) 
pakfile               [variable]      345274/0        ( 0.0%) 
physics               [variable]       51334/4194304  ( 1.2%) 
physics terrain       [variable]           2/1048576  ( 0.0%) 

Level flags = 7e

Total triangle count: 2164
Writing d:\documents\levels\csgo_levels\maps\de_brewery\de_brewery.bsp
MSG_FILEWRITE - Filesystem was asked to write to 'd:\documents\levels\csgo_levels\maps\de_brewery\de_brewery.bsp', but we don't own that location. Allowing...
4 seconds elapsed



materialPath: E:\SteamLibrary\steamapps\common\Counter-Strike Global Offensive\csgo\materials
Loading d:\documents\levels\csgo_levels\maps\de_brewery\de_brewery.vmf
Map revision 23
fixing up env_cubemap materials on brush sides...
0...1...2...3...4...5...6...7...8...9...100...1...2...3...4...5...6...7...8...9...10Processing areas...done (0)
Building Faces...done (0)
Chop Details...done (0)
Find Visible Detail Sides...
Merged 24 detail faces...done (0)
Merging details...done (0)
FixTjuncs...
PruneNodes...
WriteBSP...
done (0)
writing d:\documents\levels\csgo_levels\maps\de_brewery\de_brewery.prt...Building visibility clusters...
AutoVisClustering (threshold=-1) matched 0 leafs.
done (0)
Finding displacement neighbors...
Finding lightmap sample positions...
Displacement Alpha : 0...1...2...3...4...5...6...7...8...9...10
Building Physics collision data...
done (0) (51254 bytes)
Placing detail props : 0...1...2...3...4...5...6...7...8...9...10
Compacting texture/material tables...
Reduced 206 texinfos to 153
Reduced 9 texdatas to 9 (183 bytes to 183)
Writing d:\documents\levels\csgo_levels\maps\de_brewery\de_brewery.bsp
MSG_FILEWRITE - Filesystem was asked to write to 'd:\documents\levels\csgo_levels\maps\de_brewery\de_brewery.bsp', but we don't own that location. Allowing...
0 seconds elapsed



16 threads
reading d:\documents\levels\csgo_levels\maps\de_brewery\de_brewery.bsp
reading d:\documents\levels\csgo_levels\maps\de_brewery\de_brewery.prt
 143 portalclusters
 388 numportals
0...1...2...3...4...5...6...7...8...9...100...1...2...3...4...5...6...7...8...9...10Optimized: 17 visible clusters (0.00%)
Total clusters visible: 17292
Average clusters visible: 120
Building PAS...
Average clusters audible: 143
visdatasize:6317  compressed from 6864
writing d:\documents\levels\csgo_levels\maps\de_brewery\de_brewery.bsp
MSG_FILEWRITE - Filesystem was asked to write to 'd:\documents\levels\csgo_levels\maps\de_brewery\de_brewery.bsp', but we don't own that location. Allowing...
0 seconds elapsed



[Reading texlights from 'lights.rad']
[40 texlights parsed from 'lights.rad']

Loading d:\documents\levels\csgo_levels\maps\de_brewery\de_brewery.bsp
808 faces
1 degenerate faces
347499 square feet [50039952.00 square inches]
0 Displacements
0 Square Feet [0.00 Square Inches]
807 patches before subdivision
15115 patches after subdivision
3 direct lights
0...1...2...3...4...5...6...7...8...9...100...1...2...3...4...5...6...7...8...9...10transfers 888078, max 345
transfer lists:   6.8 megs
0...1...2...3...4...5...6...7...8...9...10	Bounce #1 added RGB(85136, 84768, 91338)
0...1...2...3...4...5...6...7...8...9...10	Bounce #2 added RGB(17404, 17314, 18347)
0...1...2...3...4...5...6...7...8...9...10	Bounce #3 added RGB(5570, 5544, 5774)
0...1...2...3...4...5...6...7...8...9...10	Bounce #4 added RGB(2235, 2215, 2271)
0...1...2...3...4...5...6...7...8...9...10	Bounce #5 added RGB(1010, 998, 1016)
0...1...2...3...4...5...6...7...8...9...10	Bounce #6 added RGB(470, 463, 470)
0...1...2...3...4...5...6...7...8...9...10	Bounce #7 added RGB(222, 219, 222)
0...1...2...3...4...5...6...7...8...9...10	Bounce #8 added RGB(106, 104, 105)
0...1...2...3...4...5...6...7...8...9...10	Bounce #9 added RGB(50, 49, 50)
0...1...2...3...4...5...6...7...8...9...10	Bounce #10 added RGB(24, 24, 24)
0...1...2...3...4...5...6...7...8...9...10	Bounce #11 added RGB(11, 11, 11)
0...1...2...3...4...5...6...7...8...9...10	Bounce #12 added RGB(5, 5, 5)
0...1...2...3...4...5...6...7...8...9...10	Bounce #13 added RGB(3, 3, 3)
0...1...2...3...4...5...6...7...8...9...10	Bounce #14 added RGB(1, 1, 1)
0...1...2...3...4...5...6...7...8...9...10	Bounce #15 added RGB(1, 1, 1)
Build Patch/Sample Hash Table(s).....Done<0.0027 sec>
0...1...2...3...4...5...6...7...8...9...10FinalLightFace Done
0 of 0 (0% of) surface lights went in leaf ambient cubes.
0...1...2...3...4...5...6...7...8...9...10Writing leaf ambient...done
Computing static prop lighting : 00...1...2...3...4...5...6...7...8...9...10
Ready to Finish

Object names       Objects/Maxobjs  Memory / Maxmem  Fullness 
------------       ---------------  ---------------  -------- 
models                   1/1024           48/49152    ( 0.1%) 
brushes                123/8192         1476/98304    ( 1.5%) 
brushsides            1116/81920        8928/655360   ( 1.4%) 
planes                1030/65536       20600/1310720  ( 1.6%) 
vertexes              1286/65536       15432/786432   ( 2.0%) 
nodes                  340/65536       10880/2097152  ( 0.5%) 
texinfos               153/12288       11016/884736   ( 1.2%) 
texdata                  9/4096          288/131072   ( 0.2%) 
dispinfos                0/0               0/0        ( 0.0%) 
disp_verts               0/0               0/0        ( 0.0%) 
disp_tris                0/0               0/0        ( 0.0%) 
disp_multiblend          0/0               0/0        ( 0.0%) 
disp_lmsamples           0/0               0/0        ( 0.0%) 
faces                  808/65536       45248/3670016  ( 1.2%) 
hdr faces              808/65536       45248/3670016  ( 1.2%) 
origfaces              525/65536       29400/3670016  ( 0.8%) 
facebrushes             16/0              32/0        ( 0.0%) 
facebrushlists         808/0            3232/0        ( 0.0%) 
leaves                 342/65536       10944/2097152  ( 0.5%) 
leaffaces              921/65536        1842/131072   ( 1.4%) 
leafbrushes            373/65536         746/131072   ( 0.6%) 
areas                    2/1024           16/8192     ( 0.2%) 
surfedges             5958/512000      23832/2048000  ( 1.2%) 
edges                 3444/256000      13776/1024000  ( 1.3%) 
LDR worldlights          0/8192            0/819200   ( 0.0%) 
HDR worldlights          3/8192          300/819200   ( 0.0%) 
leafwaterdata            0/32768           0/393216   ( 0.0%) 
waterstrips             38/32768         380/327680   ( 0.1%) 
waterverts               0/65536           0/786432   ( 0.0%) 
waterindices           786/65536        1572/131072   ( 1.2%) 
cubemapsamples           0/1024            0/16384    ( 0.0%) 
overlays                 0/1024            0/360448   ( 0.0%) 
LDR lightdata         [variable]           0/0        ( 0.0%) 
HDR lightdata         [variable]      672620/0        ( 0.0%) 
visdata               [variable]        6317/16777216 ( 0.0%) 
entdata               [variable]        2683/393216   ( 0.7%) 
LDR ambient table      342/65536        1368/262144   ( 0.5%) 
HDR ambient table      342/65536        1368/262144   ( 0.5%) 
LDR leaf ambient       342/65536        9576/1835008  ( 0.5%) 
HDR leaf ambient      1809/65536       50652/1835008  ( 2.8%) 
occluders                0/0               0/0        ( 0.0%) 
occluder polygons        0/0               0/0        ( 0.0%) 
occluder vert ind        0/0               0/0        ( 0.0%) 
detail props          [variable]           1/12       ( 8.3%) 
static props          [variable]           1/688      ( 0.1%) 
pakfile               [variable]      345274/0        ( 0.0%) 
physics               [variable]       51254/4194304  ( 1.2%) 
physics terrain       [variable]           2/1048576  ( 0.0%) 

Level flags = 7e

Total triangle count: 2170
Writing d:\documents\levels\csgo_levels\maps\de_brewery\de_brewery.bsp
MSG_FILEWRITE - Filesystem was asked to write to 'd:\documents\levels\csgo_levels\maps\de_brewery\de_brewery.bsp', but we don't own that location. Allowing...
4 seconds elapsed



materialPath: E:\SteamLibrary\steamapps\common\Counter-Strike Global Offensive\csgo\materials
Loading d:\documents\levels\csgo_levels\maps\de_brewery\de_brewery.vmf
Map revision 24
fixing up env_cubemap materials on brush sides...
0...1...2...3...4...5...6...7...8...9...100...1...2...3...4...5...6...7...8...9...10Processing areas...done (0)
Building Faces...done (0)
Chop Details...done (0)
Find Visible Detail Sides...
Merged 36 detail faces...done (0)
Merging details...done (0)
FixTjuncs...
PruneNodes...
WriteBSP...
done (0)
writing d:\documents\levels\csgo_levels\maps\de_brewery\de_brewery.prt...Building visibility clusters...
AutoVisClustering (threshold=-1) matched 0 leafs.
done (0)
Finding displacement neighbors...
Finding lightmap sample positions...
Displacement Alpha : 0...1...2...3...4...5...6...7...8...9...10
Building Physics collision data...
done (0) (51302 bytes)
Placing detail props : 0...1...2...3...4...5...6...7...8...9...10
Compacting texture/material tables...
Reduced 206 texinfos to 153
Reduced 9 texdatas to 9 (183 bytes to 183)
Writing d:\documents\levels\csgo_levels\maps\de_brewery\de_brewery.bsp
MSG_FILEWRITE - Filesystem was asked to write to 'd:\documents\levels\csgo_levels\maps\de_brewery\de_brewery.bsp', but we don't own that location. Allowing...
0 seconds elapsed



16 threads
reading d:\documents\levels\csgo_levels\maps\de_brewery\de_brewery.bsp
reading d:\documents\levels\csgo_levels\maps\de_brewery\de_brewery.prt
  89 portalclusters
 230 numportals
0...1...2...3...4...5...6...7...8...9...100...1...2...3...4...5...6...7...8...9...10Optimized: 12 visible clusters (0.00%)
Total clusters visible: 6361
Average clusters visible: 71
Building PAS...
Average clusters audible: 89
visdatasize:2874  compressed from 2848
writing d:\documents\levels\csgo_levels\maps\de_brewery\de_brewery.bsp
MSG_FILEWRITE - Filesystem was asked to write to 'd:\documents\levels\csgo_levels\maps\de_brewery\de_brewery.bsp', but we don't own that location. Allowing...
0 seconds elapsed



[Reading texlights from 'lights.rad']
[40 texlights parsed from 'lights.rad']

Loading d:\documents\levels\csgo_levels\maps\de_brewery\de_brewery.bsp
748 faces
2 degenerate faces
347595 square feet [50053772.00 square inches]
0 Displacements
0 Square Feet [0.00 Square Inches]
746 patches before subdivision
14746 patches after subdivision
3 direct lights
0...1...2...3...4...5...6...7...8...9...100...1...2...3...4...5...6...7...8...9...10transfers 794517, max 323
transfer lists:   6.1 megs
0...1...2...3...4...5...6...7...8...9...10	Bounce #1 added RGB(81858, 81252, 86916)
0...1...2...3...4...5...6...7...8...9...10	Bounce #2 added RGB(16725, 16604, 17495)
0...1...2...3...4...5...6...7...8...9...10	Bounce #3 added RGB(5443, 5413, 5624)
0...1...2...3...4...5...6...7...8...9...10	Bounce #4 added RGB(2205, 2185, 2238)
0...1...2...3...4...5...6...7...8...9...10	Bounce #5 added RGB(1001, 989, 1006)
0...1...2...3...4...5...6...7...8...9...10	Bounce #6 added RGB(466, 460, 466)
0...1...2...3...4...5...6...7...8...9...10	Bounce #7 added RGB(221, 217, 220)
0...1...2...3...4...5...6...7...8...9...10	Bounce #8 added RGB(105, 103, 104)
0...1...2...3...4...5...6...7...8...9...10	Bounce #9 added RGB(50, 49, 50)
0...1...2...3...4...5...6...7...8...9...10	Bounce #10 added RGB(24, 23, 24)
0...1...2...3...4...5...6...7...8...9...10	Bounce #11 added RGB(11, 11, 11)
0...1...2...3...4...5...6...7...8...9...10	Bounce #12 added RGB(5, 5, 5)
0...1...2...3...4...5...6...7...8...9...10	Bounce #13 added RGB(3, 3, 3)
0...1...2...3...4...5...6...7...8...9...10	Bounce #14 added RGB(1, 1, 1)
0...1...2...3...4...5...6...7...8...9...10	Bounce #15 added RGB(1, 1, 1)
Build Patch/Sample Hash Table(s).....Done<0.0037 sec>
0...1...2...3...4...5...6...7...8...9...10FinalLightFace Done
0 of 0 (0% of) surface lights went in leaf ambient cubes.
0...1...2...3...4...5...6...7...8...9...10Writing leaf ambient...done
Computing static prop lighting : 00...1...2...3...4...5...6...7...8...9...10
Ready to Finish

Object names       Objects/Maxobjs  Memory / Maxmem  Fullness 
------------       ---------------  ---------------  -------- 
models                   1/1024           48/49152    ( 0.1%) 
brushes                123/8192         1476/98304    ( 1.5%) 
brushsides            1116/81920        8928/655360   ( 1.4%) 
planes                1030/65536       20600/1310720  ( 1.6%) 
vertexes              1247/65536       14964/786432   ( 1.9%) 
nodes                  238/65536        7616/2097152  ( 0.4%) 
texinfos               153/12288       11016/884736   ( 1.2%) 
texdata                  9/4096          288/131072   ( 0.2%) 
dispinfos                0/0               0/0        ( 0.0%) 
disp_verts               0/0               0/0        ( 0.0%) 
disp_tris                0/0               0/0        ( 0.0%) 
disp_multiblend          0/0               0/0        ( 0.0%) 
disp_lmsamples           0/0               0/0        ( 0.0%) 
faces                  748/65536       41888/3670016  ( 1.1%) 
hdr faces              748/65536       41888/3670016  ( 1.1%) 
origfaces              520/65536       29120/3670016  ( 0.8%) 
facebrushes             22/0              44/0        ( 0.0%) 
facebrushlists         748/0            2992/0        ( 0.0%) 
leaves                 240/65536        7680/2097152  ( 0.4%) 
leaffaces              839/65536        1678/131072   ( 1.3%) 
leafbrushes            355/65536         710/131072   ( 0.5%) 
areas                    2/1024           16/8192     ( 0.2%) 
surfedges             5801/512000      23204/2048000  ( 1.1%) 
edges                 3461/256000      13844/1024000  ( 1.4%) 
LDR worldlights          0/8192            0/819200   ( 0.0%) 
HDR worldlights          3/8192          300/819200   ( 0.0%) 
leafwaterdata            0/32768           0/393216   ( 0.0%) 
waterstrips             44/32768         440/327680   ( 0.1%) 
waterverts               0/65536           0/786432   ( 0.0%) 
waterindices          1230/65536        2460/131072   ( 1.9%) 
cubemapsamples           0/1024            0/16384    ( 0.0%) 
overlays                 0/1024            0/360448   ( 0.0%) 
LDR lightdata         [variable]           0/0        ( 0.0%) 
HDR lightdata         [variable]      664352/0        ( 0.0%) 
visdata               [variable]        2874/16777216 ( 0.0%) 
entdata               [variable]        2683/393216   ( 0.7%) 
LDR ambient table      240/65536         960/262144   ( 0.4%) 
HDR ambient table      240/65536         960/262144   ( 0.4%) 
LDR leaf ambient       240/65536        6720/1835008  ( 0.4%) 
HDR leaf ambient      1254/65536       35112/1835008  ( 1.9%) 
occluders                0/0               0/0        ( 0.0%) 
occluder polygons        0/0               0/0        ( 0.0%) 
occluder vert ind        0/0               0/0        ( 0.0%) 
detail props          [variable]           1/12       ( 8.3%) 
static props          [variable]           1/686      ( 0.1%) 
pakfile               [variable]      345274/0        ( 0.0%) 
physics               [variable]       51302/4194304  ( 1.2%) 
physics terrain       [variable]           2/1048576  ( 0.0%) 

Level flags = 7e

Total triangle count: 2153
Writing d:\documents\levels\csgo_levels\maps\de_brewery\de_brewery.bsp
MSG_FILEWRITE - Filesystem was asked to write to 'd:\documents\levels\csgo_levels\maps\de_brewery\de_brewery.bsp', but we don't own that location. Allowing...
4 seconds elapsed



materialPath: E:\SteamLibrary\steamapps\common\Counter-Strike Global Offensive\csgo\materials
Loading d:\documents\levels\csgo_levels\maps\de_brewery\de_brewery.vmf
Map revision 28
fixing up env_cubemap materials on brush sides...
0...1...2...3...4...5...6...7...8...9...100...1...2...3...4...5...6...7...8...9...10Processing areas...done (0)
Building Faces...done (0)
Chop Details...done (0)
Find Visible Detail Sides...
Merged 128 detail faces...done (0)
Merging details...done (0)
FixTjuncs...
PruneNodes...
WriteBSP...
done (0)
writing d:\documents\levels\csgo_levels\maps\de_brewery\de_brewery.prt...Building visibility clusters...
AutoVisClustering (threshold=-1) matched 0 leafs.
done (0)
Finding displacement neighbors...
Finding lightmap sample positions...
Displacement Alpha : 0...1...2...3...4...5...6...7...8...9...10
Building Physics collision data...
done (0) (67438 bytes)
Placing detail props : 0...1...2...3...4...5...6...7...8...9...10
Compacting texture/material tables...
Reduced 254 texinfos to 183
Reduced 9 texdatas to 9 (183 bytes to 183)
Writing d:\documents\levels\csgo_levels\maps\de_brewery\de_brewery.bsp
MSG_FILEWRITE - Filesystem was asked to write to 'd:\documents\levels\csgo_levels\maps\de_brewery\de_brewery.bsp', but we don't own that location. Allowing...
0 seconds elapsed



16 threads
reading d:\documents\levels\csgo_levels\maps\de_brewery\de_brewery.bsp
reading d:\documents\levels\csgo_levels\maps\de_brewery\de_brewery.prt
 114 portalclusters
 297 numportals
0...1...2...3...4...5...6...7...8...9...100...1...2...3...4...5...6...7...8...9...10Optimized: 27 visible clusters (0.00%)
Total clusters visible: 10109
Average clusters visible: 88
Building PAS...
Average clusters audible: 114
visdatasize:4343  compressed from 3648
writing d:\documents\levels\csgo_levels\maps\de_brewery\de_brewery.bsp
MSG_FILEWRITE - Filesystem was asked to write to 'd:\documents\levels\csgo_levels\maps\de_brewery\de_brewery.bsp', but we don't own that location. Allowing...
0 seconds elapsed



[Reading texlights from 'lights.rad']
[40 texlights parsed from 'lights.rad']

Loading d:\documents\levels\csgo_levels\maps\de_brewery\de_brewery.bsp
892 faces
2 degenerate faces
365322 square feet [52606476.00 square inches]
0 Displacements
0 Square Feet [0.00 Square Inches]
890 patches before subdivision
17408 patches after subdivision
6 direct lights
0...1...2...3...4...5...6...7...8...9...100...1...2...3...4...5...6...7...8...9...10transfers 1062782, max 340
transfer lists:   8.1 megs
0...1...2...3...4...5...6...7...8...9...10	Bounce #1 added RGB(136084, 134689, 139982)
0...1...2...3...4...5...6...7...8...9...10	Bounce #2 added RGB(35130, 34282, 35059)
0...1...2...3...4...5...6...7...8...9...10	Bounce #3 added RGB(11643, 11187, 11333)
0...1...2...3...4...5...6...7...8...9...10	Bounce #4 added RGB(4291, 4065, 4094)
0...1...2...3...4...5...6...7...8...9...10	Bounce #5 added RGB(1710, 1607, 1615)
0...1...2...3...4...5...6...7...8...9...10	Bounce #6 added RGB(709, 664, 667)
0...1...2...3...4...5...6...7...8...9...10	Bounce #7 added RGB(305, 286, 287)
0...1...2...3...4...5...6...7...8...9...10	Bounce #8 added RGB(134, 126, 127)
0...1...2...3...4...5...6...7...8...9...10	Bounce #9 added RGB(60, 57, 57)
0...1...2...3...4...5...6...7...8...9...10	Bounce #10 added RGB(27, 26, 26)
0...1...2...3...4...5...6...7...8...9...10	Bounce #11 added RGB(13, 12, 12)
0...1...2...3...4...5...6...7...8...9...10	Bounce #12 added RGB(6, 6, 6)
0...1...2...3...4...5...6...7...8...9...10	Bounce #13 added RGB(3, 3, 3)
0...1...2...3...4...5...6...7...8...9...10	Bounce #14 added RGB(1, 1, 1)
0...1...2...3...4...5...6...7...8...9...10	Bounce #15 added RGB(1, 1, 1)
Build Patch/Sample Hash Table(s).....Done<0.0031 sec>
0...1...2...3...4...5...6...7...8...9...10FinalLightFace Done
0 of 0 (0% of) surface lights went in leaf ambient cubes.
0...1...2...3...4...5...6...7...8...9...10Writing leaf ambient...done
Computing static prop lighting : 00...1...2...3...4...5...6...7...8...9...10
Ready to Finish

Object names       Objects/Maxobjs  Memory / Maxmem  Fullness 
------------       ---------------  ---------------  -------- 
models                   1/1024           48/49152    ( 0.1%) 
brushes                170/8192         2040/98304    ( 2.1%) 
brushsides            1443/81920       11544/655360   ( 1.8%) 
planes                1198/65536       23960/1310720  ( 1.8%) 
vertexes              1509/65536       18108/786432   ( 2.3%) 
nodes                  285/65536        9120/2097152  ( 0.4%) 
texinfos               183/12288       13176/884736   ( 1.5%) 
texdata                  9/4096          288/131072   ( 0.2%) 
dispinfos                0/0               0/0        ( 0.0%) 
disp_verts               0/0               0/0        ( 0.0%) 
disp_tris                0/0               0/0        ( 0.0%) 
disp_multiblend          0/0               0/0        ( 0.0%) 
disp_lmsamples           0/0               0/0        ( 0.0%) 
faces                  892/65536       49952/3670016  ( 1.4%) 
hdr faces              892/65536       49952/3670016  ( 1.4%) 
origfaces              634/65536       35504/3670016  ( 1.0%) 
facebrushes             90/0             180/0        ( 0.0%) 
facebrushlists         892/0            3568/0        ( 0.0%) 
leaves                 287/65536        9184/2097152  ( 0.4%) 
leaffaces              994/65536        1988/131072   ( 1.5%) 
leafbrushes            418/65536         836/131072   ( 0.6%) 
areas                    2/1024           16/8192     ( 0.2%) 
surfedges             7000/512000      28000/2048000  ( 1.4%) 
edges                 4250/256000      17000/1024000  ( 1.7%) 
LDR worldlights          0/8192            0/819200   ( 0.0%) 
HDR worldlights          6/8192          600/819200   ( 0.1%) 
leafwaterdata            0/32768           0/393216   ( 0.0%) 
waterstrips             70/32768         700/327680   ( 0.2%) 
waterverts               0/65536           0/786432   ( 0.0%) 
waterindices          1695/65536        3390/131072   ( 2.6%) 
cubemapsamples           0/1024            0/16384    ( 0.0%) 
overlays                 0/1024            0/360448   ( 0.0%) 
LDR lightdata         [variable]           0/0        ( 0.0%) 
HDR lightdata         [variable]      771832/0        ( 0.0%) 
visdata               [variable]        4343/16777216 ( 0.0%) 
entdata               [variable]        3773/393216   ( 1.0%) 
LDR ambient table      287/65536        1148/262144   ( 0.4%) 
HDR ambient table      287/65536        1148/262144   ( 0.4%) 
LDR leaf ambient       287/65536        8036/1835008  ( 0.4%) 
HDR leaf ambient      1567/65536       43876/1835008  ( 2.4%) 
occluders                0/0               0/0        ( 0.0%) 
occluder polygons        0/0               0/0        ( 0.0%) 
occluder vert ind        0/0               0/0        ( 0.0%) 
detail props          [variable]           1/12       ( 8.3%) 
static props          [variable]           1/982      ( 0.1%) 
pakfile               [variable]      409474/0        ( 0.0%) 
physics               [variable]       67438/4194304  ( 1.6%) 
physics terrain       [variable]           2/1048576  ( 0.0%) 

Level flags = 7e

Total triangle count: 2608
Writing d:\documents\levels\csgo_levels\maps\de_brewery\de_brewery.bsp
MSG_FILEWRITE - Filesystem was asked to write to 'd:\documents\levels\csgo_levels\maps\de_brewery\de_brewery.bsp', but we don't own that location. Allowing...
5 seconds elapsed
