PRT1
114
297
4 0 8 (1408 3072 8 ) (1024 3072 8 ) (1024 3072 0 ) (1408 3072 0 ) 
4 0 7 (2048 3072 0 ) (2048 3072 8 ) (1408 3072 8 ) (1408 3072 0 ) 
4 0 5 (1376 3072 392 ) (1024 3072 392 ) (1024 3072 8 ) (1376 3072 8 ) 
4 0 4 (1408 3072 392 ) (1376 3072 392 ) (1376 3072 8 ) (1408 3072 8 ) 
4 0 3 (2048 3072 8 ) (2048 3072 392 ) (1408 3072 392 ) (1408 3072 8 ) 
4 0 2 (2048 3072 392 ) (2048 3072 1024 ) (1024 3072 1024 ) (1024 3072 392 ) 
4 0 1 (1024 3072 0 ) (1024 3072 1024 ) (1024 3584 1024 ) (1024 3584 0 ) 
4 1 69 (0 3072 0 ) (0 3072 1024 ) (0 3584 1024 ) (0 3584 0 ) 
4 1 17 (848 3072 1024 ) (0 3072 1024 ) (0 3072 0 ) (848 3072 0 ) 
4 1 16 (1024 3072 0 ) (1024 3072 8 ) (848 3072 8 ) (848 3072 0 ) 
4 1 9 (1024 3072 8 ) (1024 3072 1024 ) (848 3072 1024 ) (848 3072 8 ) 
4 2 20 (2048 2048 392 ) (2048 2048 1024 ) (1024 2048 1024 ) (1024 2048 392 ) 
4 2 11 (1024 2048 392 ) (1024 2048 1024 ) (1024 2208 1024 ) (1024 2208 392 ) 
4 2 10 (1024 2208 1024 ) (1024 2240 1024 ) (1024 2240 392 ) (1024 2208 392 ) 
4 2 9 (1024 2240 1024 ) (1024 3072 1024 ) (1024 3072 392 ) (1024 2240 392 ) 
4 2 5 (1024 2240 392 ) (1024 3072 392 ) (1376 3072 392 ) (1376 2240 392 ) 
4 2 4 (1376 2208 392 ) (1376 3072 392 ) (1408 3072 392 ) (1408 2208 392 ) 
4 2 3 (2048 2048 392 ) (1408 2048 392 ) (1408 3072 392 ) (2048 3072 392 ) 
4 3 21 (2048 2048 8 ) (2048 2048 392 ) (1408 2048 392 ) (1408 2048 8 ) 
4 3 7 (1408 3072 8 ) (2048 3072 8 ) (2048 2048 8 ) (1408 2048 8 ) 
4 3 4 (1408 3072 8 ) (1408 2208 8 ) (1408 2208 392 ) (1408 3072 392 ) 
4 4 8 (1376 3072 8 ) (1408 3072 8 ) (1408 2208 8 ) (1376 2208 8 ) 
4 4 5 (1376 3072 8 ) (1376 2240 8 ) (1376 2240 392 ) (1376 3072 392 ) 
4 5 9 (1024 2240 392 ) (1024 3072 392 ) (1024 3072 8 ) (1024 2240 8 ) 
4 5 8 (1024 3072 8 ) (1376 3072 8 ) (1376 2240 8 ) (1024 2240 8 ) 
4 6 22 (1024 2048 360 ) (1024 2048 8 ) (1376 2048 8 ) (1376 2048 360 ) 
4 6 14 (1024 2048 8 ) (1024 2048 328 ) (1024 2080 328 ) (1024 2080 8 ) 
4 6 13 (1024 2080 328 ) (1024 2208 328 ) (1024 2208 8 ) (1024 2080 8 ) 
4 6 12 (1024 2048 328 ) (1024 2048 360 ) (1024 2208 360 ) (1024 2208 328 ) 
4 7 28 (2048 2048 0 ) (2048 2048 8 ) (1408 2048 8 ) (1408 2048 0 ) 
4 7 8 (1408 3072 0 ) (1408 2208 0 ) (1408 2208 8 ) (1408 3072 8 ) 
4 8 16 (1024 2208 8 ) (1024 3072 8 ) (1024 3072 0 ) (1024 2208 0 ) 
4 9 18 (848 2240 264 ) (848 2240 1024 ) (848 2992 1024 ) (848 2992 264 ) 
4 9 17 (848 3072 1024 ) (848 3072 8 ) (848 2992 8 ) (848 2992 1024 ) 
4 9 16 (848 2240 8 ) (848 3072 8 ) (1024 3072 8 ) (1024 2240 8 ) 
4 9 10 (1024 2240 392 ) (1024 2240 1024 ) (848 2240 1024 ) (848 2240 392 ) 
4 10 18 (848 2208 392 ) (848 2208 1024 ) (848 2240 1024 ) (848 2240 392 ) 
4 10 11 (848 2208 1024 ) (848 2208 392 ) (1024 2208 392 ) (1024 2208 1024 ) 
4 11 29 (1024 2048 392 ) (1024 2048 1024 ) (848 2048 1024 ) (848 2048 392 ) 
4 11 19 (848 2048 392 ) (848 2048 1024 ) (848 2208 1024 ) (848 2208 392 ) 
4 12 30 (1024 2048 328 ) (1024 2048 360 ) (880 2048 360 ) (880 2048 328 ) 
4 12 14 (1024 2048 328 ) (880 2048 328 ) (880 2080 328 ) (1024 2080 328 ) 
4 12 13 (880 2080 328 ) (880 2208 328 ) (1024 2208 328 ) (1024 2080 328 ) 
4 13 14 (880 2080 8 ) (1024 2080 8 ) (1024 2080 328 ) (880 2080 328 ) 
4 14 31 (1024 2048 8 ) (1024 2048 328 ) (880 2048 328 ) (880 2048 8 ) 
4 14 15 (880 2080 328 ) (880 2080 200 ) (880 2048 200 ) (880 2048 328 ) 
4 15 32 (880 2048 328 ) (848 2048 328 ) (848 2048 200 ) (880 2048 200 ) 
4 15 19 (848 2048 200 ) (848 2048 328 ) (848 2080 328 ) (848 2080 200 ) 
4 16 17 (848 3072 8 ) (848 3072 0 ) (848 2992 0 ) (848 2992 8 ) 
4 17 71 (0 3072 1024 ) (0 3072 0 ) (0 2992 0 ) (0 2992 1024 ) 
4 17 18 (848 2992 264 ) (848 2992 1024 ) (0 2992 1024 ) (0 2992 264 ) 
4 18 72 (0 2208 264 ) (0 2208 1024 ) (0 2992 1024 ) (0 2992 264 ) 
4 18 19 (0 2208 1024 ) (0 2208 264 ) (848 2208 264 ) (848 2208 1024 ) 
4 19 73 (0 2048 8 ) (0 2048 1024 ) (0 2208 1024 ) (0 2208 8 ) 
4 19 38 (848 2048 8 ) (848 2048 232 ) (0 2048 232 ) (0 2048 8 ) 
4 19 36 (848 2048 232 ) (848 2048 1024 ) (0 2048 1024 ) (0 2048 232 ) 
4 20 43 (2048 1024 392 ) (2048 1024 1024 ) (1024 1024 1024 ) (1024 1024 392 ) 
4 20 34 (1024 1184 392 ) (1024 1152 392 ) (1024 1152 1024 ) (1024 1184 1024 ) 
4 20 35 (1024 1152 392 ) (1024 1024 392 ) (1024 1024 1024 ) (1024 1152 1024 ) 
4 20 29 (1024 2048 1024 ) (1024 2048 392 ) (1024 1184 392 ) (1024 1184 1024 ) 
4 20 26 (1424 1144 392 ) (1424 1024 392 ) (1408 1024 392 ) (1408 1144 392 ) 
4 20 25 (1408 1152 392 ) (1424 1152 392 ) (1424 1144 392 ) (1408 1144 392 ) 
4 20 24 (1424 1152 392 ) (2048 1152 392 ) (2048 1024 392 ) (1424 1024 392 ) 
4 20 27 (1024 1024 392 ) (1024 1152 392 ) (1408 1152 392 ) (1408 1024 392 ) 
4 20 21 (1408 2048 392 ) (2048 2048 392 ) (2048 1152 392 ) (1408 1152 392 ) 
4 21 28 (1408 2048 8 ) (2048 2048 8 ) (2048 1152 8 ) (1408 1152 8 ) 
4 21 25 (1408 1152 8 ) (1424 1152 8 ) (1424 1152 392 ) (1408 1152 392 ) 
4 21 24 (1424 1152 8 ) (2048 1152 8 ) (2048 1152 392 ) (1424 1152 392 ) 
4 22 33 (1024 1312 8 ) (1024 1184 8 ) (1024 1184 328 ) (1024 1312 328 ) 
4 22 31 (1024 2048 328 ) (1024 2048 8 ) (1024 1312 8 ) (1024 1312 328 ) 
4 22 30 (1024 2048 360 ) (1024 2048 328 ) (1024 1184 328 ) (1024 1184 360 ) 
4 22 23 (1232 1184 8 ) (1360 1184 8 ) (1360 1184 136 ) (1232 1184 136 ) 
4 23 27 (1232 1152 8 ) (1360 1152 8 ) (1360 1152 136 ) (1232 1152 136 ) 
4 24 44 (2048 1024 8 ) (2048 1024 96 ) (1424 1024 96 ) (1424 1024 8 ) 
4 24 43 (2048 1024 96 ) (2048 1024 392 ) (1424 1024 392 ) (1424 1024 96 ) 
4 24 28 (2048 1024 8 ) (1424 1024 8 ) (1424 1152 8 ) (2048 1152 8 ) 
4 24 26 (1424 1024 96 ) (1424 1024 392 ) (1424 1144 392 ) (1424 1144 96 ) 
4 24 25 (1424 1152 392 ) (1424 1152 8 ) (1424 1144 8 ) (1424 1144 392 ) 
4 25 28 (1408 1144 8 ) (1408 1152 8 ) (1424 1152 8 ) (1424 1144 8 ) 
4 25 26 (1408 1144 392 ) (1408 1144 96 ) (1424 1144 96 ) (1424 1144 392 ) 
4 25 27 (1408 1152 392 ) (1408 1152 8 ) (1408 1144 8 ) (1408 1144 392 ) 
4 26 43 (1424 1024 392 ) (1408 1024 392 ) (1408 1024 96 ) (1424 1024 96 ) 
4 26 27 (1408 1024 96 ) (1408 1024 392 ) (1408 1144 392 ) (1408 1144 96 ) 
4 27 46 (1024 1024 96 ) (1024 1024 8 ) (1408 1024 8 ) (1408 1024 96 ) 
4 27 43 (1408 1024 392 ) (1024 1024 392 ) (1024 1024 96 ) (1408 1024 96 ) 
4 27 35 (1024 1152 8 ) (1024 1024 8 ) (1024 1024 392 ) (1024 1152 392 ) 
4 28 48 (2048 1024 0 ) (2048 1024 8 ) (1408 1024 8 ) (1408 1024 0 ) 
4 29 36 (848 2048 1024 ) (848 2048 392 ) (848 1184 392 ) (848 1184 1024 ) 
4 29 34 (848 1184 1024 ) (848 1184 392 ) (1024 1184 392 ) (1024 1184 1024 ) 
4 30 33 (1024 1184 328 ) (880 1184 328 ) (880 1312 328 ) (1024 1312 328 ) 
4 30 31 (880 1312 328 ) (880 2048 328 ) (1024 2048 328 ) (1024 1312 328 ) 
4 31 33 (1024 1312 328 ) (880 1312 328 ) (880 1312 8 ) (1024 1312 8 ) 
4 31 32 (880 1312 200 ) (880 1312 328 ) (880 2048 328 ) (880 2048 200 ) 
4 32 38 (848 2048 232 ) (848 2048 200 ) (848 1312 200 ) (848 1312 232 ) 
4 32 36 (848 2048 328 ) (848 2048 232 ) (848 1312 232 ) (848 1312 328 ) 
4 34 36 (848 1152 392 ) (848 1152 1024 ) (848 1184 1024 ) (848 1184 392 ) 
4 34 35 (1024 1152 1024 ) (848 1152 1024 ) (848 1152 392 ) (1024 1152 392 ) 
4 35 53 (1024 1024 8 ) (1024 1024 232 ) (848 1024 232 ) (848 1024 8 ) 
4 35 51 (1024 1024 232 ) (1024 1024 264 ) (848 1024 264 ) (848 1024 232 ) 
4 35 50 (1024 1024 264 ) (1024 1024 1024 ) (848 1024 1024 ) (848 1024 264 ) 
4 35 37 (848 1024 264 ) (848 1024 1024 ) (848 1152 1024 ) (848 1152 264 ) 
4 36 85 (0 1152 1024 ) (0 2048 1024 ) (0 2048 232 ) (0 1152 232 ) 
4 36 38 (848 2048 232 ) (848 1152 232 ) (0 1152 232 ) (0 2048 232 ) 
4 36 37 (848 1152 264 ) (848 1152 1024 ) (0 1152 1024 ) (0 1152 264 ) 
4 37 94 (0 1024 264 ) (0 1024 1024 ) (0 1152 1024 ) (0 1152 264 ) 
4 37 50 (0 1024 1024 ) (0 1024 264 ) (848 1024 264 ) (848 1024 1024 ) 
4 38 85 (0 1152 232 ) (0 2048 232 ) (0 2048 8 ) (0 1152 8 ) 
4 38 40 (256 1152 8 ) (592 1152 8 ) (592 1152 136 ) (256 1152 136 ) 
4 39 60 (592 1024 8 ) (632 1024 8 ) (632 1024 64 ) (592 1024 64 ) 
4 39 59 (632 1024 8 ) (816 1024 8 ) (816 1024 64 ) (632 1024 64 ) 
4 39 58 (816 1024 64 ) (816 1024 232 ) (592 1024 232 ) (592 1024 64 ) 
4 39 41 (592 1120 8 ) (592 1024 8 ) (592 1024 232 ) (592 1120 232 ) 
4 40 41 (256 1120 136 ) (256 1120 8 ) (592 1120 8 ) (592 1120 136 ) 
4 41 60 (256 1024 8 ) (592 1024 8 ) (592 1024 64 ) (256 1024 64 ) 
4 41 58 (592 1024 64 ) (592 1024 232 ) (256 1024 232 ) (256 1024 64 ) 
4 41 42 (256 1120 8 ) (256 1024 8 ) (256 1024 232 ) (256 1120 232 ) 
4 42 60 (184 1024 8 ) (256 1024 8 ) (256 1024 64 ) (184 1024 64 ) 
4 42 61 (32 1024 8 ) (184 1024 8 ) (184 1024 64 ) (32 1024 64 ) 
4 42 58 (256 1024 64 ) (256 1024 232 ) (32 1024 232 ) (32 1024 64 ) 
4 43 110 (2048 0 96 ) (2048 0 1024 ) (1024 0 1024 ) (1024 0 96 ) 
4 43 54 (1024 592 96 ) (1024 576 96 ) (1024 576 232 ) (1024 592 232 ) 
4 43 53 (1024 1024 232 ) (1024 1024 96 ) (1024 592 96 ) (1024 592 232 ) 
4 43 55 (1024 576 96 ) (1024 0 96 ) (1024 0 232 ) (1024 576 232 ) 
4 43 51 (1024 1024 264 ) (1024 1024 232 ) (1024 0 232 ) (1024 0 264 ) 
4 43 50 (1024 1024 1024 ) (1024 1024 264 ) (1024 0 264 ) (1024 0 1024 ) 
4 43 46 (1024 592 96 ) (1024 1024 96 ) (1408 1024 96 ) (1408 592 96 ) 
4 43 47 (1024 0 96 ) (1024 576 96 ) (1408 576 96 ) (1408 0 96 ) 
4 43 45 (1424 584 96 ) (1424 0 96 ) (1408 0 96 ) (1408 584 96 ) 
4 43 44 (1424 1024 96 ) (2048 1024 96 ) (2048 0 96 ) (1424 0 96 ) 
4 44 110 (2048 0 8 ) (2048 0 96 ) (1424 0 96 ) (1424 0 8 ) 
4 44 48 (2048 0 8 ) (1424 0 8 ) (1424 1024 8 ) (2048 1024 8 ) 
4 44 45 (1424 584 8 ) (1424 0 8 ) (1424 0 96 ) (1424 584 96 ) 
4 45 110 (1424 0 96 ) (1408 0 96 ) (1408 0 8 ) (1424 0 8 ) 
4 45 48 (1424 0 8 ) (1408 0 8 ) (1408 584 8 ) (1424 584 8 ) 
4 45 47 (1408 576 8 ) (1408 0 8 ) (1408 0 96 ) (1408 576 96 ) 
4 46 53 (1024 1024 96 ) (1024 1024 8 ) (1024 592 8 ) (1024 592 96 ) 
4 47 110 (1408 0 96 ) (1024 0 96 ) (1024 0 8 ) (1408 0 8 ) 
4 47 55 (1024 576 8 ) (1024 0 8 ) (1024 0 96 ) (1024 576 96 ) 
4 47 49 (1408 0 8 ) (1024 0 8 ) (1024 576 8 ) (1408 576 8 ) 
4 48 110 (2048 0 0 ) (2048 0 8 ) (1408 0 8 ) (1408 0 0 ) 
4 48 49 (1408 592 0 ) (1408 0 0 ) (1408 0 8 ) (1408 592 8 ) 
4 49 110 (1408 0 8 ) (1024 0 8 ) (1024 0 0 ) (1408 0 0 ) 
4 49 68 (1024 592 0 ) (1024 0 0 ) (1024 0 8 ) (1024 592 8 ) 
4 50 111 (1024 0 264 ) (1024 0 1024 ) (0 0 1024 ) (0 0 264 ) 
4 50 105 (0 0 264 ) (0 0 1024 ) (0 592 1024 ) (0 592 264 ) 
4 50 102 (0 592 1024 ) (0 1024 1024 ) (0 1024 264 ) (0 592 264 ) 
4 50 52 (848 0 264 ) (0 0 264 ) (0 592 264 ) (848 592 264 ) 
4 50 51 (1024 1024 264 ) (1024 0 264 ) (848 0 264 ) (848 1024 264 ) 
4 51 111 (1024 0 232 ) (1024 0 264 ) (848 0 264 ) (848 0 232 ) 
4 51 54 (848 576 232 ) (848 592 232 ) (1024 592 232 ) (1024 576 232 ) 
4 51 53 (848 592 232 ) (848 1024 232 ) (1024 1024 232 ) (1024 592 232 ) 
4 51 55 (1024 0 232 ) (848 0 232 ) (848 576 232 ) (1024 576 232 ) 
4 51 52 (848 592 232 ) (848 0 232 ) (848 0 264 ) (848 592 264 ) 
4 52 111 (848 0 264 ) (0 0 264 ) (0 0 232 ) (848 0 232 ) 
4 52 105 (0 0 232 ) (0 0 264 ) (0 592 264 ) (0 592 232 ) 
4 52 67 (32 0 232 ) (0 0 232 ) (0 592 232 ) (32 592 232 ) 
4 52 66 (816 0 232 ) (32 0 232 ) (32 592 232 ) (816 592 232 ) 
4 52 57 (848 0 232 ) (816 0 232 ) (816 592 232 ) (848 592 232 ) 
4 53 56 (848 840 8 ) (848 712 8 ) (848 712 136 ) (848 840 136 ) 
4 53 54 (848 592 232 ) (848 592 96 ) (1024 592 96 ) (1024 592 232 ) 
4 54 57 (848 576 96 ) (848 576 232 ) (848 592 232 ) (848 592 96 ) 
4 54 55 (848 576 232 ) (848 576 96 ) (1024 576 96 ) (1024 576 232 ) 
4 55 111 (1024 0 8 ) (1024 0 232 ) (848 0 232 ) (848 0 8 ) 
4 55 68 (1024 576 8 ) (1024 0 8 ) (848 0 8 ) (848 576 8 ) 
4 55 57 (848 576 8 ) (848 0 8 ) (848 0 232 ) (848 576 232 ) 
4 56 59 (816 840 8 ) (816 712 8 ) (816 712 64 ) (816 840 64 ) 
4 56 58 (816 712 64 ) (816 712 136 ) (816 840 136 ) (816 840 64 ) 
4 57 111 (848 0 232 ) (816 0 232 ) (816 0 8 ) (848 0 8 ) 
4 57 68 (848 0 8 ) (816 0 8 ) (816 592 8 ) (848 592 8 ) 
4 57 66 (816 592 8 ) (816 0 8 ) (816 0 232 ) (816 592 232 ) 
4 58 65 (184 624 64 ) (32 624 64 ) (32 800 64 ) (184 800 64 ) 
4 58 64 (584 624 64 ) (232 624 64 ) (232 664 64 ) (584 664 64 ) 
4 58 63 (232 664 64 ) (232 800 64 ) (584 800 64 ) (584 664 64 ) 
4 58 62 (584 688 64 ) (584 768 64 ) (632 768 64 ) (632 688 64 ) 
4 58 60 (184 1024 64 ) (632 1024 64 ) (632 848 64 ) (184 848 64 ) 
4 58 61 (32 800 64 ) (32 1024 64 ) (184 1024 64 ) (184 800 64 ) 
4 58 59 (816 624 64 ) (632 624 64 ) (632 1024 64 ) (816 1024 64 ) 
4 59 62 (632 768 8 ) (632 688 8 ) (632 688 64 ) (632 768 64 ) 
4 59 60 (632 1024 8 ) (632 848 8 ) (632 848 64 ) (632 1024 64 ) 
4 60 61 (184 1024 8 ) (184 848 8 ) (184 848 64 ) (184 1024 64 ) 
4 61 65 (32 800 8 ) (184 800 8 ) (184 800 64 ) (32 800 64 ) 
4 62 63 (584 768 8 ) (584 688 8 ) (584 688 64 ) (584 768 64 ) 
4 63 64 (232 664 64 ) (232 664 56 ) (584 664 56 ) (584 664 64 ) 
4 66 111 (816 0 232 ) (32 0 232 ) (32 0 8 ) (816 0 8 ) 
4 66 68 (816 0 8 ) (32 0 8 ) (32 592 8 ) (816 592 8 ) 
4 66 67 (32 592 8 ) (32 0 8 ) (32 0 232 ) (32 592 232 ) 
4 67 111 (32 0 232 ) (0 0 232 ) (0 0 8 ) (32 0 8 ) 
4 67 105 (0 0 8 ) (0 0 232 ) (0 592 232 ) (0 592 8 ) 
4 67 68 (32 0 8 ) (0 0 8 ) (0 592 8 ) (32 592 8 ) 
4 68 111 (1024 0 0 ) (1024 0 8 ) (0 0 8 ) (0 0 0 ) 
4 68 105 (0 0 0 ) (0 0 8 ) (0 592 8 ) (0 592 0 ) 
4 69 74 (-32 3072 1024 ) (-1024 3072 1024 ) (-1024 3072 0 ) (-32 3072 0 ) 
4 69 71 (0 3072 0 ) (0 3072 1024 ) (-32 3072 1024 ) (-32 3072 0 ) 
4 69 70 (-1024 3072 0 ) (-1024 3072 1024 ) (-1024 3584 1024 ) (-1024 3584 0 ) 
4 70 79 (-1024 3072 0 ) (-1024 3072 392 ) (-1952 3072 392 ) (-1952 3072 0 ) 
4 70 80 (-1952 3072 392 ) (-2048 3072 392 ) (-2048 3072 0 ) (-1952 3072 0 ) 
4 70 78 (-1024 3072 392 ) (-1024 3072 1024 ) (-2048 3072 1024 ) (-2048 3072 392 ) 
4 71 74 (-32 3072 1024 ) (-32 3072 0 ) (-32 2992 0 ) (-32 2992 1024 ) 
4 71 72 (0 2992 1024 ) (-32 2992 1024 ) (-32 2992 264 ) (0 2992 264 ) 
4 72 75 (-32 2208 392 ) (-32 2208 1024 ) (-32 2992 1024 ) (-32 2992 392 ) 
4 72 73 (-32 2208 1024 ) (-32 2208 264 ) (0 2208 264 ) (0 2208 1024 ) 
4 73 85 (0 2048 8 ) (0 2048 1024 ) (-32 2048 1024 ) (-32 2048 8 ) 
4 73 76 (-32 2096 1024 ) (-32 2208 1024 ) (-32 2208 8 ) (-32 2096 8 ) 
4 73 77 (-32 2048 8 ) (-32 2048 1024 ) (-32 2096 1024 ) (-32 2096 8 ) 
4 74 79 (-1024 3072 392 ) (-1024 3072 0 ) (-1024 2992 0 ) (-1024 2992 392 ) 
4 74 78 (-1024 3072 1024 ) (-1024 3072 392 ) (-1024 2992 392 ) (-1024 2992 1024 ) 
4 74 75 (-32 2992 392 ) (-32 2992 1024 ) (-1024 2992 1024 ) (-1024 2992 392 ) 
4 75 78 (-1024 2208 392 ) (-1024 2208 1024 ) (-1024 2992 1024 ) (-1024 2992 392 ) 
4 75 76 (-32 2208 392 ) (-32 2208 1024 ) (-1024 2208 1024 ) (-1024 2208 392 ) 
4 76 81 (-1024 2096 8 ) (-1024 2096 1024 ) (-1024 2208 1024 ) (-1024 2208 8 ) 
4 76 77 (-32 2096 8 ) (-32 2096 1024 ) (-1024 2096 1024 ) (-1024 2096 8 ) 
4 77 88 (-292 2048 0 ) (-196 2048 0 ) (-196 2048 152 ) (-292 2048 152 ) 
4 77 87 (-196 2048 0 ) (-32 2048 0 ) (-32 2048 152 ) (-196 2048 152 ) 
4 77 90 (-1024 2048 152 ) (-1024 2048 0 ) (-292 2048 0 ) (-292 2048 152 ) 
4 77 86 (-1024 2048 1024 ) (-1024 2048 152 ) (-32 2048 152 ) (-32 2048 1024 ) 
4 77 82 (-1024 2096 0 ) (-1024 2048 0 ) (-1024 2048 8 ) (-1024 2096 8 ) 
4 77 81 (-1024 2048 8 ) (-1024 2048 1024 ) (-1024 2096 1024 ) (-1024 2096 8 ) 
4 78 83 (-1952 2208 392 ) (-1168 2208 392 ) (-1168 2208 1024 ) (-1952 2208 1024 ) 
4 78 84 (-2048 2208 1024 ) (-2048 2208 392 ) (-1952 2208 392 ) (-1952 2208 1024 ) 
4 78 81 (-1168 2208 392 ) (-1024 2208 392 ) (-1024 2208 1024 ) (-1168 2208 1024 ) 
4 78 79 (-1952 2992 392 ) (-1952 3072 392 ) (-1024 3072 392 ) (-1024 2992 392 ) 
4 78 80 (-1952 2208 392 ) (-2048 2208 392 ) (-2048 3072 392 ) (-1952 3072 392 ) 
4 79 80 (-1952 3072 0 ) (-1952 2992 0 ) (-1952 2992 392 ) (-1952 3072 392 ) 
4 80 84 (-2048 2208 392 ) (-2048 2208 0 ) (-1952 2208 0 ) (-1952 2208 392 ) 
4 81 97 (-1024 2048 8 ) (-1024 2048 1024 ) (-1168 2048 1024 ) (-1168 2048 8 ) 
4 81 83 (-1168 2208 1024 ) (-1168 2208 256 ) (-1168 2048 256 ) (-1168 2048 1024 ) 
4 81 82 (-1024 2048 8 ) (-1056 2048 8 ) (-1056 2096 8 ) (-1024 2096 8 ) 
4 82 98 (-1024 2048 0 ) (-1024 2048 8 ) (-1056 2048 8 ) (-1056 2048 0 ) 
4 83 100 (-1168 2048 256 ) (-1168 2048 1024 ) (-1952 2048 1024 ) (-1952 2048 256 ) 
4 83 84 (-1952 2048 1024 ) (-1952 2208 1024 ) (-1952 2208 256 ) (-1952 2048 256 ) 
4 84 101 (-2048 2048 256 ) (-2048 2048 0 ) (-1952 2048 0 ) (-1952 2048 256 ) 
4 84 100 (-2048 2048 1024 ) (-2048 2048 256 ) (-1952 2048 256 ) (-1952 2048 1024 ) 
4 85 94 (0 1152 8 ) (0 1152 1024 ) (-32 1152 1024 ) (-32 1152 8 ) 
4 85 91 (-32 1264 8 ) (-32 1152 8 ) (-32 1152 1024 ) (-32 1264 1024 ) 
4 85 87 (-32 2048 152 ) (-32 2048 8 ) (-32 1264 8 ) (-32 1264 152 ) 
4 85 86 (-32 2048 1024 ) (-32 2048 152 ) (-32 1264 152 ) (-32 1264 1024 ) 
4 86 97 (-1024 2048 1024 ) (-1024 2048 152 ) (-1024 1264 152 ) (-1024 1264 1024 ) 
4 86 91 (-1024 1264 1024 ) (-1024 1264 152 ) (-32 1264 152 ) (-32 1264 1024 ) 
4 86 88 (-292 1716 152 ) (-292 2048 152 ) (-196 2048 152 ) (-196 1716 152 ) 
4 86 89 (-196 1264 152 ) (-292 1264 152 ) (-292 1584 152 ) (-196 1584 152 ) 
4 86 87 (-32 1264 152 ) (-196 1264 152 ) (-196 2048 152 ) (-32 2048 152 ) 
4 86 90 (-292 1264 152 ) (-1024 1264 152 ) (-1024 2048 152 ) (-292 2048 152 ) 
4 87 92 (-112 1264 0 ) (-32 1264 0 ) (-32 1264 8 ) (-112 1264 8 ) 
4 87 93 (-196 1264 0 ) (-112 1264 0 ) (-112 1264 8 ) (-196 1264 8 ) 
4 87 91 (-32 1264 8 ) (-32 1264 152 ) (-196 1264 152 ) (-196 1264 8 ) 
4 87 88 (-196 2048 0 ) (-196 1716 0 ) (-196 1716 152 ) (-196 2048 152 ) 
4 87 89 (-196 1584 0 ) (-196 1264 0 ) (-196 1264 152 ) (-196 1584 152 ) 
4 88 90 (-292 2048 0 ) (-292 1716 0 ) (-292 1716 152 ) (-292 2048 152 ) 
4 89 93 (-292 1264 0 ) (-196 1264 0 ) (-196 1264 8 ) (-292 1264 8 ) 
4 89 91 (-196 1264 8 ) (-196 1264 152 ) (-292 1264 152 ) (-292 1264 8 ) 
4 89 90 (-292 1584 0 ) (-292 1264 0 ) (-292 1264 152 ) (-292 1584 152 ) 
4 90 98 (-1024 2048 8 ) (-1024 2048 0 ) (-1024 1264 0 ) (-1024 1264 8 ) 
4 90 97 (-1024 2048 152 ) (-1024 2048 8 ) (-1024 1264 8 ) (-1024 1264 152 ) 
4 90 93 (-528 1264 0 ) (-292 1264 0 ) (-292 1264 8 ) (-528 1264 8 ) 
4 90 91 (-1024 1264 152 ) (-1024 1264 8 ) (-292 1264 8 ) (-292 1264 152 ) 
4 91 97 (-1024 1264 1024 ) (-1024 1264 8 ) (-1024 1152 8 ) (-1024 1152 1024 ) 
4 91 96 (-1024 1152 1024 ) (-1024 1152 256 ) (-640 1152 256 ) (-640 1152 1024 ) 
4 91 94 (-640 1152 8 ) (-32 1152 8 ) (-32 1152 1024 ) (-640 1152 1024 ) 
4 91 92 (-112 1264 8 ) (-32 1264 8 ) (-32 1248 8 ) (-112 1248 8 ) 
4 91 93 (-528 1264 8 ) (-112 1264 8 ) (-112 1152 8 ) (-528 1152 8 ) 
4 92 93 (-112 1248 8 ) (-112 1264 8 ) (-112 1264 0 ) (-112 1248 0 ) 
4 93 95 (-528 1152 0 ) (-112 1152 0 ) (-112 1152 8 ) (-528 1152 8 ) 
4 94 102 (0 1024 8 ) (0 1024 1024 ) (-640 1024 1024 ) (-640 1024 8 ) 
4 94 96 (-640 1152 1024 ) (-640 1152 256 ) (-640 1024 256 ) (-640 1024 1024 ) 
4 94 95 (-528 1152 8 ) (-112 1152 8 ) (-112 1024 8 ) (-528 1024 8 ) 
4 95 103 (-112 1024 8 ) (-528 1024 8 ) (-528 1024 0 ) (-112 1024 0 ) 
4 96 104 (-1024 1024 1024 ) (-1024 1024 256 ) (-640 1024 256 ) (-640 1024 1024 ) 
4 96 99 (-1024 1024 256 ) (-1024 1024 1024 ) (-1024 1152 1024 ) (-1024 1152 256 ) 
4 97 100 (-1168 1152 256 ) (-1168 1152 1024 ) (-1168 2048 1024 ) (-1168 2048 256 ) 
4 97 99 (-1168 1152 1024 ) (-1168 1152 256 ) (-1024 1152 256 ) (-1024 1152 1024 ) 
4 97 98 (-1056 2048 8 ) (-1024 2048 8 ) (-1024 1264 8 ) (-1056 1264 8 ) 
4 99 106 (-1024 1024 256 ) (-1024 1024 1024 ) (-1168 1024 1024 ) (-1168 1024 256 ) 
4 99 100 (-1168 1024 256 ) (-1168 1024 1024 ) (-1168 1152 1024 ) (-1168 1152 256 ) 
4 100 106 (-2048 1024 1024 ) (-2048 1024 256 ) (-1168 1024 256 ) (-1168 1024 1024 ) 
4 100 101 (-2048 2048 256 ) (-1952 2048 256 ) (-1952 1024 256 ) (-2048 1024 256 ) 
4 101 109 (-2048 1024 256 ) (-2048 1024 0 ) (-1952 1024 0 ) (-1952 1024 256 ) 
4 102 105 (0 592 8 ) (0 592 1024 ) (-640 592 1024 ) (-640 592 8 ) 
4 102 104 (-640 592 256 ) (-640 592 1024 ) (-640 1024 1024 ) (-640 1024 256 ) 
4 102 103 (-112 592 8 ) (-528 592 8 ) (-528 1024 8 ) (-112 1024 8 ) 
4 103 105 (-528 592 0 ) (-112 592 0 ) (-112 592 8 ) (-528 592 8 ) 
4 104 106 (-1024 1024 1024 ) (-1024 1024 256 ) (-1024 592 256 ) (-1024 592 1024 ) 
4 104 105 (-1024 592 1024 ) (-1024 592 256 ) (-640 592 256 ) (-640 592 1024 ) 
4 105 112 (0 0 0 ) (0 0 1024 ) (-1024 0 1024 ) (-1024 0 0 ) 
4 105 107 (-1024 592 0 ) (-1024 0 0 ) (-1024 0 256 ) (-1024 592 256 ) 
4 105 106 (-1024 0 256 ) (-1024 0 1024 ) (-1024 592 1024 ) (-1024 592 256 ) 
4 106 113 (-1024 0 256 ) (-1024 0 1024 ) (-2048 0 1024 ) (-2048 0 256 ) 
4 106 108 (-1168 0 256 ) (-1952 0 256 ) (-1952 592 256 ) (-1168 592 256 ) 
4 106 109 (-1952 0 256 ) (-2048 0 256 ) (-2048 1024 256 ) (-1952 1024 256 ) 
4 106 107 (-1024 0 256 ) (-1168 0 256 ) (-1168 592 256 ) (-1024 592 256 ) 
4 107 113 (-1024 0 0 ) (-1024 0 256 ) (-1168 0 256 ) (-1168 0 0 ) 
4 107 108 (-1168 592 0 ) (-1168 0 0 ) (-1168 0 256 ) (-1168 592 256 ) 
4 108 113 (-1168 0 256 ) (-1952 0 256 ) (-1952 0 0 ) (-1168 0 0 ) 
4 108 109 (-1952 592 0 ) (-1952 0 0 ) (-1952 0 256 ) (-1952 592 256 ) 
4 109 113 (-1952 0 256 ) (-2048 0 256 ) (-2048 0 0 ) (-1952 0 0 ) 
4 110 111 (1024 -512 0 ) (1024 -512 1024 ) (1024 0 1024 ) (1024 0 0 ) 
4 111 112 (0 0 1024 ) (0 0 0 ) (0 -512 0 ) (0 -512 1024 ) 
4 112 113 (-1024 0 1024 ) (-1024 0 0 ) (-1024 -512 0 ) (-1024 -512 1024 ) 
